[ 2017-09-16T22:39:10+08:00 ] 39.188.44.170 /index.php?m=&c=Ajax&a=data
INFO: [ app_init ] --START--
INFO: Run Behavior\BuildLiteBehavior [ RunTime:0.000000s ]
INFO: [ app_init ] --END-- [ RunTime:0.000000s ]
INFO: [ app_begin ] --START--
INFO: Run Behavior\ReadHtmlCacheBehavior [ RunTime:0.000000s ]
INFO: [ app_begin ] --END-- [ RunTime:0.000000s ]
SQL: SHOW COLUMNS FROM `dd_config` [ RunTime:0.0000s ]
SQL: SELECT * FROM `dd_config`  [ RunTime:0.0000s ]
NOTIC: [8] Undefined index: user_id E:\phpStudy\WWW\0601\Application\Home\Controller\HomeController.class.php 第 21 行.
SQL: SHOW COLUMNS FROM `dd_user` [ RunTime:0.0000s ]
SQL: SELECT * FROM `dd_user` WHERE `id` = 10003 LIMIT 1   [ RunTime:0.0000s ]
SQL: SHOW COLUMNS FROM `dd_mch_order` [ RunTime:0.0000s ]
SQL: SELECT * FROM `dd_mch_order` WHERE `delivery_time` < 1504967950 AND `status` = 3  [ RunTime:0.0000s ]
NOTIC: [2] Missing argument 2 for Common\Util\ddwechat::setParam(), called in E:\phpStudy\WWW\0601\Application\Home\Controller\HomeController.class.php on line 102 and defined E:\phpStudy\WWW\0601\Application\Common\Util\ddwechat.class.php 第 39 行.
SQL: SHOW COLUMNS FROM `dd_data` [ RunTime:0.0000s ]
SQL: SELECT * FROM `dd_data` WHERE ( date=20170915 ) LIMIT 1   [ RunTime:0.0000s ]

[ 2017-09-16T23:21:28+08:00 ] 101.226.102.146 /
INFO: [ app_init ] --START--
INFO: Run Behavior\BuildLiteBehavior [ RunTime:0.000000s ]
INFO: [ app_init ] --END-- [ RunTime:0.000000s ]
INFO: [ app_begin ] --START--
INFO: Run Behavior\ReadHtmlCacheBehavior [ RunTime:0.000000s ]
INFO: [ app_begin ] --END-- [ RunTime:0.000000s ]
SQL: SHOW COLUMNS FROM `dd_config` [ RunTime:0.0000s ]
SQL: SELECT * FROM `dd_config`  [ RunTime:0.0000s ]
NOTIC: [8] Undefined index: user_id E:\phpStudy\WWW\0601\Application\Home\Controller\HomeController.class.php 第 21 行.

[ 2017-09-16T23:21:28+08:00 ] 117.185.24.243 /
INFO: [ app_init ] --START--
INFO: Run Behavior\BuildLiteBehavior [ RunTime:0.000000s ]
INFO: [ app_init ] --END-- [ RunTime:0.000000s ]
INFO: [ app_begin ] --START--
INFO: Run Behavior\ReadHtmlCacheBehavior [ RunTime:0.000000s ]
INFO: [ app_begin ] --END-- [ RunTime:0.000000s ]
SQL: SHOW COLUMNS FROM `dd_config` [ RunTime:0.0000s ]
SQL: SELECT * FROM `dd_config`  [ RunTime:0.0000s ]
NOTIC: [8] Undefined index: user_id E:\phpStudy\WWW\0601\Application\Home\Controller\HomeController.class.php 第 21 行.

[ 2017-09-16T23:21:28+08:00 ] 140.207.54.215 /
INFO: [ app_init ] --START--
INFO: Run Behavior\BuildLiteBehavior [ RunTime:0.000000s ]
INFO: [ app_init ] --END-- [ RunTime:0.000000s ]
INFO: [ app_begin ] --START--
INFO: Run Behavior\ReadHtmlCacheBehavior [ RunTime:0.000000s ]
INFO: [ app_begin ] --END-- [ RunTime:0.000000s ]
SQL: SHOW COLUMNS FROM `dd_config` [ RunTime:0.0000s ]
SQL: SELECT * FROM `dd_config`  [ RunTime:0.0000s ]
NOTIC: [8] Undefined index: user_id E:\phpStudy\WWW\0601\Application\Home\Controller\HomeController.class.php 第 21 行.

[ 2017-09-16T23:21:31+08:00 ] 101.226.102.146 /?code=061nXmYi12oQ6z0JuvYi1i07Yi1nXmYo&state=ljaixiao
INFO: [ app_init ] --START--
INFO: Run Behavior\BuildLiteBehavior [ RunTime:0.000000s ]
INFO: [ app_init ] --END-- [ RunTime:0.000000s ]
INFO: [ app_begin ] --START--
INFO: Run Behavior\ReadHtmlCacheBehavior [ RunTime:0.000000s ]
INFO: [ app_begin ] --END-- [ RunTime:0.000000s ]
SQL: SHOW COLUMNS FROM `dd_config` [ RunTime:0.0000s ]
SQL: SELECT * FROM `dd_config`  [ RunTime:0.0000s ]
NOTIC: [8] Undefined index: user_id E:\phpStudy\WWW\0601\Application\Home\Controller\HomeController.class.php 第 21 行.
SQL: SHOW COLUMNS FROM `dd_user` [ RunTime:0.0000s ]
SQL: SELECT * FROM `dd_user` WHERE `openid` = 'oumb6wUcjDdgWAiaKu37UCqzlrls' LIMIT 1   [ RunTime:0.0000s ]
SQL: SHOW COLUMNS FROM `dd_mch_order` [ RunTime:0.0000s ]
SQL: SELECT * FROM `dd_mch_order` WHERE `delivery_time` < 1504970491 AND `status` = 3  [ RunTime:0.0000s ]
NOTIC: [2] Missing argument 2 for Common\Util\ddwechat::setParam(), called in E:\phpStudy\WWW\0601\Application\Home\Controller\HomeController.class.php on line 102 and defined E:\phpStudy\WWW\0601\Application\Common\Util\ddwechat.class.php 第 39 行.
SQL: SELECT * FROM dd_product WHERE status=1 and  find_in_set(1,feature) order by sort desc [ RunTime:0.0000s ]
SQL: SELECT * FROM dd_product WHERE status=1 and  find_in_set(2,feature) order by sort desc [ RunTime:0.0156s ]
SQL: SELECT * FROM dd_product WHERE status=1 and  find_in_set(3,feature) order by sort desc [ RunTime:0.0000s ]
SQL: SELECT * FROM dd_product WHERE status=1 and  find_in_set(4,feature) order by sort desc [ RunTime:0.0000s ]
SQL: SELECT * FROM dd_product WHERE status=1 and  find_in_set(5,feature) order by sort desc [ RunTime:0.0000s ]
SQL: SELECT * FROM dd_product WHERE status=1 and  find_in_set(6,feature) order by sort desc [ RunTime:0.0000s ]
SQL: SHOW COLUMNS FROM `dd_ad` [ RunTime:0.0000s ]
SQL: SELECT * FROM `dd_ad` WHERE `ad` = 1 LIMIT 1   [ RunTime:0.0000s ]
SQL: SELECT * FROM `dd_ad` WHERE `ad` IN (2,3)  [ RunTime:0.0000s ]
SQL: SELECT * FROM `dd_ad` WHERE `ad` IN (4,5,6)  [ RunTime:0.0000s ]
INFO: [ view_parse ] --START--
INFO: [ template_filter ] --START--
INFO: Run Behavior\ContentReplaceBehavior [ RunTime:0.000000s ]
INFO: [ template_filter ] --END-- [ RunTime:0.000000s ]
INFO: Run Behavior\ParseTemplateBehavior [ RunTime:0.015625s ]
INFO: [ view_parse ] --END-- [ RunTime:0.015625s ]
INFO: [ view_filter ] --START--
INFO: Run Behavior\WriteHtmlCacheBehavior [ RunTime:0.000000s ]
INFO: [ view_filter ] --END-- [ RunTime:0.000000s ]
INFO: [ app_end ] --START--
INFO: Run Behavior\ShowPageTraceBehavior [ RunTime:0.000000s ]
INFO: [ app_end ] --END-- [ RunTime:0.000000s ]

[ 2017-09-16T23:21:31+08:00 ] 123.152.76.250 /index.php?m=&c=Ajax&a=data
INFO: [ app_init ] --START--
INFO: Run Behavior\BuildLiteBehavior [ RunTime:0.000000s ]
INFO: [ app_init ] --END-- [ RunTime:0.000000s ]
INFO: [ app_begin ] --START--
INFO: Run Behavior\ReadHtmlCacheBehavior [ RunTime:0.000000s ]
INFO: [ app_begin ] --END-- [ RunTime:0.000000s ]
SQL: SHOW COLUMNS FROM `dd_config` [ RunTime:0.0156s ]
SQL: SELECT * FROM `dd_config`  [ RunTime:0.0000s ]
NOTIC: [8] Undefined index: user_id E:\phpStudy\WWW\0601\Application\Home\Controller\HomeController.class.php 第 21 行.
SQL: SHOW COLUMNS FROM `dd_user` [ RunTime:0.0000s ]
SQL: SELECT * FROM `dd_user` WHERE `id` = 10001 LIMIT 1   [ RunTime:0.0000s ]
SQL: SHOW COLUMNS FROM `dd_mch_order` [ RunTime:0.0000s ]
SQL: SELECT * FROM `dd_mch_order` WHERE `delivery_time` < 1504970491 AND `status` = 3  [ RunTime:0.0000s ]
NOTIC: [2] Missing argument 2 for Common\Util\ddwechat::setParam(), called in E:\phpStudy\WWW\0601\Application\Home\Controller\HomeController.class.php on line 102 and defined E:\phpStudy\WWW\0601\Application\Common\Util\ddwechat.class.php 第 39 行.
SQL: SHOW COLUMNS FROM `dd_data` [ RunTime:0.0000s ]
SQL: SELECT * FROM `dd_data` WHERE ( date=20170915 ) LIMIT 1   [ RunTime:0.0000s ]

[ 2017-09-16T23:21:36+08:00 ] 101.226.102.146 /index.php?m=&c=Index&a=all&cate_id=19
INFO: [ app_init ] --START--
INFO: Run Behavior\BuildLiteBehavior [ RunTime:0.000000s ]
INFO: [ app_init ] --END-- [ RunTime:0.000000s ]
INFO: [ app_begin ] --START--
INFO: Run Behavior\ReadHtmlCacheBehavior [ RunTime:0.000000s ]
INFO: [ app_begin ] --END-- [ RunTime:0.000000s ]
SQL: SHOW COLUMNS FROM `dd_config` [ RunTime:0.0156s ]
SQL: SELECT * FROM `dd_config`  [ RunTime:0.0000s ]
NOTIC: [8] Undefined index: user_id E:\phpStudy\WWW\0601\Application\Home\Controller\HomeController.class.php 第 21 行.
SQL: SHOW COLUMNS FROM `dd_user` [ RunTime:0.0000s ]
SQL: SELECT * FROM `dd_user` WHERE `id` = 10001 LIMIT 1   [ RunTime:0.0000s ]
SQL: SHOW COLUMNS FROM `dd_mch_order` [ RunTime:0.0000s ]
SQL: SELECT * FROM `dd_mch_order` WHERE `delivery_time` < 1504970496 AND `status` = 3  [ RunTime:0.0000s ]
NOTIC: [2] Missing argument 2 for Common\Util\ddwechat::setParam(), called in E:\phpStudy\WWW\0601\Application\Home\Controller\HomeController.class.php on line 102 and defined E:\phpStudy\WWW\0601\Application\Common\Util\ddwechat.class.php 第 39 行.
INFO: [ view_parse ] --START--
INFO: [ template_filter ] --START--
INFO: Run Behavior\ContentReplaceBehavior [ RunTime:0.000000s ]
INFO: [ template_filter ] --END-- [ RunTime:0.000000s ]
NOTIC: [8] Undefined index: keyword E:\phpStudy\WWW\0601\Application\Runtime\Cache\Home\632db72ad1e5ceab642ef1963d37b25b.php 第 44 行.
NOTIC: [8] Undefined index: order E:\phpStudy\WWW\0601\Application\Runtime\Cache\Home\632db72ad1e5ceab642ef1963d37b25b.php 第 104 行.
NOTIC: [8] Undefined index: order E:\phpStudy\WWW\0601\Application\Runtime\Cache\Home\632db72ad1e5ceab642ef1963d37b25b.php 第 106 行.
NOTIC: [8] Undefined index: li E:\phpStudy\WWW\0601\Application\Runtime\Cache\Home\632db72ad1e5ceab642ef1963d37b25b.php 第 225 行.
NOTIC: [8] Undefined index: order E:\phpStudy\WWW\0601\Application\Runtime\Cache\Home\632db72ad1e5ceab642ef1963d37b25b.php 第 226 行.
NOTIC: [8] Undefined index: type E:\phpStudy\WWW\0601\Application\Runtime\Cache\Home\632db72ad1e5ceab642ef1963d37b25b.php 第 227 行.
NOTIC: [8] Undefined index: feature E:\phpStudy\WWW\0601\Application\Runtime\Cache\Home\632db72ad1e5ceab642ef1963d37b25b.php 第 229 行.
NOTIC: [8] Undefined index: keyword E:\phpStudy\WWW\0601\Application\Runtime\Cache\Home\632db72ad1e5ceab642ef1963d37b25b.php 第 230 行.
INFO: Run Behavior\ParseTemplateBehavior [ RunTime:0.015625s ]
INFO: [ view_parse ] --END-- [ RunTime:0.015625s ]
INFO: [ view_filter ] --START--
INFO: Run Behavior\WriteHtmlCacheBehavior [ RunTime:0.000000s ]
INFO: [ view_filter ] --END-- [ RunTime:0.000000s ]
INFO: [ app_end ] --START--
INFO: Run Behavior\ShowPageTraceBehavior [ RunTime:0.000000s ]
INFO: [ app_end ] --END-- [ RunTime:0.000000s ]

[ 2017-09-16T23:21:37+08:00 ] 123.152.76.250 /index.php?m=&c=Ajax&a=data
INFO: [ app_init ] --START--
INFO: Run Behavior\BuildLiteBehavior [ RunTime:0.000000s ]
INFO: [ app_init ] --END-- [ RunTime:0.000000s ]
INFO: [ app_begin ] --START--
INFO: Run Behavior\ReadHtmlCacheBehavior [ RunTime:0.000000s ]
INFO: [ app_begin ] --END-- [ RunTime:0.000000s ]
SQL: SHOW COLUMNS FROM `dd_config` [ RunTime:0.0000s ]
SQL: SELECT * FROM `dd_config`  [ RunTime:0.0000s ]
NOTIC: [8] Undefined index: user_id E:\phpStudy\WWW\0601\Application\Home\Controller\HomeController.class.php 第 21 行.
SQL: SHOW COLUMNS FROM `dd_user` [ RunTime:0.0000s ]
SQL: SELECT * FROM `dd_user` WHERE `id` = 10001 LIMIT 1   [ RunTime:0.0000s ]
SQL: SHOW COLUMNS FROM `dd_mch_order` [ RunTime:0.0156s ]
SQL: SELECT * FROM `dd_mch_order` WHERE `delivery_time` < 1504970497 AND `status` = 3  [ RunTime:0.0000s ]
NOTIC: [2] Missing argument 2 for Common\Util\ddwechat::setParam(), called in E:\phpStudy\WWW\0601\Application\Home\Controller\HomeController.class.php on line 102 and defined E:\phpStudy\WWW\0601\Application\Common\Util\ddwechat.class.php 第 39 行.
SQL: SHOW COLUMNS FROM `dd_data` [ RunTime:0.0000s ]
SQL: SELECT * FROM `dd_data` WHERE ( date=20170915 ) LIMIT 1   [ RunTime:0.0000s ]

[ 2017-09-16T23:21:37+08:00 ] 101.226.102.146 /index.php?m=&c=Index&a=getAll
INFO: [ app_init ] --START--
INFO: Run Behavior\BuildLiteBehavior [ RunTime:0.000000s ]
INFO: [ app_init ] --END-- [ RunTime:0.000000s ]
INFO: [ app_begin ] --START--
INFO: Run Behavior\ReadHtmlCacheBehavior [ RunTime:0.000000s ]
INFO: [ app_begin ] --END-- [ RunTime:0.000000s ]
SQL: SHOW COLUMNS FROM `dd_config` [ RunTime:0.0000s ]
SQL: SELECT * FROM `dd_config`  [ RunTime:0.0000s ]
NOTIC: [8] Undefined index: user_id E:\phpStudy\WWW\0601\Application\Home\Controller\HomeController.class.php 第 21 行.
SQL: SHOW COLUMNS FROM `dd_user` [ RunTime:0.0000s ]
SQL: SELECT * FROM `dd_user` WHERE `id` = 10001 LIMIT 1   [ RunTime:0.0000s ]
SQL: SHOW COLUMNS FROM `dd_mch_order` [ RunTime:0.0000s ]
SQL: SELECT * FROM `dd_mch_order` WHERE `delivery_time` < 1504970497 AND `status` = 3  [ RunTime:0.0000s ]
NOTIC: [2] Missing argument 2 for Common\Util\ddwechat::setParam(), called in E:\phpStudy\WWW\0601\Application\Home\Controller\HomeController.class.php on line 102 and defined E:\phpStudy\WWW\0601\Application\Common\Util\ddwechat.class.php 第 39 行.
SQL: SHOW COLUMNS FROM `dd_product` [ RunTime:0.0156s ]
SQL: SELECT * FROM `dd_product` WHERE ( `cate_id` = '19' OR `p_cate_id` = '19' ) AND `status` = 1 ORDER BY sold desc LIMIT 0,100   [ RunTime:0.0000s ]
INFO: [ view_parse ] --START--
INFO: [ template_filter ] --START--
INFO: Run Behavior\ContentReplaceBehavior [ RunTime:0.000000s ]
INFO: [ template_filter ] --END-- [ RunTime:0.000000s ]
INFO: Run Behavior\ParseTemplateBehavior [ RunTime:0.000000s ]
INFO: [ view_parse ] --END-- [ RunTime:0.000000s ]
INFO: [ view_filter ] --START--
INFO: Run Behavior\WriteHtmlCacheBehavior [ RunTime:0.000000s ]
INFO: [ view_filter ] --END-- [ RunTime:0.000000s ]

[ 2017-09-16T23:21:38+08:00 ] 123.152.76.250 /index.php?m=&c=Ajax&a=data
INFO: [ app_init ] --START--
INFO: Run Behavior\BuildLiteBehavior [ RunTime:0.000000s ]
INFO: [ app_init ] --END-- [ RunTime:0.000000s ]
INFO: [ app_begin ] --START--
INFO: Run Behavior\ReadHtmlCacheBehavior [ RunTime:0.000000s ]
INFO: [ app_begin ] --END-- [ RunTime:0.000000s ]
SQL: SHOW COLUMNS FROM `dd_config` [ RunTime:0.0000s ]
SQL: SELECT * FROM `dd_config`  [ RunTime:0.0000s ]
NOTIC: [8] Undefined index: user_id E:\phpStudy\WWW\0601\Application\Home\Controller\HomeController.class.php 第 21 行.
SQL: SHOW COLUMNS FROM `dd_user` [ RunTime:0.0000s ]
SQL: SELECT * FROM `dd_user` WHERE `id` = 10001 LIMIT 1   [ RunTime:0.0000s ]
SQL: SHOW COLUMNS FROM `dd_mch_order` [ RunTime:0.0000s ]
SQL: SELECT * FROM `dd_mch_order` WHERE `delivery_time` < 1504970498 AND `status` = 3  [ RunTime:0.0000s ]
NOTIC: [2] Missing argument 2 for Common\Util\ddwechat::setParam(), called in E:\phpStudy\WWW\0601\Application\Home\Controller\HomeController.class.php on line 102 and defined E:\phpStudy\WWW\0601\Application\Common\Util\ddwechat.class.php 第 39 行.
SQL: SHOW COLUMNS FROM `dd_data` [ RunTime:0.0000s ]
SQL: SELECT * FROM `dd_data` WHERE ( date=20170915 ) LIMIT 1   [ RunTime:0.0000s ]

[ 2017-09-16T23:21:40+08:00 ] 101.226.102.146 /index.php?m=&c=Index&a=all&cate_id=20
INFO: [ app_init ] --START--
INFO: Run Behavior\BuildLiteBehavior [ RunTime:0.000000s ]
INFO: [ app_init ] --END-- [ RunTime:0.000000s ]
INFO: [ app_begin ] --START--
INFO: Run Behavior\ReadHtmlCacheBehavior [ RunTime:0.000000s ]
INFO: [ app_begin ] --END-- [ RunTime:0.000000s ]
SQL: SHOW COLUMNS FROM `dd_config` [ RunTime:0.0000s ]
SQL: SELECT * FROM `dd_config`  [ RunTime:0.0000s ]
NOTIC: [8] Undefined index: user_id E:\phpStudy\WWW\0601\Application\Home\Controller\HomeController.class.php 第 21 行.
SQL: SHOW COLUMNS FROM `dd_user` [ RunTime:0.0000s ]
SQL: SELECT * FROM `dd_user` WHERE `id` = 10001 LIMIT 1   [ RunTime:0.0000s ]
SQL: SHOW COLUMNS FROM `dd_mch_order` [ RunTime:0.0000s ]
SQL: SELECT * FROM `dd_mch_order` WHERE `delivery_time` < 1504970500 AND `status` = 3  [ RunTime:0.0000s ]
NOTIC: [2] Missing argument 2 for Common\Util\ddwechat::setParam(), called in E:\phpStudy\WWW\0601\Application\Home\Controller\HomeController.class.php on line 102 and defined E:\phpStudy\WWW\0601\Application\Common\Util\ddwechat.class.php 第 39 行.
INFO: [ view_parse ] --START--
INFO: [ template_filter ] --START--
INFO: Run Behavior\ContentReplaceBehavior [ RunTime:0.000000s ]
INFO: [ template_filter ] --END-- [ RunTime:0.000000s ]
NOTIC: [8] Undefined index: keyword E:\phpStudy\WWW\0601\Application\Runtime\Cache\Home\632db72ad1e5ceab642ef1963d37b25b.php 第 44 行.
NOTIC: [8] Undefined index: order E:\phpStudy\WWW\0601\Application\Runtime\Cache\Home\632db72ad1e5ceab642ef1963d37b25b.php 第 104 行.
NOTIC: [8] Undefined index: order E:\phpStudy\WWW\0601\Application\Runtime\Cache\Home\632db72ad1e5ceab642ef1963d37b25b.php 第 106 行.
NOTIC: [8] Undefined index: li E:\phpStudy\WWW\0601\Application\Runtime\Cache\Home\632db72ad1e5ceab642ef1963d37b25b.php 第 225 行.
NOTIC: [8] Undefined index: order E:\phpStudy\WWW\0601\Application\Runtime\Cache\Home\632db72ad1e5ceab642ef1963d37b25b.php 第 226 行.
NOTIC: [8] Undefined index: type E:\phpStudy\WWW\0601\Application\Runtime\Cache\Home\632db72ad1e5ceab642ef1963d37b25b.php 第 227 行.
NOTIC: [8] Undefined index: feature E:\phpStudy\WWW\0601\Application\Runtime\Cache\Home\632db72ad1e5ceab642ef1963d37b25b.php 第 229 行.
NOTIC: [8] Undefined index: keyword E:\phpStudy\WWW\0601\Application\Runtime\Cache\Home\632db72ad1e5ceab642ef1963d37b25b.php 第 230 行.
INFO: Run Behavior\ParseTemplateBehavior [ RunTime:0.015625s ]
INFO: [ view_parse ] --END-- [ RunTime:0.015625s ]
INFO: [ view_filter ] --START--
INFO: Run Behavior\WriteHtmlCacheBehavior [ RunTime:0.000000s ]
INFO: [ view_filter ] --END-- [ RunTime:0.000000s ]
INFO: [ app_end ] --START--
INFO: Run Behavior\ShowPageTraceBehavior [ RunTime:0.000000s ]
INFO: [ app_end ] --END-- [ RunTime:0.000000s ]

[ 2017-09-16T23:21:41+08:00 ] 123.152.76.250 /index.php?m=&c=Ajax&a=data
INFO: [ app_init ] --START--
INFO: Run Behavior\BuildLiteBehavior [ RunTime:0.000000s ]
INFO: [ app_init ] --END-- [ RunTime:0.000000s ]
INFO: [ app_begin ] --START--
INFO: Run Behavior\ReadHtmlCacheBehavior [ RunTime:0.000000s ]
INFO: [ app_begin ] --END-- [ RunTime:0.000000s ]
SQL: SHOW COLUMNS FROM `dd_config` [ RunTime:0.0000s ]
SQL: SELECT * FROM `dd_config`  [ RunTime:0.0000s ]
NOTIC: [8] Undefined index: user_id E:\phpStudy\WWW\0601\Application\Home\Controller\HomeController.class.php 第 21 行.
SQL: SHOW COLUMNS FROM `dd_user` [ RunTime:0.0000s ]
SQL: SELECT * FROM `dd_user` WHERE `id` = 10001 LIMIT 1   [ RunTime:0.0000s ]
SQL: SHOW COLUMNS FROM `dd_mch_order` [ RunTime:0.0000s ]
SQL: SELECT * FROM `dd_mch_order` WHERE `delivery_time` < 1504970501 AND `status` = 3  [ RunTime:0.0000s ]
NOTIC: [2] Missing argument 2 for Common\Util\ddwechat::setParam(), called in E:\phpStudy\WWW\0601\Application\Home\Controller\HomeController.class.php on line 102 and defined E:\phpStudy\WWW\0601\Application\Common\Util\ddwechat.class.php 第 39 行.
SQL: SHOW COLUMNS FROM `dd_data` [ RunTime:0.0000s ]
SQL: SELECT * FROM `dd_data` WHERE ( date=20170915 ) LIMIT 1   [ RunTime:0.0000s ]

[ 2017-09-16T23:21:41+08:00 ] 101.226.102.146 /index.php?m=&c=Index&a=getAll
INFO: [ app_init ] --START--
INFO: Run Behavior\BuildLiteBehavior [ RunTime:0.000000s ]
INFO: [ app_init ] --END-- [ RunTime:0.000000s ]
INFO: [ app_begin ] --START--
INFO: Run Behavior\ReadHtmlCacheBehavior [ RunTime:0.000000s ]
INFO: [ app_begin ] --END-- [ RunTime:0.000000s ]
SQL: SHOW COLUMNS FROM `dd_config` [ RunTime:0.0000s ]
SQL: SELECT * FROM `dd_config`  [ RunTime:0.0000s ]
NOTIC: [8] Undefined index: user_id E:\phpStudy\WWW\0601\Application\Home\Controller\HomeController.class.php 第 21 行.
SQL: SHOW COLUMNS FROM `dd_user` [ RunTime:0.0000s ]
SQL: SELECT * FROM `dd_user` WHERE `id` = 10001 LIMIT 1   [ RunTime:0.0000s ]
SQL: SHOW COLUMNS FROM `dd_mch_order` [ RunTime:0.0000s ]
SQL: SELECT * FROM `dd_mch_order` WHERE `delivery_time` < 1504970501 AND `status` = 3  [ RunTime:0.0000s ]
NOTIC: [2] Missing argument 2 for Common\Util\ddwechat::setParam(), called in E:\phpStudy\WWW\0601\Application\Home\Controller\HomeController.class.php on line 102 and defined E:\phpStudy\WWW\0601\Application\Common\Util\ddwechat.class.php 第 39 行.
SQL: SHOW COLUMNS FROM `dd_product` [ RunTime:0.0000s ]
SQL: SELECT * FROM `dd_product` WHERE ( `cate_id` = '20' OR `p_cate_id` = '20' ) AND `status` = 1 ORDER BY sold desc LIMIT 0,100   [ RunTime:0.0000s ]
INFO: [ view_parse ] --START--
INFO: [ template_filter ] --START--
INFO: Run Behavior\ContentReplaceBehavior [ RunTime:0.000000s ]
INFO: [ template_filter ] --END-- [ RunTime:0.000000s ]
INFO: Run Behavior\ParseTemplateBehavior [ RunTime:0.015625s ]
INFO: [ view_parse ] --END-- [ RunTime:0.015625s ]
INFO: [ view_filter ] --START--
INFO: Run Behavior\WriteHtmlCacheBehavior [ RunTime:0.000000s ]
INFO: [ view_filter ] --END-- [ RunTime:0.000000s ]

[ 2017-09-16T23:21:42+08:00 ] 101.226.102.146 /index.php?m=&c=Index&a=getAll
INFO: [ app_init ] --START--
INFO: Run Behavior\BuildLiteBehavior [ RunTime:0.000000s ]
INFO: [ app_init ] --END-- [ RunTime:0.000000s ]
INFO: [ app_begin ] --START--
INFO: Run Behavior\ReadHtmlCacheBehavior [ RunTime:0.000000s ]
INFO: [ app_begin ] --END-- [ RunTime:0.000000s ]
SQL: SHOW COLUMNS FROM `dd_config` [ RunTime:0.0000s ]
SQL: SELECT * FROM `dd_config`  [ RunTime:0.0000s ]
NOTIC: [8] Undefined index: user_id E:\phpStudy\WWW\0601\Application\Home\Controller\HomeController.class.php 第 21 行.
SQL: SHOW COLUMNS FROM `dd_user` [ RunTime:0.0000s ]
SQL: SELECT * FROM `dd_user` WHERE `id` = 10001 LIMIT 1   [ RunTime:0.0000s ]
SQL: SHOW COLUMNS FROM `dd_mch_order` [ RunTime:0.0000s ]
SQL: SELECT * FROM `dd_mch_order` WHERE `delivery_time` < 1504970502 AND `status` = 3  [ RunTime:0.0000s ]
NOTIC: [2] Missing argument 2 for Common\Util\ddwechat::setParam(), called in E:\phpStudy\WWW\0601\Application\Home\Controller\HomeController.class.php on line 102 and defined E:\phpStudy\WWW\0601\Application\Common\Util\ddwechat.class.php 第 39 行.
SQL: SHOW COLUMNS FROM `dd_product` [ RunTime:0.0000s ]
SQL: SELECT * FROM `dd_product` WHERE ( `cate_id` = '20' OR `p_cate_id` = '20' ) AND `status` = 1 ORDER BY sold desc LIMIT 100,100   [ RunTime:0.0000s ]
INFO: [ view_parse ] --START--
INFO: [ template_filter ] --START--
INFO: Run Behavior\ContentReplaceBehavior [ RunTime:0.000000s ]
INFO: [ template_filter ] --END-- [ RunTime:0.000000s ]
INFO: Run Behavior\ParseTemplateBehavior [ RunTime:0.015625s ]
INFO: [ view_parse ] --END-- [ RunTime:0.015625s ]
INFO: [ view_filter ] --START--
INFO: Run Behavior\WriteHtmlCacheBehavior [ RunTime:0.000000s ]
INFO: [ view_filter ] --END-- [ RunTime:0.000000s ]

[ 2017-09-16T23:21:47+08:00 ] 101.226.102.146 /index.php?m=&c=Index&a=product&id=98
INFO: [ app_init ] --START--
INFO: Run Behavior\BuildLiteBehavior [ RunTime:0.000000s ]
INFO: [ app_init ] --END-- [ RunTime:0.000000s ]
INFO: [ app_begin ] --START--
INFO: Run Behavior\ReadHtmlCacheBehavior [ RunTime:0.000000s ]
INFO: [ app_begin ] --END-- [ RunTime:0.000000s ]
SQL: SHOW COLUMNS FROM `dd_config` [ RunTime:0.0000s ]
SQL: SELECT * FROM `dd_config`  [ RunTime:0.0000s ]
NOTIC: [8] Undefined index: user_id E:\phpStudy\WWW\0601\Application\Home\Controller\HomeController.class.php 第 21 行.
SQL: SHOW COLUMNS FROM `dd_user` [ RunTime:0.0000s ]
SQL: SELECT * FROM `dd_user` WHERE `id` = 10001 LIMIT 1   [ RunTime:0.0000s ]
SQL: SHOW COLUMNS FROM `dd_mch_order` [ RunTime:0.0000s ]
SQL: SELECT * FROM `dd_mch_order` WHERE `delivery_time` < 1504970507 AND `status` = 3  [ RunTime:0.0000s ]
NOTIC: [2] Missing argument 2 for Common\Util\ddwechat::setParam(), called in E:\phpStudy\WWW\0601\Application\Home\Controller\HomeController.class.php on line 102 and defined E:\phpStudy\WWW\0601\Application\Common\Util\ddwechat.class.php 第 39 行.
SQL: SHOW COLUMNS FROM `dd_product` [ RunTime:0.0000s ]
SQL: SELECT * FROM `dd_product` WHERE `id` = 98 LIMIT 1   [ RunTime:0.0000s ]
SQL: SELECT * FROM `dd_user` WHERE `id` = 0 LIMIT 1   [ RunTime:0.0000s ]
SQL: SHOW COLUMNS FROM `dd_assess` [ RunTime:0.0000s ]
SQL: SELECT COUNT(*) AS tp_count FROM `dd_assess` WHERE `product_id` = 98 LIMIT 1   [ RunTime:0.0000s ]
SQL: SHOW COLUMNS FROM `dd_favorite` [ RunTime:0.0000s ]
SQL: SELECT * FROM `dd_favorite` WHERE `user_id` = 10001 AND `product_id` = 98 AND `status` = 1 LIMIT 1   [ RunTime:0.0000s ]
SQL: SHOW COLUMNS FROM `dd_cart` [ RunTime:0.0156s ]
SQL: SELECT SUM(nums) AS tp_sum FROM `dd_cart` WHERE `user_id` = 10001 AND `order_id` = 0 LIMIT 1   [ RunTime:0.0000s ]
INFO: [ view_parse ] --START--
INFO: [ template_filter ] --START--
INFO: Run Behavior\ContentReplaceBehavior [ RunTime:0.000000s ]
INFO: [ template_filter ] --END-- [ RunTime:0.000000s ]
SQL: SELECT * FROM `dd_user` WHERE `id` = 10001 LIMIT 1   [ RunTime:0.0000s ]
NOTIC: [8] Undefined variable: userp E:\phpStudy\WWW\0601\Application\Runtime\Cache\Home\2f4de9210f0faaf5e0fea0bc42744adb.php 第 271 行.
NOTIC: [8] Undefined variable: userp E:\phpStudy\WWW\0601\Application\Runtime\Cache\Home\2f4de9210f0faaf5e0fea0bc42744adb.php 第 274 行.
NOTIC: [8] Undefined index: is_zq E:\phpStudy\WWW\0601\Application\Runtime\Cache\Home\2f4de9210f0faaf5e0fea0bc42744adb.php 第 294 行.
INFO: Run Behavior\ParseTemplateBehavior [ RunTime:0.000000s ]
INFO: [ view_parse ] --END-- [ RunTime:0.000000s ]
INFO: [ view_filter ] --START--
INFO: Run Behavior\WriteHtmlCacheBehavior [ RunTime:0.000000s ]
INFO: [ view_filter ] --END-- [ RunTime:0.000000s ]
INFO: [ app_end ] --START--
INFO: Run Behavior\ShowPageTraceBehavior [ RunTime:0.000000s ]
INFO: [ app_end ] --END-- [ RunTime:0.000000s ]

[ 2017-09-16T23:21:47+08:00 ] 101.226.102.146 /index.php?m=&c=Ajax&a=loadAssess
INFO: [ app_init ] --START--
INFO: Run Behavior\BuildLiteBehavior [ RunTime:0.000000s ]
INFO: [ app_init ] --END-- [ RunTime:0.000000s ]
INFO: [ app_begin ] --START--
INFO: Run Behavior\ReadHtmlCacheBehavior [ RunTime:0.000000s ]
INFO: [ app_begin ] --END-- [ RunTime:0.000000s ]
SQL: SHOW COLUMNS FROM `dd_config` [ RunTime:0.0000s ]
SQL: SELECT * FROM `dd_config`  [ RunTime:0.0000s ]
NOTIC: [8] Undefined index: user_id E:\phpStudy\WWW\0601\Application\Home\Controller\HomeController.class.php 第 21 行.
SQL: SHOW COLUMNS FROM `dd_user` [ RunTime:0.0000s ]
SQL: SELECT * FROM `dd_user` WHERE `id` = 10001 LIMIT 1   [ RunTime:0.0000s ]
SQL: SHOW COLUMNS FROM `dd_mch_order` [ RunTime:0.0000s ]
SQL: SELECT * FROM `dd_mch_order` WHERE `delivery_time` < 1504970507 AND `status` = 3  [ RunTime:0.0000s ]
NOTIC: [2] Missing argument 2 for Common\Util\ddwechat::setParam(), called in E:\phpStudy\WWW\0601\Application\Home\Controller\HomeController.class.php on line 102 and defined E:\phpStudy\WWW\0601\Application\Common\Util\ddwechat.class.php 第 39 行.
SQL: SHOW COLUMNS FROM `dd_assess` [ RunTime:0.0000s ]
SQL: SELECT * FROM `dd_assess` WHERE `product_id` = 98 ORDER BY create_time desc LIMIT 0,10   [ RunTime:0.0000s ]

[ 2017-09-16T23:22:55+08:00 ] 101.226.102.146 /
INFO: [ app_init ] --START--
INFO: Run Behavior\BuildLiteBehavior [ RunTime:0.000000s ]
INFO: [ app_init ] --END-- [ RunTime:0.000000s ]
INFO: [ app_begin ] --START--
INFO: Run Behavior\ReadHtmlCacheBehavior [ RunTime:0.000000s ]
INFO: [ app_begin ] --END-- [ RunTime:0.000000s ]
SQL: SHOW COLUMNS FROM `dd_config` [ RunTime:0.0000s ]
SQL: SELECT * FROM `dd_config`  [ RunTime:0.0000s ]
NOTIC: [8] Undefined index: user_id E:\phpStudy\WWW\0601\Application\Home\Controller\HomeController.class.php 第 21 行.
SQL: SHOW COLUMNS FROM `dd_user` [ RunTime:0.0000s ]
SQL: SELECT * FROM `dd_user` WHERE `id` = 10001 LIMIT 1   [ RunTime:0.0000s ]
SQL: SHOW COLUMNS FROM `dd_mch_order` [ RunTime:0.0000s ]
SQL: SELECT * FROM `dd_mch_order` WHERE `delivery_time` < 1504970575 AND `status` = 3  [ RunTime:0.0000s ]
NOTIC: [2] Missing argument 2 for Common\Util\ddwechat::setParam(), called in E:\phpStudy\WWW\0601\Application\Home\Controller\HomeController.class.php on line 102 and defined E:\phpStudy\WWW\0601\Application\Common\Util\ddwechat.class.php 第 39 行.
SQL: SELECT * FROM dd_product WHERE status=1 and  find_in_set(1,feature) order by sort desc [ RunTime:0.0000s ]
SQL: SELECT * FROM dd_product WHERE status=1 and  find_in_set(2,feature) order by sort desc [ RunTime:0.0000s ]
SQL: SELECT * FROM dd_product WHERE status=1 and  find_in_set(3,feature) order by sort desc [ RunTime:0.0000s ]
SQL: SELECT * FROM dd_product WHERE status=1 and  find_in_set(4,feature) order by sort desc [ RunTime:0.0000s ]
SQL: SELECT * FROM dd_product WHERE status=1 and  find_in_set(5,feature) order by sort desc [ RunTime:0.0000s ]
SQL: SELECT * FROM dd_product WHERE status=1 and  find_in_set(6,feature) order by sort desc [ RunTime:0.0156s ]
SQL: SHOW COLUMNS FROM `dd_ad` [ RunTime:0.0000s ]
SQL: SELECT * FROM `dd_ad` WHERE `ad` = 1 LIMIT 1   [ RunTime:0.0000s ]
SQL: SELECT * FROM `dd_ad` WHERE `ad` IN (2,3)  [ RunTime:0.0000s ]
SQL: SELECT * FROM `dd_ad` WHERE `ad` IN (4,5,6)  [ RunTime:0.0000s ]
INFO: [ view_parse ] --START--
INFO: [ template_filter ] --START--
INFO: Run Behavior\ContentReplaceBehavior [ RunTime:0.000000s ]
INFO: [ template_filter ] --END-- [ RunTime:0.000000s ]
INFO: Run Behavior\ParseTemplateBehavior [ RunTime:0.015625s ]
INFO: [ view_parse ] --END-- [ RunTime:0.015625s ]
INFO: [ view_filter ] --START--
INFO: Run Behavior\WriteHtmlCacheBehavior [ RunTime:0.000000s ]
INFO: [ view_filter ] --END-- [ RunTime:0.000000s ]
INFO: [ app_end ] --START--
INFO: Run Behavior\ShowPageTraceBehavior [ RunTime:0.000000s ]
INFO: [ app_end ] --END-- [ RunTime:0.000000s ]

[ 2017-09-16T23:22:56+08:00 ] 123.152.76.250 /index.php?m=&c=Ajax&a=data
INFO: [ app_init ] --START--
INFO: Run Behavior\BuildLiteBehavior [ RunTime:0.000000s ]
INFO: [ app_init ] --END-- [ RunTime:0.000000s ]
INFO: [ app_begin ] --START--
INFO: Run Behavior\ReadHtmlCacheBehavior [ RunTime:0.000000s ]
INFO: [ app_begin ] --END-- [ RunTime:0.000000s ]
SQL: SHOW COLUMNS FROM `dd_config` [ RunTime:0.0000s ]
SQL: SELECT * FROM `dd_config`  [ RunTime:0.0000s ]
NOTIC: [8] Undefined index: user_id E:\phpStudy\WWW\0601\Application\Home\Controller\HomeController.class.php 第 21 行.
SQL: SHOW COLUMNS FROM `dd_user` [ RunTime:0.0000s ]
SQL: SELECT * FROM `dd_user` WHERE `id` = 10001 LIMIT 1   [ RunTime:0.0000s ]
SQL: SHOW COLUMNS FROM `dd_mch_order` [ RunTime:0.0000s ]
SQL: SELECT * FROM `dd_mch_order` WHERE `delivery_time` < 1504970576 AND `status` = 3  [ RunTime:0.0000s ]
NOTIC: [2] Missing argument 2 for Common\Util\ddwechat::setParam(), called in E:\phpStudy\WWW\0601\Application\Home\Controller\HomeController.class.php on line 102 and defined E:\phpStudy\WWW\0601\Application\Common\Util\ddwechat.class.php 第 39 行.
SQL: SHOW COLUMNS FROM `dd_data` [ RunTime:0.0000s ]
SQL: SELECT * FROM `dd_data` WHERE ( date=20170915 ) LIMIT 1   [ RunTime:0.0000s ]

[ 2017-09-16T23:23:03+08:00 ] 101.226.102.146 /index.php?m=&c=Index&a=product&id=26
INFO: [ app_init ] --START--
INFO: Run Behavior\BuildLiteBehavior [ RunTime:0.000000s ]
INFO: [ app_init ] --END-- [ RunTime:0.000000s ]
INFO: [ app_begin ] --START--
INFO: Run Behavior\ReadHtmlCacheBehavior [ RunTime:0.000000s ]
INFO: [ app_begin ] --END-- [ RunTime:0.000000s ]
SQL: SHOW COLUMNS FROM `dd_config` [ RunTime:0.0000s ]
SQL: SELECT * FROM `dd_config`  [ RunTime:0.0000s ]
NOTIC: [8] Undefined index: user_id E:\phpStudy\WWW\0601\Application\Home\Controller\HomeController.class.php 第 21 行.
SQL: SHOW COLUMNS FROM `dd_user` [ RunTime:0.0000s ]
SQL: SELECT * FROM `dd_user` WHERE `id` = 10001 LIMIT 1   [ RunTime:0.0000s ]
SQL: SHOW COLUMNS FROM `dd_mch_order` [ RunTime:0.0000s ]
SQL: SELECT * FROM `dd_mch_order` WHERE `delivery_time` < 1504970583 AND `status` = 3  [ RunTime:0.0156s ]
NOTIC: [2] Missing argument 2 for Common\Util\ddwechat::setParam(), called in E:\phpStudy\WWW\0601\Application\Home\Controller\HomeController.class.php on line 102 and defined E:\phpStudy\WWW\0601\Application\Common\Util\ddwechat.class.php 第 39 行.
SQL: SHOW COLUMNS FROM `dd_product` [ RunTime:0.0000s ]
SQL: SELECT * FROM `dd_product` WHERE `id` = 26 LIMIT 1   [ RunTime:0.0000s ]
SQL: SELECT * FROM `dd_user` WHERE `id` = 10016 LIMIT 1   [ RunTime:0.0000s ]
SQL: SELECT * FROM `dd_user` WHERE `id` = 10016 LIMIT 1   [ RunTime:0.0000s ]
SQL: SHOW COLUMNS FROM `dd_assess` [ RunTime:0.0000s ]
SQL: SELECT COUNT(*) AS tp_count FROM `dd_assess` WHERE `product_id` = 26 LIMIT 1   [ RunTime:0.0000s ]
SQL: SHOW COLUMNS FROM `dd_favorite` [ RunTime:0.0000s ]
SQL: SELECT * FROM `dd_favorite` WHERE `user_id` = 10001 AND `product_id` = 26 AND `status` = 1 LIMIT 1   [ RunTime:0.0000s ]
SQL: SHOW COLUMNS FROM `dd_cart` [ RunTime:0.0000s ]
SQL: SELECT SUM(nums) AS tp_sum FROM `dd_cart` WHERE `user_id` = 10001 AND `order_id` = 0 LIMIT 1   [ RunTime:0.0000s ]
INFO: [ view_parse ] --START--
INFO: [ template_filter ] --START--
INFO: Run Behavior\ContentReplaceBehavior [ RunTime:0.000000s ]
INFO: [ template_filter ] --END-- [ RunTime:0.000000s ]
SQL: SELECT * FROM `dd_user` WHERE `id` = 10001 LIMIT 1   [ RunTime:0.0000s ]
NOTIC: [8] Undefined index: is_zq E:\phpStudy\WWW\0601\Application\Runtime\Cache\Home\2f4de9210f0faaf5e0fea0bc42744adb.php 第 294 行.
INFO: Run Behavior\ParseTemplateBehavior [ RunTime:0.015625s ]
INFO: [ view_parse ] --END-- [ RunTime:0.015625s ]
INFO: [ view_filter ] --START--
INFO: Run Behavior\WriteHtmlCacheBehavior [ RunTime:0.000000s ]
INFO: [ view_filter ] --END-- [ RunTime:0.000000s ]
INFO: [ app_end ] --START--
INFO: Run Behavior\ShowPageTraceBehavior [ RunTime:0.000000s ]
INFO: [ app_end ] --END-- [ RunTime:0.000000s ]

[ 2017-09-16T23:23:03+08:00 ] 101.226.102.146 /index.php?m=&c=Ajax&a=loadAssess
INFO: [ app_init ] --START--
INFO: Run Behavior\BuildLiteBehavior [ RunTime:0.000000s ]
INFO: [ app_init ] --END-- [ RunTime:0.000000s ]
INFO: [ app_begin ] --START--
INFO: Run Behavior\ReadHtmlCacheBehavior [ RunTime:0.000000s ]
INFO: [ app_begin ] --END-- [ RunTime:0.000000s ]
SQL: SHOW COLUMNS FROM `dd_config` [ RunTime:0.0156s ]
SQL: SELECT * FROM `dd_config`  [ RunTime:0.0000s ]
NOTIC: [8] Undefined index: user_id E:\phpStudy\WWW\0601\Application\Home\Controller\HomeController.class.php 第 21 行.
SQL: SHOW COLUMNS FROM `dd_user` [ RunTime:0.0000s ]
SQL: SELECT * FROM `dd_user` WHERE `id` = 10001 LIMIT 1   [ RunTime:0.0000s ]
SQL: SHOW COLUMNS FROM `dd_mch_order` [ RunTime:0.0000s ]
SQL: SELECT * FROM `dd_mch_order` WHERE `delivery_time` < 1504970583 AND `status` = 3  [ RunTime:0.0000s ]
NOTIC: [2] Missing argument 2 for Common\Util\ddwechat::setParam(), called in E:\phpStudy\WWW\0601\Application\Home\Controller\HomeController.class.php on line 102 and defined E:\phpStudy\WWW\0601\Application\Common\Util\ddwechat.class.php 第 39 行.
SQL: SHOW COLUMNS FROM `dd_assess` [ RunTime:0.0000s ]
SQL: SELECT * FROM `dd_assess` WHERE `product_id` = 26 ORDER BY create_time desc LIMIT 0,10   [ RunTime:0.0000s ]

[ 2017-09-16T23:24:32+08:00 ] 123.152.76.250 /index.php?m=&c=Ajax&a=data
INFO: [ app_init ] --START--
INFO: Run Behavior\BuildLiteBehavior [ RunTime:0.000000s ]
INFO: [ app_init ] --END-- [ RunTime:0.000000s ]
INFO: [ app_begin ] --START--
INFO: Run Behavior\ReadHtmlCacheBehavior [ RunTime:0.000000s ]
INFO: [ app_begin ] --END-- [ RunTime:0.000000s ]
SQL: SHOW COLUMNS FROM `dd_config` [ RunTime:0.0000s ]
SQL: SELECT * FROM `dd_config`  [ RunTime:0.0000s ]
NOTIC: [8] Undefined index: user_id E:\phpStudy\WWW\0601\Application\Home\Controller\HomeController.class.php 第 21 行.
SQL: SHOW COLUMNS FROM `dd_user` [ RunTime:0.0000s ]
SQL: SELECT * FROM `dd_user` WHERE `id` = 10001 LIMIT 1   [ RunTime:0.0000s ]
SQL: SHOW COLUMNS FROM `dd_mch_order` [ RunTime:0.0156s ]
SQL: SELECT * FROM `dd_mch_order` WHERE `delivery_time` < 1504970672 AND `status` = 3  [ RunTime:0.0000s ]
NOTIC: [2] Missing argument 2 for Common\Util\ddwechat::setParam(), called in E:\phpStudy\WWW\0601\Application\Home\Controller\HomeController.class.php on line 102 and defined E:\phpStudy\WWW\0601\Application\Common\Util\ddwechat.class.php 第 39 行.
SQL: SHOW COLUMNS FROM `dd_data` [ RunTime:0.0000s ]
SQL: SELECT * FROM `dd_data` WHERE ( date=20170915 ) LIMIT 1   [ RunTime:0.0000s ]

[ 2017-09-16T23:29:54+08:00 ] 101.226.66.180 /index.php?m=&c=Index&a=product&id=26
INFO: [ app_init ] --START--
INFO: Run Behavior\BuildLiteBehavior [ RunTime:0.000000s ]
INFO: [ app_init ] --END-- [ RunTime:0.000000s ]
INFO: [ app_begin ] --START--
INFO: Run Behavior\ReadHtmlCacheBehavior [ RunTime:0.000000s ]
INFO: [ app_begin ] --END-- [ RunTime:0.000000s ]
SQL: SHOW COLUMNS FROM `dd_config` [ RunTime:0.0156s ]
SQL: SELECT * FROM `dd_config`  [ RunTime:0.0000s ]
NOTIC: [8] Undefined index: user_id E:\phpStudy\WWW\0601\Application\Home\Controller\HomeController.class.php 第 21 行.

[ 2017-09-16T23:36:31+08:00 ] 117.136.103.143 /index.php?m=&c=Ajax&a=loadAssess
INFO: [ app_init ] --START--
INFO: Run Behavior\BuildLiteBehavior [ RunTime:0.000000s ]
INFO: [ app_init ] --END-- [ RunTime:0.000000s ]
INFO: [ app_begin ] --START--
INFO: Run Behavior\ReadHtmlCacheBehavior [ RunTime:0.000000s ]
INFO: [ app_begin ] --END-- [ RunTime:0.000000s ]
SQL: SHOW COLUMNS FROM `dd_config` [ RunTime:0.0000s ]
SQL: SELECT * FROM `dd_config`  [ RunTime:0.0000s ]
NOTIC: [8] Undefined index: user_id E:\phpStudy\WWW\0601\Application\Home\Controller\HomeController.class.php 第 21 行.

