[ 2017-10-13T13:53:47+08:00 ] 127.0.0.1 /?user_id=10001
INFO: [ app_init ] --START--
INFO: Run Behavior\BuildLiteBehavior [ RunTime:0.000000s ]
INFO: [ app_init ] --END-- [ RunTime:0.023000s ]
INFO: [ app_begin ] --START--
INFO: Run Behavior\ReadHtmlCacheBehavior [ RunTime:0.017000s ]
INFO: [ app_begin ] --END-- [ RunTime:0.017000s ]
SQL: SHOW COLUMNS FROM `dd_config` [ RunTime:0.0250s ]
SQL: SELECT * FROM `dd_config`  [ RunTime:0.0010s ]
SQL: SHOW COLUMNS FROM `dd_user` [ RunTime:0.0210s ]
SQL: SELECT * FROM `dd_user` WHERE `id` = 10001 LIMIT 1   [ RunTime:0.0050s ]
SQL: SELECT * FROM `dd_user` WHERE `id` = 10001 LIMIT 1   [ RunTime:0.0030s ]
SQL: SHOW COLUMNS FROM `dd_mch_order` [ RunTime:0.0330s ]
SQL: SELECT * FROM `dd_mch_order` WHERE `delivery_time` < 1507269227 AND `status` = 3  [ RunTime:0.0020s ]
NOTIC: [2] Missing argument 2 for Common\Util\ddwechat::setParam(), called in C:\WWW\06db\Application\Home\Controller\HomeController.class.php on line 102 and defined C:\WWW\06db\Application\Common\Util\ddwechat.class.php 第 39 行.
SQL: SELECT * FROM dd_product WHERE status=1 and  find_in_set(1,feature) order by sort desc [ RunTime:0.0740s ]
SQL: SELECT * FROM dd_product WHERE status=1 and  find_in_set(2,feature) order by sort desc [ RunTime:0.0210s ]
SQL: SELECT * FROM dd_product WHERE status=1 and  find_in_set(3,feature) order by sort desc [ RunTime:0.0060s ]
SQL: SELECT * FROM dd_product WHERE status=1 and  find_in_set(4,feature) order by sort desc [ RunTime:0.0030s ]
SQL: SELECT * FROM dd_product WHERE status=1 and  find_in_set(5,feature) order by sort desc [ RunTime:0.0020s ]
SQL: SELECT * FROM dd_product WHERE status=1 and  find_in_set(6,feature) order by sort desc [ RunTime:0.0050s ]
SQL: SHOW COLUMNS FROM `dd_ad` [ RunTime:0.0120s ]
SQL: SELECT * FROM `dd_ad` WHERE `ad` = 1 LIMIT 1   [ RunTime:0.0010s ]
SQL: SELECT * FROM `dd_ad` WHERE `ad` IN (2,3)  [ RunTime:0.0000s ]
SQL: SELECT * FROM `dd_ad` WHERE `ad` IN (4,5,6)  [ RunTime:0.0000s ]
INFO: [ view_parse ] --START--
INFO: [ template_filter ] --START--
INFO: Run Behavior\ContentReplaceBehavior [ RunTime:0.000000s ]
INFO: [ template_filter ] --END-- [ RunTime:0.000000s ]
INFO: Run Behavior\ParseTemplateBehavior [ RunTime:0.091000s ]
INFO: [ view_parse ] --END-- [ RunTime:0.091000s ]
INFO: [ view_filter ] --START--
INFO: Run Behavior\WriteHtmlCacheBehavior [ RunTime:0.017000s ]
INFO: [ view_filter ] --END-- [ RunTime:0.017000s ]
INFO: [ app_end ] --START--
INFO: Run Behavior\ShowPageTraceBehavior [ RunTime:0.004000s ]
INFO: [ app_end ] --END-- [ RunTime:0.005000s ]

[ 2017-10-13T13:53:52+08:00 ] 127.0.0.1 /index.php?m=&c=Ajax&a=data
INFO: [ app_init ] --START--
INFO: Run Behavior\BuildLiteBehavior [ RunTime:0.000000s ]
INFO: [ app_init ] --END-- [ RunTime:0.001000s ]
INFO: [ app_begin ] --START--
INFO: Run Behavior\ReadHtmlCacheBehavior [ RunTime:0.005000s ]
INFO: [ app_begin ] --END-- [ RunTime:0.005000s ]
SQL: SHOW COLUMNS FROM `dd_config` [ RunTime:0.0030s ]
SQL: SELECT * FROM `dd_config`  [ RunTime:0.0010s ]
NOTIC: [8] Undefined index: user_id C:\WWW\06db\Application\Home\Controller\HomeController.class.php 第 21 行.
SQL: SHOW COLUMNS FROM `dd_user` [ RunTime:0.0050s ]
SQL: SELECT * FROM `dd_user` WHERE `id` = 10001 LIMIT 1   [ RunTime:0.0000s ]
SQL: SHOW COLUMNS FROM `dd_mch_order` [ RunTime:0.0040s ]
SQL: SELECT * FROM `dd_mch_order` WHERE `delivery_time` < 1507269232 AND `status` = 3  [ RunTime:0.0000s ]
NOTIC: [2] Missing argument 2 for Common\Util\ddwechat::setParam(), called in C:\WWW\06db\Application\Home\Controller\HomeController.class.php on line 102 and defined C:\WWW\06db\Application\Common\Util\ddwechat.class.php 第 39 行.
SQL: SHOW COLUMNS FROM `dd_data` [ RunTime:0.0290s ]
SQL: SELECT * FROM `dd_data` WHERE ( date=20171012 ) LIMIT 1   [ RunTime:0.0000s ]
SQL: SELECT COUNT(*) AS tp_count FROM `dd_mch_order` WHERE `create_time` BETWEEN 1507737600 AND 1507824000 LIMIT 1   [ RunTime:0.0020s ]
SQL: SELECT SUM(points_total) AS tp_sum FROM `dd_mch_order` WHERE `pay_time` BETWEEN 1507737600 AND 1507824000 AND `status` > 1 LIMIT 1   [ RunTime:0.0010s ]
SQL: SELECT SUM(wxpay) AS tp_sum FROM `dd_mch_order` WHERE `pay_time` BETWEEN 1507737600 AND 1507824000 AND `status` > 1 LIMIT 1   [ RunTime:0.0010s ]
SQL: SELECT SUM(moneypay) AS tp_sum FROM `dd_mch_order` WHERE `pay_time` BETWEEN 1507737600 AND 1507824000 AND `status` > 1 LIMIT 1   [ RunTime:0.0010s ]
SQL: INSERT INTO `dd_data` (`orders`,`points`,`wxpay`,`moneypay`,`date`) VALUES ('0',NULL,NULL,NULL,'20171012') [ RunTime:0.0020s ]
INFO: [ app_end ] --START--
INFO: Run Behavior\ShowPageTraceBehavior [ RunTime:0.002000s ]
INFO: [ app_end ] --END-- [ RunTime:0.002000s ]

[ 2017-10-13T13:53:56+08:00 ] 127.0.0.1 /index.php?m=&c=My&a=index
INFO: [ app_init ] --START--
INFO: Run Behavior\BuildLiteBehavior [ RunTime:0.000000s ]
INFO: [ app_init ] --END-- [ RunTime:0.000000s ]
INFO: [ app_begin ] --START--
INFO: Run Behavior\ReadHtmlCacheBehavior [ RunTime:0.001000s ]
INFO: [ app_begin ] --END-- [ RunTime:0.001000s ]
SQL: SHOW COLUMNS FROM `dd_config` [ RunTime:0.0030s ]
SQL: SELECT * FROM `dd_config`  [ RunTime:0.0000s ]
NOTIC: [8] Undefined index: user_id C:\WWW\06db\Application\Home\Controller\HomeController.class.php 第 21 行.
SQL: SHOW COLUMNS FROM `dd_user` [ RunTime:0.0150s ]
SQL: SELECT * FROM `dd_user` WHERE `id` = 10001 LIMIT 1   [ RunTime:0.0020s ]
SQL: SHOW COLUMNS FROM `dd_mch_order` [ RunTime:0.0060s ]
SQL: SELECT * FROM `dd_mch_order` WHERE `delivery_time` < 1507269235 AND `status` = 3  [ RunTime:0.0000s ]
NOTIC: [2] Missing argument 2 for Common\Util\ddwechat::setParam(), called in C:\WWW\06db\Application\Home\Controller\HomeController.class.php on line 102 and defined C:\WWW\06db\Application\Common\Util\ddwechat.class.php 第 39 行.
SQL: SHOW COLUMNS FROM `dd_favorite` [ RunTime:0.0260s ]
SQL: SELECT COUNT(*) AS tp_count FROM `dd_favorite` WHERE `user_id` = 10001 AND `status` = 1 LIMIT 1   [ RunTime:0.0000s ]
INFO: [ view_parse ] --START--
INFO: [ template_filter ] --START--
INFO: Run Behavior\ContentReplaceBehavior [ RunTime:0.000000s ]
INFO: [ template_filter ] --END-- [ RunTime:0.000000s ]
NOTIC: [8] Undefined index: cxpoints C:\WWW\06db\Application\Runtime\Cache\Home\3375be4febe9bbf400c079f5f448465c.php 第 96 行.
NOTIC: [8] Undefined variable: separate_no C:\WWW\06db\Application\Runtime\Cache\Home\3375be4febe9bbf400c079f5f448465c.php 第 96 行.
NOTIC: [8] Undefined index: frozen C:\WWW\06db\Application\Runtime\Cache\Home\3375be4febe9bbf400c079f5f448465c.php 第 101 行.
INFO: Run Behavior\ParseTemplateBehavior [ RunTime:0.038000s ]
INFO: [ view_parse ] --END-- [ RunTime:0.038000s ]
INFO: [ view_filter ] --START--
INFO: Run Behavior\WriteHtmlCacheBehavior [ RunTime:0.001000s ]
INFO: [ view_filter ] --END-- [ RunTime:0.001000s ]
INFO: [ app_end ] --START--
INFO: Run Behavior\ShowPageTraceBehavior [ RunTime:0.003000s ]
INFO: [ app_end ] --END-- [ RunTime:0.003000s ]

[ 2017-10-13T13:53:56+08:00 ] 127.0.0.1 /index.php?m=&c=Ajax&a=data
INFO: [ app_init ] --START--
INFO: Run Behavior\BuildLiteBehavior [ RunTime:0.000000s ]
INFO: [ app_init ] --END-- [ RunTime:0.000000s ]
INFO: [ app_begin ] --START--
INFO: Run Behavior\ReadHtmlCacheBehavior [ RunTime:0.000000s ]
INFO: [ app_begin ] --END-- [ RunTime:0.000000s ]
SQL: SHOW COLUMNS FROM `dd_config` [ RunTime:0.0030s ]
SQL: SELECT * FROM `dd_config`  [ RunTime:0.0000s ]
NOTIC: [8] Undefined index: user_id C:\WWW\06db\Application\Home\Controller\HomeController.class.php 第 21 行.
SQL: SHOW COLUMNS FROM `dd_user` [ RunTime:0.0070s ]
SQL: SELECT * FROM `dd_user` WHERE `id` = 10001 LIMIT 1   [ RunTime:0.0020s ]
SQL: SHOW COLUMNS FROM `dd_mch_order` [ RunTime:0.0070s ]
SQL: SELECT * FROM `dd_mch_order` WHERE `delivery_time` < 1507269236 AND `status` = 3  [ RunTime:0.0000s ]
NOTIC: [2] Missing argument 2 for Common\Util\ddwechat::setParam(), called in C:\WWW\06db\Application\Home\Controller\HomeController.class.php on line 102 and defined C:\WWW\06db\Application\Common\Util\ddwechat.class.php 第 39 行.
SQL: SHOW COLUMNS FROM `dd_data` [ RunTime:0.0120s ]
SQL: SELECT * FROM `dd_data` WHERE ( date=20171012 ) LIMIT 1   [ RunTime:0.0010s ]

