[ 2017-10-01T00:13:14+08:00 ] 140.207.54.75 /index.php?m=&c=Index&c=Api&a=index&signature=926e052c8c7f76a3c9ece476695c6668842e3497&timestamp=1506787994&nonce=556002140&openid=oumb6wUcjDdgWAiaKu37UCqzlrls
INFO: [ app_init ] --START--
INFO: Run Behavior\BuildLiteBehavior [ RunTime:0.000000s ]
INFO: [ app_init ] --END-- [ RunTime:0.000000s ]
INFO: [ app_begin ] --START--
INFO: Run Behavior\ReadHtmlCacheBehavior [ RunTime:0.000000s ]
INFO: [ app_begin ] --END-- [ RunTime:0.000000s ]
SQL: SHOW COLUMNS FROM `dd_config` [ RunTime:0.0000s ]
SQL: SELECT * FROM `dd_config`  [ RunTime:0.0000s ]
NOTIC: [2] Missing argument 2 for Common\Util\ddwechat::setParam(), called in E:\phpStudy\WWW\0601\Application\Home\Controller\ApiController.class.php on line 35 and defined E:\phpStudy\WWW\0601\Application\Common\Util\ddwechat.class.php 第 39 行.

[ 2017-10-01T00:13:15+08:00 ] 140.207.54.144 /
INFO: [ app_init ] --START--
INFO: Run Behavior\BuildLiteBehavior [ RunTime:0.000000s ]
INFO: [ app_init ] --END-- [ RunTime:0.000000s ]
INFO: [ app_begin ] --START--
INFO: Run Behavior\ReadHtmlCacheBehavior [ RunTime:0.000000s ]
INFO: [ app_begin ] --END-- [ RunTime:0.000000s ]
SQL: SHOW COLUMNS FROM `dd_config` [ RunTime:0.0000s ]
SQL: SELECT * FROM `dd_config`  [ RunTime:0.0000s ]
NOTIC: [8] Undefined index: user_id E:\phpStudy\WWW\0601\Application\Home\Controller\HomeController.class.php 第 21 行.

[ 2017-10-01T00:13:15+08:00 ] 101.226.102.153 /index.php?m=&c=My&a=index
INFO: [ app_init ] --START--
INFO: Run Behavior\BuildLiteBehavior [ RunTime:0.000000s ]
INFO: [ app_init ] --END-- [ RunTime:0.000000s ]
INFO: [ app_begin ] --START--
INFO: Run Behavior\ReadHtmlCacheBehavior [ RunTime:0.000000s ]
INFO: [ app_begin ] --END-- [ RunTime:0.000000s ]
SQL: SHOW COLUMNS FROM `dd_config` [ RunTime:0.0000s ]
SQL: SELECT * FROM `dd_config`  [ RunTime:0.0000s ]
NOTIC: [8] Undefined index: user_id E:\phpStudy\WWW\0601\Application\Home\Controller\HomeController.class.php 第 21 行.
SQL: SHOW COLUMNS FROM `dd_user` [ RunTime:0.0000s ]
SQL: SELECT * FROM `dd_user` WHERE `id` = 10001 LIMIT 1   [ RunTime:0.0000s ]
SQL: SHOW COLUMNS FROM `dd_mch_order` [ RunTime:0.0000s ]
SQL: SELECT * FROM `dd_mch_order` WHERE `delivery_time` < 1506183195 AND `status` = 3  [ RunTime:0.0000s ]
NOTIC: [2] Missing argument 2 for Common\Util\ddwechat::setParam(), called in E:\phpStudy\WWW\0601\Application\Home\Controller\HomeController.class.php on line 102 and defined E:\phpStudy\WWW\0601\Application\Common\Util\ddwechat.class.php 第 39 行.
SQL: SHOW COLUMNS FROM `dd_favorite` [ RunTime:0.0000s ]
SQL: SELECT COUNT(*) AS tp_count FROM `dd_favorite` WHERE `user_id` = 10001 AND `status` = 1 LIMIT 1   [ RunTime:0.0000s ]
INFO: [ view_parse ] --START--
INFO: [ template_filter ] --START--
INFO: Run Behavior\ContentReplaceBehavior [ RunTime:0.000000s ]
INFO: [ template_filter ] --END-- [ RunTime:0.000000s ]
INFO: Run Behavior\ParseTemplateBehavior [ RunTime:0.015625s ]
INFO: [ view_parse ] --END-- [ RunTime:0.015625s ]
INFO: [ view_filter ] --START--
INFO: Run Behavior\WriteHtmlCacheBehavior [ RunTime:0.000000s ]
INFO: [ view_filter ] --END-- [ RunTime:0.000000s ]
INFO: [ app_end ] --START--
INFO: Run Behavior\ShowPageTraceBehavior [ RunTime:0.000000s ]
INFO: [ app_end ] --END-- [ RunTime:0.000000s ]

[ 2017-10-01T00:13:15+08:00 ] 124.160.218.117 /index.php?m=&c=Ajax&a=data
INFO: [ app_init ] --START--
INFO: Run Behavior\BuildLiteBehavior [ RunTime:0.000000s ]
INFO: [ app_init ] --END-- [ RunTime:0.000000s ]
INFO: [ app_begin ] --START--
INFO: Run Behavior\ReadHtmlCacheBehavior [ RunTime:0.000000s ]
INFO: [ app_begin ] --END-- [ RunTime:0.000000s ]
SQL: SHOW COLUMNS FROM `dd_config` [ RunTime:0.0000s ]
SQL: SELECT * FROM `dd_config`  [ RunTime:0.0000s ]
NOTIC: [8] Undefined index: user_id E:\phpStudy\WWW\0601\Application\Home\Controller\HomeController.class.php 第 21 行.
SQL: SHOW COLUMNS FROM `dd_user` [ RunTime:0.0000s ]
SQL: SELECT * FROM `dd_user` WHERE `id` = 10001 LIMIT 1   [ RunTime:0.0000s ]
SQL: SHOW COLUMNS FROM `dd_mch_order` [ RunTime:0.0000s ]
SQL: SELECT * FROM `dd_mch_order` WHERE `delivery_time` < 1506183195 AND `status` = 3  [ RunTime:0.0000s ]
NOTIC: [2] Missing argument 2 for Common\Util\ddwechat::setParam(), called in E:\phpStudy\WWW\0601\Application\Home\Controller\HomeController.class.php on line 102 and defined E:\phpStudy\WWW\0601\Application\Common\Util\ddwechat.class.php 第 39 行.
SQL: SHOW COLUMNS FROM `dd_data` [ RunTime:0.0000s ]
SQL: SELECT * FROM `dd_data` WHERE ( date=20170930 ) LIMIT 1   [ RunTime:0.0000s ]
SQL: SELECT COUNT(*) AS tp_count FROM `dd_mch_order` WHERE `create_time` BETWEEN 1506700800 AND 1506787200 LIMIT 1   [ RunTime:0.0000s ]
SQL: SELECT SUM(points_total) AS tp_sum FROM `dd_mch_order` WHERE `pay_time` BETWEEN 1506700800 AND 1506787200 AND `status` > 1 LIMIT 1   [ RunTime:0.0000s ]
SQL: SELECT SUM(wxpay) AS tp_sum FROM `dd_mch_order` WHERE `pay_time` BETWEEN 1506700800 AND 1506787200 AND `status` > 1 LIMIT 1   [ RunTime:0.0000s ]
SQL: SELECT SUM(moneypay) AS tp_sum FROM `dd_mch_order` WHERE `pay_time` BETWEEN 1506700800 AND 1506787200 AND `status` > 1 LIMIT 1   [ RunTime:0.0000s ]
SQL: INSERT INTO `dd_data` (`orders`,`points`,`wxpay`,`moneypay`,`date`) VALUES ('0',NULL,NULL,NULL,'20170930') [ RunTime:0.0000s ]
INFO: [ app_end ] --START--
INFO: Run Behavior\ShowPageTraceBehavior [ RunTime:0.000000s ]
INFO: [ app_end ] --END-- [ RunTime:0.000000s ]

[ 2017-10-01T00:13:16+08:00 ] 101.226.102.153 /index.php?m=&c=Index&a=cates
INFO: [ app_init ] --START--
INFO: Run Behavior\BuildLiteBehavior [ RunTime:0.000000s ]
INFO: [ app_init ] --END-- [ RunTime:0.000000s ]
INFO: [ app_begin ] --START--
INFO: Run Behavior\ReadHtmlCacheBehavior [ RunTime:0.000000s ]
INFO: [ app_begin ] --END-- [ RunTime:0.015625s ]
SQL: SHOW COLUMNS FROM `dd_config` [ RunTime:0.0000s ]
SQL: SELECT * FROM `dd_config`  [ RunTime:0.0000s ]
NOTIC: [8] Undefined index: user_id E:\phpStudy\WWW\0601\Application\Home\Controller\HomeController.class.php 第 21 行.
SQL: SHOW COLUMNS FROM `dd_user` [ RunTime:0.0156s ]
SQL: SELECT * FROM `dd_user` WHERE `id` = 10001 LIMIT 1   [ RunTime:0.0000s ]
SQL: SHOW COLUMNS FROM `dd_mch_order` [ RunTime:0.0000s ]
SQL: SELECT * FROM `dd_mch_order` WHERE `delivery_time` < 1506183196 AND `status` = 3  [ RunTime:0.0000s ]
NOTIC: [2] Missing argument 2 for Common\Util\ddwechat::setParam(), called in E:\phpStudy\WWW\0601\Application\Home\Controller\HomeController.class.php on line 102 and defined E:\phpStudy\WWW\0601\Application\Common\Util\ddwechat.class.php 第 39 行.
SQL: SHOW COLUMNS FROM `dd_product_cate` [ RunTime:0.0000s ]
SQL: SELECT * FROM `dd_product_cate` ORDER BY sort desc  [ RunTime:0.0000s ]
INFO: [ view_parse ] --START--
INFO: [ template_filter ] --START--
INFO: Run Behavior\ContentReplaceBehavior [ RunTime:0.000000s ]
INFO: [ template_filter ] --END-- [ RunTime:0.000000s ]
INFO: Run Behavior\ParseTemplateBehavior [ RunTime:0.015625s ]
INFO: [ view_parse ] --END-- [ RunTime:0.015625s ]
INFO: [ view_filter ] --START--
INFO: Run Behavior\WriteHtmlCacheBehavior [ RunTime:0.000000s ]
INFO: [ view_filter ] --END-- [ RunTime:0.000000s ]
INFO: [ app_end ] --START--
INFO: Run Behavior\ShowPageTraceBehavior [ RunTime:0.000000s ]
INFO: [ app_end ] --END-- [ RunTime:0.000000s ]

[ 2017-10-01T00:13:17+08:00 ] 124.160.218.117 /index.php?m=&c=Ajax&a=data
INFO: [ app_init ] --START--
INFO: Run Behavior\BuildLiteBehavior [ RunTime:0.000000s ]
INFO: [ app_init ] --END-- [ RunTime:0.000000s ]
INFO: [ app_begin ] --START--
INFO: Run Behavior\ReadHtmlCacheBehavior [ RunTime:0.000000s ]
INFO: [ app_begin ] --END-- [ RunTime:0.000000s ]
SQL: SHOW COLUMNS FROM `dd_config` [ RunTime:0.0000s ]
SQL: SELECT * FROM `dd_config`  [ RunTime:0.0000s ]
NOTIC: [8] Undefined index: user_id E:\phpStudy\WWW\0601\Application\Home\Controller\HomeController.class.php 第 21 行.
SQL: SHOW COLUMNS FROM `dd_user` [ RunTime:0.0000s ]
SQL: SELECT * FROM `dd_user` WHERE `id` = 10001 LIMIT 1   [ RunTime:0.0000s ]
SQL: SHOW COLUMNS FROM `dd_mch_order` [ RunTime:0.0000s ]
SQL: SELECT * FROM `dd_mch_order` WHERE `delivery_time` < 1506183197 AND `status` = 3  [ RunTime:0.0000s ]
NOTIC: [2] Missing argument 2 for Common\Util\ddwechat::setParam(), called in E:\phpStudy\WWW\0601\Application\Home\Controller\HomeController.class.php on line 102 and defined E:\phpStudy\WWW\0601\Application\Common\Util\ddwechat.class.php 第 39 行.
SQL: SHOW COLUMNS FROM `dd_data` [ RunTime:0.0000s ]
SQL: SELECT * FROM `dd_data` WHERE ( date=20170930 ) LIMIT 1   [ RunTime:0.0000s ]

[ 2017-10-01T00:13:25+08:00 ] 117.185.27.102 /
INFO: [ app_init ] --START--
INFO: Run Behavior\BuildLiteBehavior [ RunTime:0.000000s ]
INFO: [ app_init ] --END-- [ RunTime:0.000000s ]
INFO: [ app_begin ] --START--
INFO: Run Behavior\ReadHtmlCacheBehavior [ RunTime:0.000000s ]
INFO: [ app_begin ] --END-- [ RunTime:0.000000s ]
SQL: SHOW COLUMNS FROM `dd_config` [ RunTime:0.0000s ]
SQL: SELECT * FROM `dd_config`  [ RunTime:0.0000s ]
NOTIC: [8] Undefined index: user_id E:\phpStudy\WWW\0601\Application\Home\Controller\HomeController.class.php 第 21 行.

[ 2017-10-01T00:13:27+08:00 ] 101.226.102.153 /index.php?m=&c=Index&a=all&cate_id=34
INFO: [ app_init ] --START--
INFO: Run Behavior\BuildLiteBehavior [ RunTime:0.000000s ]
INFO: [ app_init ] --END-- [ RunTime:0.000000s ]
INFO: [ app_begin ] --START--
INFO: Run Behavior\ReadHtmlCacheBehavior [ RunTime:0.000000s ]
INFO: [ app_begin ] --END-- [ RunTime:0.000000s ]
SQL: SHOW COLUMNS FROM `dd_config` [ RunTime:0.0000s ]
SQL: SELECT * FROM `dd_config`  [ RunTime:0.0000s ]
NOTIC: [8] Undefined index: user_id E:\phpStudy\WWW\0601\Application\Home\Controller\HomeController.class.php 第 21 行.
SQL: SHOW COLUMNS FROM `dd_user` [ RunTime:0.0000s ]
SQL: SELECT * FROM `dd_user` WHERE `id` = 10001 LIMIT 1   [ RunTime:0.0000s ]
SQL: SHOW COLUMNS FROM `dd_mch_order` [ RunTime:0.0156s ]
SQL: SELECT * FROM `dd_mch_order` WHERE `delivery_time` < 1506183207 AND `status` = 3  [ RunTime:0.0000s ]
NOTIC: [2] Missing argument 2 for Common\Util\ddwechat::setParam(), called in E:\phpStudy\WWW\0601\Application\Home\Controller\HomeController.class.php on line 102 and defined E:\phpStudy\WWW\0601\Application\Common\Util\ddwechat.class.php 第 39 行.
INFO: [ view_parse ] --START--
INFO: [ template_filter ] --START--
INFO: Run Behavior\ContentReplaceBehavior [ RunTime:0.000000s ]
INFO: [ template_filter ] --END-- [ RunTime:0.000000s ]
NOTIC: [8] Undefined index: keyword E:\phpStudy\WWW\0601\Application\Runtime\Cache\Home\632db72ad1e5ceab642ef1963d37b25b.php 第 44 行.
NOTIC: [8] Undefined index: order E:\phpStudy\WWW\0601\Application\Runtime\Cache\Home\632db72ad1e5ceab642ef1963d37b25b.php 第 104 行.
NOTIC: [8] Undefined index: order E:\phpStudy\WWW\0601\Application\Runtime\Cache\Home\632db72ad1e5ceab642ef1963d37b25b.php 第 106 行.
NOTIC: [8] Undefined index: li E:\phpStudy\WWW\0601\Application\Runtime\Cache\Home\632db72ad1e5ceab642ef1963d37b25b.php 第 225 行.
NOTIC: [8] Undefined index: order E:\phpStudy\WWW\0601\Application\Runtime\Cache\Home\632db72ad1e5ceab642ef1963d37b25b.php 第 226 行.
NOTIC: [8] Undefined index: type E:\phpStudy\WWW\0601\Application\Runtime\Cache\Home\632db72ad1e5ceab642ef1963d37b25b.php 第 227 行.
NOTIC: [8] Undefined index: feature E:\phpStudy\WWW\0601\Application\Runtime\Cache\Home\632db72ad1e5ceab642ef1963d37b25b.php 第 229 行.
NOTIC: [8] Undefined index: keyword E:\phpStudy\WWW\0601\Application\Runtime\Cache\Home\632db72ad1e5ceab642ef1963d37b25b.php 第 230 行.
INFO: Run Behavior\ParseTemplateBehavior [ RunTime:0.000000s ]
INFO: [ view_parse ] --END-- [ RunTime:0.000000s ]
INFO: [ view_filter ] --START--
INFO: Run Behavior\WriteHtmlCacheBehavior [ RunTime:0.000000s ]
INFO: [ view_filter ] --END-- [ RunTime:0.000000s ]
INFO: [ app_end ] --START--
INFO: Run Behavior\ShowPageTraceBehavior [ RunTime:0.000000s ]
INFO: [ app_end ] --END-- [ RunTime:0.000000s ]

[ 2017-10-01T00:13:27+08:00 ] 124.160.218.117 /index.php?m=&c=Ajax&a=data
INFO: [ app_init ] --START--
INFO: Run Behavior\BuildLiteBehavior [ RunTime:0.000000s ]
INFO: [ app_init ] --END-- [ RunTime:0.000000s ]
INFO: [ app_begin ] --START--
INFO: Run Behavior\ReadHtmlCacheBehavior [ RunTime:0.000000s ]
INFO: [ app_begin ] --END-- [ RunTime:0.000000s ]
SQL: SHOW COLUMNS FROM `dd_config` [ RunTime:0.0000s ]
SQL: SELECT * FROM `dd_config`  [ RunTime:0.0000s ]
NOTIC: [8] Undefined index: user_id E:\phpStudy\WWW\0601\Application\Home\Controller\HomeController.class.php 第 21 行.
SQL: SHOW COLUMNS FROM `dd_user` [ RunTime:0.0000s ]
SQL: SELECT * FROM `dd_user` WHERE `id` = 10001 LIMIT 1   [ RunTime:0.0000s ]
SQL: SHOW COLUMNS FROM `dd_mch_order` [ RunTime:0.0000s ]
SQL: SELECT * FROM `dd_mch_order` WHERE `delivery_time` < 1506183207 AND `status` = 3  [ RunTime:0.0000s ]
NOTIC: [2] Missing argument 2 for Common\Util\ddwechat::setParam(), called in E:\phpStudy\WWW\0601\Application\Home\Controller\HomeController.class.php on line 102 and defined E:\phpStudy\WWW\0601\Application\Common\Util\ddwechat.class.php 第 39 行.
SQL: SHOW COLUMNS FROM `dd_data` [ RunTime:0.0000s ]
SQL: SELECT * FROM `dd_data` WHERE ( date=20170930 ) LIMIT 1   [ RunTime:0.0000s ]

[ 2017-10-01T00:13:27+08:00 ] 101.226.102.153 /index.php?m=&c=Index&a=getAll
INFO: [ app_init ] --START--
INFO: Run Behavior\BuildLiteBehavior [ RunTime:0.000000s ]
INFO: [ app_init ] --END-- [ RunTime:0.000000s ]
INFO: [ app_begin ] --START--
INFO: Run Behavior\ReadHtmlCacheBehavior [ RunTime:0.000000s ]
INFO: [ app_begin ] --END-- [ RunTime:0.000000s ]
SQL: SHOW COLUMNS FROM `dd_config` [ RunTime:0.0000s ]
SQL: SELECT * FROM `dd_config`  [ RunTime:0.0000s ]
NOTIC: [8] Undefined index: user_id E:\phpStudy\WWW\0601\Application\Home\Controller\HomeController.class.php 第 21 行.
SQL: SHOW COLUMNS FROM `dd_user` [ RunTime:0.0000s ]
SQL: SELECT * FROM `dd_user` WHERE `id` = 10001 LIMIT 1   [ RunTime:0.0000s ]
SQL: SHOW COLUMNS FROM `dd_mch_order` [ RunTime:0.0000s ]
SQL: SELECT * FROM `dd_mch_order` WHERE `delivery_time` < 1506183207 AND `status` = 3  [ RunTime:0.0000s ]
NOTIC: [2] Missing argument 2 for Common\Util\ddwechat::setParam(), called in E:\phpStudy\WWW\0601\Application\Home\Controller\HomeController.class.php on line 102 and defined E:\phpStudy\WWW\0601\Application\Common\Util\ddwechat.class.php 第 39 行.
SQL: SHOW COLUMNS FROM `dd_product` [ RunTime:0.0156s ]
SQL: SELECT * FROM `dd_product` WHERE ( `cate_id` = '34' OR `p_cate_id` = '34' ) AND `status` = 1 ORDER BY sold desc LIMIT 0,100   [ RunTime:0.0000s ]
INFO: [ view_parse ] --START--
INFO: [ template_filter ] --START--
INFO: Run Behavior\ContentReplaceBehavior [ RunTime:0.000000s ]
INFO: [ template_filter ] --END-- [ RunTime:0.000000s ]
INFO: Run Behavior\ParseTemplateBehavior [ RunTime:0.000000s ]
INFO: [ view_parse ] --END-- [ RunTime:0.000000s ]
INFO: [ view_filter ] --START--
INFO: Run Behavior\WriteHtmlCacheBehavior [ RunTime:0.000000s ]
INFO: [ view_filter ] --END-- [ RunTime:0.000000s ]

[ 2017-10-01T00:13:29+08:00 ] 124.160.218.117 /index.php?m=&c=Ajax&a=data
INFO: [ app_init ] --START--
INFO: Run Behavior\BuildLiteBehavior [ RunTime:0.000000s ]
INFO: [ app_init ] --END-- [ RunTime:0.000000s ]
INFO: [ app_begin ] --START--
INFO: Run Behavior\ReadHtmlCacheBehavior [ RunTime:0.000000s ]
INFO: [ app_begin ] --END-- [ RunTime:0.000000s ]
SQL: SHOW COLUMNS FROM `dd_config` [ RunTime:0.0000s ]
SQL: SELECT * FROM `dd_config`  [ RunTime:0.0000s ]
NOTIC: [8] Undefined index: user_id E:\phpStudy\WWW\0601\Application\Home\Controller\HomeController.class.php 第 21 行.
SQL: SHOW COLUMNS FROM `dd_user` [ RunTime:0.0000s ]
SQL: SELECT * FROM `dd_user` WHERE `id` = 10001 LIMIT 1   [ RunTime:0.0000s ]
SQL: SHOW COLUMNS FROM `dd_mch_order` [ RunTime:0.0000s ]
SQL: SELECT * FROM `dd_mch_order` WHERE `delivery_time` < 1506183209 AND `status` = 3  [ RunTime:0.0000s ]
NOTIC: [2] Missing argument 2 for Common\Util\ddwechat::setParam(), called in E:\phpStudy\WWW\0601\Application\Home\Controller\HomeController.class.php on line 102 and defined E:\phpStudy\WWW\0601\Application\Common\Util\ddwechat.class.php 第 39 行.
SQL: SHOW COLUMNS FROM `dd_data` [ RunTime:0.0000s ]
SQL: SELECT * FROM `dd_data` WHERE ( date=20170930 ) LIMIT 1   [ RunTime:0.0000s ]

[ 2017-10-01T00:36:40+08:00 ] 101.226.102.153 /index.php?m=&c=Index&a=index
INFO: [ app_init ] --START--
INFO: Run Behavior\BuildLiteBehavior [ RunTime:0.000000s ]
INFO: [ app_init ] --END-- [ RunTime:0.000000s ]
INFO: [ app_begin ] --START--
INFO: Run Behavior\ReadHtmlCacheBehavior [ RunTime:0.000000s ]
INFO: [ app_begin ] --END-- [ RunTime:0.000000s ]
SQL: SHOW COLUMNS FROM `dd_config` [ RunTime:0.0000s ]
SQL: SELECT * FROM `dd_config`  [ RunTime:0.0000s ]
NOTIC: [8] Undefined index: user_id E:\phpStudy\WWW\0601\Application\Home\Controller\HomeController.class.php 第 21 行.
SQL: SHOW COLUMNS FROM `dd_user` [ RunTime:0.0000s ]
SQL: SELECT * FROM `dd_user` WHERE `id` = 10001 LIMIT 1   [ RunTime:0.0000s ]
SQL: SHOW COLUMNS FROM `dd_mch_order` [ RunTime:0.0000s ]
SQL: SELECT * FROM `dd_mch_order` WHERE `delivery_time` < 1506184600 AND `status` = 3  [ RunTime:0.0000s ]
NOTIC: [2] Missing argument 2 for Common\Util\ddwechat::setParam(), called in E:\phpStudy\WWW\0601\Application\Home\Controller\HomeController.class.php on line 102 and defined E:\phpStudy\WWW\0601\Application\Common\Util\ddwechat.class.php 第 39 行.
SQL: SELECT * FROM dd_product WHERE status=1 and  find_in_set(1,feature) order by sort desc [ RunTime:0.0000s ]
SQL: SELECT * FROM dd_product WHERE status=1 and  find_in_set(2,feature) order by sort desc [ RunTime:0.0000s ]
SQL: SELECT * FROM dd_product WHERE status=1 and  find_in_set(3,feature) order by sort desc [ RunTime:0.0000s ]
SQL: SELECT * FROM dd_product WHERE status=1 and  find_in_set(4,feature) order by sort desc [ RunTime:0.0156s ]
SQL: SELECT * FROM dd_product WHERE status=1 and  find_in_set(5,feature) order by sort desc [ RunTime:0.0000s ]
SQL: SELECT * FROM dd_product WHERE status=1 and  find_in_set(6,feature) order by sort desc [ RunTime:0.0000s ]
SQL: SHOW COLUMNS FROM `dd_ad` [ RunTime:0.0000s ]
SQL: SELECT * FROM `dd_ad` WHERE `ad` = 1 LIMIT 1   [ RunTime:0.0000s ]
SQL: SELECT * FROM `dd_ad` WHERE `ad` IN (2,3)  [ RunTime:0.0000s ]
SQL: SELECT * FROM `dd_ad` WHERE `ad` IN (4,5,6)  [ RunTime:0.0000s ]
INFO: [ view_parse ] --START--
INFO: [ template_filter ] --START--
INFO: Run Behavior\ContentReplaceBehavior [ RunTime:0.000000s ]
INFO: [ template_filter ] --END-- [ RunTime:0.000000s ]
INFO: Run Behavior\ParseTemplateBehavior [ RunTime:0.015625s ]
INFO: [ view_parse ] --END-- [ RunTime:0.015625s ]
INFO: [ view_filter ] --START--
INFO: Run Behavior\WriteHtmlCacheBehavior [ RunTime:0.000000s ]
INFO: [ view_filter ] --END-- [ RunTime:0.000000s ]
INFO: [ app_end ] --START--
INFO: Run Behavior\ShowPageTraceBehavior [ RunTime:0.000000s ]
INFO: [ app_end ] --END-- [ RunTime:0.000000s ]

[ 2017-10-01T00:36:40+08:00 ] 140.207.185.124 /
INFO: [ app_init ] --START--
INFO: Run Behavior\BuildLiteBehavior [ RunTime:0.000000s ]
INFO: [ app_init ] --END-- [ RunTime:0.000000s ]
INFO: [ app_begin ] --START--
INFO: Run Behavior\ReadHtmlCacheBehavior [ RunTime:0.000000s ]
INFO: [ app_begin ] --END-- [ RunTime:0.000000s ]
SQL: SHOW COLUMNS FROM `dd_config` [ RunTime:0.0000s ]
SQL: SELECT * FROM `dd_config`  [ RunTime:0.0000s ]
NOTIC: [8] Undefined index: user_id E:\phpStudy\WWW\0601\Application\Home\Controller\HomeController.class.php 第 21 行.

[ 2017-10-01T00:36:41+08:00 ] 124.160.218.117 /index.php?m=&c=Ajax&a=data
INFO: [ app_init ] --START--
INFO: Run Behavior\BuildLiteBehavior [ RunTime:0.000000s ]
INFO: [ app_init ] --END-- [ RunTime:0.000000s ]
INFO: [ app_begin ] --START--
INFO: Run Behavior\ReadHtmlCacheBehavior [ RunTime:0.000000s ]
INFO: [ app_begin ] --END-- [ RunTime:0.000000s ]
SQL: SHOW COLUMNS FROM `dd_config` [ RunTime:0.0000s ]
SQL: SELECT * FROM `dd_config`  [ RunTime:0.0000s ]
NOTIC: [8] Undefined index: user_id E:\phpStudy\WWW\0601\Application\Home\Controller\HomeController.class.php 第 21 行.
SQL: SHOW COLUMNS FROM `dd_user` [ RunTime:0.0000s ]
SQL: SELECT * FROM `dd_user` WHERE `id` = 10001 LIMIT 1   [ RunTime:0.0000s ]
SQL: SHOW COLUMNS FROM `dd_mch_order` [ RunTime:0.0000s ]
SQL: SELECT * FROM `dd_mch_order` WHERE `delivery_time` < 1506184601 AND `status` = 3  [ RunTime:0.0000s ]
NOTIC: [2] Missing argument 2 for Common\Util\ddwechat::setParam(), called in E:\phpStudy\WWW\0601\Application\Home\Controller\HomeController.class.php on line 102 and defined E:\phpStudy\WWW\0601\Application\Common\Util\ddwechat.class.php 第 39 行.
SQL: SHOW COLUMNS FROM `dd_data` [ RunTime:0.0000s ]
SQL: SELECT * FROM `dd_data` WHERE ( date=20170930 ) LIMIT 1   [ RunTime:0.0000s ]

[ 2017-10-01T00:36:41+08:00 ] 101.226.102.153 /index.php?m=&c=Index&a=index
INFO: [ app_init ] --START--
INFO: Run Behavior\BuildLiteBehavior [ RunTime:0.000000s ]
INFO: [ app_init ] --END-- [ RunTime:0.000000s ]
INFO: [ app_begin ] --START--
INFO: Run Behavior\ReadHtmlCacheBehavior [ RunTime:0.000000s ]
INFO: [ app_begin ] --END-- [ RunTime:0.000000s ]
SQL: SHOW COLUMNS FROM `dd_config` [ RunTime:0.0000s ]
SQL: SELECT * FROM `dd_config`  [ RunTime:0.0000s ]
NOTIC: [8] Undefined index: user_id E:\phpStudy\WWW\0601\Application\Home\Controller\HomeController.class.php 第 21 行.
SQL: SHOW COLUMNS FROM `dd_user` [ RunTime:0.0000s ]
SQL: SELECT * FROM `dd_user` WHERE `id` = 10001 LIMIT 1   [ RunTime:0.0000s ]
SQL: SHOW COLUMNS FROM `dd_mch_order` [ RunTime:0.0000s ]
SQL: SELECT * FROM `dd_mch_order` WHERE `delivery_time` < 1506184601 AND `status` = 3  [ RunTime:0.0000s ]
NOTIC: [2] Missing argument 2 for Common\Util\ddwechat::setParam(), called in E:\phpStudy\WWW\0601\Application\Home\Controller\HomeController.class.php on line 102 and defined E:\phpStudy\WWW\0601\Application\Common\Util\ddwechat.class.php 第 39 行.
SQL: SELECT * FROM dd_product WHERE status=1 and  find_in_set(1,feature) order by sort desc [ RunTime:0.0000s ]
SQL: SELECT * FROM dd_product WHERE status=1 and  find_in_set(2,feature) order by sort desc [ RunTime:0.0000s ]
SQL: SELECT * FROM dd_product WHERE status=1 and  find_in_set(3,feature) order by sort desc [ RunTime:0.0000s ]
SQL: SELECT * FROM dd_product WHERE status=1 and  find_in_set(4,feature) order by sort desc [ RunTime:0.0000s ]
SQL: SELECT * FROM dd_product WHERE status=1 and  find_in_set(5,feature) order by sort desc [ RunTime:0.0000s ]
SQL: SELECT * FROM dd_product WHERE status=1 and  find_in_set(6,feature) order by sort desc [ RunTime:0.0000s ]
SQL: SHOW COLUMNS FROM `dd_ad` [ RunTime:0.0000s ]
SQL: SELECT * FROM `dd_ad` WHERE `ad` = 1 LIMIT 1   [ RunTime:0.0000s ]
SQL: SELECT * FROM `dd_ad` WHERE `ad` IN (2,3)  [ RunTime:0.0000s ]
SQL: SELECT * FROM `dd_ad` WHERE `ad` IN (4,5,6)  [ RunTime:0.0000s ]
INFO: [ view_parse ] --START--
INFO: [ template_filter ] --START--
INFO: Run Behavior\ContentReplaceBehavior [ RunTime:0.000000s ]
INFO: [ template_filter ] --END-- [ RunTime:0.000000s ]
INFO: Run Behavior\ParseTemplateBehavior [ RunTime:0.015625s ]
INFO: [ view_parse ] --END-- [ RunTime:0.015625s ]
INFO: [ view_filter ] --START--
INFO: Run Behavior\WriteHtmlCacheBehavior [ RunTime:0.000000s ]
INFO: [ view_filter ] --END-- [ RunTime:0.000000s ]
INFO: [ app_end ] --START--
INFO: Run Behavior\ShowPageTraceBehavior [ RunTime:0.000000s ]
INFO: [ app_end ] --END-- [ RunTime:0.000000s ]

[ 2017-10-01T00:36:41+08:00 ] 124.160.218.117 /index.php?m=&c=Ajax&a=data
INFO: [ app_init ] --START--
INFO: Run Behavior\BuildLiteBehavior [ RunTime:0.000000s ]
INFO: [ app_init ] --END-- [ RunTime:0.000000s ]
INFO: [ app_begin ] --START--
INFO: Run Behavior\ReadHtmlCacheBehavior [ RunTime:0.000000s ]
INFO: [ app_begin ] --END-- [ RunTime:0.000000s ]
SQL: SHOW COLUMNS FROM `dd_config` [ RunTime:0.0000s ]
SQL: SELECT * FROM `dd_config`  [ RunTime:0.0000s ]
NOTIC: [8] Undefined index: user_id E:\phpStudy\WWW\0601\Application\Home\Controller\HomeController.class.php 第 21 行.
SQL: SHOW COLUMNS FROM `dd_user` [ RunTime:0.0000s ]
SQL: SELECT * FROM `dd_user` WHERE `id` = 10001 LIMIT 1   [ RunTime:0.0000s ]
SQL: SHOW COLUMNS FROM `dd_mch_order` [ RunTime:0.0156s ]
SQL: SELECT * FROM `dd_mch_order` WHERE `delivery_time` < 1506184601 AND `status` = 3  [ RunTime:0.0000s ]
NOTIC: [2] Missing argument 2 for Common\Util\ddwechat::setParam(), called in E:\phpStudy\WWW\0601\Application\Home\Controller\HomeController.class.php on line 102 and defined E:\phpStudy\WWW\0601\Application\Common\Util\ddwechat.class.php 第 39 行.
SQL: SHOW COLUMNS FROM `dd_data` [ RunTime:0.0000s ]
SQL: SELECT * FROM `dd_data` WHERE ( date=20170930 ) LIMIT 1   [ RunTime:0.0000s ]

[ 2017-10-01T00:36:50+08:00 ] 117.135.173.56 /
INFO: [ app_init ] --START--
INFO: Run Behavior\BuildLiteBehavior [ RunTime:0.000000s ]
INFO: [ app_init ] --END-- [ RunTime:0.000000s ]
INFO: [ app_begin ] --START--
INFO: Run Behavior\ReadHtmlCacheBehavior [ RunTime:0.000000s ]
INFO: [ app_begin ] --END-- [ RunTime:0.000000s ]
SQL: SHOW COLUMNS FROM `dd_config` [ RunTime:0.0000s ]
SQL: SELECT * FROM `dd_config`  [ RunTime:0.0000s ]
NOTIC: [8] Undefined index: user_id E:\phpStudy\WWW\0601\Application\Home\Controller\HomeController.class.php 第 21 行.

[ 2017-10-01T07:25:56+08:00 ] 220.181.51.81 /
INFO: [ app_init ] --START--
INFO: Run Behavior\BuildLiteBehavior [ RunTime:0.000000s ]
INFO: [ app_init ] --END-- [ RunTime:0.000000s ]
INFO: [ app_begin ] --START--
INFO: Run Behavior\ReadHtmlCacheBehavior [ RunTime:0.000000s ]
INFO: [ app_begin ] --END-- [ RunTime:0.000000s ]
SQL: SHOW COLUMNS FROM `dd_config` [ RunTime:0.0000s ]
SQL: SELECT * FROM `dd_config`  [ RunTime:0.0000s ]
NOTIC: [8] Undefined index: user_id E:\phpStudy\WWW\0601\Application\Home\Controller\HomeController.class.php 第 21 行.

[ 2017-10-01T10:49:07+08:00 ] 202.108.211.56 /
INFO: [ app_init ] --START--
INFO: Run Behavior\BuildLiteBehavior [ RunTime:0.000000s ]
INFO: [ app_init ] --END-- [ RunTime:0.000000s ]
INFO: [ app_begin ] --START--
INFO: Run Behavior\ReadHtmlCacheBehavior [ RunTime:0.000000s ]
INFO: [ app_begin ] --END-- [ RunTime:0.000000s ]
SQL: SHOW COLUMNS FROM `dd_config` [ RunTime:0.0000s ]
SQL: SELECT * FROM `dd_config`  [ RunTime:0.0000s ]
NOTIC: [8] Undefined index: user_id E:\phpStudy\WWW\0601\Application\Home\Controller\HomeController.class.php 第 21 行.

[ 2017-10-01T12:08:17+08:00 ] 106.11.225.85 /
INFO: [ app_init ] --START--
INFO: Run Behavior\BuildLiteBehavior [ RunTime:0.000000s ]
INFO: [ app_init ] --END-- [ RunTime:0.000000s ]
INFO: [ app_begin ] --START--
INFO: Run Behavior\ReadHtmlCacheBehavior [ RunTime:0.000000s ]
INFO: [ app_begin ] --END-- [ RunTime:0.000000s ]
SQL: SHOW COLUMNS FROM `dd_config` [ RunTime:0.0000s ]
SQL: SELECT * FROM `dd_config`  [ RunTime:0.0000s ]
NOTIC: [8] Undefined index: user_id E:\phpStudy\WWW\0601\Application\Home\Controller\HomeController.class.php 第 21 行.

[ 2017-10-01T20:29:41+08:00 ] 140.207.54.76 /index.php?m=&c=Index&c=Api&a=index&signature=9cac2adfe1d954e2d0bcf7421823ad92836219ef&timestamp=1506860982&nonce=1590204908&openid=oumb6wUcjDdgWAiaKu37UCqzlrls
INFO: [ app_init ] --START--
INFO: Run Behavior\BuildLiteBehavior [ RunTime:0.000000s ]
INFO: [ app_init ] --END-- [ RunTime:0.000000s ]
INFO: [ app_begin ] --START--
INFO: Run Behavior\ReadHtmlCacheBehavior [ RunTime:0.000000s ]
INFO: [ app_begin ] --END-- [ RunTime:0.000000s ]
SQL: SHOW COLUMNS FROM `dd_config` [ RunTime:0.0000s ]
SQL: SELECT * FROM `dd_config`  [ RunTime:0.0000s ]
NOTIC: [2] Missing argument 2 for Common\Util\ddwechat::setParam(), called in E:\phpStudy\WWW\0601\Application\Home\Controller\ApiController.class.php on line 35 and defined E:\phpStudy\WWW\0601\Application\Common\Util\ddwechat.class.php 第 39 行.

[ 2017-10-01T20:29:44+08:00 ] 101.226.102.153 /index.php?m=&c=My&a=index
INFO: [ app_init ] --START--
INFO: Run Behavior\BuildLiteBehavior [ RunTime:0.000000s ]
INFO: [ app_init ] --END-- [ RunTime:0.000000s ]
INFO: [ app_begin ] --START--
INFO: Run Behavior\ReadHtmlCacheBehavior [ RunTime:0.000000s ]
INFO: [ app_begin ] --END-- [ RunTime:0.000000s ]
SQL: SHOW COLUMNS FROM `dd_config` [ RunTime:0.0000s ]
SQL: SELECT * FROM `dd_config`  [ RunTime:0.0000s ]
NOTIC: [8] Undefined index: user_id E:\phpStudy\WWW\0601\Application\Home\Controller\HomeController.class.php 第 21 行.
SQL: SHOW COLUMNS FROM `dd_user` [ RunTime:0.0000s ]
SQL: SELECT * FROM `dd_user` WHERE `id` = 10001 LIMIT 1   [ RunTime:0.0000s ]
SQL: SHOW COLUMNS FROM `dd_mch_order` [ RunTime:0.0000s ]
SQL: SELECT * FROM `dd_mch_order` WHERE `delivery_time` < 1506256184 AND `status` = 3  [ RunTime:0.0000s ]
NOTIC: [2] Missing argument 2 for Common\Util\ddwechat::setParam(), called in E:\phpStudy\WWW\0601\Application\Home\Controller\HomeController.class.php on line 102 and defined E:\phpStudy\WWW\0601\Application\Common\Util\ddwechat.class.php 第 39 行.
SQL: SHOW COLUMNS FROM `dd_favorite` [ RunTime:0.0000s ]
SQL: SELECT COUNT(*) AS tp_count FROM `dd_favorite` WHERE `user_id` = 10001 AND `status` = 1 LIMIT 1   [ RunTime:0.0000s ]
INFO: [ view_parse ] --START--
INFO: [ template_filter ] --START--
INFO: Run Behavior\ContentReplaceBehavior [ RunTime:0.000000s ]
INFO: [ template_filter ] --END-- [ RunTime:0.000000s ]
INFO: Run Behavior\ParseTemplateBehavior [ RunTime:0.015625s ]
INFO: [ view_parse ] --END-- [ RunTime:0.015625s ]
INFO: [ view_filter ] --START--
INFO: Run Behavior\WriteHtmlCacheBehavior [ RunTime:0.000000s ]
INFO: [ view_filter ] --END-- [ RunTime:0.000000s ]
INFO: [ app_end ] --START--
INFO: Run Behavior\ShowPageTraceBehavior [ RunTime:0.000000s ]
INFO: [ app_end ] --END-- [ RunTime:0.000000s ]

[ 2017-10-01T20:29:44+08:00 ] 123.152.248.233 /index.php?m=&c=Ajax&a=data
INFO: [ app_init ] --START--
INFO: Run Behavior\BuildLiteBehavior [ RunTime:0.000000s ]
INFO: [ app_init ] --END-- [ RunTime:0.000000s ]
INFO: [ app_begin ] --START--
INFO: Run Behavior\ReadHtmlCacheBehavior [ RunTime:0.015625s ]
INFO: [ app_begin ] --END-- [ RunTime:0.015625s ]
SQL: SHOW COLUMNS FROM `dd_config` [ RunTime:0.0000s ]
SQL: SELECT * FROM `dd_config`  [ RunTime:0.0000s ]
NOTIC: [8] Undefined index: user_id E:\phpStudy\WWW\0601\Application\Home\Controller\HomeController.class.php 第 21 行.
SQL: SHOW COLUMNS FROM `dd_user` [ RunTime:0.0000s ]
SQL: SELECT * FROM `dd_user` WHERE `id` = 10001 LIMIT 1   [ RunTime:0.0000s ]
SQL: SHOW COLUMNS FROM `dd_mch_order` [ RunTime:0.0000s ]
SQL: SELECT * FROM `dd_mch_order` WHERE `delivery_time` < 1506256184 AND `status` = 3  [ RunTime:0.0000s ]
NOTIC: [2] Missing argument 2 for Common\Util\ddwechat::setParam(), called in E:\phpStudy\WWW\0601\Application\Home\Controller\HomeController.class.php on line 102 and defined E:\phpStudy\WWW\0601\Application\Common\Util\ddwechat.class.php 第 39 行.
SQL: SHOW COLUMNS FROM `dd_data` [ RunTime:0.0000s ]
SQL: SELECT * FROM `dd_data` WHERE ( date=20170930 ) LIMIT 1   [ RunTime:0.0000s ]

[ 2017-10-01T20:29:48+08:00 ] 101.226.102.153 /index.php?m=&c=Index&a=cates
INFO: [ app_init ] --START--
INFO: Run Behavior\BuildLiteBehavior [ RunTime:0.000000s ]
INFO: [ app_init ] --END-- [ RunTime:0.000000s ]
INFO: [ app_begin ] --START--
INFO: Run Behavior\ReadHtmlCacheBehavior [ RunTime:0.000000s ]
INFO: [ app_begin ] --END-- [ RunTime:0.000000s ]
SQL: SHOW COLUMNS FROM `dd_config` [ RunTime:0.0000s ]
SQL: SELECT * FROM `dd_config`  [ RunTime:0.0000s ]
NOTIC: [8] Undefined index: user_id E:\phpStudy\WWW\0601\Application\Home\Controller\HomeController.class.php 第 21 行.
SQL: SHOW COLUMNS FROM `dd_user` [ RunTime:0.0156s ]
SQL: SELECT * FROM `dd_user` WHERE `id` = 10001 LIMIT 1   [ RunTime:0.0000s ]
SQL: SHOW COLUMNS FROM `dd_mch_order` [ RunTime:0.0000s ]
SQL: SELECT * FROM `dd_mch_order` WHERE `delivery_time` < 1506256188 AND `status` = 3  [ RunTime:0.0000s ]
NOTIC: [2] Missing argument 2 for Common\Util\ddwechat::setParam(), called in E:\phpStudy\WWW\0601\Application\Home\Controller\HomeController.class.php on line 102 and defined E:\phpStudy\WWW\0601\Application\Common\Util\ddwechat.class.php 第 39 行.
SQL: SHOW COLUMNS FROM `dd_product_cate` [ RunTime:0.0000s ]
SQL: SELECT * FROM `dd_product_cate` ORDER BY sort desc  [ RunTime:0.0000s ]
INFO: [ view_parse ] --START--
INFO: [ template_filter ] --START--
INFO: Run Behavior\ContentReplaceBehavior [ RunTime:0.000000s ]
INFO: [ template_filter ] --END-- [ RunTime:0.000000s ]
INFO: Run Behavior\ParseTemplateBehavior [ RunTime:0.015625s ]
INFO: [ view_parse ] --END-- [ RunTime:0.015625s ]
INFO: [ view_filter ] --START--
INFO: Run Behavior\WriteHtmlCacheBehavior [ RunTime:0.000000s ]
INFO: [ view_filter ] --END-- [ RunTime:0.000000s ]
INFO: [ app_end ] --START--
INFO: Run Behavior\ShowPageTraceBehavior [ RunTime:0.000000s ]
INFO: [ app_end ] --END-- [ RunTime:0.000000s ]

[ 2017-10-01T20:29:48+08:00 ] 140.207.54.144 /
INFO: [ app_init ] --START--
INFO: Run Behavior\BuildLiteBehavior [ RunTime:0.000000s ]
INFO: [ app_init ] --END-- [ RunTime:0.000000s ]
INFO: [ app_begin ] --START--
INFO: Run Behavior\ReadHtmlCacheBehavior [ RunTime:0.000000s ]
INFO: [ app_begin ] --END-- [ RunTime:0.000000s ]
SQL: SHOW COLUMNS FROM `dd_config` [ RunTime:0.0000s ]
SQL: SELECT * FROM `dd_config`  [ RunTime:0.0000s ]
NOTIC: [8] Undefined index: user_id E:\phpStudy\WWW\0601\Application\Home\Controller\HomeController.class.php 第 21 行.

[ 2017-10-01T20:29:51+08:00 ] 123.152.248.233 /index.php?m=&c=Ajax&a=data
INFO: [ app_init ] --START--
INFO: Run Behavior\BuildLiteBehavior [ RunTime:0.000000s ]
INFO: [ app_init ] --END-- [ RunTime:0.000000s ]
INFO: [ app_begin ] --START--
INFO: Run Behavior\ReadHtmlCacheBehavior [ RunTime:0.000000s ]
INFO: [ app_begin ] --END-- [ RunTime:0.000000s ]
SQL: SHOW COLUMNS FROM `dd_config` [ RunTime:0.0000s ]
SQL: SELECT * FROM `dd_config`  [ RunTime:0.0000s ]
NOTIC: [8] Undefined index: user_id E:\phpStudy\WWW\0601\Application\Home\Controller\HomeController.class.php 第 21 行.
SQL: SHOW COLUMNS FROM `dd_user` [ RunTime:0.0000s ]
SQL: SELECT * FROM `dd_user` WHERE `id` = 10001 LIMIT 1   [ RunTime:0.0000s ]
SQL: SHOW COLUMNS FROM `dd_mch_order` [ RunTime:0.0000s ]
SQL: SELECT * FROM `dd_mch_order` WHERE `delivery_time` < 1506256191 AND `status` = 3  [ RunTime:0.0156s ]
NOTIC: [2] Missing argument 2 for Common\Util\ddwechat::setParam(), called in E:\phpStudy\WWW\0601\Application\Home\Controller\HomeController.class.php on line 102 and defined E:\phpStudy\WWW\0601\Application\Common\Util\ddwechat.class.php 第 39 行.
SQL: SHOW COLUMNS FROM `dd_data` [ RunTime:0.0000s ]
SQL: SELECT * FROM `dd_data` WHERE ( date=20170930 ) LIMIT 1   [ RunTime:0.0000s ]

[ 2017-10-01T20:29:53+08:00 ] 101.226.102.153 /index.php?m=&c=Index&a=all&cate_id=72
INFO: [ app_init ] --START--
INFO: Run Behavior\BuildLiteBehavior [ RunTime:0.000000s ]
INFO: [ app_init ] --END-- [ RunTime:0.000000s ]
INFO: [ app_begin ] --START--
INFO: Run Behavior\ReadHtmlCacheBehavior [ RunTime:0.000000s ]
INFO: [ app_begin ] --END-- [ RunTime:0.000000s ]
SQL: SHOW COLUMNS FROM `dd_config` [ RunTime:0.0000s ]
SQL: SELECT * FROM `dd_config`  [ RunTime:0.0000s ]
NOTIC: [8] Undefined index: user_id E:\phpStudy\WWW\0601\Application\Home\Controller\HomeController.class.php 第 21 行.
SQL: SHOW COLUMNS FROM `dd_user` [ RunTime:0.0000s ]
SQL: SELECT * FROM `dd_user` WHERE `id` = 10001 LIMIT 1   [ RunTime:0.0000s ]
SQL: SHOW COLUMNS FROM `dd_mch_order` [ RunTime:0.0000s ]
SQL: SELECT * FROM `dd_mch_order` WHERE `delivery_time` < 1506256193 AND `status` = 3  [ RunTime:0.0000s ]
NOTIC: [2] Missing argument 2 for Common\Util\ddwechat::setParam(), called in E:\phpStudy\WWW\0601\Application\Home\Controller\HomeController.class.php on line 102 and defined E:\phpStudy\WWW\0601\Application\Common\Util\ddwechat.class.php 第 39 行.
INFO: [ view_parse ] --START--
INFO: [ template_filter ] --START--
INFO: Run Behavior\ContentReplaceBehavior [ RunTime:0.000000s ]
INFO: [ template_filter ] --END-- [ RunTime:0.000000s ]
NOTIC: [8] Undefined index: keyword E:\phpStudy\WWW\0601\Application\Runtime\Cache\Home\632db72ad1e5ceab642ef1963d37b25b.php 第 44 行.
NOTIC: [8] Undefined index: order E:\phpStudy\WWW\0601\Application\Runtime\Cache\Home\632db72ad1e5ceab642ef1963d37b25b.php 第 104 行.
NOTIC: [8] Undefined index: order E:\phpStudy\WWW\0601\Application\Runtime\Cache\Home\632db72ad1e5ceab642ef1963d37b25b.php 第 106 行.
NOTIC: [8] Undefined index: li E:\phpStudy\WWW\0601\Application\Runtime\Cache\Home\632db72ad1e5ceab642ef1963d37b25b.php 第 225 行.
NOTIC: [8] Undefined index: order E:\phpStudy\WWW\0601\Application\Runtime\Cache\Home\632db72ad1e5ceab642ef1963d37b25b.php 第 226 行.
NOTIC: [8] Undefined index: type E:\phpStudy\WWW\0601\Application\Runtime\Cache\Home\632db72ad1e5ceab642ef1963d37b25b.php 第 227 行.
NOTIC: [8] Undefined index: feature E:\phpStudy\WWW\0601\Application\Runtime\Cache\Home\632db72ad1e5ceab642ef1963d37b25b.php 第 229 行.
NOTIC: [8] Undefined index: keyword E:\phpStudy\WWW\0601\Application\Runtime\Cache\Home\632db72ad1e5ceab642ef1963d37b25b.php 第 230 行.
INFO: Run Behavior\ParseTemplateBehavior [ RunTime:0.015625s ]
INFO: [ view_parse ] --END-- [ RunTime:0.015625s ]
INFO: [ view_filter ] --START--
INFO: Run Behavior\WriteHtmlCacheBehavior [ RunTime:0.000000s ]
INFO: [ view_filter ] --END-- [ RunTime:0.000000s ]
INFO: [ app_end ] --START--
INFO: Run Behavior\ShowPageTraceBehavior [ RunTime:0.000000s ]
INFO: [ app_end ] --END-- [ RunTime:0.000000s ]

[ 2017-10-01T20:29:53+08:00 ] 123.152.248.233 /index.php?m=&c=Ajax&a=data
INFO: [ app_init ] --START--
INFO: Run Behavior\BuildLiteBehavior [ RunTime:0.000000s ]
INFO: [ app_init ] --END-- [ RunTime:0.000000s ]
INFO: [ app_begin ] --START--
INFO: Run Behavior\ReadHtmlCacheBehavior [ RunTime:0.000000s ]
INFO: [ app_begin ] --END-- [ RunTime:0.000000s ]
SQL: SHOW COLUMNS FROM `dd_config` [ RunTime:0.0000s ]
SQL: SELECT * FROM `dd_config`  [ RunTime:0.0000s ]
NOTIC: [8] Undefined index: user_id E:\phpStudy\WWW\0601\Application\Home\Controller\HomeController.class.php 第 21 行.
SQL: SHOW COLUMNS FROM `dd_user` [ RunTime:0.0000s ]
SQL: SELECT * FROM `dd_user` WHERE `id` = 10001 LIMIT 1   [ RunTime:0.0000s ]
SQL: SHOW COLUMNS FROM `dd_mch_order` [ RunTime:0.0000s ]
SQL: SELECT * FROM `dd_mch_order` WHERE `delivery_time` < 1506256193 AND `status` = 3  [ RunTime:0.0000s ]
NOTIC: [2] Missing argument 2 for Common\Util\ddwechat::setParam(), called in E:\phpStudy\WWW\0601\Application\Home\Controller\HomeController.class.php on line 102 and defined E:\phpStudy\WWW\0601\Application\Common\Util\ddwechat.class.php 第 39 行.
SQL: SHOW COLUMNS FROM `dd_data` [ RunTime:0.0000s ]
SQL: SELECT * FROM `dd_data` WHERE ( date=20170930 ) LIMIT 1   [ RunTime:0.0000s ]

[ 2017-10-01T20:29:53+08:00 ] 101.226.102.153 /index.php?m=&c=Index&a=getAll
INFO: [ app_init ] --START--
INFO: Run Behavior\BuildLiteBehavior [ RunTime:0.000000s ]
INFO: [ app_init ] --END-- [ RunTime:0.000000s ]
INFO: [ app_begin ] --START--
INFO: Run Behavior\ReadHtmlCacheBehavior [ RunTime:0.000000s ]
INFO: [ app_begin ] --END-- [ RunTime:0.000000s ]
SQL: SHOW COLUMNS FROM `dd_config` [ RunTime:0.0000s ]
SQL: SELECT * FROM `dd_config`  [ RunTime:0.0000s ]
NOTIC: [8] Undefined index: user_id E:\phpStudy\WWW\0601\Application\Home\Controller\HomeController.class.php 第 21 行.
SQL: SHOW COLUMNS FROM `dd_user` [ RunTime:0.0000s ]
SQL: SELECT * FROM `dd_user` WHERE `id` = 10001 LIMIT 1   [ RunTime:0.0000s ]
SQL: SHOW COLUMNS FROM `dd_mch_order` [ RunTime:0.0000s ]
SQL: SELECT * FROM `dd_mch_order` WHERE `delivery_time` < 1506256193 AND `status` = 3  [ RunTime:0.0000s ]
NOTIC: [2] Missing argument 2 for Common\Util\ddwechat::setParam(), called in E:\phpStudy\WWW\0601\Application\Home\Controller\HomeController.class.php on line 102 and defined E:\phpStudy\WWW\0601\Application\Common\Util\ddwechat.class.php 第 39 行.
SQL: SHOW COLUMNS FROM `dd_product` [ RunTime:0.0000s ]
SQL: SELECT * FROM `dd_product` WHERE ( `cate_id` = '72' OR `p_cate_id` = '72' ) AND `status` = 1 ORDER BY sold desc LIMIT 0,100   [ RunTime:0.0000s ]
INFO: [ view_parse ] --START--
INFO: [ template_filter ] --START--
INFO: Run Behavior\ContentReplaceBehavior [ RunTime:0.000000s ]
INFO: [ template_filter ] --END-- [ RunTime:0.000000s ]
INFO: Run Behavior\ParseTemplateBehavior [ RunTime:0.015625s ]
INFO: [ view_parse ] --END-- [ RunTime:0.015625s ]
INFO: [ view_filter ] --START--
INFO: Run Behavior\WriteHtmlCacheBehavior [ RunTime:0.000000s ]
INFO: [ view_filter ] --END-- [ RunTime:0.000000s ]

[ 2017-10-01T20:29:58+08:00 ] 101.226.102.153 /index.php?m=&c=Index&a=product&id=136
INFO: [ app_init ] --START--
INFO: Run Behavior\BuildLiteBehavior [ RunTime:0.000000s ]
INFO: [ app_init ] --END-- [ RunTime:0.000000s ]
INFO: [ app_begin ] --START--
INFO: Run Behavior\ReadHtmlCacheBehavior [ RunTime:0.000000s ]
INFO: [ app_begin ] --END-- [ RunTime:0.000000s ]
SQL: SHOW COLUMNS FROM `dd_config` [ RunTime:0.0000s ]
SQL: SELECT * FROM `dd_config`  [ RunTime:0.0000s ]
NOTIC: [8] Undefined index: user_id E:\phpStudy\WWW\0601\Application\Home\Controller\HomeController.class.php 第 21 行.
SQL: SHOW COLUMNS FROM `dd_user` [ RunTime:0.0000s ]
SQL: SELECT * FROM `dd_user` WHERE `id` = 10001 LIMIT 1   [ RunTime:0.0000s ]
SQL: SHOW COLUMNS FROM `dd_mch_order` [ RunTime:0.0156s ]
SQL: SELECT * FROM `dd_mch_order` WHERE `delivery_time` < 1506256198 AND `status` = 3  [ RunTime:0.0000s ]
NOTIC: [2] Missing argument 2 for Common\Util\ddwechat::setParam(), called in E:\phpStudy\WWW\0601\Application\Home\Controller\HomeController.class.php on line 102 and defined E:\phpStudy\WWW\0601\Application\Common\Util\ddwechat.class.php 第 39 行.
SQL: SHOW COLUMNS FROM `dd_product` [ RunTime:0.0000s ]
SQL: SELECT * FROM `dd_product` WHERE `id` = 136 LIMIT 1   [ RunTime:0.0000s ]
SQL: SELECT * FROM `dd_user` WHERE `id` = 10015 LIMIT 1   [ RunTime:0.0000s ]
SQL: SELECT * FROM `dd_user` WHERE `id` = 10015 LIMIT 1   [ RunTime:0.0000s ]
SQL: SHOW COLUMNS FROM `dd_assess` [ RunTime:0.0000s ]
SQL: SELECT COUNT(*) AS tp_count FROM `dd_assess` WHERE `product_id` = 136 LIMIT 1   [ RunTime:0.0000s ]
SQL: SHOW COLUMNS FROM `dd_favorite` [ RunTime:0.0000s ]
SQL: SELECT * FROM `dd_favorite` WHERE `user_id` = 10001 AND `product_id` = 136 AND `status` = 1 LIMIT 1   [ RunTime:0.0000s ]
SQL: SHOW COLUMNS FROM `dd_cart` [ RunTime:0.0000s ]
SQL: SELECT SUM(nums) AS tp_sum FROM `dd_cart` WHERE `user_id` = 10001 AND `order_id` = 0 LIMIT 1   [ RunTime:0.0000s ]
INFO: [ view_parse ] --START--
INFO: [ template_filter ] --START--
INFO: Run Behavior\ContentReplaceBehavior [ RunTime:0.000000s ]
INFO: [ template_filter ] --END-- [ RunTime:0.000000s ]
SQL: SELECT * FROM `dd_user` WHERE `id` = 10001 LIMIT 1   [ RunTime:0.0000s ]
NOTIC: [8] Undefined index: is_zq E:\phpStudy\WWW\0601\Application\Runtime\Cache\Home\2f4de9210f0faaf5e0fea0bc42744adb.php 第 294 行.
INFO: Run Behavior\ParseTemplateBehavior [ RunTime:0.015625s ]
INFO: [ view_parse ] --END-- [ RunTime:0.015625s ]
INFO: [ view_filter ] --START--
INFO: Run Behavior\WriteHtmlCacheBehavior [ RunTime:0.000000s ]
INFO: [ view_filter ] --END-- [ RunTime:0.000000s ]
INFO: [ app_end ] --START--
INFO: Run Behavior\ShowPageTraceBehavior [ RunTime:0.000000s ]
INFO: [ app_end ] --END-- [ RunTime:0.000000s ]

[ 2017-10-01T20:29:58+08:00 ] 101.226.102.153 /index.php?m=&c=Ajax&a=loadAssess
INFO: [ app_init ] --START--
INFO: Run Behavior\BuildLiteBehavior [ RunTime:0.000000s ]
INFO: [ app_init ] --END-- [ RunTime:0.000000s ]
INFO: [ app_begin ] --START--
INFO: Run Behavior\ReadHtmlCacheBehavior [ RunTime:0.000000s ]
INFO: [ app_begin ] --END-- [ RunTime:0.000000s ]
SQL: SHOW COLUMNS FROM `dd_config` [ RunTime:0.0000s ]
SQL: SELECT * FROM `dd_config`  [ RunTime:0.0000s ]
NOTIC: [8] Undefined index: user_id E:\phpStudy\WWW\0601\Application\Home\Controller\HomeController.class.php 第 21 行.
SQL: SHOW COLUMNS FROM `dd_user` [ RunTime:0.0000s ]
SQL: SELECT * FROM `dd_user` WHERE `id` = 10001 LIMIT 1   [ RunTime:0.0000s ]
SQL: SHOW COLUMNS FROM `dd_mch_order` [ RunTime:0.0000s ]
SQL: SELECT * FROM `dd_mch_order` WHERE `delivery_time` < 1506256198 AND `status` = 3  [ RunTime:0.0156s ]
NOTIC: [2] Missing argument 2 for Common\Util\ddwechat::setParam(), called in E:\phpStudy\WWW\0601\Application\Home\Controller\HomeController.class.php on line 102 and defined E:\phpStudy\WWW\0601\Application\Common\Util\ddwechat.class.php 第 39 行.
SQL: SHOW COLUMNS FROM `dd_assess` [ RunTime:0.0000s ]
SQL: SELECT * FROM `dd_assess` WHERE `product_id` = 136 ORDER BY create_time desc LIMIT 0,10   [ RunTime:0.0000s ]

[ 2017-10-01T20:29:59+08:00 ] 117.185.27.145 /
INFO: [ app_init ] --START--
INFO: Run Behavior\BuildLiteBehavior [ RunTime:0.000000s ]
INFO: [ app_init ] --END-- [ RunTime:0.000000s ]
INFO: [ app_begin ] --START--
INFO: Run Behavior\ReadHtmlCacheBehavior [ RunTime:0.000000s ]
INFO: [ app_begin ] --END-- [ RunTime:0.000000s ]
SQL: SHOW COLUMNS FROM `dd_config` [ RunTime:0.0000s ]
SQL: SELECT * FROM `dd_config`  [ RunTime:0.0000s ]
NOTIC: [8] Undefined index: user_id E:\phpStudy\WWW\0601\Application\Home\Controller\HomeController.class.php 第 21 行.

[ 2017-10-01T20:30:08+08:00 ] 117.185.27.114 /index.php?m=&c=Index&a=product&id=136
INFO: [ app_init ] --START--
INFO: Run Behavior\BuildLiteBehavior [ RunTime:0.000000s ]
INFO: [ app_init ] --END-- [ RunTime:0.000000s ]
INFO: [ app_begin ] --START--
INFO: Run Behavior\ReadHtmlCacheBehavior [ RunTime:0.000000s ]
INFO: [ app_begin ] --END-- [ RunTime:0.000000s ]
SQL: SHOW COLUMNS FROM `dd_config` [ RunTime:0.0000s ]
SQL: SELECT * FROM `dd_config`  [ RunTime:0.0000s ]
NOTIC: [8] Undefined index: user_id E:\phpStudy\WWW\0601\Application\Home\Controller\HomeController.class.php 第 21 行.

[ 2017-10-01T20:34:17+08:00 ] 101.226.85.67 /index.php?m=&c=Index&a=cates
INFO: [ app_init ] --START--
INFO: Run Behavior\BuildLiteBehavior [ RunTime:0.000000s ]
INFO: [ app_init ] --END-- [ RunTime:0.000000s ]
INFO: [ app_begin ] --START--
INFO: Run Behavior\ReadHtmlCacheBehavior [ RunTime:0.000000s ]
INFO: [ app_begin ] --END-- [ RunTime:0.000000s ]
SQL: SHOW COLUMNS FROM `dd_config` [ RunTime:0.0000s ]
SQL: SELECT * FROM `dd_config`  [ RunTime:0.0000s ]
NOTIC: [8] Undefined index: user_id E:\phpStudy\WWW\0601\Application\Home\Controller\HomeController.class.php 第 21 行.

[ 2017-10-01T20:34:21+08:00 ] 101.226.99.195 /index.php?m=&c=Index&a=product&id=136
INFO: [ app_init ] --START--
INFO: Run Behavior\BuildLiteBehavior [ RunTime:0.000000s ]
INFO: [ app_init ] --END-- [ RunTime:0.000000s ]
INFO: [ app_begin ] --START--
INFO: Run Behavior\ReadHtmlCacheBehavior [ RunTime:0.000000s ]
INFO: [ app_begin ] --END-- [ RunTime:0.000000s ]
SQL: SHOW COLUMNS FROM `dd_config` [ RunTime:0.0156s ]
SQL: SELECT * FROM `dd_config`  [ RunTime:0.0000s ]
NOTIC: [8] Undefined index: user_id E:\phpStudy\WWW\0601\Application\Home\Controller\HomeController.class.php 第 21 行.

[ 2017-10-01T21:37:34+08:00 ] 140.207.54.75 /index.php?m=&c=Index&c=Api&a=index&signature=a5be17ce7be30bd82671d1cda1385d5f71e55d5f&timestamp=1506865054&nonce=991751835&openid=oumb6wW4oaIvzrOacjZ16EfaGcq4
INFO: [ app_init ] --START--
INFO: Run Behavior\BuildLiteBehavior [ RunTime:0.000000s ]
INFO: [ app_init ] --END-- [ RunTime:0.000000s ]
INFO: [ app_begin ] --START--
INFO: Run Behavior\ReadHtmlCacheBehavior [ RunTime:0.000000s ]
INFO: [ app_begin ] --END-- [ RunTime:0.000000s ]
SQL: SHOW COLUMNS FROM `dd_config` [ RunTime:0.0000s ]
SQL: SELECT * FROM `dd_config`  [ RunTime:0.0000s ]
NOTIC: [2] Missing argument 2 for Common\Util\ddwechat::setParam(), called in E:\phpStudy\WWW\0601\Application\Home\Controller\ApiController.class.php on line 35 and defined E:\phpStudy\WWW\0601\Application\Common\Util\ddwechat.class.php 第 39 行.

[ 2017-10-01T21:37:34+08:00 ] 123.152.132.7 /index.php?m=&c=Mch&a=index
INFO: [ app_init ] --START--
INFO: Run Behavior\BuildLiteBehavior [ RunTime:0.000000s ]
INFO: [ app_init ] --END-- [ RunTime:0.000000s ]
INFO: [ app_begin ] --START--
INFO: Run Behavior\ReadHtmlCacheBehavior [ RunTime:0.000000s ]
INFO: [ app_begin ] --END-- [ RunTime:0.000000s ]
SQL: SHOW COLUMNS FROM `dd_config` [ RunTime:0.0000s ]
SQL: SELECT * FROM `dd_config`  [ RunTime:0.0000s ]
NOTIC: [8] Undefined index: user_id E:\phpStudy\WWW\0601\Application\Home\Controller\HomeController.class.php 第 21 行.

[ 2017-10-01T21:37:35+08:00 ] 123.152.132.7 /index.php?m=&c=Mch&a=index&code=081WkcVA0XNXKd2DoVVA0HNZUA0WkcV0&state=ljaixiao
INFO: [ app_init ] --START--
INFO: Run Behavior\BuildLiteBehavior [ RunTime:0.000000s ]
INFO: [ app_init ] --END-- [ RunTime:0.000000s ]
INFO: [ app_begin ] --START--
INFO: Run Behavior\ReadHtmlCacheBehavior [ RunTime:0.000000s ]
INFO: [ app_begin ] --END-- [ RunTime:0.000000s ]
SQL: SHOW COLUMNS FROM `dd_config` [ RunTime:0.0000s ]
SQL: SELECT * FROM `dd_config`  [ RunTime:0.0000s ]
NOTIC: [8] Undefined index: user_id E:\phpStudy\WWW\0601\Application\Home\Controller\HomeController.class.php 第 21 行.
SQL: SHOW COLUMNS FROM `dd_user` [ RunTime:0.0000s ]
SQL: SELECT * FROM `dd_user` WHERE `openid` = 'oumb6wW4oaIvzrOacjZ16EfaGcq4' LIMIT 1   [ RunTime:0.0000s ]
SQL: SHOW COLUMNS FROM `dd_mch_order` [ RunTime:0.0156s ]
SQL: SELECT * FROM `dd_mch_order` WHERE `delivery_time` < 1506260255 AND `status` = 3  [ RunTime:0.0000s ]
NOTIC: [2] Missing argument 2 for Common\Util\ddwechat::setParam(), called in E:\phpStudy\WWW\0601\Application\Home\Controller\HomeController.class.php on line 102 and defined E:\phpStudy\WWW\0601\Application\Common\Util\ddwechat.class.php 第 39 行.
SQL: SHOW COLUMNS FROM `dd_separate_log` [ RunTime:0.0000s ]
SQL: SELECT SUM(points) AS tp_sum FROM `dd_separate_log` WHERE `user_id` = 10015 AND `status` = 3 LIMIT 1   [ RunTime:0.0000s ]
SQL: SELECT SUM(points) AS tp_sum FROM `dd_separate_log` WHERE `user_id` = 10015 AND `status` = 0 LIMIT 1   [ RunTime:0.0000s ]
SQL: SELECT SUM(points) AS tp_sum FROM `dd_separate_log` WHERE ( (status=0 or status =3) and type=1 and user_id=10015 ) LIMIT 1   [ RunTime:0.0000s ]
SQL: SELECT SUM(points) AS tp_sum FROM `dd_separate_log` WHERE ( (status=0 or status =3) and type=2 and user_id=10015 ) LIMIT 1   [ RunTime:0.0000s ]
SQL: SELECT * FROM `dd_user` WHERE `parent1` = 10015  [ RunTime:0.0000s ]
SQL: SELECT * FROM `dd_user` WHERE `parent1` = 10016  [ RunTime:0.0000s ]
SQL: SELECT * FROM `dd_user` WHERE `parent1` = 10017  [ RunTime:0.0000s ]
SQL: SELECT * FROM `dd_user` WHERE `parent1` = 10024  [ RunTime:0.0000s ]
SQL: SELECT * FROM `dd_user` WHERE `parent1` = 10392  [ RunTime:0.0000s ]
SQL: SELECT * FROM `dd_user` WHERE `parent1` = 10054  [ RunTime:0.0000s ]
SQL: SELECT * FROM `dd_user` WHERE `parent1` = 10107  [ RunTime:0.0000s ]
SQL: SELECT * FROM `dd_user` WHERE `parent1` = 10170  [ RunTime:0.0000s ]
SQL: SELECT * FROM `dd_user` WHERE `parent1` = 10377  [ RunTime:0.0000s ]
SQL: SELECT * FROM `dd_user` WHERE `parent1` = 10393  [ RunTime:0.0156s ]
SQL: SELECT * FROM `dd_user` WHERE `parent1` = 10431  [ RunTime:0.0000s ]
SQL: SELECT * FROM `dd_user` WHERE `parent1` = 10435  [ RunTime:0.0000s ]
SQL: SELECT * FROM `dd_user` WHERE `parent1` = 10438  [ RunTime:0.0000s ]
SQL: SELECT * FROM `dd_user` WHERE `parent1` = 10441  [ RunTime:0.0000s ]
SQL: SELECT * FROM `dd_user` WHERE `parent1` = 10055  [ RunTime:0.0000s ]
SQL: SELECT * FROM `dd_user` WHERE `parent1` = 10057  [ RunTime:0.0000s ]
SQL: SELECT * FROM `dd_user` WHERE `parent1` = 10345  [ RunTime:0.0000s ]
SQL: SELECT * FROM `dd_user` WHERE `parent1` = 10347  [ RunTime:0.0000s ]
SQL: SELECT * FROM `dd_user` WHERE `parent1` = 10062  [ RunTime:0.0000s ]
SQL: SELECT * FROM `dd_user` WHERE `parent1` = 10087  [ RunTime:0.0000s ]
SQL: SELECT * FROM `dd_user` WHERE `parent1` = 10122  [ RunTime:0.0000s ]
SQL: SELECT * FROM `dd_user` WHERE `parent1` = 10104  [ RunTime:0.0000s ]
SQL: SELECT * FROM `dd_user` WHERE `parent1` = 10012  [ RunTime:0.0000s ]
SQL: SELECT * FROM `dd_user` WHERE `parent1` = 10005  [ RunTime:0.0000s ]
SQL: SELECT * FROM `dd_user` WHERE `parent1` = 10235  [ RunTime:0.0000s ]
SQL: SELECT * FROM `dd_user` WHERE `parent1` = 10139  [ RunTime:0.0000s ]
SQL: SELECT * FROM `dd_user` WHERE `parent1` = 10140  [ RunTime:0.0000s ]
SQL: SELECT * FROM `dd_user` WHERE `parent1` = 10141  [ RunTime:0.0000s ]
SQL: SELECT * FROM `dd_user` WHERE `parent1` = 10159  [ RunTime:0.0000s ]
SQL: SELECT * FROM `dd_user` WHERE `parent1` = 10142  [ RunTime:0.0000s ]
SQL: SELECT * FROM `dd_user` WHERE `parent1` = 10143  [ RunTime:0.0000s ]
SQL: SELECT * FROM `dd_user` WHERE `parent1` = 10144  [ RunTime:0.0000s ]
SQL: SELECT * FROM `dd_user` WHERE `parent1` = 10145  [ RunTime:0.0000s ]
SQL: SELECT * FROM `dd_user` WHERE `parent1` = 10146  [ RunTime:0.0000s ]
SQL: SELECT * FROM `dd_user` WHERE `parent1` = 10148  [ RunTime:0.0000s ]
SQL: SELECT * FROM `dd_user` WHERE `parent1` = 10149  [ RunTime:0.0000s ]
SQL: SELECT * FROM `dd_user` WHERE `parent1` = 10152  [ RunTime:0.0000s ]
SQL: SELECT * FROM `dd_user` WHERE `parent1` = 10153  [ RunTime:0.0000s ]
SQL: SELECT * FROM `dd_user` WHERE `parent1` = 10158  [ RunTime:0.0000s ]
SQL: SELECT * FROM `dd_user` WHERE `parent1` = 10160  [ RunTime:0.0000s ]
SQL: SELECT * FROM `dd_user` WHERE `parent1` = 10161  [ RunTime:0.0000s ]
SQL: SELECT * FROM `dd_user` WHERE `parent1` = 10169  [ RunTime:0.0000s ]
SQL: SELECT * FROM `dd_user` WHERE `parent1` = 10171  [ RunTime:0.0000s ]
SQL: SELECT * FROM `dd_user` WHERE `parent1` = 10463  [ RunTime:0.0000s ]
SQL: SELECT * FROM `dd_user` WHERE `parent1` = 10465  [ RunTime:0.0000s ]
SQL: SELECT * FROM `dd_user` WHERE `parent1` = 10182  [ RunTime:0.0000s ]
SQL: SELECT * FROM `dd_user` WHERE `parent1` = 10190  [ RunTime:0.0000s ]
SQL: SELECT * FROM `dd_user` WHERE `parent1` = 10201  [ RunTime:0.0000s ]
SQL: SELECT * FROM `dd_user` WHERE `parent1` = 10205  [ RunTime:0.0000s ]
SQL: SELECT * FROM `dd_user` WHERE `parent1` = 10296  [ RunTime:0.0000s ]
SQL: SELECT * FROM `dd_user` WHERE `parent1` = 10269  [ RunTime:0.0000s ]
SQL: SELECT * FROM `dd_user` WHERE `parent1` = 10272  [ RunTime:0.0000s ]
SQL: SELECT * FROM `dd_user` WHERE `parent1` = 10274  [ RunTime:0.0000s ]
SQL: SELECT * FROM `dd_user` WHERE `parent1` = 10279  [ RunTime:0.0000s ]
SQL: SELECT * FROM `dd_user` WHERE `parent1` = 10280  [ RunTime:0.0000s ]
SQL: SELECT * FROM `dd_user` WHERE `parent1` = 10282  [ RunTime:0.0000s ]
SQL: SELECT * FROM `dd_user` WHERE `parent1` = 10284  [ RunTime:0.0156s ]
SQL: SELECT * FROM `dd_user` WHERE `parent1` = 10295  [ RunTime:0.0000s ]
SQL: SELECT * FROM `dd_user` WHERE `parent1` = 10297  [ RunTime:0.0000s ]
SQL: SELECT * FROM `dd_user` WHERE `parent1` = 10307  [ RunTime:0.0000s ]
SQL: SELECT * FROM `dd_user` WHERE `parent1` = 10317  [ RunTime:0.0000s ]
SQL: SELECT * FROM `dd_user` WHERE `parent1` = 10318  [ RunTime:0.0000s ]
SQL: SELECT * FROM `dd_user` WHERE `parent1` = 10327  [ RunTime:0.0000s ]
SQL: SELECT * FROM `dd_user` WHERE `parent1` = 10337  [ RunTime:0.0000s ]
SQL: SELECT * FROM `dd_user` WHERE `parent1` = 10339  [ RunTime:0.0000s ]
SQL: SELECT * FROM `dd_user` WHERE `parent1` = 10341  [ RunTime:0.0000s ]
SQL: SELECT * FROM `dd_user` WHERE `parent1` = 10346  [ RunTime:0.0000s ]
SQL: SELECT * FROM `dd_user` WHERE `parent1` = 10386  [ RunTime:0.0000s ]
SQL: SELECT * FROM `dd_user` WHERE `parent1` = 10396  [ RunTime:0.0000s ]
SQL: SELECT * FROM `dd_user` WHERE `parent1` = 10423  [ RunTime:0.0000s ]
SQL: SELECT * FROM `dd_user` WHERE `parent1` = 10428  [ RunTime:0.0000s ]
SQL: SELECT * FROM `dd_user` WHERE `parent1` = 10466  [ RunTime:0.0000s ]
SQL: SELECT * FROM `dd_user` WHERE `parent1` = 10477  [ RunTime:0.0000s ]
SQL: SELECT * FROM `dd_user` WHERE `parent1` = 10019  [ RunTime:0.0000s ]
SQL: SELECT * FROM `dd_user` WHERE `parent1` = 10127  [ RunTime:0.0000s ]
SQL: SELECT * FROM `dd_user` WHERE `parent1` = 10133  [ RunTime:0.0000s ]
SQL: SELECT * FROM `dd_user` WHERE `parent1` = 10163  [ RunTime:0.0000s ]
SQL: SELECT * FROM `dd_user` WHERE `parent1` = 10207  [ RunTime:0.0000s ]
SQL: SELECT * FROM `dd_user` WHERE `parent1` = 10281  [ RunTime:0.0000s ]
SQL: SELECT * FROM `dd_user` WHERE `parent1` = 10287  [ RunTime:0.0000s ]
SQL: SELECT * FROM `dd_user` WHERE `parent1` = 10331  [ RunTime:0.0000s ]
SQL: SELECT * FROM `dd_user` WHERE `parent1` = 10332  [ RunTime:0.0156s ]
SQL: SELECT * FROM `dd_user` WHERE `parent1` = 10334  [ RunTime:0.0000s ]
SQL: SELECT * FROM `dd_user` WHERE `parent1` = 10338  [ RunTime:0.0000s ]
SQL: SELECT * FROM `dd_user` WHERE `parent1` = 10404  [ RunTime:0.0000s ]
SQL: SELECT * FROM `dd_user` WHERE `parent1` = 10405  [ RunTime:0.0000s ]
SQL: SELECT * FROM `dd_user` WHERE `parent1` = 10406  [ RunTime:0.0000s ]
SQL: SELECT * FROM `dd_user` WHERE `parent1` = 10474  [ RunTime:0.0000s ]
SQL: SELECT * FROM `dd_user` WHERE `parent1` = 10020  [ RunTime:0.0000s ]
SQL: SELECT * FROM `dd_user` WHERE `parent1` = 10021  [ RunTime:0.0000s ]
SQL: SELECT * FROM `dd_user` WHERE `parent1` = 10109  [ RunTime:0.0000s ]
SQL: SELECT * FROM `dd_user` WHERE `parent1` = 10022  [ RunTime:0.0000s ]
SQL: SELECT * FROM `dd_user` WHERE `parent1` = 10028  [ RunTime:0.0000s ]
SQL: SELECT * FROM `dd_user` WHERE `parent1` = 10032  [ RunTime:0.0000s ]
SQL: SELECT * FROM `dd_user` WHERE `parent1` = 10033  [ RunTime:0.0000s ]
SQL: SELECT * FROM `dd_user` WHERE `parent1` = 10034  [ RunTime:0.0000s ]
SQL: SELECT * FROM `dd_user` WHERE `parent1` = 10035  [ RunTime:0.0000s ]
SQL: SELECT * FROM `dd_user` WHERE `parent1` = 10056  [ RunTime:0.0000s ]
SQL: SELECT * FROM `dd_user` WHERE `parent1` = 10058  [ RunTime:0.0000s ]
SQL: SELECT * FROM `dd_user` WHERE `parent1` = 10059  [ RunTime:0.0000s ]
SQL: SELECT * FROM `dd_user` WHERE `parent1` = 10060  [ RunTime:0.0000s ]
SQL: SELECT * FROM `dd_user` WHERE `parent1` = 10061  [ RunTime:0.0000s ]
SQL: SELECT * FROM `dd_user` WHERE `parent1` = 10063  [ RunTime:0.0000s ]
SQL: SELECT * FROM `dd_user` WHERE `parent1` = 10064  [ RunTime:0.0000s ]
SQL: SELECT * FROM `dd_user` WHERE `parent1` = 10065  [ RunTime:0.0000s ]
SQL: SELECT * FROM `dd_user` WHERE `parent1` = 10067  [ RunTime:0.0000s ]
SQL: SELECT * FROM `dd_user` WHERE `parent1` = 10068  [ RunTime:0.0156s ]
SQL: SELECT * FROM `dd_user` WHERE `parent1` = 10069  [ RunTime:0.0000s ]
SQL: SELECT * FROM `dd_user` WHERE `parent1` = 10070  [ RunTime:0.0000s ]
SQL: SELECT * FROM `dd_user` WHERE `parent1` = 10071  [ RunTime:0.0000s ]
SQL: SELECT * FROM `dd_user` WHERE `parent1` = 10193  [ RunTime:0.0000s ]
SQL: SELECT * FROM `dd_user` WHERE `parent1` = 10072  [ RunTime:0.0000s ]
SQL: SELECT * FROM `dd_user` WHERE `parent1` = 10073  [ RunTime:0.0000s ]
SQL: SELECT * FROM `dd_user` WHERE `parent1` = 10074  [ RunTime:0.0000s ]
SQL: SELECT * FROM `dd_user` WHERE `parent1` = 10075  [ RunTime:0.0000s ]
SQL: SELECT * FROM `dd_user` WHERE `parent1` = 10076  [ RunTime:0.0000s ]
SQL: SELECT * FROM `dd_user` WHERE `parent1` = 10077  [ RunTime:0.0000s ]
SQL: SELECT * FROM `dd_user` WHERE `parent1` = 10078  [ RunTime:0.0000s ]
SQL: SELECT * FROM `dd_user` WHERE `parent1` = 10082  [ RunTime:0.0000s ]
SQL: SELECT * FROM `dd_user` WHERE `parent1` = 10411  [ RunTime:0.0000s ]
SQL: SELECT * FROM `dd_user` WHERE `parent1` = 10380  [ RunTime:0.0000s ]
SQL: SELECT * FROM `dd_user` WHERE `parent1` = 10381  [ RunTime:0.0000s ]
SQL: SELECT * FROM `dd_user` WHERE `parent1` = 10382  [ RunTime:0.0000s ]
SQL: SELECT * FROM `dd_user` WHERE `parent1` = 10387  [ RunTime:0.0000s ]
SQL: SELECT * FROM `dd_user` WHERE `parent1` = 10085  [ RunTime:0.0000s ]
SQL: SELECT * FROM `dd_user` WHERE `parent1` = 10086  [ RunTime:0.0000s ]
SQL: SELECT * FROM `dd_user` WHERE `parent1` = 10126  [ RunTime:0.0000s ]
SQL: SELECT * FROM `dd_user` WHERE `parent1` = 10128  [ RunTime:0.0000s ]
SQL: SELECT * FROM `dd_user` WHERE `parent1` = 10455  [ RunTime:0.0000s ]
SQL: SELECT * FROM `dd_user` WHERE `parent1` = 10088  [ RunTime:0.0000s ]
SQL: SELECT * FROM `dd_user` WHERE `parent1` = 10089  [ RunTime:0.0000s ]
SQL: SELECT * FROM `dd_user` WHERE `parent1` = 10090  [ RunTime:0.0156s ]
SQL: SELECT * FROM `dd_user` WHERE `parent1` = 10091  [ RunTime:0.0000s ]
SQL: SELECT * FROM `dd_user` WHERE `parent1` = 10092  [ RunTime:0.0000s ]
SQL: SELECT * FROM `dd_user` WHERE `parent1` = 10093  [ RunTime:0.0000s ]
SQL: SELECT * FROM `dd_user` WHERE `parent1` = 10094  [ RunTime:0.0000s ]
SQL: SELECT * FROM `dd_user` WHERE `parent1` = 10095  [ RunTime:0.0000s ]
SQL: SELECT * FROM `dd_user` WHERE `parent1` = 10096  [ RunTime:0.0000s ]
SQL: SELECT * FROM `dd_user` WHERE `parent1` = 10385  [ RunTime:0.0000s ]
SQL: SELECT * FROM `dd_user` WHERE `parent1` = 10388  [ RunTime:0.0000s ]
SQL: SELECT * FROM `dd_user` WHERE `parent1` = 10430  [ RunTime:0.0000s ]
SQL: SELECT * FROM `dd_user` WHERE `parent1` = 10098  [ RunTime:0.0000s ]
SQL: SELECT * FROM `dd_user` WHERE `parent1` = 10102  [ RunTime:0.0000s ]
SQL: SELECT * FROM `dd_user` WHERE `parent1` = 10108  [ RunTime:0.0000s ]
SQL: SELECT * FROM `dd_user` WHERE `parent1` = 10110  [ RunTime:0.0000s ]
SQL: SELECT * FROM `dd_user` WHERE `parent1` = 10112  [ RunTime:0.0000s ]
SQL: SELECT * FROM `dd_user` WHERE `parent1` = 10119  [ RunTime:0.0000s ]
SQL: SELECT * FROM `dd_user` WHERE `parent1` = 10134  [ RunTime:0.0000s ]
SQL: SELECT * FROM `dd_user` WHERE `parent1` = 10150  [ RunTime:0.0000s ]
SQL: SELECT * FROM `dd_user` WHERE `parent1` = 10151  [ RunTime:0.0000s ]
SQL: SELECT * FROM `dd_user` WHERE `parent1` = 10162  [ RunTime:0.0000s ]
SQL: SELECT * FROM `dd_user` WHERE `parent1` = 10165  [ RunTime:0.0000s ]
SQL: SELECT * FROM `dd_user` WHERE `parent1` = 10166  [ RunTime:0.0000s ]
SQL: SELECT * FROM `dd_user` WHERE `parent1` = 10172  [ RunTime:0.0000s ]
SQL: SELECT * FROM `dd_user` WHERE `parent1` = 10173  [ RunTime:0.0000s ]
SQL: SELECT * FROM `dd_user` WHERE `parent1` = 10174  [ RunTime:0.0000s ]
SQL: SELECT * FROM `dd_user` WHERE `parent1` = 10175  [ RunTime:0.0156s ]
SQL: SELECT * FROM `dd_user` WHERE `parent1` = 10176  [ RunTime:0.0000s ]
SQL: SELECT * FROM `dd_user` WHERE `parent1` = 10178  [ RunTime:0.0000s ]
SQL: SELECT * FROM `dd_user` WHERE `parent1` = 10179  [ RunTime:0.0000s ]
SQL: SELECT * FROM `dd_user` WHERE `parent1` = 10180  [ RunTime:0.0000s ]
SQL: SELECT * FROM `dd_user` WHERE `parent1` = 10181  [ RunTime:0.0000s ]
SQL: SELECT * FROM `dd_user` WHERE `parent1` = 10183  [ RunTime:0.0000s ]
SQL: SELECT * FROM `dd_user` WHERE `parent1` = 10184  [ RunTime:0.0000s ]
SQL: SELECT * FROM `dd_user` WHERE `parent1` = 10185  [ RunTime:0.0000s ]
SQL: SELECT * FROM `dd_user` WHERE `parent1` = 10186  [ RunTime:0.0000s ]
SQL: SELECT * FROM `dd_user` WHERE `parent1` = 10342  [ RunTime:0.0000s ]
SQL: SELECT * FROM `dd_user` WHERE `parent1` = 10343  [ RunTime:0.0000s ]
SQL: SELECT * FROM `dd_user` WHERE `parent1` = 10187  [ RunTime:0.0000s ]
SQL: SELECT * FROM `dd_user` WHERE `parent1` = 10188  [ RunTime:0.0000s ]
SQL: SELECT * FROM `dd_user` WHERE `parent1` = 10191  [ RunTime:0.0000s ]
SQL: SELECT * FROM `dd_user` WHERE `parent1` = 10192  [ RunTime:0.0000s ]
SQL: SELECT * FROM `dd_user` WHERE `parent1` = 10194  [ RunTime:0.0000s ]
SQL: SELECT * FROM `dd_user` WHERE `parent1` = 10195  [ RunTime:0.0000s ]
SQL: SELECT * FROM `dd_user` WHERE `parent1` = 10196  [ RunTime:0.0000s ]
SQL: SELECT * FROM `dd_user` WHERE `parent1` = 10197  [ RunTime:0.0000s ]
SQL: SELECT * FROM `dd_user` WHERE `parent1` = 10198  [ RunTime:0.0000s ]
SQL: SELECT * FROM `dd_user` WHERE `parent1` = 10199  [ RunTime:0.0000s ]
SQL: SELECT * FROM `dd_user` WHERE `parent1` = 10202  [ RunTime:0.0000s ]
SQL: SELECT * FROM `dd_user` WHERE `parent1` = 10203  [ RunTime:0.0000s ]
SQL: SELECT * FROM `dd_user` WHERE `parent1` = 10204  [ RunTime:0.0000s ]
SQL: SELECT * FROM `dd_user` WHERE `parent1` = 10206  [ RunTime:0.0156s ]
SQL: SELECT * FROM `dd_user` WHERE `parent1` = 10208  [ RunTime:0.0000s ]
SQL: SELECT * FROM `dd_user` WHERE `parent1` = 10209  [ RunTime:0.0000s ]
SQL: SELECT * FROM `dd_user` WHERE `parent1` = 10215  [ RunTime:0.0000s ]
SQL: SELECT * FROM `dd_user` WHERE `parent1` = 10217  [ RunTime:0.0000s ]
SQL: SELECT * FROM `dd_user` WHERE `parent1` = 10221  [ RunTime:0.0000s ]
SQL: SELECT * FROM `dd_user` WHERE `parent1` = 10222  [ RunTime:0.0000s ]
SQL: SELECT * FROM `dd_user` WHERE `parent1` = 10224  [ RunTime:0.0000s ]
SQL: SELECT * FROM `dd_user` WHERE `parent1` = 10225  [ RunTime:0.0000s ]
SQL: SELECT * FROM `dd_user` WHERE `parent1` = 10226  [ RunTime:0.0000s ]
SQL: SELECT * FROM `dd_user` WHERE `parent1` = 10229  [ RunTime:0.0000s ]
SQL: SELECT * FROM `dd_user` WHERE `parent1` = 10230  [ RunTime:0.0000s ]
SQL: SELECT * FROM `dd_user` WHERE `parent1` = 10242  [ RunTime:0.0000s ]
SQL: SELECT * FROM `dd_user` WHERE `parent1` = 10243  [ RunTime:0.0000s ]
SQL: SELECT * FROM `dd_user` WHERE `parent1` = 10263  [ RunTime:0.0000s ]
SQL: SELECT * FROM `dd_user` WHERE `parent1` = 10286  [ RunTime:0.0000s ]
SQL: SELECT * FROM `dd_user` WHERE `parent1` = 10288  [ RunTime:0.0000s ]
SQL: SELECT * FROM `dd_user` WHERE `parent1` = 10291  [ RunTime:0.0000s ]
SQL: SELECT * FROM `dd_user` WHERE `parent1` = 10298  [ RunTime:0.0000s ]
SQL: SELECT * FROM `dd_user` WHERE `parent1` = 10304  [ RunTime:0.0000s ]
SQL: SELECT * FROM `dd_user` WHERE `parent1` = 10315  [ RunTime:0.0000s ]
SQL: SELECT * FROM `dd_user` WHERE `parent1` = 10319  [ RunTime:0.0000s ]
SQL: SELECT * FROM `dd_user` WHERE `parent1` = 10324  [ RunTime:0.0000s ]
SQL: SELECT * FROM `dd_user` WHERE `parent1` = 10329  [ RunTime:0.0000s ]
SQL: SELECT * FROM `dd_user` WHERE `parent1` = 10333  [ RunTime:0.0000s ]
SQL: SELECT * FROM `dd_user` WHERE `parent1` = 10335  [ RunTime:0.0156s ]
SQL: SELECT * FROM `dd_user` WHERE `parent1` = 10363  [ RunTime:0.0000s ]
SQL: SELECT * FROM `dd_user` WHERE `parent1` = 10373  [ RunTime:0.0000s ]
SQL: SELECT * FROM `dd_user` WHERE `parent1` = 10374  [ RunTime:0.0000s ]
SQL: SELECT * FROM `dd_user` WHERE `parent1` = 10383  [ RunTime:0.0000s ]
SQL: SELECT * FROM `dd_user` WHERE `parent1` = 10395  [ RunTime:0.0000s ]
SQL: SELECT * FROM `dd_user` WHERE `parent1` = 10398  [ RunTime:0.0000s ]
SQL: SELECT * FROM `dd_user` WHERE `parent1` = 10399  [ RunTime:0.0000s ]
SQL: SELECT * FROM `dd_user` WHERE `parent1` = 10424  [ RunTime:0.0000s ]
SQL: SELECT * FROM `dd_user` WHERE `parent1` = 10415  [ RunTime:0.0000s ]
SQL: SELECT * FROM `dd_user` WHERE `parent1` = 10416  [ RunTime:0.0000s ]
SQL: SELECT * FROM `dd_user` WHERE `parent1` = 10418  [ RunTime:0.0000s ]
SQL: SELECT * FROM `dd_user` WHERE `parent1` = 10420  [ RunTime:0.0000s ]
SQL: SELECT * FROM `dd_user` WHERE `parent1` = 10432  [ RunTime:0.0000s ]
SQL: SELECT * FROM `dd_user` WHERE `parent1` = 10478  [ RunTime:0.0000s ]
SQL: SELECT * FROM `dd_user` WHERE `parent1` = 10445  [ RunTime:0.0000s ]
SQL: SELECT * FROM `dd_user` WHERE `parent1` = 10449  [ RunTime:0.0000s ]
SQL: SELECT * FROM `dd_user` WHERE `parent1` = 10467  [ RunTime:0.0000s ]
SQL: SELECT * FROM `dd_user` WHERE `parent1` = 10473  [ RunTime:0.0000s ]
INFO: [ view_parse ] --START--
INFO: [ template_filter ] --START--
INFO: Run Behavior\ContentReplaceBehavior [ RunTime:0.000000s ]
INFO: [ template_filter ] --END-- [ RunTime:0.000000s ]
INFO: Run Behavior\ParseTemplateBehavior [ RunTime:0.015625s ]
INFO: [ view_parse ] --END-- [ RunTime:0.015625s ]
INFO: [ view_filter ] --START--
INFO: Run Behavior\WriteHtmlCacheBehavior [ RunTime:0.000000s ]
INFO: [ view_filter ] --END-- [ RunTime:0.000000s ]
INFO: [ app_end ] --START--
INFO: Run Behavior\ShowPageTraceBehavior [ RunTime:0.000000s ]
INFO: [ app_end ] --END-- [ RunTime:0.000000s ]

[ 2017-10-01T21:37:36+08:00 ] 123.152.132.7 /index.php?m=&c=Ajax&a=data
INFO: [ app_init ] --START--
INFO: Run Behavior\BuildLiteBehavior [ RunTime:0.000000s ]
INFO: [ app_init ] --END-- [ RunTime:0.000000s ]
INFO: [ app_begin ] --START--
INFO: Run Behavior\ReadHtmlCacheBehavior [ RunTime:0.000000s ]
INFO: [ app_begin ] --END-- [ RunTime:0.000000s ]
SQL: SHOW COLUMNS FROM `dd_config` [ RunTime:0.0000s ]
SQL: SELECT * FROM `dd_config`  [ RunTime:0.0000s ]
NOTIC: [8] Undefined index: user_id E:\phpStudy\WWW\0601\Application\Home\Controller\HomeController.class.php 第 21 行.
SQL: SHOW COLUMNS FROM `dd_user` [ RunTime:0.0000s ]
SQL: SELECT * FROM `dd_user` WHERE `id` = 10015 LIMIT 1   [ RunTime:0.0000s ]
SQL: SHOW COLUMNS FROM `dd_mch_order` [ RunTime:0.0000s ]
SQL: SELECT * FROM `dd_mch_order` WHERE `delivery_time` < 1506260256 AND `status` = 3  [ RunTime:0.0000s ]
NOTIC: [2] Missing argument 2 for Common\Util\ddwechat::setParam(), called in E:\phpStudy\WWW\0601\Application\Home\Controller\HomeController.class.php on line 102 and defined E:\phpStudy\WWW\0601\Application\Common\Util\ddwechat.class.php 第 39 行.
SQL: SHOW COLUMNS FROM `dd_data` [ RunTime:0.0000s ]
SQL: SELECT * FROM `dd_data` WHERE ( date=20170930 ) LIMIT 1   [ RunTime:0.0000s ]

[ 2017-10-01T21:37:38+08:00 ] 123.152.132.7 /index.php?m=&c=Mch&a=order
INFO: [ app_init ] --START--
INFO: Run Behavior\BuildLiteBehavior [ RunTime:0.000000s ]
INFO: [ app_init ] --END-- [ RunTime:0.000000s ]
INFO: [ app_begin ] --START--
INFO: Run Behavior\ReadHtmlCacheBehavior [ RunTime:0.000000s ]
INFO: [ app_begin ] --END-- [ RunTime:0.000000s ]
SQL: SHOW COLUMNS FROM `dd_config` [ RunTime:0.0000s ]
SQL: SELECT * FROM `dd_config`  [ RunTime:0.0000s ]
NOTIC: [8] Undefined index: user_id E:\phpStudy\WWW\0601\Application\Home\Controller\HomeController.class.php 第 21 行.
SQL: SHOW COLUMNS FROM `dd_user` [ RunTime:0.0000s ]
SQL: SELECT * FROM `dd_user` WHERE `id` = 10015 LIMIT 1   [ RunTime:0.0000s ]
SQL: SHOW COLUMNS FROM `dd_mch_order` [ RunTime:0.0156s ]
SQL: SELECT * FROM `dd_mch_order` WHERE `delivery_time` < 1506260258 AND `status` = 3  [ RunTime:0.0000s ]
NOTIC: [2] Missing argument 2 for Common\Util\ddwechat::setParam(), called in E:\phpStudy\WWW\0601\Application\Home\Controller\HomeController.class.php on line 102 and defined E:\phpStudy\WWW\0601\Application\Common\Util\ddwechat.class.php 第 39 行.
INFO: [ view_parse ] --START--
INFO: [ template_filter ] --START--
INFO: Run Behavior\ContentReplaceBehavior [ RunTime:0.000000s ]
INFO: [ template_filter ] --END-- [ RunTime:0.000000s ]
INFO: Run Behavior\ParseTemplateBehavior [ RunTime:0.000000s ]
INFO: [ view_parse ] --END-- [ RunTime:0.000000s ]
INFO: [ view_filter ] --START--
INFO: Run Behavior\WriteHtmlCacheBehavior [ RunTime:0.000000s ]
INFO: [ view_filter ] --END-- [ RunTime:0.000000s ]
INFO: [ app_end ] --START--
INFO: Run Behavior\ShowPageTraceBehavior [ RunTime:0.000000s ]
INFO: [ app_end ] --END-- [ RunTime:0.000000s ]

[ 2017-10-01T21:37:38+08:00 ] 123.152.132.7 /index.php?m=&c=Ajax&a=data
INFO: [ app_init ] --START--
INFO: Run Behavior\BuildLiteBehavior [ RunTime:0.000000s ]
INFO: [ app_init ] --END-- [ RunTime:0.000000s ]
INFO: [ app_begin ] --START--
INFO: Run Behavior\ReadHtmlCacheBehavior [ RunTime:0.000000s ]
INFO: [ app_begin ] --END-- [ RunTime:0.000000s ]
SQL: SHOW COLUMNS FROM `dd_config` [ RunTime:0.0000s ]
SQL: SELECT * FROM `dd_config`  [ RunTime:0.0000s ]
NOTIC: [8] Undefined index: user_id E:\phpStudy\WWW\0601\Application\Home\Controller\HomeController.class.php 第 21 行.
SQL: SHOW COLUMNS FROM `dd_user` [ RunTime:0.0000s ]
SQL: SELECT * FROM `dd_user` WHERE `id` = 10015 LIMIT 1   [ RunTime:0.0000s ]
SQL: SHOW COLUMNS FROM `dd_mch_order` [ RunTime:0.0000s ]
SQL: SELECT * FROM `dd_mch_order` WHERE `delivery_time` < 1506260258 AND `status` = 3  [ RunTime:0.0000s ]
NOTIC: [2] Missing argument 2 for Common\Util\ddwechat::setParam(), called in E:\phpStudy\WWW\0601\Application\Home\Controller\HomeController.class.php on line 102 and defined E:\phpStudy\WWW\0601\Application\Common\Util\ddwechat.class.php 第 39 行.
SQL: SHOW COLUMNS FROM `dd_data` [ RunTime:0.0000s ]
SQL: SELECT * FROM `dd_data` WHERE ( date=20170930 ) LIMIT 1   [ RunTime:0.0000s ]

[ 2017-10-01T21:37:38+08:00 ] 123.152.132.7 /index.php?m=&c=Mch&a=getOrder
INFO: [ app_init ] --START--
INFO: Run Behavior\BuildLiteBehavior [ RunTime:0.000000s ]
INFO: [ app_init ] --END-- [ RunTime:0.000000s ]
INFO: [ app_begin ] --START--
INFO: Run Behavior\ReadHtmlCacheBehavior [ RunTime:0.000000s ]
INFO: [ app_begin ] --END-- [ RunTime:0.000000s ]
SQL: SHOW COLUMNS FROM `dd_config` [ RunTime:0.0000s ]
SQL: SELECT * FROM `dd_config`  [ RunTime:0.0000s ]
NOTIC: [8] Undefined index: user_id E:\phpStudy\WWW\0601\Application\Home\Controller\HomeController.class.php 第 21 行.
SQL: SHOW COLUMNS FROM `dd_user` [ RunTime:0.0000s ]
SQL: SELECT * FROM `dd_user` WHERE `id` = 10015 LIMIT 1   [ RunTime:0.0000s ]
SQL: SHOW COLUMNS FROM `dd_mch_order` [ RunTime:0.0000s ]
SQL: SELECT * FROM `dd_mch_order` WHERE `delivery_time` < 1506260258 AND `status` = 3  [ RunTime:0.0000s ]
NOTIC: [2] Missing argument 2 for Common\Util\ddwechat::setParam(), called in E:\phpStudy\WWW\0601\Application\Home\Controller\HomeController.class.php on line 102 and defined E:\phpStudy\WWW\0601\Application\Common\Util\ddwechat.class.php 第 39 行.
NOTIC: [8] Undefined variable: order E:\phpStudy\WWW\0601\Application\Home\Controller\MchController.class.php 第 40 行.
SQL: SELECT * FROM `dd_mch_order` WHERE `mch_id` = 10015 ORDER BY create_time desc LIMIT 0,10   [ RunTime:0.0000s ]
SQL: SHOW COLUMNS FROM `dd_cart` [ RunTime:0.0000s ]
SQL: SELECT * FROM `dd_cart` WHERE `id` IN ('409')  [ RunTime:0.0000s ]
SQL: SELECT * FROM `dd_cart` WHERE `id` IN ('408')  [ RunTime:0.0000s ]
SQL: SELECT * FROM `dd_cart` WHERE `id` IN ('407')  [ RunTime:0.0000s ]
SQL: SELECT * FROM `dd_cart` WHERE `id` IN ('403')  [ RunTime:0.0000s ]
SQL: SELECT * FROM `dd_cart` WHERE `id` IN ('402')  [ RunTime:0.0000s ]
SQL: SELECT * FROM `dd_cart` WHERE `id` IN ('401')  [ RunTime:0.0000s ]
SQL: SELECT * FROM `dd_cart` WHERE `id` IN ('400')  [ RunTime:0.0000s ]
SQL: SELECT * FROM `dd_cart` WHERE `id` IN ('318')  [ RunTime:0.0000s ]
SQL: SELECT * FROM `dd_cart` WHERE `id` IN ('319')  [ RunTime:0.0000s ]
SQL: SELECT * FROM `dd_cart` WHERE `id` IN ('289')  [ RunTime:0.0000s ]
INFO: [ view_parse ] --START--
INFO: [ template_filter ] --START--
INFO: Run Behavior\ContentReplaceBehavior [ RunTime:0.000000s ]
INFO: [ template_filter ] --END-- [ RunTime:0.000000s ]
INFO: Run Behavior\ParseTemplateBehavior [ RunTime:0.015625s ]
INFO: [ view_parse ] --END-- [ RunTime:0.015625s ]
INFO: [ view_filter ] --START--
INFO: Run Behavior\WriteHtmlCacheBehavior [ RunTime:0.000000s ]
INFO: [ view_filter ] --END-- [ RunTime:0.000000s ]

[ 2017-10-01T21:37:48+08:00 ] 117.185.27.114 /index.php?m=&c=Mch&a=order
INFO: [ app_init ] --START--
INFO: Run Behavior\BuildLiteBehavior [ RunTime:0.000000s ]
INFO: [ app_init ] --END-- [ RunTime:0.000000s ]
INFO: [ app_begin ] --START--
INFO: Run Behavior\ReadHtmlCacheBehavior [ RunTime:0.000000s ]
INFO: [ app_begin ] --END-- [ RunTime:0.000000s ]
SQL: SHOW COLUMNS FROM `dd_config` [ RunTime:0.0156s ]
SQL: SELECT * FROM `dd_config`  [ RunTime:0.0000s ]
NOTIC: [8] Undefined index: user_id E:\phpStudy\WWW\0601\Application\Home\Controller\HomeController.class.php 第 21 行.

[ 2017-10-01T21:42:08+08:00 ] 101.226.66.177 /index.php?m=&c=Mch&a=order
INFO: [ app_init ] --START--
INFO: Run Behavior\BuildLiteBehavior [ RunTime:0.000000s ]
INFO: [ app_init ] --END-- [ RunTime:0.000000s ]
INFO: [ app_begin ] --START--
INFO: Run Behavior\ReadHtmlCacheBehavior [ RunTime:0.000000s ]
INFO: [ app_begin ] --END-- [ RunTime:0.000000s ]
SQL: SHOW COLUMNS FROM `dd_config` [ RunTime:0.0000s ]
SQL: SELECT * FROM `dd_config`  [ RunTime:0.0000s ]
NOTIC: [8] Undefined index: user_id E:\phpStudy\WWW\0601\Application\Home\Controller\HomeController.class.php 第 21 行.

[ 2017-10-01T21:42:08+08:00 ] 61.151.226.16 /index.php?m=&c=Mch&a=index
INFO: [ app_init ] --START--
INFO: Run Behavior\BuildLiteBehavior [ RunTime:0.000000s ]
INFO: [ app_init ] --END-- [ RunTime:0.000000s ]
INFO: [ app_begin ] --START--
INFO: Run Behavior\ReadHtmlCacheBehavior [ RunTime:0.000000s ]
INFO: [ app_begin ] --END-- [ RunTime:0.000000s ]
SQL: SHOW COLUMNS FROM `dd_config` [ RunTime:0.0000s ]
SQL: SELECT * FROM `dd_config`  [ RunTime:0.0000s ]
NOTIC: [8] Undefined index: user_id E:\phpStudy\WWW\0601\Application\Home\Controller\HomeController.class.php 第 21 行.

[ 2017-10-01T23:34:58+08:00 ] 140.207.54.80 /index.php?m=&c=Index&c=Api&a=index&signature=c61d7a4b3add6ae45b9dcc0d77f7aaf68e369c60&timestamp=1506872098&nonce=352442073&openid=oumb6wdAZ0yNvlgEFp3yz0f74ypE
INFO: [ app_init ] --START--
INFO: Run Behavior\BuildLiteBehavior [ RunTime:0.000000s ]
INFO: [ app_init ] --END-- [ RunTime:0.000000s ]
INFO: [ app_begin ] --START--
INFO: Run Behavior\ReadHtmlCacheBehavior [ RunTime:0.000000s ]
INFO: [ app_begin ] --END-- [ RunTime:0.000000s ]
SQL: SHOW COLUMNS FROM `dd_config` [ RunTime:0.0000s ]
SQL: SELECT * FROM `dd_config`  [ RunTime:0.0000s ]
NOTIC: [2] Missing argument 2 for Common\Util\ddwechat::setParam(), called in E:\phpStudy\WWW\0601\Application\Home\Controller\ApiController.class.php on line 35 and defined E:\phpStudy\WWW\0601\Application\Common\Util\ddwechat.class.php 第 39 行.

[ 2017-10-01T23:34:59+08:00 ] 101.226.102.79 /
INFO: [ app_init ] --START--
INFO: Run Behavior\BuildLiteBehavior [ RunTime:0.000000s ]
INFO: [ app_init ] --END-- [ RunTime:0.000000s ]
INFO: [ app_begin ] --START--
INFO: Run Behavior\ReadHtmlCacheBehavior [ RunTime:0.000000s ]
INFO: [ app_begin ] --END-- [ RunTime:0.000000s ]
SQL: SHOW COLUMNS FROM `dd_config` [ RunTime:0.0000s ]
SQL: SELECT * FROM `dd_config`  [ RunTime:0.0000s ]
NOTIC: [8] Undefined index: user_id E:\phpStudy\WWW\0601\Application\Home\Controller\HomeController.class.php 第 21 行.

[ 2017-10-01T23:34:59+08:00 ] 140.207.54.180 /
INFO: [ app_init ] --START--
INFO: Run Behavior\BuildLiteBehavior [ RunTime:0.000000s ]
INFO: [ app_init ] --END-- [ RunTime:0.000000s ]
INFO: [ app_begin ] --START--
INFO: Run Behavior\ReadHtmlCacheBehavior [ RunTime:0.000000s ]
INFO: [ app_begin ] --END-- [ RunTime:0.000000s ]
SQL: SHOW COLUMNS FROM `dd_config` [ RunTime:0.0000s ]
SQL: SELECT * FROM `dd_config`  [ RunTime:0.0000s ]
NOTIC: [8] Undefined index: user_id E:\phpStudy\WWW\0601\Application\Home\Controller\HomeController.class.php 第 21 行.

[ 2017-10-01T23:35:00+08:00 ] 101.226.102.79 /?code=001DMRoq0i5Ucr1EKfrq045Ooq0DMRom&state=ljaixiao
INFO: [ app_init ] --START--
INFO: Run Behavior\BuildLiteBehavior [ RunTime:0.000000s ]
INFO: [ app_init ] --END-- [ RunTime:0.000000s ]
INFO: [ app_begin ] --START--
INFO: Run Behavior\ReadHtmlCacheBehavior [ RunTime:0.000000s ]
INFO: [ app_begin ] --END-- [ RunTime:0.000000s ]
SQL: SHOW COLUMNS FROM `dd_config` [ RunTime:0.0000s ]
SQL: SELECT * FROM `dd_config`  [ RunTime:0.0000s ]
NOTIC: [8] Undefined index: user_id E:\phpStudy\WWW\0601\Application\Home\Controller\HomeController.class.php 第 21 行.
SQL: SHOW COLUMNS FROM `dd_user` [ RunTime:0.0000s ]
SQL: SELECT * FROM `dd_user` WHERE `openid` = 'oumb6wdAZ0yNvlgEFp3yz0f74ypE' LIMIT 1   [ RunTime:0.0000s ]
SQL: SHOW COLUMNS FROM `dd_mch_order` [ RunTime:0.0000s ]
SQL: SELECT * FROM `dd_mch_order` WHERE `delivery_time` < 1506267299 AND `status` = 3  [ RunTime:0.0000s ]
NOTIC: [2] Missing argument 2 for Common\Util\ddwechat::setParam(), called in E:\phpStudy\WWW\0601\Application\Home\Controller\HomeController.class.php on line 102 and defined E:\phpStudy\WWW\0601\Application\Common\Util\ddwechat.class.php 第 39 行.
SQL: SELECT * FROM dd_product WHERE status=1 and  find_in_set(1,feature) order by sort desc [ RunTime:0.0000s ]
SQL: SELECT * FROM dd_product WHERE status=1 and  find_in_set(2,feature) order by sort desc [ RunTime:0.0156s ]
SQL: SELECT * FROM dd_product WHERE status=1 and  find_in_set(3,feature) order by sort desc [ RunTime:0.0000s ]
SQL: SELECT * FROM dd_product WHERE status=1 and  find_in_set(4,feature) order by sort desc [ RunTime:0.0000s ]
SQL: SELECT * FROM dd_product WHERE status=1 and  find_in_set(5,feature) order by sort desc [ RunTime:0.0000s ]
SQL: SELECT * FROM dd_product WHERE status=1 and  find_in_set(6,feature) order by sort desc [ RunTime:0.0000s ]
SQL: SHOW COLUMNS FROM `dd_ad` [ RunTime:0.0000s ]
SQL: SELECT * FROM `dd_ad` WHERE `ad` = 1 LIMIT 1   [ RunTime:0.0000s ]
SQL: SELECT * FROM `dd_ad` WHERE `ad` IN (2,3)  [ RunTime:0.0000s ]
SQL: SELECT * FROM `dd_ad` WHERE `ad` IN (4,5,6)  [ RunTime:0.0000s ]
INFO: [ view_parse ] --START--
INFO: [ template_filter ] --START--
INFO: Run Behavior\ContentReplaceBehavior [ RunTime:0.000000s ]
INFO: [ template_filter ] --END-- [ RunTime:0.000000s ]
INFO: Run Behavior\ParseTemplateBehavior [ RunTime:0.015625s ]
INFO: [ view_parse ] --END-- [ RunTime:0.015625s ]
INFO: [ view_filter ] --START--
INFO: Run Behavior\WriteHtmlCacheBehavior [ RunTime:0.000000s ]
INFO: [ view_filter ] --END-- [ RunTime:0.000000s ]
INFO: [ app_end ] --START--
INFO: Run Behavior\ShowPageTraceBehavior [ RunTime:0.000000s ]
INFO: [ app_end ] --END-- [ RunTime:0.000000s ]

[ 2017-10-01T23:35:05+08:00 ] 101.226.102.79 /index.php?m=&c=Index&a=cates
INFO: [ app_init ] --START--
INFO: Run Behavior\BuildLiteBehavior [ RunTime:0.000000s ]
INFO: [ app_init ] --END-- [ RunTime:0.000000s ]
INFO: [ app_begin ] --START--
INFO: Run Behavior\ReadHtmlCacheBehavior [ RunTime:0.000000s ]
INFO: [ app_begin ] --END-- [ RunTime:0.000000s ]
SQL: SHOW COLUMNS FROM `dd_config` [ RunTime:0.0000s ]
SQL: SELECT * FROM `dd_config`  [ RunTime:0.0000s ]
NOTIC: [8] Undefined index: user_id E:\phpStudy\WWW\0601\Application\Home\Controller\HomeController.class.php 第 21 行.
SQL: SHOW COLUMNS FROM `dd_user` [ RunTime:0.0000s ]
SQL: SELECT * FROM `dd_user` WHERE `id` = 10017 LIMIT 1   [ RunTime:0.0000s ]
SQL: SHOW COLUMNS FROM `dd_mch_order` [ RunTime:0.0000s ]
SQL: SELECT * FROM `dd_mch_order` WHERE `delivery_time` < 1506267305 AND `status` = 3  [ RunTime:0.0000s ]
NOTIC: [2] Missing argument 2 for Common\Util\ddwechat::setParam(), called in E:\phpStudy\WWW\0601\Application\Home\Controller\HomeController.class.php on line 102 and defined E:\phpStudy\WWW\0601\Application\Common\Util\ddwechat.class.php 第 39 行.
SQL: SHOW COLUMNS FROM `dd_product_cate` [ RunTime:0.0000s ]
SQL: SELECT * FROM `dd_product_cate` ORDER BY sort desc  [ RunTime:0.0000s ]
INFO: [ view_parse ] --START--
INFO: [ template_filter ] --START--
INFO: Run Behavior\ContentReplaceBehavior [ RunTime:0.000000s ]
INFO: [ template_filter ] --END-- [ RunTime:0.000000s ]
INFO: Run Behavior\ParseTemplateBehavior [ RunTime:0.015625s ]
INFO: [ view_parse ] --END-- [ RunTime:0.015625s ]
INFO: [ view_filter ] --START--
INFO: Run Behavior\WriteHtmlCacheBehavior [ RunTime:0.000000s ]
INFO: [ view_filter ] --END-- [ RunTime:0.000000s ]
INFO: [ app_end ] --START--
INFO: Run Behavior\ShowPageTraceBehavior [ RunTime:0.000000s ]
INFO: [ app_end ] --END-- [ RunTime:0.000000s ]

[ 2017-10-01T23:35:08+08:00 ] 101.226.102.79 /index.php?m=&c=Index&a=cates
INFO: [ app_init ] --START--
INFO: Run Behavior\BuildLiteBehavior [ RunTime:0.000000s ]
INFO: [ app_init ] --END-- [ RunTime:0.000000s ]
INFO: [ app_begin ] --START--
INFO: Run Behavior\ReadHtmlCacheBehavior [ RunTime:0.000000s ]
INFO: [ app_begin ] --END-- [ RunTime:0.000000s ]
SQL: SHOW COLUMNS FROM `dd_config` [ RunTime:0.0000s ]
SQL: SELECT * FROM `dd_config`  [ RunTime:0.0000s ]
NOTIC: [8] Undefined index: user_id E:\phpStudy\WWW\0601\Application\Home\Controller\HomeController.class.php 第 21 行.
SQL: SHOW COLUMNS FROM `dd_user` [ RunTime:0.0000s ]
SQL: SELECT * FROM `dd_user` WHERE `id` = 10017 LIMIT 1   [ RunTime:0.0000s ]
SQL: SHOW COLUMNS FROM `dd_mch_order` [ RunTime:0.0000s ]
SQL: SELECT * FROM `dd_mch_order` WHERE `delivery_time` < 1506267308 AND `status` = 3  [ RunTime:0.0000s ]
NOTIC: [2] Missing argument 2 for Common\Util\ddwechat::setParam(), called in E:\phpStudy\WWW\0601\Application\Home\Controller\HomeController.class.php on line 102 and defined E:\phpStudy\WWW\0601\Application\Common\Util\ddwechat.class.php 第 39 行.
SQL: SHOW COLUMNS FROM `dd_product_cate` [ RunTime:0.0000s ]
SQL: SELECT * FROM `dd_product_cate` ORDER BY sort desc  [ RunTime:0.0000s ]
INFO: [ view_parse ] --START--
INFO: [ template_filter ] --START--
INFO: Run Behavior\ContentReplaceBehavior [ RunTime:0.000000s ]
INFO: [ template_filter ] --END-- [ RunTime:0.000000s ]
INFO: Run Behavior\ParseTemplateBehavior [ RunTime:0.015625s ]
INFO: [ view_parse ] --END-- [ RunTime:0.015625s ]
INFO: [ view_filter ] --START--
INFO: Run Behavior\WriteHtmlCacheBehavior [ RunTime:0.000000s ]
INFO: [ view_filter ] --END-- [ RunTime:0.000000s ]
INFO: [ app_end ] --START--
INFO: Run Behavior\ShowPageTraceBehavior [ RunTime:0.000000s ]
INFO: [ app_end ] --END-- [ RunTime:0.000000s ]

[ 2017-10-01T23:35:09+08:00 ] 117.185.27.113 /
INFO: [ app_init ] --START--
INFO: Run Behavior\BuildLiteBehavior [ RunTime:0.000000s ]
INFO: [ app_init ] --END-- [ RunTime:0.000000s ]
INFO: [ app_begin ] --START--
INFO: Run Behavior\ReadHtmlCacheBehavior [ RunTime:0.000000s ]
INFO: [ app_begin ] --END-- [ RunTime:0.000000s ]
SQL: SHOW COLUMNS FROM `dd_config` [ RunTime:0.0000s ]
SQL: SELECT * FROM `dd_config`  [ RunTime:0.0000s ]
NOTIC: [8] Undefined index: user_id E:\phpStudy\WWW\0601\Application\Home\Controller\HomeController.class.php 第 21 行.

[ 2017-10-01T23:35:09+08:00 ] 123.152.248.233 /index.php?m=&c=Ajax&a=data
INFO: [ app_init ] --START--
INFO: Run Behavior\BuildLiteBehavior [ RunTime:0.000000s ]
INFO: [ app_init ] --END-- [ RunTime:0.000000s ]
INFO: [ app_begin ] --START--
INFO: Run Behavior\ReadHtmlCacheBehavior [ RunTime:0.000000s ]
INFO: [ app_begin ] --END-- [ RunTime:0.000000s ]
SQL: SHOW COLUMNS FROM `dd_config` [ RunTime:0.0000s ]
SQL: SELECT * FROM `dd_config`  [ RunTime:0.0000s ]
NOTIC: [8] Undefined index: user_id E:\phpStudy\WWW\0601\Application\Home\Controller\HomeController.class.php 第 21 行.
SQL: SHOW COLUMNS FROM `dd_user` [ RunTime:0.0000s ]
SQL: SELECT * FROM `dd_user` WHERE `id` = 10017 LIMIT 1   [ RunTime:0.0000s ]
SQL: SHOW COLUMNS FROM `dd_mch_order` [ RunTime:0.0000s ]
SQL: SELECT * FROM `dd_mch_order` WHERE `delivery_time` < 1506267309 AND `status` = 3  [ RunTime:0.0000s ]
NOTIC: [2] Missing argument 2 for Common\Util\ddwechat::setParam(), called in E:\phpStudy\WWW\0601\Application\Home\Controller\HomeController.class.php on line 102 and defined E:\phpStudy\WWW\0601\Application\Common\Util\ddwechat.class.php 第 39 行.
SQL: SHOW COLUMNS FROM `dd_data` [ RunTime:0.0000s ]
SQL: SELECT * FROM `dd_data` WHERE ( date=20170930 ) LIMIT 1   [ RunTime:0.0000s ]

[ 2017-10-01T23:35:14+08:00 ] 101.226.102.79 /index.php?m=&c=My&a=index
INFO: [ app_init ] --START--
INFO: Run Behavior\BuildLiteBehavior [ RunTime:0.000000s ]
INFO: [ app_init ] --END-- [ RunTime:0.000000s ]
INFO: [ app_begin ] --START--
INFO: Run Behavior\ReadHtmlCacheBehavior [ RunTime:0.000000s ]
INFO: [ app_begin ] --END-- [ RunTime:0.000000s ]
SQL: SHOW COLUMNS FROM `dd_config` [ RunTime:0.0000s ]
SQL: SELECT * FROM `dd_config`  [ RunTime:0.0000s ]
NOTIC: [8] Undefined index: user_id E:\phpStudy\WWW\0601\Application\Home\Controller\HomeController.class.php 第 21 行.
SQL: SHOW COLUMNS FROM `dd_user` [ RunTime:0.0000s ]
SQL: SELECT * FROM `dd_user` WHERE `id` = 10017 LIMIT 1   [ RunTime:0.0000s ]
SQL: SHOW COLUMNS FROM `dd_mch_order` [ RunTime:0.0000s ]
SQL: SELECT * FROM `dd_mch_order` WHERE `delivery_time` < 1506267314 AND `status` = 3  [ RunTime:0.0000s ]
NOTIC: [2] Missing argument 2 for Common\Util\ddwechat::setParam(), called in E:\phpStudy\WWW\0601\Application\Home\Controller\HomeController.class.php on line 102 and defined E:\phpStudy\WWW\0601\Application\Common\Util\ddwechat.class.php 第 39 行.
SQL: SHOW COLUMNS FROM `dd_favorite` [ RunTime:0.0000s ]
SQL: SELECT COUNT(*) AS tp_count FROM `dd_favorite` WHERE `user_id` = 10017 AND `status` = 1 LIMIT 1   [ RunTime:0.0000s ]
INFO: [ view_parse ] --START--
INFO: [ template_filter ] --START--
INFO: Run Behavior\ContentReplaceBehavior [ RunTime:0.000000s ]
INFO: [ template_filter ] --END-- [ RunTime:0.000000s ]
INFO: Run Behavior\ParseTemplateBehavior [ RunTime:0.015625s ]
INFO: [ view_parse ] --END-- [ RunTime:0.015625s ]
INFO: [ view_filter ] --START--
INFO: Run Behavior\WriteHtmlCacheBehavior [ RunTime:0.000000s ]
INFO: [ view_filter ] --END-- [ RunTime:0.000000s ]
INFO: [ app_end ] --START--
INFO: Run Behavior\ShowPageTraceBehavior [ RunTime:0.000000s ]
INFO: [ app_end ] --END-- [ RunTime:0.000000s ]

[ 2017-10-01T23:35:14+08:00 ] 123.152.248.233 /index.php?m=&c=Ajax&a=data
INFO: [ app_init ] --START--
INFO: Run Behavior\BuildLiteBehavior [ RunTime:0.000000s ]
INFO: [ app_init ] --END-- [ RunTime:0.000000s ]
INFO: [ app_begin ] --START--
INFO: Run Behavior\ReadHtmlCacheBehavior [ RunTime:0.000000s ]
INFO: [ app_begin ] --END-- [ RunTime:0.000000s ]
SQL: SHOW COLUMNS FROM `dd_config` [ RunTime:0.0000s ]
SQL: SELECT * FROM `dd_config`  [ RunTime:0.0000s ]
NOTIC: [8] Undefined index: user_id E:\phpStudy\WWW\0601\Application\Home\Controller\HomeController.class.php 第 21 行.
SQL: SHOW COLUMNS FROM `dd_user` [ RunTime:0.0000s ]
SQL: SELECT * FROM `dd_user` WHERE `id` = 10017 LIMIT 1   [ RunTime:0.0156s ]
SQL: SHOW COLUMNS FROM `dd_mch_order` [ RunTime:0.0000s ]
SQL: SELECT * FROM `dd_mch_order` WHERE `delivery_time` < 1506267314 AND `status` = 3  [ RunTime:0.0000s ]
NOTIC: [2] Missing argument 2 for Common\Util\ddwechat::setParam(), called in E:\phpStudy\WWW\0601\Application\Home\Controller\HomeController.class.php on line 102 and defined E:\phpStudy\WWW\0601\Application\Common\Util\ddwechat.class.php 第 39 行.
SQL: SHOW COLUMNS FROM `dd_data` [ RunTime:0.0000s ]
SQL: SELECT * FROM `dd_data` WHERE ( date=20170930 ) LIMIT 1   [ RunTime:0.0000s ]

[ 2017-10-01T23:39:23+08:00 ] 101.226.68.161 /
INFO: [ app_init ] --START--
INFO: Run Behavior\BuildLiteBehavior [ RunTime:0.000000s ]
INFO: [ app_init ] --END-- [ RunTime:0.015625s ]
INFO: [ app_begin ] --START--
INFO: Run Behavior\ReadHtmlCacheBehavior [ RunTime:0.000000s ]
INFO: [ app_begin ] --END-- [ RunTime:0.000000s ]
SQL: SHOW COLUMNS FROM `dd_config` [ RunTime:0.0000s ]
SQL: SELECT * FROM `dd_config`  [ RunTime:0.0000s ]
NOTIC: [8] Undefined index: user_id E:\phpStudy\WWW\0601\Application\Home\Controller\HomeController.class.php 第 21 行.

