[ 2017-10-20T11:17:15+08:00 ] 127.0.0.1 /?user_id=10001
INFO: [ app_init ] --START--
INFO: Run Behavior\BuildLiteBehavior [ RunTime:0.000000s ]
INFO: [ app_init ] --END-- [ RunTime:0.019000s ]
INFO: [ app_begin ] --START--
INFO: Run Behavior\ReadHtmlCacheBehavior [ RunTime:0.008000s ]
INFO: [ app_begin ] --END-- [ RunTime:0.008000s ]
SQL: SHOW COLUMNS FROM `dd_config` [ RunTime:0.0750s ]
SQL: SELECT * FROM `dd_config`  [ RunTime:0.0020s ]
SQL: SHOW COLUMNS FROM `dd_user` [ RunTime:0.0350s ]
SQL: SELECT * FROM `dd_user` WHERE `id` = 10001 LIMIT 1   [ RunTime:0.0120s ]
SQL: SELECT * FROM `dd_user` WHERE `id` = 10001 LIMIT 1   [ RunTime:0.0010s ]
SQL: SHOW COLUMNS FROM `dd_mch_order` [ RunTime:0.0270s ]
SQL: SELECT * FROM `dd_mch_order` WHERE `delivery_time` < 1507864634 AND `status` = 3  [ RunTime:0.0040s ]
NOTIC: [2] Missing argument 2 for Common\Util\ddwechat::setParam(), called in C:\WWW\06db\Application\Home\Controller\HomeController.class.php on line 102 and defined C:\WWW\06db\Application\Common\Util\ddwechat.class.php 第 39 行.
SQL: SELECT * FROM dd_product WHERE status=1 and  find_in_set(1,feature) order by sort desc [ RunTime:0.0680s ]
SQL: SELECT * FROM dd_product WHERE status=1 and  find_in_set(2,feature) order by sort desc [ RunTime:0.0070s ]
SQL: SELECT * FROM dd_product WHERE status=1 and  find_in_set(3,feature) order by sort desc [ RunTime:0.0040s ]
SQL: SELECT * FROM dd_product WHERE status=1 and  find_in_set(4,feature) order by sort desc [ RunTime:0.0020s ]
SQL: SELECT * FROM dd_product WHERE status=1 and  find_in_set(5,feature) order by sort desc [ RunTime:0.0010s ]
SQL: SELECT * FROM dd_product WHERE status=1 and  find_in_set(6,feature) order by sort desc [ RunTime:0.0040s ]
SQL: SHOW COLUMNS FROM `dd_ad` [ RunTime:0.0170s ]
SQL: SELECT * FROM `dd_ad` WHERE `ad` = 1 LIMIT 1   [ RunTime:0.0000s ]
SQL: SELECT * FROM `dd_ad` WHERE `ad` IN (2,3)  [ RunTime:0.0000s ]
SQL: SELECT * FROM `dd_ad` WHERE `ad` IN (4,5,6)  [ RunTime:0.0000s ]
INFO: [ view_parse ] --START--
INFO: [ template_filter ] --START--
INFO: Run Behavior\ContentReplaceBehavior [ RunTime:0.000000s ]
INFO: [ template_filter ] --END-- [ RunTime:0.000000s ]
INFO: Run Behavior\ParseTemplateBehavior [ RunTime:0.087000s ]
INFO: [ view_parse ] --END-- [ RunTime:0.087000s ]
INFO: [ view_filter ] --START--
INFO: Run Behavior\WriteHtmlCacheBehavior [ RunTime:0.012000s ]
INFO: [ view_filter ] --END-- [ RunTime:0.012000s ]
INFO: [ app_end ] --START--
INFO: Run Behavior\ShowPageTraceBehavior [ RunTime:0.020000s ]
INFO: [ app_end ] --END-- [ RunTime:0.020000s ]

[ 2017-10-20T11:17:18+08:00 ] 127.0.0.1 /index.php?m=&c=Ajax&a=data
INFO: [ app_init ] --START--
INFO: Run Behavior\BuildLiteBehavior [ RunTime:0.000000s ]
INFO: [ app_init ] --END-- [ RunTime:0.000000s ]
INFO: [ app_begin ] --START--
INFO: Run Behavior\ReadHtmlCacheBehavior [ RunTime:0.002000s ]
INFO: [ app_begin ] --END-- [ RunTime:0.002000s ]
SQL: SHOW COLUMNS FROM `dd_config` [ RunTime:0.0120s ]
SQL: SELECT * FROM `dd_config`  [ RunTime:0.0010s ]
NOTIC: [8] Undefined index: user_id C:\WWW\06db\Application\Home\Controller\HomeController.class.php 第 21 行.
SQL: SHOW COLUMNS FROM `dd_user` [ RunTime:0.0070s ]
SQL: SELECT * FROM `dd_user` WHERE `id` = 10001 LIMIT 1   [ RunTime:0.0000s ]
SQL: SHOW COLUMNS FROM `dd_mch_order` [ RunTime:0.0040s ]
SQL: SELECT * FROM `dd_mch_order` WHERE `delivery_time` < 1507864638 AND `status` = 3  [ RunTime:0.0000s ]
NOTIC: [2] Missing argument 2 for Common\Util\ddwechat::setParam(), called in C:\WWW\06db\Application\Home\Controller\HomeController.class.php on line 102 and defined C:\WWW\06db\Application\Common\Util\ddwechat.class.php 第 39 行.
SQL: SHOW COLUMNS FROM `dd_data` [ RunTime:0.0540s ]
SQL: SELECT * FROM `dd_data` WHERE ( date=20171019 ) LIMIT 1   [ RunTime:0.0010s ]
SQL: SELECT COUNT(*) AS tp_count FROM `dd_mch_order` WHERE `create_time` BETWEEN 1508342400 AND 1508428800 LIMIT 1   [ RunTime:0.0320s ]
SQL: SELECT SUM(points_total) AS tp_sum FROM `dd_mch_order` WHERE `pay_time` BETWEEN 1508342400 AND 1508428800 AND `status` > 1 LIMIT 1   [ RunTime:0.0010s ]
SQL: SELECT SUM(wxpay) AS tp_sum FROM `dd_mch_order` WHERE `pay_time` BETWEEN 1508342400 AND 1508428800 AND `status` > 1 LIMIT 1   [ RunTime:0.0010s ]
SQL: SELECT SUM(moneypay) AS tp_sum FROM `dd_mch_order` WHERE `pay_time` BETWEEN 1508342400 AND 1508428800 AND `status` > 1 LIMIT 1   [ RunTime:0.0010s ]
SQL: INSERT INTO `dd_data` (`orders`,`points`,`wxpay`,`moneypay`,`date`) VALUES ('0',NULL,NULL,NULL,'20171019') [ RunTime:0.0380s ]
INFO: [ app_end ] --START--
INFO: Run Behavior\ShowPageTraceBehavior [ RunTime:0.002000s ]
INFO: [ app_end ] --END-- [ RunTime:0.002000s ]

[ 2017-10-20T11:17:28+08:00 ] 127.0.0.1 /index.php?m=&c=Index&a=all
INFO: [ app_init ] --START--
INFO: Run Behavior\BuildLiteBehavior [ RunTime:0.000000s ]
INFO: [ app_init ] --END-- [ RunTime:0.000000s ]
INFO: [ app_begin ] --START--
INFO: Run Behavior\ReadHtmlCacheBehavior [ RunTime:0.001000s ]
INFO: [ app_begin ] --END-- [ RunTime:0.001000s ]
SQL: SHOW COLUMNS FROM `dd_config` [ RunTime:0.0030s ]
SQL: SELECT * FROM `dd_config`  [ RunTime:0.0050s ]
NOTIC: [8] Undefined index: user_id C:\WWW\06db\Application\Home\Controller\HomeController.class.php 第 21 行.
SQL: SHOW COLUMNS FROM `dd_user` [ RunTime:0.0040s ]
SQL: SELECT * FROM `dd_user` WHERE `id` = 10001 LIMIT 1   [ RunTime:0.0000s ]
SQL: SHOW COLUMNS FROM `dd_mch_order` [ RunTime:0.0030s ]
SQL: SELECT * FROM `dd_mch_order` WHERE `delivery_time` < 1507864647 AND `status` = 3  [ RunTime:0.0000s ]
NOTIC: [2] Missing argument 2 for Common\Util\ddwechat::setParam(), called in C:\WWW\06db\Application\Home\Controller\HomeController.class.php on line 102 and defined C:\WWW\06db\Application\Common\Util\ddwechat.class.php 第 39 行.
INFO: [ view_parse ] --START--
INFO: [ template_filter ] --START--
INFO: Run Behavior\ContentReplaceBehavior [ RunTime:0.000000s ]
INFO: [ template_filter ] --END-- [ RunTime:0.000000s ]
NOTIC: [8] Undefined index: keyword C:\WWW\06db\Application\Runtime\Cache\Home\632db72ad1e5ceab642ef1963d37b25b.php 第 44 行.
NOTIC: [8] Undefined index: order C:\WWW\06db\Application\Runtime\Cache\Home\632db72ad1e5ceab642ef1963d37b25b.php 第 104 行.
NOTIC: [8] Undefined index: order C:\WWW\06db\Application\Runtime\Cache\Home\632db72ad1e5ceab642ef1963d37b25b.php 第 106 行.
NOTIC: [8] Undefined index: li C:\WWW\06db\Application\Runtime\Cache\Home\632db72ad1e5ceab642ef1963d37b25b.php 第 225 行.
NOTIC: [8] Undefined index: order C:\WWW\06db\Application\Runtime\Cache\Home\632db72ad1e5ceab642ef1963d37b25b.php 第 226 行.
NOTIC: [8] Undefined index: type C:\WWW\06db\Application\Runtime\Cache\Home\632db72ad1e5ceab642ef1963d37b25b.php 第 227 行.
NOTIC: [8] Undefined index: cate_id C:\WWW\06db\Application\Runtime\Cache\Home\632db72ad1e5ceab642ef1963d37b25b.php 第 228 行.
NOTIC: [8] Undefined index: feature C:\WWW\06db\Application\Runtime\Cache\Home\632db72ad1e5ceab642ef1963d37b25b.php 第 229 行.
NOTIC: [8] Undefined index: keyword C:\WWW\06db\Application\Runtime\Cache\Home\632db72ad1e5ceab642ef1963d37b25b.php 第 230 行.
INFO: Run Behavior\ParseTemplateBehavior [ RunTime:0.053000s ]
INFO: [ view_parse ] --END-- [ RunTime:0.053000s ]
INFO: [ view_filter ] --START--
INFO: Run Behavior\WriteHtmlCacheBehavior [ RunTime:0.001000s ]
INFO: [ view_filter ] --END-- [ RunTime:0.002000s ]
INFO: [ app_end ] --START--
INFO: Run Behavior\ShowPageTraceBehavior [ RunTime:0.002000s ]
INFO: [ app_end ] --END-- [ RunTime:0.002000s ]

[ 2017-10-20T11:17:28+08:00 ] 127.0.0.1 /index.php?m=&c=Ajax&a=data
INFO: [ app_init ] --START--
INFO: Run Behavior\BuildLiteBehavior [ RunTime:0.000000s ]
INFO: [ app_init ] --END-- [ RunTime:0.002000s ]
INFO: [ app_begin ] --START--
INFO: Run Behavior\ReadHtmlCacheBehavior [ RunTime:0.001000s ]
INFO: [ app_begin ] --END-- [ RunTime:0.001000s ]
SQL: SHOW COLUMNS FROM `dd_config` [ RunTime:0.0040s ]
SQL: SELECT * FROM `dd_config`  [ RunTime:0.0030s ]
NOTIC: [8] Undefined index: user_id C:\WWW\06db\Application\Home\Controller\HomeController.class.php 第 21 行.
SQL: SHOW COLUMNS FROM `dd_user` [ RunTime:0.0190s ]
SQL: SELECT * FROM `dd_user` WHERE `id` = 10001 LIMIT 1   [ RunTime:0.0000s ]
SQL: SHOW COLUMNS FROM `dd_mch_order` [ RunTime:0.0040s ]
SQL: SELECT * FROM `dd_mch_order` WHERE `delivery_time` < 1507864648 AND `status` = 3  [ RunTime:0.0020s ]
NOTIC: [2] Missing argument 2 for Common\Util\ddwechat::setParam(), called in C:\WWW\06db\Application\Home\Controller\HomeController.class.php on line 102 and defined C:\WWW\06db\Application\Common\Util\ddwechat.class.php 第 39 行.
SQL: SHOW COLUMNS FROM `dd_data` [ RunTime:0.0050s ]
SQL: SELECT * FROM `dd_data` WHERE ( date=20171019 ) LIMIT 1   [ RunTime:0.0010s ]

[ 2017-10-20T11:17:28+08:00 ] 127.0.0.1 /index.php?m=&c=Index&a=getAll
INFO: [ app_init ] --START--
INFO: Run Behavior\BuildLiteBehavior [ RunTime:0.000000s ]
INFO: [ app_init ] --END-- [ RunTime:0.001000s ]
INFO: [ app_begin ] --START--
INFO: Run Behavior\ReadHtmlCacheBehavior [ RunTime:0.001000s ]
INFO: [ app_begin ] --END-- [ RunTime:0.001000s ]
SQL: SHOW COLUMNS FROM `dd_config` [ RunTime:0.0030s ]
SQL: SELECT * FROM `dd_config`  [ RunTime:0.0010s ]
NOTIC: [8] Undefined index: user_id C:\WWW\06db\Application\Home\Controller\HomeController.class.php 第 21 行.
SQL: SHOW COLUMNS FROM `dd_user` [ RunTime:0.0160s ]
SQL: SELECT * FROM `dd_user` WHERE `id` = 10001 LIMIT 1   [ RunTime:0.0030s ]
SQL: SHOW COLUMNS FROM `dd_mch_order` [ RunTime:0.0100s ]
SQL: SELECT * FROM `dd_mch_order` WHERE `delivery_time` < 1507864648 AND `status` = 3  [ RunTime:0.0010s ]
NOTIC: [2] Missing argument 2 for Common\Util\ddwechat::setParam(), called in C:\WWW\06db\Application\Home\Controller\HomeController.class.php on line 102 and defined C:\WWW\06db\Application\Common\Util\ddwechat.class.php 第 39 行.
SQL: SHOW COLUMNS FROM `dd_product` [ RunTime:0.0120s ]
SQL: SELECT * FROM `dd_product` WHERE `status` = 1 ORDER BY sold desc LIMIT 0,100   [ RunTime:0.0260s ]
INFO: [ view_parse ] --START--
INFO: [ template_filter ] --START--
INFO: Run Behavior\ContentReplaceBehavior [ RunTime:0.000000s ]
INFO: [ template_filter ] --END-- [ RunTime:0.000000s ]
INFO: Run Behavior\ParseTemplateBehavior [ RunTime:0.041000s ]
INFO: [ view_parse ] --END-- [ RunTime:0.041000s ]
INFO: [ view_filter ] --START--
INFO: Run Behavior\WriteHtmlCacheBehavior [ RunTime:0.000000s ]
INFO: [ view_filter ] --END-- [ RunTime:0.000000s ]

[ 2017-10-20T11:17:48+08:00 ] 127.0.0.1 /index.php?m=&c=Index&a=getAll
INFO: [ app_init ] --START--
INFO: Run Behavior\BuildLiteBehavior [ RunTime:0.000000s ]
INFO: [ app_init ] --END-- [ RunTime:0.001000s ]
INFO: [ app_begin ] --START--
INFO: Run Behavior\ReadHtmlCacheBehavior [ RunTime:0.002000s ]
INFO: [ app_begin ] --END-- [ RunTime:0.002000s ]
SQL: SHOW COLUMNS FROM `dd_config` [ RunTime:0.0060s ]
SQL: SELECT * FROM `dd_config`  [ RunTime:0.0010s ]
NOTIC: [8] Undefined index: user_id C:\WWW\06db\Application\Home\Controller\HomeController.class.php 第 21 行.
SQL: SHOW COLUMNS FROM `dd_user` [ RunTime:0.0060s ]
SQL: SELECT * FROM `dd_user` WHERE `id` = 10001 LIMIT 1   [ RunTime:0.0010s ]
SQL: SHOW COLUMNS FROM `dd_mch_order` [ RunTime:0.0040s ]
SQL: SELECT * FROM `dd_mch_order` WHERE `delivery_time` < 1507864668 AND `status` = 3  [ RunTime:0.0010s ]
NOTIC: [2] Missing argument 2 for Common\Util\ddwechat::setParam(), called in C:\WWW\06db\Application\Home\Controller\HomeController.class.php on line 102 and defined C:\WWW\06db\Application\Common\Util\ddwechat.class.php 第 39 行.
SQL: SHOW COLUMNS FROM `dd_product` [ RunTime:0.0040s ]
SQL: SELECT * FROM `dd_product` WHERE `status` = 1 ORDER BY sold desc LIMIT 100,100   [ RunTime:0.0030s ]
INFO: [ view_parse ] --START--
INFO: [ template_filter ] --START--
INFO: Run Behavior\ContentReplaceBehavior [ RunTime:0.001000s ]
INFO: [ template_filter ] --END-- [ RunTime:0.001000s ]
INFO: Run Behavior\ParseTemplateBehavior [ RunTime:0.010000s ]
INFO: [ view_parse ] --END-- [ RunTime:0.010000s ]
INFO: [ view_filter ] --START--
INFO: Run Behavior\WriteHtmlCacheBehavior [ RunTime:0.002000s ]
INFO: [ view_filter ] --END-- [ RunTime:0.002000s ]

[ 2017-10-20T11:17:51+08:00 ] 127.0.0.1 /index.php?m=&c=Index&a=getAll
INFO: [ app_init ] --START--
INFO: Run Behavior\BuildLiteBehavior [ RunTime:0.000000s ]
INFO: [ app_init ] --END-- [ RunTime:0.000000s ]
INFO: [ app_begin ] --START--
INFO: Run Behavior\ReadHtmlCacheBehavior [ RunTime:0.001000s ]
INFO: [ app_begin ] --END-- [ RunTime:0.001000s ]
SQL: SHOW COLUMNS FROM `dd_config` [ RunTime:0.0040s ]
SQL: SELECT * FROM `dd_config`  [ RunTime:0.0010s ]
NOTIC: [8] Undefined index: user_id C:\WWW\06db\Application\Home\Controller\HomeController.class.php 第 21 行.
SQL: SHOW COLUMNS FROM `dd_user` [ RunTime:0.0060s ]
SQL: SELECT * FROM `dd_user` WHERE `id` = 10001 LIMIT 1   [ RunTime:0.0000s ]
SQL: SHOW COLUMNS FROM `dd_mch_order` [ RunTime:0.0040s ]
SQL: SELECT * FROM `dd_mch_order` WHERE `delivery_time` < 1507864670 AND `status` = 3  [ RunTime:0.0010s ]
NOTIC: [2] Missing argument 2 for Common\Util\ddwechat::setParam(), called in C:\WWW\06db\Application\Home\Controller\HomeController.class.php on line 102 and defined C:\WWW\06db\Application\Common\Util\ddwechat.class.php 第 39 行.
SQL: SHOW COLUMNS FROM `dd_product` [ RunTime:0.0060s ]
SQL: SELECT * FROM `dd_product` WHERE `status` = 1 ORDER BY sold desc LIMIT 200,100   [ RunTime:0.0010s ]
INFO: [ view_parse ] --START--
INFO: [ template_filter ] --START--
INFO: Run Behavior\ContentReplaceBehavior [ RunTime:0.000000s ]
INFO: [ template_filter ] --END-- [ RunTime:0.000000s ]
INFO: Run Behavior\ParseTemplateBehavior [ RunTime:0.008000s ]
INFO: [ view_parse ] --END-- [ RunTime:0.008000s ]
INFO: [ view_filter ] --START--
INFO: Run Behavior\WriteHtmlCacheBehavior [ RunTime:0.001000s ]
INFO: [ view_filter ] --END-- [ RunTime:0.001000s ]

[ 2017-10-20T15:22:32+08:00 ] 127.0.0.1 /index.php?m=&c=Index&a=index
INFO: [ app_init ] --START--
INFO: Run Behavior\BuildLiteBehavior [ RunTime:0.000000s ]
INFO: [ app_init ] --END-- [ RunTime:0.013000s ]
INFO: [ app_begin ] --START--
INFO: Run Behavior\ReadHtmlCacheBehavior [ RunTime:0.017000s ]
INFO: [ app_begin ] --END-- [ RunTime:0.017000s ]
SQL: SHOW COLUMNS FROM `dd_config` [ RunTime:0.0450s ]
SQL: SELECT * FROM `dd_config`  [ RunTime:0.0020s ]
NOTIC: [8] Undefined index: user_id C:\WWW\06db\Application\Home\Controller\HomeController.class.php 第 21 行.
SQL: SHOW COLUMNS FROM `dd_user` [ RunTime:0.0300s ]
SQL: SELECT * FROM `dd_user` WHERE `id` = 10001 LIMIT 1   [ RunTime:0.0390s ]
SQL: SHOW COLUMNS FROM `dd_mch_order` [ RunTime:0.0170s ]
SQL: SELECT * FROM `dd_mch_order` WHERE `delivery_time` < 1507879351 AND `status` = 3  [ RunTime:0.0050s ]
NOTIC: [2] Missing argument 2 for Common\Util\ddwechat::setParam(), called in C:\WWW\06db\Application\Home\Controller\HomeController.class.php on line 102 and defined C:\WWW\06db\Application\Common\Util\ddwechat.class.php 第 39 行.
SQL: SELECT * FROM dd_product WHERE status=1 and  find_in_set(1,feature) order by sort desc [ RunTime:0.0510s ]
SQL: SELECT * FROM dd_product WHERE status=1 and  find_in_set(2,feature) order by sort desc [ RunTime:0.0250s ]
SQL: SELECT * FROM dd_product WHERE status=1 and  find_in_set(3,feature) order by sort desc [ RunTime:0.0050s ]
SQL: SELECT * FROM dd_product WHERE status=1 and  find_in_set(4,feature) order by sort desc [ RunTime:0.0020s ]
SQL: SELECT * FROM dd_product WHERE status=1 and  find_in_set(5,feature) order by sort desc [ RunTime:0.0020s ]
SQL: SELECT * FROM dd_product WHERE status=1 and  find_in_set(6,feature) order by sort desc [ RunTime:0.0030s ]
SQL: SHOW COLUMNS FROM `dd_ad` [ RunTime:0.0190s ]
SQL: SELECT * FROM `dd_ad` WHERE `ad` = 1 LIMIT 1   [ RunTime:0.0000s ]
SQL: SELECT * FROM `dd_ad` WHERE `ad` IN (2,3)  [ RunTime:0.0010s ]
SQL: SELECT * FROM `dd_ad` WHERE `ad` IN (4,5,6)  [ RunTime:0.0000s ]
INFO: [ view_parse ] --START--
INFO: [ template_filter ] --START--
INFO: Run Behavior\ContentReplaceBehavior [ RunTime:0.000000s ]
INFO: [ template_filter ] --END-- [ RunTime:0.000000s ]
INFO: Run Behavior\ParseTemplateBehavior [ RunTime:0.117000s ]
INFO: [ view_parse ] --END-- [ RunTime:0.117000s ]
INFO: [ view_filter ] --START--
INFO: Run Behavior\WriteHtmlCacheBehavior [ RunTime:0.018000s ]
INFO: [ view_filter ] --END-- [ RunTime:0.018000s ]
INFO: [ app_end ] --START--
INFO: Run Behavior\ShowPageTraceBehavior [ RunTime:0.017000s ]
INFO: [ app_end ] --END-- [ RunTime:0.017000s ]

[ 2017-10-20T15:22:34+08:00 ] 127.0.0.1 /index.php?m=&c=Ajax&a=data
INFO: [ app_init ] --START--
INFO: Run Behavior\BuildLiteBehavior [ RunTime:0.000000s ]
INFO: [ app_init ] --END-- [ RunTime:0.001000s ]
INFO: [ app_begin ] --START--
INFO: Run Behavior\ReadHtmlCacheBehavior [ RunTime:0.000000s ]
INFO: [ app_begin ] --END-- [ RunTime:0.001000s ]
SQL: SHOW COLUMNS FROM `dd_config` [ RunTime:0.0030s ]
SQL: SELECT * FROM `dd_config`  [ RunTime:0.0010s ]
NOTIC: [8] Undefined index: user_id C:\WWW\06db\Application\Home\Controller\HomeController.class.php 第 21 行.
SQL: SHOW COLUMNS FROM `dd_user` [ RunTime:0.0060s ]
SQL: SELECT * FROM `dd_user` WHERE `id` = 10001 LIMIT 1   [ RunTime:0.0010s ]
SQL: SHOW COLUMNS FROM `dd_mch_order` [ RunTime:0.0040s ]
SQL: SELECT * FROM `dd_mch_order` WHERE `delivery_time` < 1507879354 AND `status` = 3  [ RunTime:0.0000s ]
NOTIC: [2] Missing argument 2 for Common\Util\ddwechat::setParam(), called in C:\WWW\06db\Application\Home\Controller\HomeController.class.php on line 102 and defined C:\WWW\06db\Application\Common\Util\ddwechat.class.php 第 39 行.
SQL: SHOW COLUMNS FROM `dd_data` [ RunTime:0.0170s ]
SQL: SELECT * FROM `dd_data` WHERE ( date=20171019 ) LIMIT 1   [ RunTime:0.0010s ]

