[ 2017-08-31T09:22:54+08:00 ] 49.79.53.45 /admin.php
INFO: [ app_init ] --START--
INFO: Run Behavior\BuildLiteBehavior [ RunTime:0.000000s ]
INFO: [ app_init ] --END-- [ RunTime:0.000000s ]
INFO: [ app_begin ] --START--
INFO: Run Behavior\ReadHtmlCacheBehavior [ RunTime:0.000000s ]
INFO: [ app_begin ] --END-- [ RunTime:0.000000s ]

[ 2017-08-31T09:22:55+08:00 ] 49.79.53.45 /admin.php?m=Admin&c=Index&a=login
INFO: [ app_init ] --START--
INFO: Run Behavior\BuildLiteBehavior [ RunTime:0.000000s ]
INFO: [ app_init ] --END-- [ RunTime:0.000000s ]
INFO: [ app_begin ] --START--
INFO: Run Behavior\ReadHtmlCacheBehavior [ RunTime:0.000000s ]
INFO: [ app_begin ] --END-- [ RunTime:0.000000s ]
INFO: [ view_parse ] --START--
INFO: [ template_filter ] --START--
INFO: Run Behavior\ContentReplaceBehavior [ RunTime:0.000000s ]
INFO: [ template_filter ] --END-- [ RunTime:0.000000s ]
NOTIC: [8] Undefined variable: _CFG E:\phpStudy\WWW\0601\Application\Runtime\Cache\Admin\041185b974292283d2f6098acc3220ec.php 第 7 行.
INFO: Run Behavior\ParseTemplateBehavior [ RunTime:0.000000s ]
INFO: [ view_parse ] --END-- [ RunTime:0.000000s ]
INFO: [ view_filter ] --START--
INFO: Run Behavior\WriteHtmlCacheBehavior [ RunTime:0.000000s ]
INFO: [ view_filter ] --END-- [ RunTime:0.000000s ]
INFO: [ app_end ] --START--
INFO: Run Behavior\ShowPageTraceBehavior [ RunTime:0.000000s ]
INFO: [ app_end ] --END-- [ RunTime:0.000000s ]

[ 2017-08-31T09:23:04+08:00 ] 101.226.33.237 /admin.php
INFO: [ app_init ] --START--
INFO: Run Behavior\BuildLiteBehavior [ RunTime:0.000000s ]
INFO: [ app_init ] --END-- [ RunTime:0.000000s ]
INFO: [ app_begin ] --START--
INFO: Run Behavior\ReadHtmlCacheBehavior [ RunTime:0.000000s ]
INFO: [ app_begin ] --END-- [ RunTime:0.000000s ]

[ 2017-08-31T09:23:04+08:00 ] 101.226.33.237 /admin.php?m=Admin&c=Index&a=login
INFO: [ app_init ] --START--
INFO: Run Behavior\BuildLiteBehavior [ RunTime:0.000000s ]
INFO: [ app_init ] --END-- [ RunTime:0.000000s ]
INFO: [ app_begin ] --START--
INFO: Run Behavior\ReadHtmlCacheBehavior [ RunTime:0.000000s ]
INFO: [ app_begin ] --END-- [ RunTime:0.000000s ]
INFO: [ view_parse ] --START--
INFO: [ template_filter ] --START--
INFO: Run Behavior\ContentReplaceBehavior [ RunTime:0.000000s ]
INFO: [ template_filter ] --END-- [ RunTime:0.000000s ]
NOTIC: [8] Undefined variable: _CFG E:\phpStudy\WWW\0601\Application\Runtime\Cache\Admin\041185b974292283d2f6098acc3220ec.php 第 7 行.
INFO: Run Behavior\ParseTemplateBehavior [ RunTime:0.015625s ]
INFO: [ view_parse ] --END-- [ RunTime:0.015625s ]
INFO: [ view_filter ] --START--
INFO: Run Behavior\WriteHtmlCacheBehavior [ RunTime:0.000000s ]
INFO: [ view_filter ] --END-- [ RunTime:0.000000s ]
INFO: [ app_end ] --START--
INFO: Run Behavior\ShowPageTraceBehavior [ RunTime:0.000000s ]
INFO: [ app_end ] --END-- [ RunTime:0.000000s ]

[ 2017-08-31T09:23:04+08:00 ] 101.226.125.105 /admin.php
INFO: [ app_init ] --START--
INFO: Run Behavior\BuildLiteBehavior [ RunTime:0.000000s ]
INFO: [ app_init ] --END-- [ RunTime:0.000000s ]
INFO: [ app_begin ] --START--
INFO: Run Behavior\ReadHtmlCacheBehavior [ RunTime:0.000000s ]
INFO: [ app_begin ] --END-- [ RunTime:0.000000s ]

[ 2017-08-31T09:23:04+08:00 ] 101.226.125.105 /admin.php?m=Admin&c=Index&a=login
INFO: [ app_init ] --START--
INFO: Run Behavior\BuildLiteBehavior [ RunTime:0.000000s ]
INFO: [ app_init ] --END-- [ RunTime:0.000000s ]
INFO: [ app_begin ] --START--
INFO: Run Behavior\ReadHtmlCacheBehavior [ RunTime:0.000000s ]
INFO: [ app_begin ] --END-- [ RunTime:0.000000s ]
INFO: [ view_parse ] --START--
INFO: [ template_filter ] --START--
INFO: Run Behavior\ContentReplaceBehavior [ RunTime:0.000000s ]
INFO: [ template_filter ] --END-- [ RunTime:0.000000s ]
NOTIC: [8] Undefined variable: _CFG E:\phpStudy\WWW\0601\Application\Runtime\Cache\Admin\041185b974292283d2f6098acc3220ec.php 第 7 行.
INFO: Run Behavior\ParseTemplateBehavior [ RunTime:0.015625s ]
INFO: [ view_parse ] --END-- [ RunTime:0.015625s ]
INFO: [ view_filter ] --START--
INFO: Run Behavior\WriteHtmlCacheBehavior [ RunTime:0.000000s ]
INFO: [ view_filter ] --END-- [ RunTime:0.000000s ]
INFO: [ app_end ] --START--
INFO: Run Behavior\ShowPageTraceBehavior [ RunTime:0.000000s ]
INFO: [ app_end ] --END-- [ RunTime:0.000000s ]

[ 2017-08-31T09:23:05+08:00 ] 101.226.68.161 /admin.php?m=Admin&c=Index&a=login
INFO: [ app_init ] --START--
INFO: Run Behavior\BuildLiteBehavior [ RunTime:0.000000s ]
INFO: [ app_init ] --END-- [ RunTime:0.000000s ]
INFO: [ app_begin ] --START--
INFO: Run Behavior\ReadHtmlCacheBehavior [ RunTime:0.000000s ]
INFO: [ app_begin ] --END-- [ RunTime:0.000000s ]
INFO: [ view_parse ] --START--
INFO: [ template_filter ] --START--
INFO: Run Behavior\ContentReplaceBehavior [ RunTime:0.000000s ]
INFO: [ template_filter ] --END-- [ RunTime:0.000000s ]
NOTIC: [8] Undefined variable: _CFG E:\phpStudy\WWW\0601\Application\Runtime\Cache\Admin\041185b974292283d2f6098acc3220ec.php 第 7 行.
INFO: Run Behavior\ParseTemplateBehavior [ RunTime:0.015625s ]
INFO: [ view_parse ] --END-- [ RunTime:0.015625s ]
INFO: [ view_filter ] --START--
INFO: Run Behavior\WriteHtmlCacheBehavior [ RunTime:0.000000s ]
INFO: [ view_filter ] --END-- [ RunTime:0.000000s ]
INFO: [ app_end ] --START--
INFO: Run Behavior\ShowPageTraceBehavior [ RunTime:0.000000s ]
INFO: [ app_end ] --END-- [ RunTime:0.000000s ]

[ 2017-08-31T09:23:23+08:00 ] 49.79.53.45 /admin.php?m=Admin&c=Index&a=login
INFO: [ app_init ] --START--
INFO: Run Behavior\BuildLiteBehavior [ RunTime:0.000000s ]
INFO: [ app_init ] --END-- [ RunTime:0.000000s ]
INFO: [ app_begin ] --START--
INFO: Run Behavior\ReadHtmlCacheBehavior [ RunTime:0.000000s ]
INFO: [ app_begin ] --END-- [ RunTime:0.000000s ]
SQL: SHOW COLUMNS FROM `dd_admin` [ RunTime:0.0000s ]
SQL: SELECT * FROM `dd_admin` WHERE `name` = 'LYKJadmin' AND `pass` = '415fd5d6057d53439bc19800f04a424c' LIMIT 1   [ RunTime:0.0000s ]

[ 2017-08-31T09:23:23+08:00 ] 49.79.53.45 /admin.php?m=Admin&c=Admin&a=welcome
INFO: [ app_init ] --START--
INFO: Run Behavior\BuildLiteBehavior [ RunTime:0.000000s ]
INFO: [ app_init ] --END-- [ RunTime:0.000000s ]
INFO: [ app_begin ] --START--
INFO: Run Behavior\ReadHtmlCacheBehavior [ RunTime:0.000000s ]
INFO: [ app_begin ] --END-- [ RunTime:0.000000s ]
SQL: SHOW COLUMNS FROM `dd_config` [ RunTime:0.0000s ]
SQL: SELECT * FROM `dd_config`  [ RunTime:0.0000s ]
SQL: SHOW COLUMNS FROM `dd_role` [ RunTime:0.0000s ]
SQL: SELECT * FROM `dd_role` WHERE `id` = 1 LIMIT 1   [ RunTime:0.0000s ]
SQL: SHOW COLUMNS FROM `dd_menu` [ RunTime:0.0000s ]
SQL: SELECT * FROM `dd_menu` WHERE `status` = 1 AND `id` IN ('1','2','3','4','5','6','7','8','9','10','11','12','13','14','42','43','44','15','16','17','18','19','20','21','22','23','24','25','26','27','28','29','30','31','32','33','34','35','36','37','45') ORDER BY sort desc,id asc  [ RunTime:0.0000s ]
NOTIC: [8] Undefined variable: info E:\phpStudy\WWW\0601\Application\Admin\Controller\AdminController.class.php 第 45 行.
INFO: [ view_parse ] --START--
INFO: [ template_filter ] --START--
INFO: Run Behavior\ContentReplaceBehavior [ RunTime:0.000000s ]
INFO: [ template_filter ] --END-- [ RunTime:0.000000s ]
NOTIC: [8] Use of undefined constant id - assumed 'id' E:\phpStudy\WWW\0601\Application\Runtime\Cache\Admin\3fa9f2e830eaac62a7df4990979ab90d.php 第 182 行.
NOTIC: [8] Use of undefined constant id - assumed 'id' E:\phpStudy\WWW\0601\Application\Runtime\Cache\Admin\3fa9f2e830eaac62a7df4990979ab90d.php 第 187 行.
NOTIC: [8] Use of undefined constant id - assumed 'id' E:\phpStudy\WWW\0601\Application\Runtime\Cache\Admin\3fa9f2e830eaac62a7df4990979ab90d.php 第 182 行.
NOTIC: [8] Use of undefined constant id - assumed 'id' E:\phpStudy\WWW\0601\Application\Runtime\Cache\Admin\3fa9f2e830eaac62a7df4990979ab90d.php 第 187 行.
NOTIC: [8] Use of undefined constant id - assumed 'id' E:\phpStudy\WWW\0601\Application\Runtime\Cache\Admin\3fa9f2e830eaac62a7df4990979ab90d.php 第 182 行.
NOTIC: [8] Use of undefined constant id - assumed 'id' E:\phpStudy\WWW\0601\Application\Runtime\Cache\Admin\3fa9f2e830eaac62a7df4990979ab90d.php 第 187 行.
NOTIC: [8] Use of undefined constant id - assumed 'id' E:\phpStudy\WWW\0601\Application\Runtime\Cache\Admin\3fa9f2e830eaac62a7df4990979ab90d.php 第 182 行.
NOTIC: [8] Use of undefined constant id - assumed 'id' E:\phpStudy\WWW\0601\Application\Runtime\Cache\Admin\3fa9f2e830eaac62a7df4990979ab90d.php 第 187 行.
NOTIC: [8] Use of undefined constant id - assumed 'id' E:\phpStudy\WWW\0601\Application\Runtime\Cache\Admin\3fa9f2e830eaac62a7df4990979ab90d.php 第 182 行.
NOTIC: [8] Use of undefined constant id - assumed 'id' E:\phpStudy\WWW\0601\Application\Runtime\Cache\Admin\3fa9f2e830eaac62a7df4990979ab90d.php 第 187 行.
NOTIC: [8] Use of undefined constant id - assumed 'id' E:\phpStudy\WWW\0601\Application\Runtime\Cache\Admin\3fa9f2e830eaac62a7df4990979ab90d.php 第 182 行.
NOTIC: [8] Use of undefined constant id - assumed 'id' E:\phpStudy\WWW\0601\Application\Runtime\Cache\Admin\3fa9f2e830eaac62a7df4990979ab90d.php 第 187 行.
INFO: Run Behavior\ParseTemplateBehavior [ RunTime:0.015625s ]
INFO: [ view_parse ] --END-- [ RunTime:0.015625s ]
INFO: [ view_filter ] --START--
INFO: Run Behavior\WriteHtmlCacheBehavior [ RunTime:0.000000s ]
INFO: [ view_filter ] --END-- [ RunTime:0.000000s ]
INFO: [ app_end ] --START--
INFO: Run Behavior\ShowPageTraceBehavior [ RunTime:0.000000s ]
INFO: [ app_end ] --END-- [ RunTime:0.000000s ]

[ 2017-08-31T09:23:28+08:00 ] 49.79.53.45 /admin.php?m=Admin&c=Order&a=index&mch=1
INFO: [ app_init ] --START--
INFO: Run Behavior\BuildLiteBehavior [ RunTime:0.000000s ]
INFO: [ app_init ] --END-- [ RunTime:0.000000s ]
INFO: [ app_begin ] --START--
INFO: Run Behavior\ReadHtmlCacheBehavior [ RunTime:0.000000s ]
INFO: [ app_begin ] --END-- [ RunTime:0.000000s ]
SQL: SHOW COLUMNS FROM `dd_config` [ RunTime:0.0156s ]
SQL: SELECT * FROM `dd_config`  [ RunTime:0.0000s ]
SQL: SHOW COLUMNS FROM `dd_role` [ RunTime:0.0000s ]
SQL: SELECT * FROM `dd_role` WHERE `id` = 1 LIMIT 1   [ RunTime:0.0000s ]
SQL: SHOW COLUMNS FROM `dd_menu` [ RunTime:0.0000s ]
SQL: SELECT * FROM `dd_menu` WHERE `status` = 1 AND `id` IN ('1','2','3','4','5','6','7','8','9','10','11','12','13','14','42','43','44','15','16','17','18','19','20','21','22','23','24','25','26','27','28','29','30','31','32','33','34','35','36','37','45') ORDER BY sort desc,id asc  [ RunTime:0.0000s ]
NOTIC: [8] Undefined variable: where E:\phpStudy\WWW\0601\Application\Admin\Controller\OrderController.class.php 第 80 行.
SQL: SHOW COLUMNS FROM `dd_mch_order` [ RunTime:0.0000s ]
SQL: SELECT COUNT(*) AS tp_count FROM `dd_mch_order` WHERE `mch_id` > 1 LIMIT 1   [ RunTime:0.0000s ]
SQL: SELECT COUNT(*) AS tp_count FROM `dd_mch_order` WHERE `status` > 1 LIMIT 1   [ RunTime:0.0000s ]
SQL: SELECT SUM(total) AS tp_sum FROM `dd_mch_order` WHERE `mch_id` > 1 LIMIT 1   [ RunTime:0.0000s ]
SQL: SELECT SUM(total) AS tp_sum FROM `dd_mch_order` WHERE `status` > 1 LIMIT 1   [ RunTime:0.0000s ]
SQL: SELECT SUM(wxpay) AS tp_sum FROM `dd_mch_order` WHERE `mch_id` > 1 LIMIT 1   [ RunTime:0.0000s ]
SQL: SELECT SUM(moneypay) AS tp_sum FROM `dd_mch_order` WHERE `mch_id` > 1 LIMIT 1   [ RunTime:0.0000s ]
SQL: SELECT SUM(pointspay) AS tp_sum FROM `dd_mch_order` WHERE `mch_id` > 1 LIMIT 1   [ RunTime:0.0000s ]
SQL: SELECT SUM(cxpointspay) AS tp_sum FROM `dd_mch_order` WHERE `mch_id` > 1 LIMIT 1   [ RunTime:0.0000s ]
SQL: SELECT COUNT(*) AS tp_count FROM `dd_mch_order` WHERE `mch_id` > 1 LIMIT 1   [ RunTime:0.0000s ]
NOTIC: [8] Undefined variable: order E:\phpStudy\WWW\0601\Application\Admin\Controller\OrderController.class.php 第 36 行.
SQL: SELECT * FROM `dd_mch_order` WHERE `mch_id` > 1 ORDER BY id desc LIMIT 0,25   [ RunTime:0.0000s ]
SQL: SHOW COLUMNS FROM `dd_cart` [ RunTime:0.0000s ]
SQL: SELECT * FROM `dd_cart` WHERE `id` IN ('265')  [ RunTime:0.0000s ]
SQL: SHOW COLUMNS FROM `dd_product` [ RunTime:0.0156s ]
SQL: SELECT * FROM `dd_product` WHERE `id` = 53 LIMIT 1   [ RunTime:0.0000s ]
SQL: SELECT * FROM `dd_cart` WHERE `id` IN ('307')  [ RunTime:0.0000s ]
SQL: SELECT * FROM `dd_product` WHERE `id` = 48 LIMIT 1   [ RunTime:0.0000s ]
SQL: SELECT * FROM `dd_cart` WHERE `id` IN ('305')  [ RunTime:0.0000s ]
SQL: SELECT * FROM `dd_product` WHERE `id` = 73 LIMIT 1   [ RunTime:0.0000s ]
SQL: SELECT * FROM `dd_cart` WHERE `id` IN ('301')  [ RunTime:0.0000s ]
SQL: SELECT * FROM `dd_product` WHERE `id` = 71 LIMIT 1   [ RunTime:0.0000s ]
SQL: SELECT * FROM `dd_cart` WHERE `id` IN ('298','299')  [ RunTime:0.0000s ]
SQL: SELECT * FROM `dd_product` WHERE `id` = 71 LIMIT 1   [ RunTime:0.0000s ]
SQL: SELECT * FROM `dd_product` WHERE `id` = 44 LIMIT 1   [ RunTime:0.0000s ]
SQL: SELECT * FROM `dd_cart` WHERE `id` IN ('300')  [ RunTime:0.0000s ]
SQL: SELECT * FROM `dd_product` WHERE `id` = 72 LIMIT 1   [ RunTime:0.0000s ]
SQL: SELECT * FROM `dd_cart` WHERE `id` IN ('296')  [ RunTime:0.0000s ]
SQL: SELECT * FROM `dd_product` WHERE `id` = 72 LIMIT 1   [ RunTime:0.0000s ]
SQL: SELECT * FROM `dd_cart` WHERE `id` IN ('294')  [ RunTime:0.0000s ]
SQL: SELECT * FROM `dd_product` WHERE `id` = 72 LIMIT 1   [ RunTime:0.0000s ]
SQL: SELECT * FROM `dd_cart` WHERE `id` IN ('295')  [ RunTime:0.0000s ]
SQL: SELECT * FROM `dd_product` WHERE `id` = 71 LIMIT 1   [ RunTime:0.0000s ]
SQL: SELECT * FROM `dd_cart` WHERE `id` IN ('293')  [ RunTime:0.0000s ]
SQL: SELECT * FROM `dd_product` WHERE `id` = 71 LIMIT 1   [ RunTime:0.0000s ]
SQL: SELECT * FROM `dd_cart` WHERE `id` IN ('289')  [ RunTime:0.0000s ]
SQL: SELECT * FROM `dd_product` WHERE `id` = 49 LIMIT 1   [ RunTime:0.0000s ]
SQL: SELECT * FROM `dd_cart` WHERE `id` IN ('288')  [ RunTime:0.0000s ]
SQL: SELECT * FROM `dd_product` WHERE `id` = 48 LIMIT 1   [ RunTime:0.0000s ]
SQL: SELECT * FROM `dd_cart` WHERE `id` IN ('275')  [ RunTime:0.0000s ]
SQL: SELECT * FROM `dd_product` WHERE `id` = 66 LIMIT 1   [ RunTime:0.0000s ]
SQL: SELECT * FROM `dd_cart` WHERE `id` IN ('272')  [ RunTime:0.0000s ]
SQL: SELECT * FROM `dd_product` WHERE `id` = 65 LIMIT 1   [ RunTime:0.0000s ]
SQL: SELECT * FROM `dd_cart` WHERE `id` IN ('271')  [ RunTime:0.0000s ]
SQL: SELECT * FROM `dd_product` WHERE `id` = 65 LIMIT 1   [ RunTime:0.0000s ]
SQL: SELECT * FROM `dd_cart` WHERE `id` IN ('268')  [ RunTime:0.0000s ]
SQL: SELECT * FROM `dd_product` WHERE `id` = 64 LIMIT 1   [ RunTime:0.0000s ]
SQL: SELECT * FROM `dd_cart` WHERE `id` IN ('267')  [ RunTime:0.0000s ]
SQL: SELECT * FROM `dd_product` WHERE `id` = 64 LIMIT 1   [ RunTime:0.0000s ]
SQL: SELECT * FROM `dd_cart` WHERE `id` IN ('264')  [ RunTime:0.0000s ]
SQL: SELECT * FROM `dd_product` WHERE `id` = 53 LIMIT 1   [ RunTime:0.0000s ]
SQL: SELECT * FROM `dd_cart` WHERE `id` IN ('262')  [ RunTime:0.0000s ]
SQL: SELECT * FROM `dd_product` WHERE `id` = 62 LIMIT 1   [ RunTime:0.0000s ]
SQL: SELECT * FROM `dd_cart` WHERE `id` IN ('253','255')  [ RunTime:0.0000s ]
SQL: SELECT * FROM `dd_product` WHERE `id` = 60 LIMIT 1   [ RunTime:0.0000s ]
SQL: SELECT * FROM `dd_product` WHERE `id` = 26 LIMIT 1   [ RunTime:0.0000s ]
SQL: SELECT * FROM `dd_cart` WHERE `id` IN ('252')  [ RunTime:0.0000s ]
SQL: SELECT * FROM `dd_product` WHERE `id` = 60 LIMIT 1   [ RunTime:0.0000s ]
SQL: SELECT * FROM `dd_cart` WHERE `id` IN ('246')  [ RunTime:0.0000s ]
SQL: SELECT * FROM `dd_product` WHERE `id` = 53 LIMIT 1   [ RunTime:0.0000s ]
SQL: SELECT * FROM `dd_cart` WHERE `id` IN ('245')  [ RunTime:0.0000s ]
SQL: SELECT * FROM `dd_product` WHERE `id` = 53 LIMIT 1   [ RunTime:0.0000s ]
SQL: SELECT * FROM `dd_cart` WHERE `id` IN ('243')  [ RunTime:0.0000s ]
SQL: SELECT * FROM `dd_product` WHERE `id` = 53 LIMIT 1   [ RunTime:0.0156s ]
SQL: SELECT * FROM `dd_cart` WHERE `id` IN ('242')  [ RunTime:0.0000s ]
SQL: SELECT * FROM `dd_product` WHERE `id` = 51 LIMIT 1   [ RunTime:0.0000s ]
INFO: [ view_parse ] --START--
INFO: [ template_filter ] --START--
INFO: Run Behavior\ContentReplaceBehavior [ RunTime:0.000000s ]
INFO: [ template_filter ] --END-- [ RunTime:0.000000s ]
NOTIC: [8] Use of undefined constant id - assumed 'id' E:\phpStudy\WWW\0601\Application\Runtime\Cache\Admin\18bc66a7b6334412ab8e61a2539ecfbd.php 第 182 行.
NOTIC: [8] Use of undefined constant id - assumed 'id' E:\phpStudy\WWW\0601\Application\Runtime\Cache\Admin\18bc66a7b6334412ab8e61a2539ecfbd.php 第 187 行.
NOTIC: [8] Use of undefined constant id - assumed 'id' E:\phpStudy\WWW\0601\Application\Runtime\Cache\Admin\18bc66a7b6334412ab8e61a2539ecfbd.php 第 182 行.
NOTIC: [8] Use of undefined constant id - assumed 'id' E:\phpStudy\WWW\0601\Application\Runtime\Cache\Admin\18bc66a7b6334412ab8e61a2539ecfbd.php 第 187 行.
NOTIC: [8] Use of undefined constant id - assumed 'id' E:\phpStudy\WWW\0601\Application\Runtime\Cache\Admin\18bc66a7b6334412ab8e61a2539ecfbd.php 第 182 行.
NOTIC: [8] Use of undefined constant id - assumed 'id' E:\phpStudy\WWW\0601\Application\Runtime\Cache\Admin\18bc66a7b6334412ab8e61a2539ecfbd.php 第 187 行.
NOTIC: [8] Use of undefined constant id - assumed 'id' E:\phpStudy\WWW\0601\Application\Runtime\Cache\Admin\18bc66a7b6334412ab8e61a2539ecfbd.php 第 182 行.
NOTIC: [8] Use of undefined constant id - assumed 'id' E:\phpStudy\WWW\0601\Application\Runtime\Cache\Admin\18bc66a7b6334412ab8e61a2539ecfbd.php 第 187 行.
NOTIC: [8] Use of undefined constant id - assumed 'id' E:\phpStudy\WWW\0601\Application\Runtime\Cache\Admin\18bc66a7b6334412ab8e61a2539ecfbd.php 第 182 行.
NOTIC: [8] Use of undefined constant id - assumed 'id' E:\phpStudy\WWW\0601\Application\Runtime\Cache\Admin\18bc66a7b6334412ab8e61a2539ecfbd.php 第 187 行.
NOTIC: [8] Use of undefined constant id - assumed 'id' E:\phpStudy\WWW\0601\Application\Runtime\Cache\Admin\18bc66a7b6334412ab8e61a2539ecfbd.php 第 182 行.
NOTIC: [8] Use of undefined constant id - assumed 'id' E:\phpStudy\WWW\0601\Application\Runtime\Cache\Admin\18bc66a7b6334412ab8e61a2539ecfbd.php 第 187 行.
NOTIC: [8] Undefined index: status E:\phpStudy\WWW\0601\Application\Runtime\Cache\Admin\18bc66a7b6334412ab8e61a2539ecfbd.php 第 215 行.
NOTIC: [8] Undefined index: user_id E:\phpStudy\WWW\0601\Application\Runtime\Cache\Admin\18bc66a7b6334412ab8e61a2539ecfbd.php 第 226 行.
NOTIC: [8] Undefined index: sn E:\phpStudy\WWW\0601\Application\Runtime\Cache\Admin\18bc66a7b6334412ab8e61a2539ecfbd.php 第 228 行.
NOTIC: [8] Undefined index: time1 E:\phpStudy\WWW\0601\Application\Runtime\Cache\Admin\18bc66a7b6334412ab8e61a2539ecfbd.php 第 230 行.
NOTIC: [8] Undefined index: time2 E:\phpStudy\WWW\0601\Application\Runtime\Cache\Admin\18bc66a7b6334412ab8e61a2539ecfbd.php 第 232 行.
NOTIC: [8] Undefined index: status E:\phpStudy\WWW\0601\Application\Runtime\Cache\Admin\18bc66a7b6334412ab8e61a2539ecfbd.php 第 279 行.
INFO: Run Behavior\ParseTemplateBehavior [ RunTime:0.015626s ]
INFO: [ view_parse ] --END-- [ RunTime:0.015626s ]
INFO: [ view_filter ] --START--
INFO: Run Behavior\WriteHtmlCacheBehavior [ RunTime:0.000000s ]
INFO: [ view_filter ] --END-- [ RunTime:0.000000s ]
INFO: [ app_end ] --START--
INFO: Run Behavior\ShowPageTraceBehavior [ RunTime:0.000000s ]
INFO: [ app_end ] --END-- [ RunTime:0.000000s ]

[ 2017-08-31T09:23:38+08:00 ] 61.151.226.189 /admin.php?m=Admin&c=Order&a=index&mch=1
INFO: [ app_init ] --START--
INFO: Run Behavior\BuildLiteBehavior [ RunTime:0.000000s ]
INFO: [ app_init ] --END-- [ RunTime:0.000000s ]
INFO: [ app_begin ] --START--
INFO: Run Behavior\ReadHtmlCacheBehavior [ RunTime:0.000000s ]
INFO: [ app_begin ] --END-- [ RunTime:0.000000s ]
INFO: [ view_parse ] --START--
INFO: [ template_filter ] --START--
INFO: Run Behavior\ContentReplaceBehavior [ RunTime:0.000000s ]
INFO: [ template_filter ] --END-- [ RunTime:0.000000s ]
INFO: Run Behavior\ParseTemplateBehavior [ RunTime:0.000000s ]
INFO: [ view_parse ] --END-- [ RunTime:0.000000s ]
INFO: [ view_filter ] --START--
INFO: Run Behavior\WriteHtmlCacheBehavior [ RunTime:0.000000s ]
INFO: [ view_filter ] --END-- [ RunTime:0.000000s ]

[ 2017-08-31T09:23:38+08:00 ] 49.79.53.45 /admin.php?m=Admin&c=Order&a=index&mch=1
INFO: [ app_init ] --START--
INFO: Run Behavior\BuildLiteBehavior [ RunTime:0.000000s ]
INFO: [ app_init ] --END-- [ RunTime:0.000000s ]
INFO: [ app_begin ] --START--
INFO: Run Behavior\ReadHtmlCacheBehavior [ RunTime:0.000000s ]
INFO: [ app_begin ] --END-- [ RunTime:0.000000s ]
SQL: SHOW COLUMNS FROM `dd_config` [ RunTime:0.0000s ]
SQL: SELECT * FROM `dd_config`  [ RunTime:0.0000s ]
SQL: SHOW COLUMNS FROM `dd_role` [ RunTime:0.0000s ]
SQL: SELECT * FROM `dd_role` WHERE `id` = 1 LIMIT 1   [ RunTime:0.0000s ]
SQL: SHOW COLUMNS FROM `dd_menu` [ RunTime:0.0000s ]
SQL: SELECT * FROM `dd_menu` WHERE `status` = 1 AND `id` IN ('1','2','3','4','5','6','7','8','9','10','11','12','13','14','42','43','44','15','16','17','18','19','20','21','22','23','24','25','26','27','28','29','30','31','32','33','34','35','36','37','45') ORDER BY sort desc,id asc  [ RunTime:0.0000s ]
SQL: SHOW COLUMNS FROM `dd_mch_order` [ RunTime:0.0000s ]
SQL: SELECT COUNT(*) AS tp_count FROM `dd_mch_order` WHERE `user_id` = 10232 AND `mch_id` > 1 LIMIT 1   [ RunTime:0.0000s ]
SQL: SELECT COUNT(*) AS tp_count FROM `dd_mch_order` WHERE `user_id` = 10232 AND `status` > 1 LIMIT 1   [ RunTime:0.0000s ]
SQL: SELECT SUM(total) AS tp_sum FROM `dd_mch_order` WHERE `user_id` = 10232 AND `mch_id` > 1 LIMIT 1   [ RunTime:0.0000s ]
SQL: SELECT SUM(total) AS tp_sum FROM `dd_mch_order` WHERE `user_id` = 10232 AND `status` > 1 LIMIT 1   [ RunTime:0.0000s ]
SQL: SELECT SUM(wxpay) AS tp_sum FROM `dd_mch_order` WHERE `user_id` = 10232 AND `mch_id` > 1 LIMIT 1   [ RunTime:0.0000s ]
SQL: SELECT SUM(moneypay) AS tp_sum FROM `dd_mch_order` WHERE `user_id` = 10232 AND `mch_id` > 1 LIMIT 1   [ RunTime:0.0000s ]
SQL: SELECT SUM(pointspay) AS tp_sum FROM `dd_mch_order` WHERE `user_id` = 10232 AND `mch_id` > 1 LIMIT 1   [ RunTime:0.0000s ]
SQL: SELECT SUM(cxpointspay) AS tp_sum FROM `dd_mch_order` WHERE `user_id` = 10232 AND `mch_id` > 1 LIMIT 1   [ RunTime:0.0000s ]
SQL: SELECT COUNT(*) AS tp_count FROM `dd_mch_order` WHERE `user_id` = 10232 AND `mch_id` > 1 LIMIT 1   [ RunTime:0.0000s ]
NOTIC: [8] Undefined variable: order E:\phpStudy\WWW\0601\Application\Admin\Controller\OrderController.class.php 第 36 行.
SQL: SELECT * FROM `dd_mch_order` WHERE `user_id` = 10232 AND `mch_id` > 1 ORDER BY id desc LIMIT 0,25   [ RunTime:0.0000s ]
SQL: SHOW COLUMNS FROM `dd_cart` [ RunTime:0.0000s ]
SQL: SELECT * FROM `dd_cart` WHERE `id` IN ('265')  [ RunTime:0.0000s ]
SQL: SHOW COLUMNS FROM `dd_product` [ RunTime:0.0000s ]
SQL: SELECT * FROM `dd_product` WHERE `id` = 53 LIMIT 1   [ RunTime:0.0000s ]
SQL: SELECT * FROM `dd_cart` WHERE `id` IN ('264')  [ RunTime:0.0000s ]
SQL: SELECT * FROM `dd_product` WHERE `id` = 53 LIMIT 1   [ RunTime:0.0000s ]
INFO: [ view_parse ] --START--
INFO: [ template_filter ] --START--
INFO: Run Behavior\ContentReplaceBehavior [ RunTime:0.000000s ]
INFO: [ template_filter ] --END-- [ RunTime:0.000000s ]
NOTIC: [8] Use of undefined constant id - assumed 'id' E:\phpStudy\WWW\0601\Application\Runtime\Cache\Admin\18bc66a7b6334412ab8e61a2539ecfbd.php 第 182 行.
NOTIC: [8] Use of undefined constant id - assumed 'id' E:\phpStudy\WWW\0601\Application\Runtime\Cache\Admin\18bc66a7b6334412ab8e61a2539ecfbd.php 第 187 行.
NOTIC: [8] Use of undefined constant id - assumed 'id' E:\phpStudy\WWW\0601\Application\Runtime\Cache\Admin\18bc66a7b6334412ab8e61a2539ecfbd.php 第 182 行.
NOTIC: [8] Use of undefined constant id - assumed 'id' E:\phpStudy\WWW\0601\Application\Runtime\Cache\Admin\18bc66a7b6334412ab8e61a2539ecfbd.php 第 187 行.
NOTIC: [8] Use of undefined constant id - assumed 'id' E:\phpStudy\WWW\0601\Application\Runtime\Cache\Admin\18bc66a7b6334412ab8e61a2539ecfbd.php 第 182 行.
NOTIC: [8] Use of undefined constant id - assumed 'id' E:\phpStudy\WWW\0601\Application\Runtime\Cache\Admin\18bc66a7b6334412ab8e61a2539ecfbd.php 第 187 行.
NOTIC: [8] Use of undefined constant id - assumed 'id' E:\phpStudy\WWW\0601\Application\Runtime\Cache\Admin\18bc66a7b6334412ab8e61a2539ecfbd.php 第 182 行.
NOTIC: [8] Use of undefined constant id - assumed 'id' E:\phpStudy\WWW\0601\Application\Runtime\Cache\Admin\18bc66a7b6334412ab8e61a2539ecfbd.php 第 187 行.
NOTIC: [8] Use of undefined constant id - assumed 'id' E:\phpStudy\WWW\0601\Application\Runtime\Cache\Admin\18bc66a7b6334412ab8e61a2539ecfbd.php 第 182 行.
NOTIC: [8] Use of undefined constant id - assumed 'id' E:\phpStudy\WWW\0601\Application\Runtime\Cache\Admin\18bc66a7b6334412ab8e61a2539ecfbd.php 第 187 行.
NOTIC: [8] Use of undefined constant id - assumed 'id' E:\phpStudy\WWW\0601\Application\Runtime\Cache\Admin\18bc66a7b6334412ab8e61a2539ecfbd.php 第 182 行.
NOTIC: [8] Use of undefined constant id - assumed 'id' E:\phpStudy\WWW\0601\Application\Runtime\Cache\Admin\18bc66a7b6334412ab8e61a2539ecfbd.php 第 187 行.
INFO: Run Behavior\ParseTemplateBehavior [ RunTime:0.015625s ]
INFO: [ view_parse ] --END-- [ RunTime:0.015625s ]
INFO: [ view_filter ] --START--
INFO: Run Behavior\WriteHtmlCacheBehavior [ RunTime:0.000000s ]
INFO: [ view_filter ] --END-- [ RunTime:0.000000s ]
INFO: [ app_end ] --START--
INFO: Run Behavior\ShowPageTraceBehavior [ RunTime:0.000000s ]
INFO: [ app_end ] --END-- [ RunTime:0.000000s ]

[ 2017-08-31T09:23:47+08:00 ] 49.79.53.45 /admin.php?m=Admin&c=Order&a=index&mch=1
INFO: [ app_init ] --START--
INFO: Run Behavior\BuildLiteBehavior [ RunTime:0.000000s ]
INFO: [ app_init ] --END-- [ RunTime:0.000000s ]
INFO: [ app_begin ] --START--
INFO: Run Behavior\ReadHtmlCacheBehavior [ RunTime:0.000000s ]
INFO: [ app_begin ] --END-- [ RunTime:0.000000s ]
SQL: SHOW COLUMNS FROM `dd_config` [ RunTime:0.0000s ]
SQL: SELECT * FROM `dd_config`  [ RunTime:0.0000s ]
SQL: SHOW COLUMNS FROM `dd_role` [ RunTime:0.0000s ]
SQL: SELECT * FROM `dd_role` WHERE `id` = 1 LIMIT 1   [ RunTime:0.0000s ]
SQL: SHOW COLUMNS FROM `dd_menu` [ RunTime:0.0000s ]
SQL: SELECT * FROM `dd_menu` WHERE `status` = 1 AND `id` IN ('1','2','3','4','5','6','7','8','9','10','11','12','13','14','42','43','44','15','16','17','18','19','20','21','22','23','24','25','26','27','28','29','30','31','32','33','34','35','36','37','45') ORDER BY sort desc,id asc  [ RunTime:0.0000s ]
NOTIC: [8] Undefined variable: where E:\phpStudy\WWW\0601\Application\Admin\Controller\OrderController.class.php 第 80 行.
SQL: SHOW COLUMNS FROM `dd_mch_order` [ RunTime:0.0000s ]
SQL: SELECT COUNT(*) AS tp_count FROM `dd_mch_order` WHERE `mch_id` > 1 LIMIT 1   [ RunTime:0.0000s ]
SQL: SELECT COUNT(*) AS tp_count FROM `dd_mch_order` WHERE `status` > 1 LIMIT 1   [ RunTime:0.0000s ]
SQL: SELECT SUM(total) AS tp_sum FROM `dd_mch_order` WHERE `mch_id` > 1 LIMIT 1   [ RunTime:0.0000s ]
SQL: SELECT SUM(total) AS tp_sum FROM `dd_mch_order` WHERE `status` > 1 LIMIT 1   [ RunTime:0.0000s ]
SQL: SELECT SUM(wxpay) AS tp_sum FROM `dd_mch_order` WHERE `mch_id` > 1 LIMIT 1   [ RunTime:0.0000s ]
SQL: SELECT SUM(moneypay) AS tp_sum FROM `dd_mch_order` WHERE `mch_id` > 1 LIMIT 1   [ RunTime:0.0000s ]
SQL: SELECT SUM(pointspay) AS tp_sum FROM `dd_mch_order` WHERE `mch_id` > 1 LIMIT 1   [ RunTime:0.0000s ]
SQL: SELECT SUM(cxpointspay) AS tp_sum FROM `dd_mch_order` WHERE `mch_id` > 1 LIMIT 1   [ RunTime:0.0000s ]
SQL: SELECT COUNT(*) AS tp_count FROM `dd_mch_order` WHERE `mch_id` > 1 LIMIT 1   [ RunTime:0.0000s ]
NOTIC: [8] Undefined variable: order E:\phpStudy\WWW\0601\Application\Admin\Controller\OrderController.class.php 第 36 行.
SQL: SELECT * FROM `dd_mch_order` WHERE `mch_id` > 1 ORDER BY id desc LIMIT 0,25   [ RunTime:0.0000s ]
SQL: SHOW COLUMNS FROM `dd_cart` [ RunTime:0.0000s ]
SQL: SELECT * FROM `dd_cart` WHERE `id` IN ('265')  [ RunTime:0.0000s ]
SQL: SHOW COLUMNS FROM `dd_product` [ RunTime:0.0156s ]
SQL: SELECT * FROM `dd_product` WHERE `id` = 53 LIMIT 1   [ RunTime:0.0000s ]
SQL: SELECT * FROM `dd_cart` WHERE `id` IN ('307')  [ RunTime:0.0000s ]
SQL: SELECT * FROM `dd_product` WHERE `id` = 48 LIMIT 1   [ RunTime:0.0000s ]
SQL: SELECT * FROM `dd_cart` WHERE `id` IN ('305')  [ RunTime:0.0000s ]
SQL: SELECT * FROM `dd_product` WHERE `id` = 73 LIMIT 1   [ RunTime:0.0000s ]
SQL: SELECT * FROM `dd_cart` WHERE `id` IN ('301')  [ RunTime:0.0000s ]
SQL: SELECT * FROM `dd_product` WHERE `id` = 71 LIMIT 1   [ RunTime:0.0000s ]
SQL: SELECT * FROM `dd_cart` WHERE `id` IN ('298','299')  [ RunTime:0.0000s ]
SQL: SELECT * FROM `dd_product` WHERE `id` = 71 LIMIT 1   [ RunTime:0.0000s ]
SQL: SELECT * FROM `dd_product` WHERE `id` = 44 LIMIT 1   [ RunTime:0.0000s ]
SQL: SELECT * FROM `dd_cart` WHERE `id` IN ('300')  [ RunTime:0.0000s ]
SQL: SELECT * FROM `dd_product` WHERE `id` = 72 LIMIT 1   [ RunTime:0.0000s ]
SQL: SELECT * FROM `dd_cart` WHERE `id` IN ('296')  [ RunTime:0.0000s ]
SQL: SELECT * FROM `dd_product` WHERE `id` = 72 LIMIT 1   [ RunTime:0.0000s ]
SQL: SELECT * FROM `dd_cart` WHERE `id` IN ('294')  [ RunTime:0.0000s ]
SQL: SELECT * FROM `dd_product` WHERE `id` = 72 LIMIT 1   [ RunTime:0.0000s ]
SQL: SELECT * FROM `dd_cart` WHERE `id` IN ('295')  [ RunTime:0.0000s ]
SQL: SELECT * FROM `dd_product` WHERE `id` = 71 LIMIT 1   [ RunTime:0.0000s ]
SQL: SELECT * FROM `dd_cart` WHERE `id` IN ('293')  [ RunTime:0.0000s ]
SQL: SELECT * FROM `dd_product` WHERE `id` = 71 LIMIT 1   [ RunTime:0.0000s ]
SQL: SELECT * FROM `dd_cart` WHERE `id` IN ('289')  [ RunTime:0.0000s ]
SQL: SELECT * FROM `dd_product` WHERE `id` = 49 LIMIT 1   [ RunTime:0.0000s ]
SQL: SELECT * FROM `dd_cart` WHERE `id` IN ('288')  [ RunTime:0.0000s ]
SQL: SELECT * FROM `dd_product` WHERE `id` = 48 LIMIT 1   [ RunTime:0.0000s ]
SQL: SELECT * FROM `dd_cart` WHERE `id` IN ('275')  [ RunTime:0.0000s ]
SQL: SELECT * FROM `dd_product` WHERE `id` = 66 LIMIT 1   [ RunTime:0.0000s ]
SQL: SELECT * FROM `dd_cart` WHERE `id` IN ('272')  [ RunTime:0.0000s ]
SQL: SELECT * FROM `dd_product` WHERE `id` = 65 LIMIT 1   [ RunTime:0.0000s ]
SQL: SELECT * FROM `dd_cart` WHERE `id` IN ('271')  [ RunTime:0.0000s ]
SQL: SELECT * FROM `dd_product` WHERE `id` = 65 LIMIT 1   [ RunTime:0.0000s ]
SQL: SELECT * FROM `dd_cart` WHERE `id` IN ('268')  [ RunTime:0.0000s ]
SQL: SELECT * FROM `dd_product` WHERE `id` = 64 LIMIT 1   [ RunTime:0.0000s ]
SQL: SELECT * FROM `dd_cart` WHERE `id` IN ('267')  [ RunTime:0.0000s ]
SQL: SELECT * FROM `dd_product` WHERE `id` = 64 LIMIT 1   [ RunTime:0.0000s ]
SQL: SELECT * FROM `dd_cart` WHERE `id` IN ('264')  [ RunTime:0.0000s ]
SQL: SELECT * FROM `dd_product` WHERE `id` = 53 LIMIT 1   [ RunTime:0.0000s ]
SQL: SELECT * FROM `dd_cart` WHERE `id` IN ('262')  [ RunTime:0.0000s ]
SQL: SELECT * FROM `dd_product` WHERE `id` = 62 LIMIT 1   [ RunTime:0.0000s ]
SQL: SELECT * FROM `dd_cart` WHERE `id` IN ('253','255')  [ RunTime:0.0000s ]
SQL: SELECT * FROM `dd_product` WHERE `id` = 60 LIMIT 1   [ RunTime:0.0000s ]
SQL: SELECT * FROM `dd_product` WHERE `id` = 26 LIMIT 1   [ RunTime:0.0000s ]
SQL: SELECT * FROM `dd_cart` WHERE `id` IN ('252')  [ RunTime:0.0000s ]
SQL: SELECT * FROM `dd_product` WHERE `id` = 60 LIMIT 1   [ RunTime:0.0000s ]
SQL: SELECT * FROM `dd_cart` WHERE `id` IN ('246')  [ RunTime:0.0000s ]
SQL: SELECT * FROM `dd_product` WHERE `id` = 53 LIMIT 1   [ RunTime:0.0000s ]
SQL: SELECT * FROM `dd_cart` WHERE `id` IN ('245')  [ RunTime:0.0000s ]
SQL: SELECT * FROM `dd_product` WHERE `id` = 53 LIMIT 1   [ RunTime:0.0000s ]
SQL: SELECT * FROM `dd_cart` WHERE `id` IN ('243')  [ RunTime:0.0000s ]
SQL: SELECT * FROM `dd_product` WHERE `id` = 53 LIMIT 1   [ RunTime:0.0000s ]
SQL: SELECT * FROM `dd_cart` WHERE `id` IN ('242')  [ RunTime:0.0000s ]
SQL: SELECT * FROM `dd_product` WHERE `id` = 51 LIMIT 1   [ RunTime:0.0156s ]
INFO: [ view_parse ] --START--
INFO: [ template_filter ] --START--
INFO: Run Behavior\ContentReplaceBehavior [ RunTime:0.000000s ]
INFO: [ template_filter ] --END-- [ RunTime:0.000000s ]
NOTIC: [8] Use of undefined constant id - assumed 'id' E:\phpStudy\WWW\0601\Application\Runtime\Cache\Admin\18bc66a7b6334412ab8e61a2539ecfbd.php 第 182 行.
NOTIC: [8] Use of undefined constant id - assumed 'id' E:\phpStudy\WWW\0601\Application\Runtime\Cache\Admin\18bc66a7b6334412ab8e61a2539ecfbd.php 第 187 行.
NOTIC: [8] Use of undefined constant id - assumed 'id' E:\phpStudy\WWW\0601\Application\Runtime\Cache\Admin\18bc66a7b6334412ab8e61a2539ecfbd.php 第 182 行.
NOTIC: [8] Use of undefined constant id - assumed 'id' E:\phpStudy\WWW\0601\Application\Runtime\Cache\Admin\18bc66a7b6334412ab8e61a2539ecfbd.php 第 187 行.
NOTIC: [8] Use of undefined constant id - assumed 'id' E:\phpStudy\WWW\0601\Application\Runtime\Cache\Admin\18bc66a7b6334412ab8e61a2539ecfbd.php 第 182 行.
NOTIC: [8] Use of undefined constant id - assumed 'id' E:\phpStudy\WWW\0601\Application\Runtime\Cache\Admin\18bc66a7b6334412ab8e61a2539ecfbd.php 第 187 行.
NOTIC: [8] Use of undefined constant id - assumed 'id' E:\phpStudy\WWW\0601\Application\Runtime\Cache\Admin\18bc66a7b6334412ab8e61a2539ecfbd.php 第 182 行.
NOTIC: [8] Use of undefined constant id - assumed 'id' E:\phpStudy\WWW\0601\Application\Runtime\Cache\Admin\18bc66a7b6334412ab8e61a2539ecfbd.php 第 187 行.
NOTIC: [8] Use of undefined constant id - assumed 'id' E:\phpStudy\WWW\0601\Application\Runtime\Cache\Admin\18bc66a7b6334412ab8e61a2539ecfbd.php 第 182 行.
NOTIC: [8] Use of undefined constant id - assumed 'id' E:\phpStudy\WWW\0601\Application\Runtime\Cache\Admin\18bc66a7b6334412ab8e61a2539ecfbd.php 第 187 行.
NOTIC: [8] Use of undefined constant id - assumed 'id' E:\phpStudy\WWW\0601\Application\Runtime\Cache\Admin\18bc66a7b6334412ab8e61a2539ecfbd.php 第 182 行.
NOTIC: [8] Use of undefined constant id - assumed 'id' E:\phpStudy\WWW\0601\Application\Runtime\Cache\Admin\18bc66a7b6334412ab8e61a2539ecfbd.php 第 187 行.
INFO: Run Behavior\ParseTemplateBehavior [ RunTime:0.000000s ]
INFO: [ view_parse ] --END-- [ RunTime:0.000000s ]
INFO: [ view_filter ] --START--
INFO: Run Behavior\WriteHtmlCacheBehavior [ RunTime:0.000000s ]
INFO: [ view_filter ] --END-- [ RunTime:0.000000s ]
INFO: [ app_end ] --START--
INFO: Run Behavior\ShowPageTraceBehavior [ RunTime:0.015625s ]
INFO: [ app_end ] --END-- [ RunTime:0.015625s ]

[ 2017-08-31T09:23:52+08:00 ] 49.79.53.45 /admin.php?m=Admin&c=Order&a=index&mch=0
INFO: [ app_init ] --START--
INFO: Run Behavior\BuildLiteBehavior [ RunTime:0.000000s ]
INFO: [ app_init ] --END-- [ RunTime:0.000000s ]
INFO: [ app_begin ] --START--
INFO: Run Behavior\ReadHtmlCacheBehavior [ RunTime:0.015625s ]
INFO: [ app_begin ] --END-- [ RunTime:0.015625s ]
SQL: SHOW COLUMNS FROM `dd_config` [ RunTime:0.0000s ]
SQL: SELECT * FROM `dd_config`  [ RunTime:0.0000s ]
SQL: SHOW COLUMNS FROM `dd_role` [ RunTime:0.0000s ]
SQL: SELECT * FROM `dd_role` WHERE `id` = 1 LIMIT 1   [ RunTime:0.0000s ]
SQL: SHOW COLUMNS FROM `dd_menu` [ RunTime:0.0000s ]
SQL: SELECT * FROM `dd_menu` WHERE `status` = 1 AND `id` IN ('1','2','3','4','5','6','7','8','9','10','11','12','13','14','42','43','44','15','16','17','18','19','20','21','22','23','24','25','26','27','28','29','30','31','32','33','34','35','36','37','45') ORDER BY sort desc,id asc  [ RunTime:0.0000s ]
NOTIC: [8] Undefined variable: where E:\phpStudy\WWW\0601\Application\Admin\Controller\OrderController.class.php 第 80 行.
SQL: SHOW COLUMNS FROM `dd_mch_order` [ RunTime:0.0000s ]
SQL: SELECT COUNT(*) AS tp_count FROM `dd_mch_order` WHERE `mch_id` = 0 LIMIT 1   [ RunTime:0.0000s ]
SQL: SELECT COUNT(*) AS tp_count FROM `dd_mch_order` WHERE `status` > 1 LIMIT 1   [ RunTime:0.0000s ]
SQL: SELECT SUM(total) AS tp_sum FROM `dd_mch_order` WHERE `mch_id` = 0 LIMIT 1   [ RunTime:0.0000s ]
SQL: SELECT SUM(total) AS tp_sum FROM `dd_mch_order` WHERE `status` > 1 LIMIT 1   [ RunTime:0.0000s ]
SQL: SELECT SUM(wxpay) AS tp_sum FROM `dd_mch_order` WHERE `mch_id` = 0 LIMIT 1   [ RunTime:0.0000s ]
SQL: SELECT SUM(moneypay) AS tp_sum FROM `dd_mch_order` WHERE `mch_id` = 0 LIMIT 1   [ RunTime:0.0000s ]
SQL: SELECT SUM(pointspay) AS tp_sum FROM `dd_mch_order` WHERE `mch_id` = 0 LIMIT 1   [ RunTime:0.0000s ]
SQL: SELECT SUM(cxpointspay) AS tp_sum FROM `dd_mch_order` WHERE `mch_id` = 0 LIMIT 1   [ RunTime:0.0000s ]
SQL: SELECT COUNT(*) AS tp_count FROM `dd_mch_order` WHERE `mch_id` = 0 LIMIT 1   [ RunTime:0.0000s ]
NOTIC: [8] Undefined variable: order E:\phpStudy\WWW\0601\Application\Admin\Controller\OrderController.class.php 第 36 行.
SQL: SELECT * FROM `dd_mch_order` WHERE `mch_id` = 0 ORDER BY id desc LIMIT 0,25   [ RunTime:0.0000s ]
SQL: SHOW COLUMNS FROM `dd_cart` [ RunTime:0.0000s ]
SQL: SELECT * FROM `dd_cart` WHERE `id` IN ('177')  [ RunTime:0.0000s ]
SQL: SHOW COLUMNS FROM `dd_product` [ RunTime:0.0000s ]
SQL: SELECT * FROM `dd_product` WHERE `id` = 45 LIMIT 1   [ RunTime:0.0000s ]
SQL: SELECT * FROM `dd_cart` WHERE `id` IN ('175')  [ RunTime:0.0000s ]
SQL: SELECT * FROM `dd_product` WHERE `id` = 45 LIMIT 1   [ RunTime:0.0000s ]
SQL: SELECT * FROM `dd_cart` WHERE `id` IN ('174')  [ RunTime:0.0000s ]
SQL: SELECT * FROM `dd_product` WHERE `id` = 45 LIMIT 1   [ RunTime:0.0000s ]
SQL: SELECT * FROM `dd_cart` WHERE `id` IN ('173')  [ RunTime:0.0000s ]
SQL: SELECT * FROM `dd_product` WHERE `id` = 45 LIMIT 1   [ RunTime:0.0000s ]
SQL: SELECT * FROM `dd_cart` WHERE `id` IN ('155')  [ RunTime:0.0000s ]
SQL: SELECT * FROM `dd_product` WHERE `id` = 18 LIMIT 1   [ RunTime:0.0000s ]
SQL: SELECT * FROM `dd_cart` WHERE `id` IN ('119')  [ RunTime:0.0000s ]
SQL: SELECT * FROM `dd_product` WHERE `id` = 18 LIMIT 1   [ RunTime:0.0000s ]
SQL: SELECT * FROM `dd_cart` WHERE `id` IN ('110')  [ RunTime:0.0000s ]
SQL: SELECT * FROM `dd_product` WHERE `id` = 18 LIMIT 1   [ RunTime:0.0000s ]
SQL: SELECT * FROM `dd_cart` WHERE `id` IN ('109')  [ RunTime:0.0000s ]
SQL: SELECT * FROM `dd_product` WHERE `id` = 18 LIMIT 1   [ RunTime:0.0000s ]
SQL: SELECT * FROM `dd_cart` WHERE `id` IN ('98')  [ RunTime:0.0000s ]
SQL: SELECT * FROM `dd_product` WHERE `id` = 18 LIMIT 1   [ RunTime:0.0000s ]
SQL: SELECT * FROM `dd_cart` WHERE `id` IN ('95')  [ RunTime:0.0000s ]
SQL: SELECT * FROM `dd_product` WHERE `id` = 18 LIMIT 1   [ RunTime:0.0000s ]
SQL: SELECT * FROM `dd_cart` WHERE `id` IN ('78')  [ RunTime:0.0000s ]
SQL: SELECT * FROM `dd_product` WHERE `id` = 18 LIMIT 1   [ RunTime:0.0000s ]
SQL: SELECT * FROM `dd_cart` WHERE `id` IN ('74')  [ RunTime:0.0156s ]
SQL: SELECT * FROM `dd_product` WHERE `id` = 18 LIMIT 1   [ RunTime:0.0000s ]
SQL: SELECT * FROM `dd_cart` WHERE `id` IN ('52')  [ RunTime:0.0000s ]
SQL: SELECT * FROM `dd_product` WHERE `id` = 18 LIMIT 1   [ RunTime:0.0000s ]
SQL: SELECT * FROM `dd_cart` WHERE `id` IN ('51')  [ RunTime:0.0000s ]
SQL: SELECT * FROM `dd_product` WHERE `id` = 18 LIMIT 1   [ RunTime:0.0000s ]
SQL: SELECT * FROM `dd_cart` WHERE `id` IN ('39')  [ RunTime:0.0000s ]
SQL: SELECT * FROM `dd_product` WHERE `id` = 18 LIMIT 1   [ RunTime:0.0000s ]
SQL: SELECT * FROM `dd_cart` WHERE `id` IN ('36')  [ RunTime:0.0000s ]
SQL: SELECT * FROM `dd_product` WHERE `id` = 18 LIMIT 1   [ RunTime:0.0000s ]
SQL: SELECT * FROM `dd_cart` WHERE `id` IN ('32')  [ RunTime:0.0000s ]
SQL: SELECT * FROM `dd_product` WHERE `id` = 18 LIMIT 1   [ RunTime:0.0000s ]
SQL: SELECT * FROM `dd_cart` WHERE `id` IN ('31')  [ RunTime:0.0000s ]
SQL: SELECT * FROM `dd_product` WHERE `id` = 18 LIMIT 1   [ RunTime:0.0000s ]
SQL: SELECT * FROM `dd_cart` WHERE `id` IN ('30')  [ RunTime:0.0000s ]
SQL: SELECT * FROM `dd_product` WHERE `id` = 18 LIMIT 1   [ RunTime:0.0000s ]
SQL: SELECT * FROM `dd_cart` WHERE `id` IN ('29')  [ RunTime:0.0000s ]
SQL: SELECT * FROM `dd_product` WHERE `id` = 18 LIMIT 1   [ RunTime:0.0000s ]
SQL: SELECT * FROM `dd_cart` WHERE `id` IN ('28')  [ RunTime:0.0000s ]
SQL: SELECT * FROM `dd_product` WHERE `id` = 18 LIMIT 1   [ RunTime:0.0000s ]
SQL: SELECT * FROM `dd_cart` WHERE `id` IN ('27')  [ RunTime:0.0000s ]
SQL: SELECT * FROM `dd_product` WHERE `id` = 18 LIMIT 1   [ RunTime:0.0000s ]
SQL: SELECT * FROM `dd_cart` WHERE `id` IN ('26')  [ RunTime:0.0000s ]
SQL: SELECT * FROM `dd_product` WHERE `id` = 18 LIMIT 1   [ RunTime:0.0000s ]
SQL: SELECT * FROM `dd_cart` WHERE `id` IN ('25')  [ RunTime:0.0000s ]
SQL: SELECT * FROM `dd_product` WHERE `id` = 18 LIMIT 1   [ RunTime:0.0000s ]
SQL: SELECT * FROM `dd_cart` WHERE `id` IN ('24')  [ RunTime:0.0000s ]
SQL: SELECT * FROM `dd_product` WHERE `id` = 18 LIMIT 1   [ RunTime:0.0000s ]
INFO: [ view_parse ] --START--
INFO: [ template_filter ] --START--
INFO: Run Behavior\ContentReplaceBehavior [ RunTime:0.000000s ]
INFO: [ template_filter ] --END-- [ RunTime:0.000000s ]
NOTIC: [8] Use of undefined constant id - assumed 'id' E:\phpStudy\WWW\0601\Application\Runtime\Cache\Admin\18bc66a7b6334412ab8e61a2539ecfbd.php 第 182 行.
NOTIC: [8] Use of undefined constant id - assumed 'id' E:\phpStudy\WWW\0601\Application\Runtime\Cache\Admin\18bc66a7b6334412ab8e61a2539ecfbd.php 第 187 行.
NOTIC: [8] Use of undefined constant id - assumed 'id' E:\phpStudy\WWW\0601\Application\Runtime\Cache\Admin\18bc66a7b6334412ab8e61a2539ecfbd.php 第 182 行.
NOTIC: [8] Use of undefined constant id - assumed 'id' E:\phpStudy\WWW\0601\Application\Runtime\Cache\Admin\18bc66a7b6334412ab8e61a2539ecfbd.php 第 187 行.
NOTIC: [8] Use of undefined constant id - assumed 'id' E:\phpStudy\WWW\0601\Application\Runtime\Cache\Admin\18bc66a7b6334412ab8e61a2539ecfbd.php 第 182 行.
NOTIC: [8] Use of undefined constant id - assumed 'id' E:\phpStudy\WWW\0601\Application\Runtime\Cache\Admin\18bc66a7b6334412ab8e61a2539ecfbd.php 第 187 行.
NOTIC: [8] Use of undefined constant id - assumed 'id' E:\phpStudy\WWW\0601\Application\Runtime\Cache\Admin\18bc66a7b6334412ab8e61a2539ecfbd.php 第 182 行.
NOTIC: [8] Use of undefined constant id - assumed 'id' E:\phpStudy\WWW\0601\Application\Runtime\Cache\Admin\18bc66a7b6334412ab8e61a2539ecfbd.php 第 187 行.
NOTIC: [8] Use of undefined constant id - assumed 'id' E:\phpStudy\WWW\0601\Application\Runtime\Cache\Admin\18bc66a7b6334412ab8e61a2539ecfbd.php 第 182 行.
NOTIC: [8] Use of undefined constant id - assumed 'id' E:\phpStudy\WWW\0601\Application\Runtime\Cache\Admin\18bc66a7b6334412ab8e61a2539ecfbd.php 第 187 行.
NOTIC: [8] Use of undefined constant id - assumed 'id' E:\phpStudy\WWW\0601\Application\Runtime\Cache\Admin\18bc66a7b6334412ab8e61a2539ecfbd.php 第 182 行.
NOTIC: [8] Use of undefined constant id - assumed 'id' E:\phpStudy\WWW\0601\Application\Runtime\Cache\Admin\18bc66a7b6334412ab8e61a2539ecfbd.php 第 187 行.
NOTIC: [8] Undefined index: status E:\phpStudy\WWW\0601\Application\Runtime\Cache\Admin\18bc66a7b6334412ab8e61a2539ecfbd.php 第 215 行.
NOTIC: [8] Undefined index: user_id E:\phpStudy\WWW\0601\Application\Runtime\Cache\Admin\18bc66a7b6334412ab8e61a2539ecfbd.php 第 226 行.
NOTIC: [8] Undefined index: sn E:\phpStudy\WWW\0601\Application\Runtime\Cache\Admin\18bc66a7b6334412ab8e61a2539ecfbd.php 第 228 行.
NOTIC: [8] Undefined index: time1 E:\phpStudy\WWW\0601\Application\Runtime\Cache\Admin\18bc66a7b6334412ab8e61a2539ecfbd.php 第 230 行.
NOTIC: [8] Undefined index: time2 E:\phpStudy\WWW\0601\Application\Runtime\Cache\Admin\18bc66a7b6334412ab8e61a2539ecfbd.php 第 232 行.
NOTIC: [8] Undefined index: status E:\phpStudy\WWW\0601\Application\Runtime\Cache\Admin\18bc66a7b6334412ab8e61a2539ecfbd.php 第 279 行.
INFO: Run Behavior\ParseTemplateBehavior [ RunTime:0.015625s ]
INFO: [ view_parse ] --END-- [ RunTime:0.015625s ]
INFO: [ view_filter ] --START--
INFO: Run Behavior\WriteHtmlCacheBehavior [ RunTime:0.000000s ]
INFO: [ view_filter ] --END-- [ RunTime:0.000000s ]
INFO: [ app_end ] --START--
INFO: Run Behavior\ShowPageTraceBehavior [ RunTime:0.000000s ]
INFO: [ app_end ] --END-- [ RunTime:0.000000s ]

[ 2017-08-31T09:24:00+08:00 ] 49.79.53.45 /admin.php?m=Admin&c=Order&a=index&mch=0
INFO: [ app_init ] --START--
INFO: Run Behavior\BuildLiteBehavior [ RunTime:0.000000s ]
INFO: [ app_init ] --END-- [ RunTime:0.000000s ]
INFO: [ app_begin ] --START--
INFO: Run Behavior\ReadHtmlCacheBehavior [ RunTime:0.000000s ]
INFO: [ app_begin ] --END-- [ RunTime:0.000000s ]
SQL: SHOW COLUMNS FROM `dd_config` [ RunTime:0.0000s ]
SQL: SELECT * FROM `dd_config`  [ RunTime:0.0000s ]
SQL: SHOW COLUMNS FROM `dd_role` [ RunTime:0.0000s ]
SQL: SELECT * FROM `dd_role` WHERE `id` = 1 LIMIT 1   [ RunTime:0.0000s ]
SQL: SHOW COLUMNS FROM `dd_menu` [ RunTime:0.0000s ]
SQL: SELECT * FROM `dd_menu` WHERE `status` = 1 AND `id` IN ('1','2','3','4','5','6','7','8','9','10','11','12','13','14','42','43','44','15','16','17','18','19','20','21','22','23','24','25','26','27','28','29','30','31','32','33','34','35','36','37','45') ORDER BY sort desc,id asc  [ RunTime:0.0000s ]
SQL: SHOW COLUMNS FROM `dd_mch_order` [ RunTime:0.0000s ]
SQL: SELECT COUNT(*) AS tp_count FROM `dd_mch_order` WHERE `user_id` = 10232 AND `mch_id` = 0 LIMIT 1   [ RunTime:0.0000s ]
SQL: SELECT COUNT(*) AS tp_count FROM `dd_mch_order` WHERE `user_id` = 10232 AND `status` > 1 LIMIT 1   [ RunTime:0.0000s ]
SQL: SELECT SUM(total) AS tp_sum FROM `dd_mch_order` WHERE `user_id` = 10232 AND `mch_id` = 0 LIMIT 1   [ RunTime:0.0000s ]
SQL: SELECT SUM(total) AS tp_sum FROM `dd_mch_order` WHERE `user_id` = 10232 AND `status` > 1 LIMIT 1   [ RunTime:0.0000s ]
SQL: SELECT SUM(wxpay) AS tp_sum FROM `dd_mch_order` WHERE `user_id` = 10232 AND `mch_id` = 0 LIMIT 1   [ RunTime:0.0000s ]
SQL: SELECT SUM(moneypay) AS tp_sum FROM `dd_mch_order` WHERE `user_id` = 10232 AND `mch_id` = 0 LIMIT 1   [ RunTime:0.0000s ]
SQL: SELECT SUM(pointspay) AS tp_sum FROM `dd_mch_order` WHERE `user_id` = 10232 AND `mch_id` = 0 LIMIT 1   [ RunTime:0.0000s ]
SQL: SELECT SUM(cxpointspay) AS tp_sum FROM `dd_mch_order` WHERE `user_id` = 10232 AND `mch_id` = 0 LIMIT 1   [ RunTime:0.0000s ]
SQL: SELECT COUNT(*) AS tp_count FROM `dd_mch_order` WHERE `user_id` = 10232 AND `mch_id` = 0 LIMIT 1   [ RunTime:0.0000s ]
NOTIC: [8] Undefined variable: order E:\phpStudy\WWW\0601\Application\Admin\Controller\OrderController.class.php 第 36 行.
SQL: SELECT * FROM `dd_mch_order` WHERE `user_id` = 10232 AND `mch_id` = 0 ORDER BY id desc LIMIT 0,25   [ RunTime:0.0000s ]
SQL: SHOW COLUMNS FROM `dd_cart` [ RunTime:0.0000s ]
SQL: SELECT * FROM `dd_cart` WHERE `id` IN ('175')  [ RunTime:0.0000s ]
SQL: SHOW COLUMNS FROM `dd_product` [ RunTime:0.0156s ]
SQL: SELECT * FROM `dd_product` WHERE `id` = 45 LIMIT 1   [ RunTime:0.0000s ]
INFO: [ view_parse ] --START--
INFO: [ template_filter ] --START--
INFO: Run Behavior\ContentReplaceBehavior [ RunTime:0.000000s ]
INFO: [ template_filter ] --END-- [ RunTime:0.000000s ]
NOTIC: [8] Use of undefined constant id - assumed 'id' E:\phpStudy\WWW\0601\Application\Runtime\Cache\Admin\18bc66a7b6334412ab8e61a2539ecfbd.php 第 182 行.
NOTIC: [8] Use of undefined constant id - assumed 'id' E:\phpStudy\WWW\0601\Application\Runtime\Cache\Admin\18bc66a7b6334412ab8e61a2539ecfbd.php 第 187 行.
NOTIC: [8] Use of undefined constant id - assumed 'id' E:\phpStudy\WWW\0601\Application\Runtime\Cache\Admin\18bc66a7b6334412ab8e61a2539ecfbd.php 第 182 行.
NOTIC: [8] Use of undefined constant id - assumed 'id' E:\phpStudy\WWW\0601\Application\Runtime\Cache\Admin\18bc66a7b6334412ab8e61a2539ecfbd.php 第 187 行.
NOTIC: [8] Use of undefined constant id - assumed 'id' E:\phpStudy\WWW\0601\Application\Runtime\Cache\Admin\18bc66a7b6334412ab8e61a2539ecfbd.php 第 182 行.
NOTIC: [8] Use of undefined constant id - assumed 'id' E:\phpStudy\WWW\0601\Application\Runtime\Cache\Admin\18bc66a7b6334412ab8e61a2539ecfbd.php 第 187 行.
NOTIC: [8] Use of undefined constant id - assumed 'id' E:\phpStudy\WWW\0601\Application\Runtime\Cache\Admin\18bc66a7b6334412ab8e61a2539ecfbd.php 第 182 行.
NOTIC: [8] Use of undefined constant id - assumed 'id' E:\phpStudy\WWW\0601\Application\Runtime\Cache\Admin\18bc66a7b6334412ab8e61a2539ecfbd.php 第 187 行.
NOTIC: [8] Use of undefined constant id - assumed 'id' E:\phpStudy\WWW\0601\Application\Runtime\Cache\Admin\18bc66a7b6334412ab8e61a2539ecfbd.php 第 182 行.
NOTIC: [8] Use of undefined constant id - assumed 'id' E:\phpStudy\WWW\0601\Application\Runtime\Cache\Admin\18bc66a7b6334412ab8e61a2539ecfbd.php 第 187 行.
NOTIC: [8] Use of undefined constant id - assumed 'id' E:\phpStudy\WWW\0601\Application\Runtime\Cache\Admin\18bc66a7b6334412ab8e61a2539ecfbd.php 第 182 行.
NOTIC: [8] Use of undefined constant id - assumed 'id' E:\phpStudy\WWW\0601\Application\Runtime\Cache\Admin\18bc66a7b6334412ab8e61a2539ecfbd.php 第 187 行.
INFO: Run Behavior\ParseTemplateBehavior [ RunTime:0.000000s ]
INFO: [ view_parse ] --END-- [ RunTime:0.000000s ]
INFO: [ view_filter ] --START--
INFO: Run Behavior\WriteHtmlCacheBehavior [ RunTime:0.000000s ]
INFO: [ view_filter ] --END-- [ RunTime:0.000000s ]
INFO: [ app_end ] --START--
INFO: Run Behavior\ShowPageTraceBehavior [ RunTime:0.015625s ]
INFO: [ app_end ] --END-- [ RunTime:0.015625s ]

[ 2017-08-31T09:24:02+08:00 ] 101.226.89.122 /admin.php?m=Admin&c=Order&a=index&mch=0
INFO: [ app_init ] --START--
INFO: Run Behavior\BuildLiteBehavior [ RunTime:0.000000s ]
INFO: [ app_init ] --END-- [ RunTime:0.000000s ]
INFO: [ app_begin ] --START--
INFO: Run Behavior\ReadHtmlCacheBehavior [ RunTime:0.000000s ]
INFO: [ app_begin ] --END-- [ RunTime:0.000000s ]
INFO: [ view_parse ] --START--
INFO: [ template_filter ] --START--
INFO: Run Behavior\ContentReplaceBehavior [ RunTime:0.000000s ]
INFO: [ template_filter ] --END-- [ RunTime:0.000000s ]
INFO: Run Behavior\ParseTemplateBehavior [ RunTime:0.015625s ]
INFO: [ view_parse ] --END-- [ RunTime:0.015625s ]
INFO: [ view_filter ] --START--
INFO: Run Behavior\WriteHtmlCacheBehavior [ RunTime:0.000000s ]
INFO: [ view_filter ] --END-- [ RunTime:0.000000s ]

[ 2017-08-31T09:24:04+08:00 ] 49.79.53.45 /admin.php?m=Admin&c=Order&a=detail&id=113
INFO: [ app_init ] --START--
INFO: Run Behavior\BuildLiteBehavior [ RunTime:0.000000s ]
INFO: [ app_init ] --END-- [ RunTime:0.000000s ]
INFO: [ app_begin ] --START--
INFO: Run Behavior\ReadHtmlCacheBehavior [ RunTime:0.000000s ]
INFO: [ app_begin ] --END-- [ RunTime:0.000000s ]
SQL: SHOW COLUMNS FROM `dd_config` [ RunTime:0.0000s ]
SQL: SELECT * FROM `dd_config`  [ RunTime:0.0000s ]
SQL: SHOW COLUMNS FROM `dd_role` [ RunTime:0.0000s ]
SQL: SELECT * FROM `dd_role` WHERE `id` = 1 LIMIT 1   [ RunTime:0.0000s ]
SQL: SHOW COLUMNS FROM `dd_menu` [ RunTime:0.0000s ]
SQL: SELECT * FROM `dd_menu` WHERE `status` = 1 AND `id` IN ('1','2','3','4','5','6','7','8','9','10','11','12','13','14','42','43','44','15','16','17','18','19','20','21','22','23','24','25','26','27','28','29','30','31','32','33','34','35','36','37','45') ORDER BY sort desc,id asc  [ RunTime:0.0000s ]
SQL: SHOW COLUMNS FROM `dd_mch_order` [ RunTime:0.0000s ]
SQL: SELECT * FROM `dd_mch_order` WHERE `id` = 113 LIMIT 1   [ RunTime:0.0000s ]
SQL: SHOW COLUMNS FROM `dd_cart` [ RunTime:0.0000s ]
SQL: SELECT * FROM `dd_cart` WHERE `id` IN ('175') AND `is_zq` = 1  [ RunTime:0.0000s ]
SQL: SELECT * FROM `dd_cart` WHERE `id` IN ('175') AND `is_zq` = 0  [ RunTime:0.0000s ]
INFO: [ view_parse ] --START--
INFO: [ template_filter ] --START--
INFO: Run Behavior\ContentReplaceBehavior [ RunTime:0.000000s ]
INFO: [ template_filter ] --END-- [ RunTime:0.000000s ]
NOTIC: [8] Use of undefined constant id - assumed 'id' E:\phpStudy\WWW\0601\Application\Runtime\Cache\Admin\badcf48b869e2273f2c1c9046770822d.php 第 182 行.
NOTIC: [8] Use of undefined constant id - assumed 'id' E:\phpStudy\WWW\0601\Application\Runtime\Cache\Admin\badcf48b869e2273f2c1c9046770822d.php 第 187 行.
NOTIC: [8] Use of undefined constant id - assumed 'id' E:\phpStudy\WWW\0601\Application\Runtime\Cache\Admin\badcf48b869e2273f2c1c9046770822d.php 第 182 行.
NOTIC: [8] Use of undefined constant id - assumed 'id' E:\phpStudy\WWW\0601\Application\Runtime\Cache\Admin\badcf48b869e2273f2c1c9046770822d.php 第 187 行.
NOTIC: [8] Use of undefined constant id - assumed 'id' E:\phpStudy\WWW\0601\Application\Runtime\Cache\Admin\badcf48b869e2273f2c1c9046770822d.php 第 182 行.
NOTIC: [8] Use of undefined constant id - assumed 'id' E:\phpStudy\WWW\0601\Application\Runtime\Cache\Admin\badcf48b869e2273f2c1c9046770822d.php 第 187 行.
NOTIC: [8] Use of undefined constant id - assumed 'id' E:\phpStudy\WWW\0601\Application\Runtime\Cache\Admin\badcf48b869e2273f2c1c9046770822d.php 第 182 行.
NOTIC: [8] Use of undefined constant id - assumed 'id' E:\phpStudy\WWW\0601\Application\Runtime\Cache\Admin\badcf48b869e2273f2c1c9046770822d.php 第 187 行.
NOTIC: [8] Use of undefined constant id - assumed 'id' E:\phpStudy\WWW\0601\Application\Runtime\Cache\Admin\badcf48b869e2273f2c1c9046770822d.php 第 182 行.
NOTIC: [8] Use of undefined constant id - assumed 'id' E:\phpStudy\WWW\0601\Application\Runtime\Cache\Admin\badcf48b869e2273f2c1c9046770822d.php 第 187 行.
NOTIC: [8] Use of undefined constant id - assumed 'id' E:\phpStudy\WWW\0601\Application\Runtime\Cache\Admin\badcf48b869e2273f2c1c9046770822d.php 第 182 行.
NOTIC: [8] Use of undefined constant id - assumed 'id' E:\phpStudy\WWW\0601\Application\Runtime\Cache\Admin\badcf48b869e2273f2c1c9046770822d.php 第 187 行.
INFO: Run Behavior\ParseTemplateBehavior [ RunTime:0.015625s ]
INFO: [ view_parse ] --END-- [ RunTime:0.015625s ]
INFO: [ view_filter ] --START--
INFO: Run Behavior\WriteHtmlCacheBehavior [ RunTime:0.000000s ]
INFO: [ view_filter ] --END-- [ RunTime:0.000000s ]
INFO: [ app_end ] --START--
INFO: Run Behavior\ShowPageTraceBehavior [ RunTime:0.000000s ]
INFO: [ app_end ] --END-- [ RunTime:0.000000s ]

[ 2017-08-31T09:24:12+08:00 ] 101.226.66.173 /admin.php?m=Admin&c=Order&a=detail&id=113
INFO: [ app_init ] --START--
INFO: Run Behavior\BuildLiteBehavior [ RunTime:0.000000s ]
INFO: [ app_init ] --END-- [ RunTime:0.000000s ]
INFO: [ app_begin ] --START--
INFO: Run Behavior\ReadHtmlCacheBehavior [ RunTime:0.000000s ]
INFO: [ app_begin ] --END-- [ RunTime:0.000000s ]
INFO: [ view_parse ] --START--
INFO: [ template_filter ] --START--
INFO: Run Behavior\ContentReplaceBehavior [ RunTime:0.000000s ]
INFO: [ template_filter ] --END-- [ RunTime:0.000000s ]
INFO: Run Behavior\ParseTemplateBehavior [ RunTime:0.000000s ]
INFO: [ view_parse ] --END-- [ RunTime:0.000000s ]
INFO: [ view_filter ] --START--
INFO: Run Behavior\WriteHtmlCacheBehavior [ RunTime:0.000000s ]
INFO: [ view_filter ] --END-- [ RunTime:0.000000s ]

[ 2017-08-31T09:24:54+08:00 ] 49.79.53.45 /admin.php?m=Admin&c=Order&a=index&mch=1
INFO: [ app_init ] --START--
INFO: Run Behavior\BuildLiteBehavior [ RunTime:0.000000s ]
INFO: [ app_init ] --END-- [ RunTime:0.000000s ]
INFO: [ app_begin ] --START--
INFO: Run Behavior\ReadHtmlCacheBehavior [ RunTime:0.000000s ]
INFO: [ app_begin ] --END-- [ RunTime:0.000000s ]
SQL: SHOW COLUMNS FROM `dd_config` [ RunTime:0.0000s ]
SQL: SELECT * FROM `dd_config`  [ RunTime:0.0000s ]
SQL: SHOW COLUMNS FROM `dd_role` [ RunTime:0.0000s ]
SQL: SELECT * FROM `dd_role` WHERE `id` = 1 LIMIT 1   [ RunTime:0.0000s ]
SQL: SHOW COLUMNS FROM `dd_menu` [ RunTime:0.0000s ]
SQL: SELECT * FROM `dd_menu` WHERE `status` = 1 AND `id` IN ('1','2','3','4','5','6','7','8','9','10','11','12','13','14','42','43','44','15','16','17','18','19','20','21','22','23','24','25','26','27','28','29','30','31','32','33','34','35','36','37','45') ORDER BY sort desc,id asc  [ RunTime:0.0000s ]
NOTIC: [8] Undefined variable: where E:\phpStudy\WWW\0601\Application\Admin\Controller\OrderController.class.php 第 80 行.
SQL: SHOW COLUMNS FROM `dd_mch_order` [ RunTime:0.0000s ]
SQL: SELECT COUNT(*) AS tp_count FROM `dd_mch_order` WHERE `mch_id` > 1 LIMIT 1   [ RunTime:0.0000s ]
SQL: SELECT COUNT(*) AS tp_count FROM `dd_mch_order` WHERE `status` > 1 LIMIT 1   [ RunTime:0.0000s ]
SQL: SELECT SUM(total) AS tp_sum FROM `dd_mch_order` WHERE `mch_id` > 1 LIMIT 1   [ RunTime:0.0000s ]
SQL: SELECT SUM(total) AS tp_sum FROM `dd_mch_order` WHERE `status` > 1 LIMIT 1   [ RunTime:0.0000s ]
SQL: SELECT SUM(wxpay) AS tp_sum FROM `dd_mch_order` WHERE `mch_id` > 1 LIMIT 1   [ RunTime:0.0000s ]
SQL: SELECT SUM(moneypay) AS tp_sum FROM `dd_mch_order` WHERE `mch_id` > 1 LIMIT 1   [ RunTime:0.0000s ]
SQL: SELECT SUM(pointspay) AS tp_sum FROM `dd_mch_order` WHERE `mch_id` > 1 LIMIT 1   [ RunTime:0.0000s ]
SQL: SELECT SUM(cxpointspay) AS tp_sum FROM `dd_mch_order` WHERE `mch_id` > 1 LIMIT 1   [ RunTime:0.0000s ]
SQL: SELECT COUNT(*) AS tp_count FROM `dd_mch_order` WHERE `mch_id` > 1 LIMIT 1   [ RunTime:0.0000s ]
NOTIC: [8] Undefined variable: order E:\phpStudy\WWW\0601\Application\Admin\Controller\OrderController.class.php 第 36 行.
SQL: SELECT * FROM `dd_mch_order` WHERE `mch_id` > 1 ORDER BY id desc LIMIT 0,25   [ RunTime:0.0000s ]
SQL: SHOW COLUMNS FROM `dd_cart` [ RunTime:0.0000s ]
SQL: SELECT * FROM `dd_cart` WHERE `id` IN ('265')  [ RunTime:0.0000s ]
SQL: SHOW COLUMNS FROM `dd_product` [ RunTime:0.0000s ]
SQL: SELECT * FROM `dd_product` WHERE `id` = 53 LIMIT 1   [ RunTime:0.0000s ]
SQL: SELECT * FROM `dd_cart` WHERE `id` IN ('307')  [ RunTime:0.0000s ]
SQL: SELECT * FROM `dd_product` WHERE `id` = 48 LIMIT 1   [ RunTime:0.0000s ]
SQL: SELECT * FROM `dd_cart` WHERE `id` IN ('305')  [ RunTime:0.0000s ]
SQL: SELECT * FROM `dd_product` WHERE `id` = 73 LIMIT 1   [ RunTime:0.0000s ]
SQL: SELECT * FROM `dd_cart` WHERE `id` IN ('301')  [ RunTime:0.0000s ]
SQL: SELECT * FROM `dd_product` WHERE `id` = 71 LIMIT 1   [ RunTime:0.0000s ]
SQL: SELECT * FROM `dd_cart` WHERE `id` IN ('298','299')  [ RunTime:0.0000s ]
SQL: SELECT * FROM `dd_product` WHERE `id` = 71 LIMIT 1   [ RunTime:0.0000s ]
SQL: SELECT * FROM `dd_product` WHERE `id` = 44 LIMIT 1   [ RunTime:0.0000s ]
SQL: SELECT * FROM `dd_cart` WHERE `id` IN ('300')  [ RunTime:0.0000s ]
SQL: SELECT * FROM `dd_product` WHERE `id` = 72 LIMIT 1   [ RunTime:0.0000s ]
SQL: SELECT * FROM `dd_cart` WHERE `id` IN ('296')  [ RunTime:0.0000s ]
SQL: SELECT * FROM `dd_product` WHERE `id` = 72 LIMIT 1   [ RunTime:0.0000s ]
SQL: SELECT * FROM `dd_cart` WHERE `id` IN ('294')  [ RunTime:0.0000s ]
SQL: SELECT * FROM `dd_product` WHERE `id` = 72 LIMIT 1   [ RunTime:0.0000s ]
SQL: SELECT * FROM `dd_cart` WHERE `id` IN ('295')  [ RunTime:0.0000s ]
SQL: SELECT * FROM `dd_product` WHERE `id` = 71 LIMIT 1   [ RunTime:0.0000s ]
SQL: SELECT * FROM `dd_cart` WHERE `id` IN ('293')  [ RunTime:0.0000s ]
SQL: SELECT * FROM `dd_product` WHERE `id` = 71 LIMIT 1   [ RunTime:0.0000s ]
SQL: SELECT * FROM `dd_cart` WHERE `id` IN ('289')  [ RunTime:0.0000s ]
SQL: SELECT * FROM `dd_product` WHERE `id` = 49 LIMIT 1   [ RunTime:0.0000s ]
SQL: SELECT * FROM `dd_cart` WHERE `id` IN ('288')  [ RunTime:0.0000s ]
SQL: SELECT * FROM `dd_product` WHERE `id` = 48 LIMIT 1   [ RunTime:0.0000s ]
SQL: SELECT * FROM `dd_cart` WHERE `id` IN ('275')  [ RunTime:0.0000s ]
SQL: SELECT * FROM `dd_product` WHERE `id` = 66 LIMIT 1   [ RunTime:0.0000s ]
SQL: SELECT * FROM `dd_cart` WHERE `id` IN ('272')  [ RunTime:0.0000s ]
SQL: SELECT * FROM `dd_product` WHERE `id` = 65 LIMIT 1   [ RunTime:0.0000s ]
SQL: SELECT * FROM `dd_cart` WHERE `id` IN ('271')  [ RunTime:0.0000s ]
SQL: SELECT * FROM `dd_product` WHERE `id` = 65 LIMIT 1   [ RunTime:0.0000s ]
SQL: SELECT * FROM `dd_cart` WHERE `id` IN ('268')  [ RunTime:0.0000s ]
SQL: SELECT * FROM `dd_product` WHERE `id` = 64 LIMIT 1   [ RunTime:0.0000s ]
SQL: SELECT * FROM `dd_cart` WHERE `id` IN ('267')  [ RunTime:0.0000s ]
SQL: SELECT * FROM `dd_product` WHERE `id` = 64 LIMIT 1   [ RunTime:0.0000s ]
SQL: SELECT * FROM `dd_cart` WHERE `id` IN ('264')  [ RunTime:0.0000s ]
SQL: SELECT * FROM `dd_product` WHERE `id` = 53 LIMIT 1   [ RunTime:0.0000s ]
SQL: SELECT * FROM `dd_cart` WHERE `id` IN ('262')  [ RunTime:0.0000s ]
SQL: SELECT * FROM `dd_product` WHERE `id` = 62 LIMIT 1   [ RunTime:0.0000s ]
SQL: SELECT * FROM `dd_cart` WHERE `id` IN ('253','255')  [ RunTime:0.0000s ]
SQL: SELECT * FROM `dd_product` WHERE `id` = 60 LIMIT 1   [ RunTime:0.0000s ]
SQL: SELECT * FROM `dd_product` WHERE `id` = 26 LIMIT 1   [ RunTime:0.0000s ]
SQL: SELECT * FROM `dd_cart` WHERE `id` IN ('252')  [ RunTime:0.0000s ]
SQL: SELECT * FROM `dd_product` WHERE `id` = 60 LIMIT 1   [ RunTime:0.0000s ]
SQL: SELECT * FROM `dd_cart` WHERE `id` IN ('246')  [ RunTime:0.0000s ]
SQL: SELECT * FROM `dd_product` WHERE `id` = 53 LIMIT 1   [ RunTime:0.0000s ]
SQL: SELECT * FROM `dd_cart` WHERE `id` IN ('245')  [ RunTime:0.0000s ]
SQL: SELECT * FROM `dd_product` WHERE `id` = 53 LIMIT 1   [ RunTime:0.0000s ]
SQL: SELECT * FROM `dd_cart` WHERE `id` IN ('243')  [ RunTime:0.0000s ]
SQL: SELECT * FROM `dd_product` WHERE `id` = 53 LIMIT 1   [ RunTime:0.0000s ]
SQL: SELECT * FROM `dd_cart` WHERE `id` IN ('242')  [ RunTime:0.0000s ]
SQL: SELECT * FROM `dd_product` WHERE `id` = 51 LIMIT 1   [ RunTime:0.0000s ]
INFO: [ view_parse ] --START--
INFO: [ template_filter ] --START--
INFO: Run Behavior\ContentReplaceBehavior [ RunTime:0.000000s ]
INFO: [ template_filter ] --END-- [ RunTime:0.000000s ]
NOTIC: [8] Use of undefined constant id - assumed 'id' E:\phpStudy\WWW\0601\Application\Runtime\Cache\Admin\18bc66a7b6334412ab8e61a2539ecfbd.php 第 182 行.
NOTIC: [8] Use of undefined constant id - assumed 'id' E:\phpStudy\WWW\0601\Application\Runtime\Cache\Admin\18bc66a7b6334412ab8e61a2539ecfbd.php 第 187 行.
NOTIC: [8] Use of undefined constant id - assumed 'id' E:\phpStudy\WWW\0601\Application\Runtime\Cache\Admin\18bc66a7b6334412ab8e61a2539ecfbd.php 第 182 行.
NOTIC: [8] Use of undefined constant id - assumed 'id' E:\phpStudy\WWW\0601\Application\Runtime\Cache\Admin\18bc66a7b6334412ab8e61a2539ecfbd.php 第 187 行.
NOTIC: [8] Use of undefined constant id - assumed 'id' E:\phpStudy\WWW\0601\Application\Runtime\Cache\Admin\18bc66a7b6334412ab8e61a2539ecfbd.php 第 182 行.
NOTIC: [8] Use of undefined constant id - assumed 'id' E:\phpStudy\WWW\0601\Application\Runtime\Cache\Admin\18bc66a7b6334412ab8e61a2539ecfbd.php 第 187 行.
NOTIC: [8] Use of undefined constant id - assumed 'id' E:\phpStudy\WWW\0601\Application\Runtime\Cache\Admin\18bc66a7b6334412ab8e61a2539ecfbd.php 第 182 行.
NOTIC: [8] Use of undefined constant id - assumed 'id' E:\phpStudy\WWW\0601\Application\Runtime\Cache\Admin\18bc66a7b6334412ab8e61a2539ecfbd.php 第 187 行.
NOTIC: [8] Use of undefined constant id - assumed 'id' E:\phpStudy\WWW\0601\Application\Runtime\Cache\Admin\18bc66a7b6334412ab8e61a2539ecfbd.php 第 182 行.
NOTIC: [8] Use of undefined constant id - assumed 'id' E:\phpStudy\WWW\0601\Application\Runtime\Cache\Admin\18bc66a7b6334412ab8e61a2539ecfbd.php 第 187 行.
NOTIC: [8] Use of undefined constant id - assumed 'id' E:\phpStudy\WWW\0601\Application\Runtime\Cache\Admin\18bc66a7b6334412ab8e61a2539ecfbd.php 第 182 行.
NOTIC: [8] Use of undefined constant id - assumed 'id' E:\phpStudy\WWW\0601\Application\Runtime\Cache\Admin\18bc66a7b6334412ab8e61a2539ecfbd.php 第 187 行.
NOTIC: [8] Undefined index: status E:\phpStudy\WWW\0601\Application\Runtime\Cache\Admin\18bc66a7b6334412ab8e61a2539ecfbd.php 第 215 行.
NOTIC: [8] Undefined index: user_id E:\phpStudy\WWW\0601\Application\Runtime\Cache\Admin\18bc66a7b6334412ab8e61a2539ecfbd.php 第 226 行.
NOTIC: [8] Undefined index: sn E:\phpStudy\WWW\0601\Application\Runtime\Cache\Admin\18bc66a7b6334412ab8e61a2539ecfbd.php 第 228 行.
NOTIC: [8] Undefined index: time1 E:\phpStudy\WWW\0601\Application\Runtime\Cache\Admin\18bc66a7b6334412ab8e61a2539ecfbd.php 第 230 行.
NOTIC: [8] Undefined index: time2 E:\phpStudy\WWW\0601\Application\Runtime\Cache\Admin\18bc66a7b6334412ab8e61a2539ecfbd.php 第 232 行.
NOTIC: [8] Undefined index: status E:\phpStudy\WWW\0601\Application\Runtime\Cache\Admin\18bc66a7b6334412ab8e61a2539ecfbd.php 第 279 行.
INFO: Run Behavior\ParseTemplateBehavior [ RunTime:0.015625s ]
INFO: [ view_parse ] --END-- [ RunTime:0.015625s ]
INFO: [ view_filter ] --START--
INFO: Run Behavior\WriteHtmlCacheBehavior [ RunTime:0.000000s ]
INFO: [ view_filter ] --END-- [ RunTime:0.000000s ]
INFO: [ app_end ] --START--
INFO: Run Behavior\ShowPageTraceBehavior [ RunTime:0.000000s ]
INFO: [ app_end ] --END-- [ RunTime:0.000000s ]

[ 2017-08-31T09:24:58+08:00 ] 49.79.53.45 /admin.php?m=Admin&c=Order&a=index&mch=1
INFO: [ app_init ] --START--
INFO: Run Behavior\BuildLiteBehavior [ RunTime:0.000000s ]
INFO: [ app_init ] --END-- [ RunTime:0.000000s ]
INFO: [ app_begin ] --START--
INFO: Run Behavior\ReadHtmlCacheBehavior [ RunTime:0.000000s ]
INFO: [ app_begin ] --END-- [ RunTime:0.000000s ]
SQL: SHOW COLUMNS FROM `dd_config` [ RunTime:0.0000s ]
SQL: SELECT * FROM `dd_config`  [ RunTime:0.0000s ]
SQL: SHOW COLUMNS FROM `dd_role` [ RunTime:0.0000s ]
SQL: SELECT * FROM `dd_role` WHERE `id` = 1 LIMIT 1   [ RunTime:0.0000s ]
SQL: SHOW COLUMNS FROM `dd_menu` [ RunTime:0.0000s ]
SQL: SELECT * FROM `dd_menu` WHERE `status` = 1 AND `id` IN ('1','2','3','4','5','6','7','8','9','10','11','12','13','14','42','43','44','15','16','17','18','19','20','21','22','23','24','25','26','27','28','29','30','31','32','33','34','35','36','37','45') ORDER BY sort desc,id asc  [ RunTime:0.0000s ]
SQL: SHOW COLUMNS FROM `dd_mch_order` [ RunTime:0.0156s ]
SQL: SELECT COUNT(*) AS tp_count FROM `dd_mch_order` WHERE `user_id` = 0 AND `mch_id` > 1 LIMIT 1   [ RunTime:0.0000s ]
SQL: SELECT COUNT(*) AS tp_count FROM `dd_mch_order` WHERE `user_id` = 0 AND `status` > 1 LIMIT 1   [ RunTime:0.0000s ]
SQL: SELECT SUM(total) AS tp_sum FROM `dd_mch_order` WHERE `user_id` = 0 AND `mch_id` > 1 LIMIT 1   [ RunTime:0.0000s ]
SQL: SELECT SUM(total) AS tp_sum FROM `dd_mch_order` WHERE `user_id` = 0 AND `status` > 1 LIMIT 1   [ RunTime:0.0000s ]
SQL: SELECT SUM(wxpay) AS tp_sum FROM `dd_mch_order` WHERE `user_id` = 0 AND `mch_id` > 1 LIMIT 1   [ RunTime:0.0000s ]
SQL: SELECT SUM(moneypay) AS tp_sum FROM `dd_mch_order` WHERE `user_id` = 0 AND `mch_id` > 1 LIMIT 1   [ RunTime:0.0000s ]
SQL: SELECT SUM(pointspay) AS tp_sum FROM `dd_mch_order` WHERE `user_id` = 0 AND `mch_id` > 1 LIMIT 1   [ RunTime:0.0000s ]
SQL: SELECT SUM(cxpointspay) AS tp_sum FROM `dd_mch_order` WHERE `user_id` = 0 AND `mch_id` > 1 LIMIT 1   [ RunTime:0.0000s ]
SQL: SELECT COUNT(*) AS tp_count FROM `dd_mch_order` WHERE `user_id` = 0 AND `mch_id` > 1 LIMIT 1   [ RunTime:0.0000s ]
NOTIC: [8] Undefined variable: order E:\phpStudy\WWW\0601\Application\Admin\Controller\OrderController.class.php 第 36 行.
SQL: SELECT * FROM `dd_mch_order` WHERE `user_id` = 0 AND `mch_id` > 1 ORDER BY id desc LIMIT 0,25   [ RunTime:0.0000s ]
INFO: [ view_parse ] --START--
INFO: [ template_filter ] --START--
INFO: Run Behavior\ContentReplaceBehavior [ RunTime:0.000000s ]
INFO: [ template_filter ] --END-- [ RunTime:0.000000s ]
NOTIC: [8] Use of undefined constant id - assumed 'id' E:\phpStudy\WWW\0601\Application\Runtime\Cache\Admin\18bc66a7b6334412ab8e61a2539ecfbd.php 第 182 行.
NOTIC: [8] Use of undefined constant id - assumed 'id' E:\phpStudy\WWW\0601\Application\Runtime\Cache\Admin\18bc66a7b6334412ab8e61a2539ecfbd.php 第 187 行.
NOTIC: [8] Use of undefined constant id - assumed 'id' E:\phpStudy\WWW\0601\Application\Runtime\Cache\Admin\18bc66a7b6334412ab8e61a2539ecfbd.php 第 182 行.
NOTIC: [8] Use of undefined constant id - assumed 'id' E:\phpStudy\WWW\0601\Application\Runtime\Cache\Admin\18bc66a7b6334412ab8e61a2539ecfbd.php 第 187 行.
NOTIC: [8] Use of undefined constant id - assumed 'id' E:\phpStudy\WWW\0601\Application\Runtime\Cache\Admin\18bc66a7b6334412ab8e61a2539ecfbd.php 第 182 行.
NOTIC: [8] Use of undefined constant id - assumed 'id' E:\phpStudy\WWW\0601\Application\Runtime\Cache\Admin\18bc66a7b6334412ab8e61a2539ecfbd.php 第 187 行.
NOTIC: [8] Use of undefined constant id - assumed 'id' E:\phpStudy\WWW\0601\Application\Runtime\Cache\Admin\18bc66a7b6334412ab8e61a2539ecfbd.php 第 182 行.
NOTIC: [8] Use of undefined constant id - assumed 'id' E:\phpStudy\WWW\0601\Application\Runtime\Cache\Admin\18bc66a7b6334412ab8e61a2539ecfbd.php 第 187 行.
NOTIC: [8] Use of undefined constant id - assumed 'id' E:\phpStudy\WWW\0601\Application\Runtime\Cache\Admin\18bc66a7b6334412ab8e61a2539ecfbd.php 第 182 行.
NOTIC: [8] Use of undefined constant id - assumed 'id' E:\phpStudy\WWW\0601\Application\Runtime\Cache\Admin\18bc66a7b6334412ab8e61a2539ecfbd.php 第 187 行.
NOTIC: [8] Use of undefined constant id - assumed 'id' E:\phpStudy\WWW\0601\Application\Runtime\Cache\Admin\18bc66a7b6334412ab8e61a2539ecfbd.php 第 182 行.
NOTIC: [8] Use of undefined constant id - assumed 'id' E:\phpStudy\WWW\0601\Application\Runtime\Cache\Admin\18bc66a7b6334412ab8e61a2539ecfbd.php 第 187 行.
INFO: Run Behavior\ParseTemplateBehavior [ RunTime:0.015625s ]
INFO: [ view_parse ] --END-- [ RunTime:0.015625s ]
INFO: [ view_filter ] --START--
INFO: Run Behavior\WriteHtmlCacheBehavior [ RunTime:0.000000s ]
INFO: [ view_filter ] --END-- [ RunTime:0.000000s ]
INFO: [ app_end ] --START--
INFO: Run Behavior\ShowPageTraceBehavior [ RunTime:0.000000s ]
INFO: [ app_end ] --END-- [ RunTime:0.000000s ]

[ 2017-08-31T09:25:02+08:00 ] 49.79.53.45 /admin.php?m=Admin&c=Order&a=index&mch=0
INFO: [ app_init ] --START--
INFO: Run Behavior\BuildLiteBehavior [ RunTime:0.000000s ]
INFO: [ app_init ] --END-- [ RunTime:0.000000s ]
INFO: [ app_begin ] --START--
INFO: Run Behavior\ReadHtmlCacheBehavior [ RunTime:0.000000s ]
INFO: [ app_begin ] --END-- [ RunTime:0.000000s ]
SQL: SHOW COLUMNS FROM `dd_config` [ RunTime:0.0000s ]
SQL: SELECT * FROM `dd_config`  [ RunTime:0.0000s ]
SQL: SHOW COLUMNS FROM `dd_role` [ RunTime:0.0000s ]
SQL: SELECT * FROM `dd_role` WHERE `id` = 1 LIMIT 1   [ RunTime:0.0000s ]
SQL: SHOW COLUMNS FROM `dd_menu` [ RunTime:0.0000s ]
SQL: SELECT * FROM `dd_menu` WHERE `status` = 1 AND `id` IN ('1','2','3','4','5','6','7','8','9','10','11','12','13','14','42','43','44','15','16','17','18','19','20','21','22','23','24','25','26','27','28','29','30','31','32','33','34','35','36','37','45') ORDER BY sort desc,id asc  [ RunTime:0.0000s ]
NOTIC: [8] Undefined variable: where E:\phpStudy\WWW\0601\Application\Admin\Controller\OrderController.class.php 第 80 行.
SQL: SHOW COLUMNS FROM `dd_mch_order` [ RunTime:0.0000s ]
SQL: SELECT COUNT(*) AS tp_count FROM `dd_mch_order` WHERE `mch_id` = 0 LIMIT 1   [ RunTime:0.0000s ]
SQL: SELECT COUNT(*) AS tp_count FROM `dd_mch_order` WHERE `status` > 1 LIMIT 1   [ RunTime:0.0000s ]
SQL: SELECT SUM(total) AS tp_sum FROM `dd_mch_order` WHERE `mch_id` = 0 LIMIT 1   [ RunTime:0.0000s ]
SQL: SELECT SUM(total) AS tp_sum FROM `dd_mch_order` WHERE `status` > 1 LIMIT 1   [ RunTime:0.0000s ]
SQL: SELECT SUM(wxpay) AS tp_sum FROM `dd_mch_order` WHERE `mch_id` = 0 LIMIT 1   [ RunTime:0.0000s ]
SQL: SELECT SUM(moneypay) AS tp_sum FROM `dd_mch_order` WHERE `mch_id` = 0 LIMIT 1   [ RunTime:0.0000s ]
SQL: SELECT SUM(pointspay) AS tp_sum FROM `dd_mch_order` WHERE `mch_id` = 0 LIMIT 1   [ RunTime:0.0000s ]
SQL: SELECT SUM(cxpointspay) AS tp_sum FROM `dd_mch_order` WHERE `mch_id` = 0 LIMIT 1   [ RunTime:0.0000s ]
SQL: SELECT COUNT(*) AS tp_count FROM `dd_mch_order` WHERE `mch_id` = 0 LIMIT 1   [ RunTime:0.0000s ]
NOTIC: [8] Undefined variable: order E:\phpStudy\WWW\0601\Application\Admin\Controller\OrderController.class.php 第 36 行.
SQL: SELECT * FROM `dd_mch_order` WHERE `mch_id` = 0 ORDER BY id desc LIMIT 0,25   [ RunTime:0.0000s ]
SQL: SHOW COLUMNS FROM `dd_cart` [ RunTime:0.0000s ]
SQL: SELECT * FROM `dd_cart` WHERE `id` IN ('177')  [ RunTime:0.0000s ]
SQL: SHOW COLUMNS FROM `dd_product` [ RunTime:0.0156s ]
SQL: SELECT * FROM `dd_product` WHERE `id` = 45 LIMIT 1   [ RunTime:0.0000s ]
SQL: SELECT * FROM `dd_cart` WHERE `id` IN ('175')  [ RunTime:0.0000s ]
SQL: SELECT * FROM `dd_product` WHERE `id` = 45 LIMIT 1   [ RunTime:0.0000s ]
SQL: SELECT * FROM `dd_cart` WHERE `id` IN ('174')  [ RunTime:0.0000s ]
SQL: SELECT * FROM `dd_product` WHERE `id` = 45 LIMIT 1   [ RunTime:0.0000s ]
SQL: SELECT * FROM `dd_cart` WHERE `id` IN ('173')  [ RunTime:0.0000s ]
SQL: SELECT * FROM `dd_product` WHERE `id` = 45 LIMIT 1   [ RunTime:0.0000s ]
SQL: SELECT * FROM `dd_cart` WHERE `id` IN ('155')  [ RunTime:0.0000s ]
SQL: SELECT * FROM `dd_product` WHERE `id` = 18 LIMIT 1   [ RunTime:0.0000s ]
SQL: SELECT * FROM `dd_cart` WHERE `id` IN ('119')  [ RunTime:0.0000s ]
SQL: SELECT * FROM `dd_product` WHERE `id` = 18 LIMIT 1   [ RunTime:0.0000s ]
SQL: SELECT * FROM `dd_cart` WHERE `id` IN ('110')  [ RunTime:0.0000s ]
SQL: SELECT * FROM `dd_product` WHERE `id` = 18 LIMIT 1   [ RunTime:0.0000s ]
SQL: SELECT * FROM `dd_cart` WHERE `id` IN ('109')  [ RunTime:0.0000s ]
SQL: SELECT * FROM `dd_product` WHERE `id` = 18 LIMIT 1   [ RunTime:0.0000s ]
SQL: SELECT * FROM `dd_cart` WHERE `id` IN ('98')  [ RunTime:0.0000s ]
SQL: SELECT * FROM `dd_product` WHERE `id` = 18 LIMIT 1   [ RunTime:0.0000s ]
SQL: SELECT * FROM `dd_cart` WHERE `id` IN ('95')  [ RunTime:0.0000s ]
SQL: SELECT * FROM `dd_product` WHERE `id` = 18 LIMIT 1   [ RunTime:0.0000s ]
SQL: SELECT * FROM `dd_cart` WHERE `id` IN ('78')  [ RunTime:0.0000s ]
SQL: SELECT * FROM `dd_product` WHERE `id` = 18 LIMIT 1   [ RunTime:0.0000s ]
SQL: SELECT * FROM `dd_cart` WHERE `id` IN ('74')  [ RunTime:0.0000s ]
SQL: SELECT * FROM `dd_product` WHERE `id` = 18 LIMIT 1   [ RunTime:0.0000s ]
SQL: SELECT * FROM `dd_cart` WHERE `id` IN ('52')  [ RunTime:0.0000s ]
SQL: SELECT * FROM `dd_product` WHERE `id` = 18 LIMIT 1   [ RunTime:0.0000s ]
SQL: SELECT * FROM `dd_cart` WHERE `id` IN ('51')  [ RunTime:0.0000s ]
SQL: SELECT * FROM `dd_product` WHERE `id` = 18 LIMIT 1   [ RunTime:0.0000s ]
SQL: SELECT * FROM `dd_cart` WHERE `id` IN ('39')  [ RunTime:0.0000s ]
SQL: SELECT * FROM `dd_product` WHERE `id` = 18 LIMIT 1   [ RunTime:0.0000s ]
SQL: SELECT * FROM `dd_cart` WHERE `id` IN ('36')  [ RunTime:0.0000s ]
SQL: SELECT * FROM `dd_product` WHERE `id` = 18 LIMIT 1   [ RunTime:0.0000s ]
SQL: SELECT * FROM `dd_cart` WHERE `id` IN ('32')  [ RunTime:0.0000s ]
SQL: SELECT * FROM `dd_product` WHERE `id` = 18 LIMIT 1   [ RunTime:0.0000s ]
SQL: SELECT * FROM `dd_cart` WHERE `id` IN ('31')  [ RunTime:0.0000s ]
SQL: SELECT * FROM `dd_product` WHERE `id` = 18 LIMIT 1   [ RunTime:0.0000s ]
SQL: SELECT * FROM `dd_cart` WHERE `id` IN ('30')  [ RunTime:0.0000s ]
SQL: SELECT * FROM `dd_product` WHERE `id` = 18 LIMIT 1   [ RunTime:0.0000s ]
SQL: SELECT * FROM `dd_cart` WHERE `id` IN ('29')  [ RunTime:0.0000s ]
SQL: SELECT * FROM `dd_product` WHERE `id` = 18 LIMIT 1   [ RunTime:0.0000s ]
SQL: SELECT * FROM `dd_cart` WHERE `id` IN ('28')  [ RunTime:0.0000s ]
SQL: SELECT * FROM `dd_product` WHERE `id` = 18 LIMIT 1   [ RunTime:0.0000s ]
SQL: SELECT * FROM `dd_cart` WHERE `id` IN ('27')  [ RunTime:0.0000s ]
SQL: SELECT * FROM `dd_product` WHERE `id` = 18 LIMIT 1   [ RunTime:0.0000s ]
SQL: SELECT * FROM `dd_cart` WHERE `id` IN ('26')  [ RunTime:0.0000s ]
SQL: SELECT * FROM `dd_product` WHERE `id` = 18 LIMIT 1   [ RunTime:0.0000s ]
SQL: SELECT * FROM `dd_cart` WHERE `id` IN ('25')  [ RunTime:0.0000s ]
SQL: SELECT * FROM `dd_product` WHERE `id` = 18 LIMIT 1   [ RunTime:0.0000s ]
SQL: SELECT * FROM `dd_cart` WHERE `id` IN ('24')  [ RunTime:0.0000s ]
SQL: SELECT * FROM `dd_product` WHERE `id` = 18 LIMIT 1   [ RunTime:0.0000s ]
INFO: [ view_parse ] --START--
INFO: [ template_filter ] --START--
INFO: Run Behavior\ContentReplaceBehavior [ RunTime:0.000000s ]
INFO: [ template_filter ] --END-- [ RunTime:0.000000s ]
NOTIC: [8] Use of undefined constant id - assumed 'id' E:\phpStudy\WWW\0601\Application\Runtime\Cache\Admin\18bc66a7b6334412ab8e61a2539ecfbd.php 第 182 行.
NOTIC: [8] Use of undefined constant id - assumed 'id' E:\phpStudy\WWW\0601\Application\Runtime\Cache\Admin\18bc66a7b6334412ab8e61a2539ecfbd.php 第 187 行.
NOTIC: [8] Use of undefined constant id - assumed 'id' E:\phpStudy\WWW\0601\Application\Runtime\Cache\Admin\18bc66a7b6334412ab8e61a2539ecfbd.php 第 182 行.
NOTIC: [8] Use of undefined constant id - assumed 'id' E:\phpStudy\WWW\0601\Application\Runtime\Cache\Admin\18bc66a7b6334412ab8e61a2539ecfbd.php 第 187 行.
NOTIC: [8] Use of undefined constant id - assumed 'id' E:\phpStudy\WWW\0601\Application\Runtime\Cache\Admin\18bc66a7b6334412ab8e61a2539ecfbd.php 第 182 行.
NOTIC: [8] Use of undefined constant id - assumed 'id' E:\phpStudy\WWW\0601\Application\Runtime\Cache\Admin\18bc66a7b6334412ab8e61a2539ecfbd.php 第 187 行.
NOTIC: [8] Use of undefined constant id - assumed 'id' E:\phpStudy\WWW\0601\Application\Runtime\Cache\Admin\18bc66a7b6334412ab8e61a2539ecfbd.php 第 182 行.
NOTIC: [8] Use of undefined constant id - assumed 'id' E:\phpStudy\WWW\0601\Application\Runtime\Cache\Admin\18bc66a7b6334412ab8e61a2539ecfbd.php 第 187 行.
NOTIC: [8] Use of undefined constant id - assumed 'id' E:\phpStudy\WWW\0601\Application\Runtime\Cache\Admin\18bc66a7b6334412ab8e61a2539ecfbd.php 第 182 行.
NOTIC: [8] Use of undefined constant id - assumed 'id' E:\phpStudy\WWW\0601\Application\Runtime\Cache\Admin\18bc66a7b6334412ab8e61a2539ecfbd.php 第 187 行.
NOTIC: [8] Use of undefined constant id - assumed 'id' E:\phpStudy\WWW\0601\Application\Runtime\Cache\Admin\18bc66a7b6334412ab8e61a2539ecfbd.php 第 182 行.
NOTIC: [8] Use of undefined constant id - assumed 'id' E:\phpStudy\WWW\0601\Application\Runtime\Cache\Admin\18bc66a7b6334412ab8e61a2539ecfbd.php 第 187 行.
NOTIC: [8] Undefined index: status E:\phpStudy\WWW\0601\Application\Runtime\Cache\Admin\18bc66a7b6334412ab8e61a2539ecfbd.php 第 215 行.
NOTIC: [8] Undefined index: user_id E:\phpStudy\WWW\0601\Application\Runtime\Cache\Admin\18bc66a7b6334412ab8e61a2539ecfbd.php 第 226 行.
NOTIC: [8] Undefined index: sn E:\phpStudy\WWW\0601\Application\Runtime\Cache\Admin\18bc66a7b6334412ab8e61a2539ecfbd.php 第 228 行.
NOTIC: [8] Undefined index: time1 E:\phpStudy\WWW\0601\Application\Runtime\Cache\Admin\18bc66a7b6334412ab8e61a2539ecfbd.php 第 230 行.
NOTIC: [8] Undefined index: time2 E:\phpStudy\WWW\0601\Application\Runtime\Cache\Admin\18bc66a7b6334412ab8e61a2539ecfbd.php 第 232 行.
NOTIC: [8] Undefined index: status E:\phpStudy\WWW\0601\Application\Runtime\Cache\Admin\18bc66a7b6334412ab8e61a2539ecfbd.php 第 279 行.
INFO: Run Behavior\ParseTemplateBehavior [ RunTime:0.015625s ]
INFO: [ view_parse ] --END-- [ RunTime:0.015625s ]
INFO: [ view_filter ] --START--
INFO: Run Behavior\WriteHtmlCacheBehavior [ RunTime:0.000000s ]
INFO: [ view_filter ] --END-- [ RunTime:0.000000s ]
INFO: [ app_end ] --START--
INFO: Run Behavior\ShowPageTraceBehavior [ RunTime:0.000000s ]
INFO: [ app_end ] --END-- [ RunTime:0.000000s ]

[ 2017-08-31T09:25:06+08:00 ] 49.79.53.45 /admin.php?m=Admin&c=Order&a=index&mch=1
INFO: [ app_init ] --START--
INFO: Run Behavior\BuildLiteBehavior [ RunTime:0.000000s ]
INFO: [ app_init ] --END-- [ RunTime:0.000000s ]
INFO: [ app_begin ] --START--
INFO: Run Behavior\ReadHtmlCacheBehavior [ RunTime:0.000000s ]
INFO: [ app_begin ] --END-- [ RunTime:0.000000s ]
SQL: SHOW COLUMNS FROM `dd_config` [ RunTime:0.0156s ]
SQL: SELECT * FROM `dd_config`  [ RunTime:0.0000s ]
SQL: SHOW COLUMNS FROM `dd_role` [ RunTime:0.0000s ]
SQL: SELECT * FROM `dd_role` WHERE `id` = 1 LIMIT 1   [ RunTime:0.0000s ]
SQL: SHOW COLUMNS FROM `dd_menu` [ RunTime:0.0000s ]
SQL: SELECT * FROM `dd_menu` WHERE `status` = 1 AND `id` IN ('1','2','3','4','5','6','7','8','9','10','11','12','13','14','42','43','44','15','16','17','18','19','20','21','22','23','24','25','26','27','28','29','30','31','32','33','34','35','36','37','45') ORDER BY sort desc,id asc  [ RunTime:0.0000s ]
NOTIC: [8] Undefined variable: where E:\phpStudy\WWW\0601\Application\Admin\Controller\OrderController.class.php 第 80 行.
SQL: SHOW COLUMNS FROM `dd_mch_order` [ RunTime:0.0000s ]
SQL: SELECT COUNT(*) AS tp_count FROM `dd_mch_order` WHERE `mch_id` > 1 LIMIT 1   [ RunTime:0.0000s ]
SQL: SELECT COUNT(*) AS tp_count FROM `dd_mch_order` WHERE `status` > 1 LIMIT 1   [ RunTime:0.0000s ]
SQL: SELECT SUM(total) AS tp_sum FROM `dd_mch_order` WHERE `mch_id` > 1 LIMIT 1   [ RunTime:0.0000s ]
SQL: SELECT SUM(total) AS tp_sum FROM `dd_mch_order` WHERE `status` > 1 LIMIT 1   [ RunTime:0.0000s ]
SQL: SELECT SUM(wxpay) AS tp_sum FROM `dd_mch_order` WHERE `mch_id` > 1 LIMIT 1   [ RunTime:0.0000s ]
SQL: SELECT SUM(moneypay) AS tp_sum FROM `dd_mch_order` WHERE `mch_id` > 1 LIMIT 1   [ RunTime:0.0000s ]
SQL: SELECT SUM(pointspay) AS tp_sum FROM `dd_mch_order` WHERE `mch_id` > 1 LIMIT 1   [ RunTime:0.0000s ]
SQL: SELECT SUM(cxpointspay) AS tp_sum FROM `dd_mch_order` WHERE `mch_id` > 1 LIMIT 1   [ RunTime:0.0000s ]
SQL: SELECT COUNT(*) AS tp_count FROM `dd_mch_order` WHERE `mch_id` > 1 LIMIT 1   [ RunTime:0.0000s ]
NOTIC: [8] Undefined variable: order E:\phpStudy\WWW\0601\Application\Admin\Controller\OrderController.class.php 第 36 行.
SQL: SELECT * FROM `dd_mch_order` WHERE `mch_id` > 1 ORDER BY id desc LIMIT 0,25   [ RunTime:0.0000s ]
SQL: SHOW COLUMNS FROM `dd_cart` [ RunTime:0.0000s ]
SQL: SELECT * FROM `dd_cart` WHERE `id` IN ('265')  [ RunTime:0.0000s ]
SQL: SHOW COLUMNS FROM `dd_product` [ RunTime:0.0156s ]
SQL: SELECT * FROM `dd_product` WHERE `id` = 53 LIMIT 1   [ RunTime:0.0000s ]
SQL: SELECT * FROM `dd_cart` WHERE `id` IN ('307')  [ RunTime:0.0000s ]
SQL: SELECT * FROM `dd_product` WHERE `id` = 48 LIMIT 1   [ RunTime:0.0000s ]
SQL: SELECT * FROM `dd_cart` WHERE `id` IN ('305')  [ RunTime:0.0000s ]
SQL: SELECT * FROM `dd_product` WHERE `id` = 73 LIMIT 1   [ RunTime:0.0000s ]
SQL: SELECT * FROM `dd_cart` WHERE `id` IN ('301')  [ RunTime:0.0000s ]
SQL: SELECT * FROM `dd_product` WHERE `id` = 71 LIMIT 1   [ RunTime:0.0000s ]
SQL: SELECT * FROM `dd_cart` WHERE `id` IN ('298','299')  [ RunTime:0.0000s ]
SQL: SELECT * FROM `dd_product` WHERE `id` = 71 LIMIT 1   [ RunTime:0.0000s ]
SQL: SELECT * FROM `dd_product` WHERE `id` = 44 LIMIT 1   [ RunTime:0.0000s ]
SQL: SELECT * FROM `dd_cart` WHERE `id` IN ('300')  [ RunTime:0.0000s ]
SQL: SELECT * FROM `dd_product` WHERE `id` = 72 LIMIT 1   [ RunTime:0.0000s ]
SQL: SELECT * FROM `dd_cart` WHERE `id` IN ('296')  [ RunTime:0.0000s ]
SQL: SELECT * FROM `dd_product` WHERE `id` = 72 LIMIT 1   [ RunTime:0.0000s ]
SQL: SELECT * FROM `dd_cart` WHERE `id` IN ('294')  [ RunTime:0.0000s ]
SQL: SELECT * FROM `dd_product` WHERE `id` = 72 LIMIT 1   [ RunTime:0.0000s ]
SQL: SELECT * FROM `dd_cart` WHERE `id` IN ('295')  [ RunTime:0.0000s ]
SQL: SELECT * FROM `dd_product` WHERE `id` = 71 LIMIT 1   [ RunTime:0.0000s ]
SQL: SELECT * FROM `dd_cart` WHERE `id` IN ('293')  [ RunTime:0.0000s ]
SQL: SELECT * FROM `dd_product` WHERE `id` = 71 LIMIT 1   [ RunTime:0.0000s ]
SQL: SELECT * FROM `dd_cart` WHERE `id` IN ('289')  [ RunTime:0.0000s ]
SQL: SELECT * FROM `dd_product` WHERE `id` = 49 LIMIT 1   [ RunTime:0.0000s ]
SQL: SELECT * FROM `dd_cart` WHERE `id` IN ('288')  [ RunTime:0.0000s ]
SQL: SELECT * FROM `dd_product` WHERE `id` = 48 LIMIT 1   [ RunTime:0.0000s ]
SQL: SELECT * FROM `dd_cart` WHERE `id` IN ('275')  [ RunTime:0.0000s ]
SQL: SELECT * FROM `dd_product` WHERE `id` = 66 LIMIT 1   [ RunTime:0.0000s ]
SQL: SELECT * FROM `dd_cart` WHERE `id` IN ('272')  [ RunTime:0.0000s ]
SQL: SELECT * FROM `dd_product` WHERE `id` = 65 LIMIT 1   [ RunTime:0.0000s ]
SQL: SELECT * FROM `dd_cart` WHERE `id` IN ('271')  [ RunTime:0.0000s ]
SQL: SELECT * FROM `dd_product` WHERE `id` = 65 LIMIT 1   [ RunTime:0.0000s ]
SQL: SELECT * FROM `dd_cart` WHERE `id` IN ('268')  [ RunTime:0.0000s ]
SQL: SELECT * FROM `dd_product` WHERE `id` = 64 LIMIT 1   [ RunTime:0.0000s ]
SQL: SELECT * FROM `dd_cart` WHERE `id` IN ('267')  [ RunTime:0.0000s ]
SQL: SELECT * FROM `dd_product` WHERE `id` = 64 LIMIT 1   [ RunTime:0.0000s ]
SQL: SELECT * FROM `dd_cart` WHERE `id` IN ('264')  [ RunTime:0.0000s ]
SQL: SELECT * FROM `dd_product` WHERE `id` = 53 LIMIT 1   [ RunTime:0.0000s ]
SQL: SELECT * FROM `dd_cart` WHERE `id` IN ('262')  [ RunTime:0.0000s ]
SQL: SELECT * FROM `dd_product` WHERE `id` = 62 LIMIT 1   [ RunTime:0.0000s ]
SQL: SELECT * FROM `dd_cart` WHERE `id` IN ('253','255')  [ RunTime:0.0000s ]
SQL: SELECT * FROM `dd_product` WHERE `id` = 60 LIMIT 1   [ RunTime:0.0000s ]
SQL: SELECT * FROM `dd_product` WHERE `id` = 26 LIMIT 1   [ RunTime:0.0000s ]
SQL: SELECT * FROM `dd_cart` WHERE `id` IN ('252')  [ RunTime:0.0000s ]
SQL: SELECT * FROM `dd_product` WHERE `id` = 60 LIMIT 1   [ RunTime:0.0000s ]
SQL: SELECT * FROM `dd_cart` WHERE `id` IN ('246')  [ RunTime:0.0000s ]
SQL: SELECT * FROM `dd_product` WHERE `id` = 53 LIMIT 1   [ RunTime:0.0000s ]
SQL: SELECT * FROM `dd_cart` WHERE `id` IN ('245')  [ RunTime:0.0000s ]
SQL: SELECT * FROM `dd_product` WHERE `id` = 53 LIMIT 1   [ RunTime:0.0000s ]
SQL: SELECT * FROM `dd_cart` WHERE `id` IN ('243')  [ RunTime:0.0000s ]
SQL: SELECT * FROM `dd_product` WHERE `id` = 53 LIMIT 1   [ RunTime:0.0000s ]
SQL: SELECT * FROM `dd_cart` WHERE `id` IN ('242')  [ RunTime:0.0000s ]
SQL: SELECT * FROM `dd_product` WHERE `id` = 51 LIMIT 1   [ RunTime:0.0000s ]
INFO: [ view_parse ] --START--
INFO: [ template_filter ] --START--
INFO: Run Behavior\ContentReplaceBehavior [ RunTime:0.000000s ]
INFO: [ template_filter ] --END-- [ RunTime:0.000000s ]
NOTIC: [8] Use of undefined constant id - assumed 'id' E:\phpStudy\WWW\0601\Application\Runtime\Cache\Admin\18bc66a7b6334412ab8e61a2539ecfbd.php 第 182 行.
NOTIC: [8] Use of undefined constant id - assumed 'id' E:\phpStudy\WWW\0601\Application\Runtime\Cache\Admin\18bc66a7b6334412ab8e61a2539ecfbd.php 第 187 行.
NOTIC: [8] Use of undefined constant id - assumed 'id' E:\phpStudy\WWW\0601\Application\Runtime\Cache\Admin\18bc66a7b6334412ab8e61a2539ecfbd.php 第 182 行.
NOTIC: [8] Use of undefined constant id - assumed 'id' E:\phpStudy\WWW\0601\Application\Runtime\Cache\Admin\18bc66a7b6334412ab8e61a2539ecfbd.php 第 187 行.
NOTIC: [8] Use of undefined constant id - assumed 'id' E:\phpStudy\WWW\0601\Application\Runtime\Cache\Admin\18bc66a7b6334412ab8e61a2539ecfbd.php 第 182 行.
NOTIC: [8] Use of undefined constant id - assumed 'id' E:\phpStudy\WWW\0601\Application\Runtime\Cache\Admin\18bc66a7b6334412ab8e61a2539ecfbd.php 第 187 行.
NOTIC: [8] Use of undefined constant id - assumed 'id' E:\phpStudy\WWW\0601\Application\Runtime\Cache\Admin\18bc66a7b6334412ab8e61a2539ecfbd.php 第 182 行.
NOTIC: [8] Use of undefined constant id - assumed 'id' E:\phpStudy\WWW\0601\Application\Runtime\Cache\Admin\18bc66a7b6334412ab8e61a2539ecfbd.php 第 187 行.
NOTIC: [8] Use of undefined constant id - assumed 'id' E:\phpStudy\WWW\0601\Application\Runtime\Cache\Admin\18bc66a7b6334412ab8e61a2539ecfbd.php 第 182 行.
NOTIC: [8] Use of undefined constant id - assumed 'id' E:\phpStudy\WWW\0601\Application\Runtime\Cache\Admin\18bc66a7b6334412ab8e61a2539ecfbd.php 第 187 行.
NOTIC: [8] Use of undefined constant id - assumed 'id' E:\phpStudy\WWW\0601\Application\Runtime\Cache\Admin\18bc66a7b6334412ab8e61a2539ecfbd.php 第 182 行.
NOTIC: [8] Use of undefined constant id - assumed 'id' E:\phpStudy\WWW\0601\Application\Runtime\Cache\Admin\18bc66a7b6334412ab8e61a2539ecfbd.php 第 187 行.
NOTIC: [8] Undefined index: status E:\phpStudy\WWW\0601\Application\Runtime\Cache\Admin\18bc66a7b6334412ab8e61a2539ecfbd.php 第 215 行.
NOTIC: [8] Undefined index: user_id E:\phpStudy\WWW\0601\Application\Runtime\Cache\Admin\18bc66a7b6334412ab8e61a2539ecfbd.php 第 226 行.
NOTIC: [8] Undefined index: sn E:\phpStudy\WWW\0601\Application\Runtime\Cache\Admin\18bc66a7b6334412ab8e61a2539ecfbd.php 第 228 行.
NOTIC: [8] Undefined index: time1 E:\phpStudy\WWW\0601\Application\Runtime\Cache\Admin\18bc66a7b6334412ab8e61a2539ecfbd.php 第 230 行.
NOTIC: [8] Undefined index: time2 E:\phpStudy\WWW\0601\Application\Runtime\Cache\Admin\18bc66a7b6334412ab8e61a2539ecfbd.php 第 232 行.
NOTIC: [8] Undefined index: status E:\phpStudy\WWW\0601\Application\Runtime\Cache\Admin\18bc66a7b6334412ab8e61a2539ecfbd.php 第 279 行.
INFO: Run Behavior\ParseTemplateBehavior [ RunTime:0.015625s ]
INFO: [ view_parse ] --END-- [ RunTime:0.015625s ]
INFO: [ view_filter ] --START--
INFO: Run Behavior\WriteHtmlCacheBehavior [ RunTime:0.000000s ]
INFO: [ view_filter ] --END-- [ RunTime:0.000000s ]
INFO: [ app_end ] --START--
INFO: Run Behavior\ShowPageTraceBehavior [ RunTime:0.000000s ]
INFO: [ app_end ] --END-- [ RunTime:0.000000s ]

[ 2017-08-31T09:25:09+08:00 ] 49.79.53.45 /admin.php?m=Admin&c=Order&a=index&mch=1
INFO: [ app_init ] --START--
INFO: Run Behavior\BuildLiteBehavior [ RunTime:0.000000s ]
INFO: [ app_init ] --END-- [ RunTime:0.000000s ]
INFO: [ app_begin ] --START--
INFO: Run Behavior\ReadHtmlCacheBehavior [ RunTime:0.000000s ]
INFO: [ app_begin ] --END-- [ RunTime:0.000000s ]
SQL: SHOW COLUMNS FROM `dd_config` [ RunTime:0.0000s ]
SQL: SELECT * FROM `dd_config`  [ RunTime:0.0000s ]
SQL: SHOW COLUMNS FROM `dd_role` [ RunTime:0.0156s ]
SQL: SELECT * FROM `dd_role` WHERE `id` = 1 LIMIT 1   [ RunTime:0.0000s ]
SQL: SHOW COLUMNS FROM `dd_menu` [ RunTime:0.0000s ]
SQL: SELECT * FROM `dd_menu` WHERE `status` = 1 AND `id` IN ('1','2','3','4','5','6','7','8','9','10','11','12','13','14','42','43','44','15','16','17','18','19','20','21','22','23','24','25','26','27','28','29','30','31','32','33','34','35','36','37','45') ORDER BY sort desc,id asc  [ RunTime:0.0000s ]
SQL: SHOW COLUMNS FROM `dd_mch_order` [ RunTime:0.0000s ]
SQL: SELECT COUNT(*) AS tp_count FROM `dd_mch_order` WHERE `user_id` = 10232 AND `mch_id` > 1 LIMIT 1   [ RunTime:0.0000s ]
SQL: SELECT COUNT(*) AS tp_count FROM `dd_mch_order` WHERE `user_id` = 10232 AND `status` > 1 LIMIT 1   [ RunTime:0.0000s ]
SQL: SELECT SUM(total) AS tp_sum FROM `dd_mch_order` WHERE `user_id` = 10232 AND `mch_id` > 1 LIMIT 1   [ RunTime:0.0000s ]
SQL: SELECT SUM(total) AS tp_sum FROM `dd_mch_order` WHERE `user_id` = 10232 AND `status` > 1 LIMIT 1   [ RunTime:0.0000s ]
SQL: SELECT SUM(wxpay) AS tp_sum FROM `dd_mch_order` WHERE `user_id` = 10232 AND `mch_id` > 1 LIMIT 1   [ RunTime:0.0000s ]
SQL: SELECT SUM(moneypay) AS tp_sum FROM `dd_mch_order` WHERE `user_id` = 10232 AND `mch_id` > 1 LIMIT 1   [ RunTime:0.0000s ]
SQL: SELECT SUM(pointspay) AS tp_sum FROM `dd_mch_order` WHERE `user_id` = 10232 AND `mch_id` > 1 LIMIT 1   [ RunTime:0.0000s ]
SQL: SELECT SUM(cxpointspay) AS tp_sum FROM `dd_mch_order` WHERE `user_id` = 10232 AND `mch_id` > 1 LIMIT 1   [ RunTime:0.0000s ]
SQL: SELECT COUNT(*) AS tp_count FROM `dd_mch_order` WHERE `user_id` = 10232 AND `mch_id` > 1 LIMIT 1   [ RunTime:0.0000s ]
NOTIC: [8] Undefined variable: order E:\phpStudy\WWW\0601\Application\Admin\Controller\OrderController.class.php 第 36 行.
SQL: SELECT * FROM `dd_mch_order` WHERE `user_id` = 10232 AND `mch_id` > 1 ORDER BY id desc LIMIT 0,25   [ RunTime:0.0000s ]
SQL: SHOW COLUMNS FROM `dd_cart` [ RunTime:0.0000s ]
SQL: SELECT * FROM `dd_cart` WHERE `id` IN ('265')  [ RunTime:0.0000s ]
SQL: SHOW COLUMNS FROM `dd_product` [ RunTime:0.0000s ]
SQL: SELECT * FROM `dd_product` WHERE `id` = 53 LIMIT 1   [ RunTime:0.0000s ]
SQL: SELECT * FROM `dd_cart` WHERE `id` IN ('264')  [ RunTime:0.0000s ]
SQL: SELECT * FROM `dd_product` WHERE `id` = 53 LIMIT 1   [ RunTime:0.0000s ]
INFO: [ view_parse ] --START--
INFO: [ template_filter ] --START--
INFO: Run Behavior\ContentReplaceBehavior [ RunTime:0.000000s ]
INFO: [ template_filter ] --END-- [ RunTime:0.000000s ]
NOTIC: [8] Use of undefined constant id - assumed 'id' E:\phpStudy\WWW\0601\Application\Runtime\Cache\Admin\18bc66a7b6334412ab8e61a2539ecfbd.php 第 182 行.
NOTIC: [8] Use of undefined constant id - assumed 'id' E:\phpStudy\WWW\0601\Application\Runtime\Cache\Admin\18bc66a7b6334412ab8e61a2539ecfbd.php 第 187 行.
NOTIC: [8] Use of undefined constant id - assumed 'id' E:\phpStudy\WWW\0601\Application\Runtime\Cache\Admin\18bc66a7b6334412ab8e61a2539ecfbd.php 第 182 行.
NOTIC: [8] Use of undefined constant id - assumed 'id' E:\phpStudy\WWW\0601\Application\Runtime\Cache\Admin\18bc66a7b6334412ab8e61a2539ecfbd.php 第 187 行.
NOTIC: [8] Use of undefined constant id - assumed 'id' E:\phpStudy\WWW\0601\Application\Runtime\Cache\Admin\18bc66a7b6334412ab8e61a2539ecfbd.php 第 182 行.
NOTIC: [8] Use of undefined constant id - assumed 'id' E:\phpStudy\WWW\0601\Application\Runtime\Cache\Admin\18bc66a7b6334412ab8e61a2539ecfbd.php 第 187 行.
NOTIC: [8] Use of undefined constant id - assumed 'id' E:\phpStudy\WWW\0601\Application\Runtime\Cache\Admin\18bc66a7b6334412ab8e61a2539ecfbd.php 第 182 行.
NOTIC: [8] Use of undefined constant id - assumed 'id' E:\phpStudy\WWW\0601\Application\Runtime\Cache\Admin\18bc66a7b6334412ab8e61a2539ecfbd.php 第 187 行.
NOTIC: [8] Use of undefined constant id - assumed 'id' E:\phpStudy\WWW\0601\Application\Runtime\Cache\Admin\18bc66a7b6334412ab8e61a2539ecfbd.php 第 182 行.
NOTIC: [8] Use of undefined constant id - assumed 'id' E:\phpStudy\WWW\0601\Application\Runtime\Cache\Admin\18bc66a7b6334412ab8e61a2539ecfbd.php 第 187 行.
NOTIC: [8] Use of undefined constant id - assumed 'id' E:\phpStudy\WWW\0601\Application\Runtime\Cache\Admin\18bc66a7b6334412ab8e61a2539ecfbd.php 第 182 行.
NOTIC: [8] Use of undefined constant id - assumed 'id' E:\phpStudy\WWW\0601\Application\Runtime\Cache\Admin\18bc66a7b6334412ab8e61a2539ecfbd.php 第 187 行.
INFO: Run Behavior\ParseTemplateBehavior [ RunTime:0.015625s ]
INFO: [ view_parse ] --END-- [ RunTime:0.015625s ]
INFO: [ view_filter ] --START--
INFO: Run Behavior\WriteHtmlCacheBehavior [ RunTime:0.000000s ]
INFO: [ view_filter ] --END-- [ RunTime:0.000000s ]
INFO: [ app_end ] --START--
INFO: Run Behavior\ShowPageTraceBehavior [ RunTime:0.000000s ]
INFO: [ app_end ] --END-- [ RunTime:0.000000s ]

