[ 2017-09-14T16:38:33+08:00 ] 124.160.213.15 /admin.php?m=Admin&c=Order&a=detail&id=49
INFO: [ app_init ] --START--
INFO: Run Behavior\BuildLiteBehavior [ RunTime:0.000000s ]
INFO: [ app_init ] --END-- [ RunTime:0.000000s ]
INFO: [ app_begin ] --START--
INFO: Run Behavior\ReadHtmlCacheBehavior [ RunTime:0.000000s ]
INFO: [ app_begin ] --END-- [ RunTime:0.000000s ]
INFO: [ view_parse ] --START--
INFO: [ template_filter ] --START--
INFO: Run Behavior\ContentReplaceBehavior [ RunTime:0.000000s ]
INFO: [ template_filter ] --END-- [ RunTime:0.000000s ]
INFO: Run Behavior\ParseTemplateBehavior [ RunTime:0.000000s ]
INFO: [ view_parse ] --END-- [ RunTime:0.000000s ]
INFO: [ view_filter ] --START--
INFO: Run Behavior\WriteHtmlCacheBehavior [ RunTime:0.000000s ]
INFO: [ view_filter ] --END-- [ RunTime:0.000000s ]

[ 2017-09-14T16:38:34+08:00 ] 124.160.213.15 /admin.php?m=Admin&c=Index&a=login
INFO: [ app_init ] --START--
INFO: Run Behavior\BuildLiteBehavior [ RunTime:0.000000s ]
INFO: [ app_init ] --END-- [ RunTime:0.000000s ]
INFO: [ app_begin ] --START--
INFO: Run Behavior\ReadHtmlCacheBehavior [ RunTime:0.000000s ]
INFO: [ app_begin ] --END-- [ RunTime:0.000000s ]
INFO: [ view_parse ] --START--
INFO: [ template_filter ] --START--
INFO: Run Behavior\ContentReplaceBehavior [ RunTime:0.000000s ]
INFO: [ template_filter ] --END-- [ RunTime:0.000000s ]
NOTIC: [8] Undefined variable: _CFG E:\phpStudy\WWW\0601\Application\Runtime\Cache\Admin\041185b974292283d2f6098acc3220ec.php 第 7 行.
INFO: Run Behavior\ParseTemplateBehavior [ RunTime:0.000000s ]
INFO: [ view_parse ] --END-- [ RunTime:0.000000s ]
INFO: [ view_filter ] --START--
INFO: Run Behavior\WriteHtmlCacheBehavior [ RunTime:0.000000s ]
INFO: [ view_filter ] --END-- [ RunTime:0.000000s ]
INFO: [ app_end ] --START--
INFO: Run Behavior\ShowPageTraceBehavior [ RunTime:0.000000s ]
INFO: [ app_end ] --END-- [ RunTime:0.000000s ]

[ 2017-09-14T16:38:36+08:00 ] 124.160.213.15 /admin.php?m=Admin&c=Index&a=login
INFO: [ app_init ] --START--
INFO: Run Behavior\BuildLiteBehavior [ RunTime:0.000000s ]
INFO: [ app_init ] --END-- [ RunTime:0.000000s ]
INFO: [ app_begin ] --START--
INFO: Run Behavior\ReadHtmlCacheBehavior [ RunTime:0.000000s ]
INFO: [ app_begin ] --END-- [ RunTime:0.000000s ]
SQL: SHOW COLUMNS FROM `dd_admin` [ RunTime:0.0000s ]
SQL: SELECT * FROM `dd_admin` WHERE `name` = 'LYKJadmin' AND `pass` = '415fd5d6057d53439bc19800f04a424c' LIMIT 1   [ RunTime:0.0000s ]

[ 2017-09-14T16:38:36+08:00 ] 124.160.213.15 /admin.php?m=Admin&c=Admin&a=welcome
INFO: [ app_init ] --START--
INFO: Run Behavior\BuildLiteBehavior [ RunTime:0.000000s ]
INFO: [ app_init ] --END-- [ RunTime:0.000000s ]
INFO: [ app_begin ] --START--
INFO: Run Behavior\ReadHtmlCacheBehavior [ RunTime:0.000000s ]
INFO: [ app_begin ] --END-- [ RunTime:0.000000s ]
SQL: SHOW COLUMNS FROM `dd_config` [ RunTime:0.0000s ]
SQL: SELECT * FROM `dd_config`  [ RunTime:0.0000s ]
SQL: SHOW COLUMNS FROM `dd_role` [ RunTime:0.0000s ]
SQL: SELECT * FROM `dd_role` WHERE `id` = 1 LIMIT 1   [ RunTime:0.0000s ]
SQL: SHOW COLUMNS FROM `dd_menu` [ RunTime:0.0000s ]
SQL: SELECT * FROM `dd_menu` WHERE `status` = 1 AND `id` IN ('1','2','3','4','5','6','7','8','9','10','11','12','13','14','42','43','44','15','16','17','18','19','20','21','22','23','24','25','26','27','28','29','30','31','32','33','34','35','36','37','45') ORDER BY sort desc,id asc  [ RunTime:0.0000s ]
NOTIC: [8] Undefined variable: info E:\phpStudy\WWW\0601\Application\Admin\Controller\AdminController.class.php 第 45 行.
INFO: [ view_parse ] --START--
INFO: [ template_filter ] --START--
INFO: Run Behavior\ContentReplaceBehavior [ RunTime:0.000000s ]
INFO: [ template_filter ] --END-- [ RunTime:0.000000s ]
NOTIC: [8] Use of undefined constant id - assumed 'id' E:\phpStudy\WWW\0601\Application\Runtime\Cache\Admin\3fa9f2e830eaac62a7df4990979ab90d.php 第 182 行.
NOTIC: [8] Use of undefined constant id - assumed 'id' E:\phpStudy\WWW\0601\Application\Runtime\Cache\Admin\3fa9f2e830eaac62a7df4990979ab90d.php 第 187 行.
NOTIC: [8] Use of undefined constant id - assumed 'id' E:\phpStudy\WWW\0601\Application\Runtime\Cache\Admin\3fa9f2e830eaac62a7df4990979ab90d.php 第 182 行.
NOTIC: [8] Use of undefined constant id - assumed 'id' E:\phpStudy\WWW\0601\Application\Runtime\Cache\Admin\3fa9f2e830eaac62a7df4990979ab90d.php 第 187 行.
NOTIC: [8] Use of undefined constant id - assumed 'id' E:\phpStudy\WWW\0601\Application\Runtime\Cache\Admin\3fa9f2e830eaac62a7df4990979ab90d.php 第 182 行.
NOTIC: [8] Use of undefined constant id - assumed 'id' E:\phpStudy\WWW\0601\Application\Runtime\Cache\Admin\3fa9f2e830eaac62a7df4990979ab90d.php 第 187 行.
NOTIC: [8] Use of undefined constant id - assumed 'id' E:\phpStudy\WWW\0601\Application\Runtime\Cache\Admin\3fa9f2e830eaac62a7df4990979ab90d.php 第 182 行.
NOTIC: [8] Use of undefined constant id - assumed 'id' E:\phpStudy\WWW\0601\Application\Runtime\Cache\Admin\3fa9f2e830eaac62a7df4990979ab90d.php 第 187 行.
NOTIC: [8] Use of undefined constant id - assumed 'id' E:\phpStudy\WWW\0601\Application\Runtime\Cache\Admin\3fa9f2e830eaac62a7df4990979ab90d.php 第 182 行.
NOTIC: [8] Use of undefined constant id - assumed 'id' E:\phpStudy\WWW\0601\Application\Runtime\Cache\Admin\3fa9f2e830eaac62a7df4990979ab90d.php 第 187 行.
NOTIC: [8] Use of undefined constant id - assumed 'id' E:\phpStudy\WWW\0601\Application\Runtime\Cache\Admin\3fa9f2e830eaac62a7df4990979ab90d.php 第 182 行.
NOTIC: [8] Use of undefined constant id - assumed 'id' E:\phpStudy\WWW\0601\Application\Runtime\Cache\Admin\3fa9f2e830eaac62a7df4990979ab90d.php 第 187 行.
INFO: Run Behavior\ParseTemplateBehavior [ RunTime:0.015625s ]
INFO: [ view_parse ] --END-- [ RunTime:0.015625s ]
INFO: [ view_filter ] --START--
INFO: Run Behavior\WriteHtmlCacheBehavior [ RunTime:0.000000s ]
INFO: [ view_filter ] --END-- [ RunTime:0.000000s ]
INFO: [ app_end ] --START--
INFO: Run Behavior\ShowPageTraceBehavior [ RunTime:0.000000s ]
INFO: [ app_end ] --END-- [ RunTime:0.000000s ]

[ 2017-09-14T16:38:45+08:00 ] 124.160.213.15 /admin.php?m=Admin&c=Sign&a=index
INFO: [ app_init ] --START--
INFO: Run Behavior\BuildLiteBehavior [ RunTime:0.000000s ]
INFO: [ app_init ] --END-- [ RunTime:0.000000s ]
INFO: [ app_begin ] --START--
INFO: Run Behavior\ReadHtmlCacheBehavior [ RunTime:0.000000s ]
INFO: [ app_begin ] --END-- [ RunTime:0.000000s ]
SQL: SHOW COLUMNS FROM `dd_config` [ RunTime:0.0000s ]
SQL: SELECT * FROM `dd_config`  [ RunTime:0.0000s ]
SQL: SHOW COLUMNS FROM `dd_role` [ RunTime:0.0000s ]
SQL: SELECT * FROM `dd_role` WHERE `id` = 1 LIMIT 1   [ RunTime:0.0000s ]
SQL: SHOW COLUMNS FROM `dd_menu` [ RunTime:0.0000s ]
SQL: SELECT * FROM `dd_menu` WHERE `status` = 1 AND `id` IN ('1','2','3','4','5','6','7','8','9','10','11','12','13','14','42','43','44','15','16','17','18','19','20','21','22','23','24','25','26','27','28','29','30','31','32','33','34','35','36','37','45') ORDER BY sort desc,id asc  [ RunTime:0.0000s ]
SQL: SHOW COLUMNS FROM `dd_user` [ RunTime:0.0000s ]
SQL: SELECT COUNT(*) AS tp_count FROM `dd_user` WHERE `ismch` <> 0 LIMIT 1   [ RunTime:0.0000s ]
SQL: SELECT * FROM `dd_user` WHERE `ismch` <> 0 ORDER BY id desc LIMIT 0,25   [ RunTime:0.0000s ]
INFO: [ view_parse ] --START--
INFO: [ template_filter ] --START--
INFO: Run Behavior\ContentReplaceBehavior [ RunTime:0.000000s ]
INFO: [ template_filter ] --END-- [ RunTime:0.000000s ]
NOTIC: [8] Use of undefined constant id - assumed 'id' E:\phpStudy\WWW\0601\Application\Runtime\Cache\Admin\97d3a8f85234720218287ed0a1c7f6ac.php 第 182 行.
NOTIC: [8] Use of undefined constant id - assumed 'id' E:\phpStudy\WWW\0601\Application\Runtime\Cache\Admin\97d3a8f85234720218287ed0a1c7f6ac.php 第 187 行.
NOTIC: [8] Use of undefined constant id - assumed 'id' E:\phpStudy\WWW\0601\Application\Runtime\Cache\Admin\97d3a8f85234720218287ed0a1c7f6ac.php 第 182 行.
NOTIC: [8] Use of undefined constant id - assumed 'id' E:\phpStudy\WWW\0601\Application\Runtime\Cache\Admin\97d3a8f85234720218287ed0a1c7f6ac.php 第 187 行.
NOTIC: [8] Use of undefined constant id - assumed 'id' E:\phpStudy\WWW\0601\Application\Runtime\Cache\Admin\97d3a8f85234720218287ed0a1c7f6ac.php 第 182 行.
NOTIC: [8] Use of undefined constant id - assumed 'id' E:\phpStudy\WWW\0601\Application\Runtime\Cache\Admin\97d3a8f85234720218287ed0a1c7f6ac.php 第 187 行.
NOTIC: [8] Use of undefined constant id - assumed 'id' E:\phpStudy\WWW\0601\Application\Runtime\Cache\Admin\97d3a8f85234720218287ed0a1c7f6ac.php 第 182 行.
NOTIC: [8] Use of undefined constant id - assumed 'id' E:\phpStudy\WWW\0601\Application\Runtime\Cache\Admin\97d3a8f85234720218287ed0a1c7f6ac.php 第 187 行.
NOTIC: [8] Use of undefined constant id - assumed 'id' E:\phpStudy\WWW\0601\Application\Runtime\Cache\Admin\97d3a8f85234720218287ed0a1c7f6ac.php 第 182 行.
NOTIC: [8] Use of undefined constant id - assumed 'id' E:\phpStudy\WWW\0601\Application\Runtime\Cache\Admin\97d3a8f85234720218287ed0a1c7f6ac.php 第 187 行.
NOTIC: [8] Use of undefined constant id - assumed 'id' E:\phpStudy\WWW\0601\Application\Runtime\Cache\Admin\97d3a8f85234720218287ed0a1c7f6ac.php 第 182 行.
NOTIC: [8] Use of undefined constant id - assumed 'id' E:\phpStudy\WWW\0601\Application\Runtime\Cache\Admin\97d3a8f85234720218287ed0a1c7f6ac.php 第 187 行.
INFO: Run Behavior\ParseTemplateBehavior [ RunTime:0.015625s ]
INFO: [ view_parse ] --END-- [ RunTime:0.015625s ]
INFO: [ view_filter ] --START--
INFO: Run Behavior\WriteHtmlCacheBehavior [ RunTime:0.000000s ]
INFO: [ view_filter ] --END-- [ RunTime:0.000000s ]
INFO: [ app_end ] --START--
INFO: Run Behavior\ShowPageTraceBehavior [ RunTime:0.000000s ]
INFO: [ app_end ] --END-- [ RunTime:0.000000s ]

[ 2017-09-14T16:38:48+08:00 ] 124.160.213.15 /admin.php?m=Admin&c=Order&a=index&mch=1
INFO: [ app_init ] --START--
INFO: Run Behavior\BuildLiteBehavior [ RunTime:0.000000s ]
INFO: [ app_init ] --END-- [ RunTime:0.000000s ]
INFO: [ app_begin ] --START--
INFO: Run Behavior\ReadHtmlCacheBehavior [ RunTime:0.000000s ]
INFO: [ app_begin ] --END-- [ RunTime:0.000000s ]
SQL: SHOW COLUMNS FROM `dd_config` [ RunTime:0.0000s ]
SQL: SELECT * FROM `dd_config`  [ RunTime:0.0000s ]
SQL: SHOW COLUMNS FROM `dd_role` [ RunTime:0.0000s ]
SQL: SELECT * FROM `dd_role` WHERE `id` = 1 LIMIT 1   [ RunTime:0.0000s ]
SQL: SHOW COLUMNS FROM `dd_menu` [ RunTime:0.0000s ]
SQL: SELECT * FROM `dd_menu` WHERE `status` = 1 AND `id` IN ('1','2','3','4','5','6','7','8','9','10','11','12','13','14','42','43','44','15','16','17','18','19','20','21','22','23','24','25','26','27','28','29','30','31','32','33','34','35','36','37','45') ORDER BY sort desc,id asc  [ RunTime:0.0000s ]
NOTIC: [8] Undefined variable: where E:\phpStudy\WWW\0601\Application\Admin\Controller\OrderController.class.php 第 80 行.
SQL: SHOW COLUMNS FROM `dd_mch_order` [ RunTime:0.0156s ]
SQL: SELECT COUNT(*) AS tp_count FROM `dd_mch_order` WHERE `mch_id` > 1 LIMIT 1   [ RunTime:0.0000s ]
SQL: SELECT COUNT(*) AS tp_count FROM `dd_mch_order` WHERE `status` > 1 LIMIT 1   [ RunTime:0.0000s ]
SQL: SELECT SUM(total) AS tp_sum FROM `dd_mch_order` WHERE `mch_id` > 1 LIMIT 1   [ RunTime:0.0000s ]
SQL: SELECT SUM(total) AS tp_sum FROM `dd_mch_order` WHERE `status` > 1 LIMIT 1   [ RunTime:0.0000s ]
SQL: SELECT SUM(wxpay) AS tp_sum FROM `dd_mch_order` WHERE `mch_id` > 1 LIMIT 1   [ RunTime:0.0000s ]
SQL: SELECT SUM(moneypay) AS tp_sum FROM `dd_mch_order` WHERE `mch_id` > 1 LIMIT 1   [ RunTime:0.0000s ]
SQL: SELECT SUM(pointspay) AS tp_sum FROM `dd_mch_order` WHERE `mch_id` > 1 LIMIT 1   [ RunTime:0.0000s ]
SQL: SELECT SUM(cxpointspay) AS tp_sum FROM `dd_mch_order` WHERE `mch_id` > 1 LIMIT 1   [ RunTime:0.0000s ]
SQL: SELECT COUNT(*) AS tp_count FROM `dd_mch_order` WHERE `mch_id` > 1 LIMIT 1   [ RunTime:0.0000s ]
NOTIC: [8] Undefined variable: order E:\phpStudy\WWW\0601\Application\Admin\Controller\OrderController.class.php 第 36 行.
SQL: SELECT * FROM `dd_mch_order` WHERE `mch_id` > 1 ORDER BY id desc LIMIT 0,25   [ RunTime:0.0000s ]
SQL: SHOW COLUMNS FROM `dd_cart` [ RunTime:0.0000s ]
SQL: SELECT * FROM `dd_cart` WHERE `id` IN ('360')  [ RunTime:0.0000s ]
SQL: SHOW COLUMNS FROM `dd_product` [ RunTime:0.0000s ]
SQL: SELECT * FROM `dd_product` WHERE `id` = 90 LIMIT 1   [ RunTime:0.0000s ]
SQL: SELECT * FROM `dd_cart` WHERE `id` IN ('359')  [ RunTime:0.0000s ]
SQL: SELECT * FROM `dd_product` WHERE `id` = 81 LIMIT 1   [ RunTime:0.0000s ]
SQL: SELECT * FROM `dd_cart` WHERE `id` IN ('358')  [ RunTime:0.0000s ]
SQL: SELECT * FROM `dd_product` WHERE `id` = 33 LIMIT 1   [ RunTime:0.0000s ]
SQL: SELECT * FROM `dd_cart` WHERE `id` IN ('357')  [ RunTime:0.0000s ]
SQL: SELECT * FROM `dd_product` WHERE `id` = 33 LIMIT 1   [ RunTime:0.0000s ]
SQL: SELECT * FROM `dd_cart` WHERE `id` IN ('356')  [ RunTime:0.0000s ]
SQL: SELECT * FROM `dd_product` WHERE `id` = 77 LIMIT 1   [ RunTime:0.0000s ]
SQL: SELECT * FROM `dd_cart` WHERE `id` IN ('354')  [ RunTime:0.0000s ]
SQL: SELECT * FROM `dd_product` WHERE `id` = 84 LIMIT 1   [ RunTime:0.0000s ]
SQL: SELECT * FROM `dd_cart` WHERE `id` IN ('352')  [ RunTime:0.0000s ]
SQL: SELECT * FROM `dd_product` WHERE `id` = 85 LIMIT 1   [ RunTime:0.0000s ]
SQL: SELECT * FROM `dd_cart` WHERE `id` IN ('351')  [ RunTime:0.0000s ]
SQL: SELECT * FROM `dd_product` WHERE `id` = 89 LIMIT 1   [ RunTime:0.0000s ]
SQL: SELECT * FROM `dd_cart` WHERE `id` IN ('350')  [ RunTime:0.0000s ]
SQL: SELECT * FROM `dd_product` WHERE `id` = 89 LIMIT 1   [ RunTime:0.0000s ]
SQL: SELECT * FROM `dd_cart` WHERE `id` IN ('342')  [ RunTime:0.0000s ]
SQL: SELECT * FROM `dd_product` WHERE `id` = 83 LIMIT 1   [ RunTime:0.0000s ]
SQL: SELECT * FROM `dd_cart` WHERE `id` IN ('341')  [ RunTime:0.0000s ]
SQL: SELECT * FROM `dd_product` WHERE `id` = 83 LIMIT 1   [ RunTime:0.0000s ]
SQL: SELECT * FROM `dd_cart` WHERE `id` IN ('340')  [ RunTime:0.0000s ]
SQL: SELECT * FROM `dd_product` WHERE `id` = 66 LIMIT 1   [ RunTime:0.0156s ]
SQL: SELECT * FROM `dd_cart` WHERE `id` IN ('335')  [ RunTime:0.0000s ]
SQL: SELECT * FROM `dd_product` WHERE `id` = 61 LIMIT 1   [ RunTime:0.0000s ]
SQL: SELECT * FROM `dd_cart` WHERE `id` IN ('331')  [ RunTime:0.0000s ]
SQL: SELECT * FROM `dd_product` WHERE `id` = 76 LIMIT 1   [ RunTime:0.0000s ]
SQL: SELECT * FROM `dd_cart` WHERE `id` IN ('180')  [ RunTime:0.0000s ]
SQL: SELECT * FROM `dd_product` WHERE `id` = 40 LIMIT 1   [ RunTime:0.0000s ]
SQL: SELECT * FROM `dd_cart` WHERE `id` IN ('330')  [ RunTime:0.0000s ]
SQL: SELECT * FROM `dd_product` WHERE `id` = 80 LIMIT 1   [ RunTime:0.0000s ]
SQL: SELECT * FROM `dd_cart` WHERE `id` IN ('324')  [ RunTime:0.0000s ]
SQL: SELECT * FROM `dd_product` WHERE `id` = 75 LIMIT 1   [ RunTime:0.0000s ]
SQL: SELECT * FROM `dd_cart` WHERE `id` IN ('323')  [ RunTime:0.0000s ]
SQL: SELECT * FROM `dd_product` WHERE `id` = 75 LIMIT 1   [ RunTime:0.0000s ]
SQL: SELECT * FROM `dd_cart` WHERE `id` IN ('320')  [ RunTime:0.0000s ]
SQL: SELECT * FROM `dd_product` WHERE `id` = 75 LIMIT 1   [ RunTime:0.0000s ]
SQL: SELECT * FROM `dd_cart` WHERE `id` IN ('322')  [ RunTime:0.0000s ]
SQL: SELECT * FROM `dd_product` WHERE `id` = 61 LIMIT 1   [ RunTime:0.0000s ]
SQL: SELECT * FROM `dd_cart` WHERE `id` IN ('318')  [ RunTime:0.0000s ]
SQL: SELECT * FROM `dd_product` WHERE `id` = 49 LIMIT 1   [ RunTime:0.0000s ]
SQL: SELECT * FROM `dd_cart` WHERE `id` IN ('319')  [ RunTime:0.0000s ]
SQL: SELECT * FROM `dd_product` WHERE `id` = 49 LIMIT 1   [ RunTime:0.0000s ]
SQL: SELECT * FROM `dd_cart` WHERE `id` IN ('317')  [ RunTime:0.0000s ]
SQL: SELECT * FROM `dd_product` WHERE `id` = 75 LIMIT 1   [ RunTime:0.0000s ]
SQL: SELECT * FROM `dd_cart` WHERE `id` IN ('314')  [ RunTime:0.0000s ]
SQL: SELECT * FROM `dd_product` WHERE `id` = 44 LIMIT 1   [ RunTime:0.0000s ]
SQL: SELECT * FROM `dd_cart` WHERE `id` IN ('265')  [ RunTime:0.0000s ]
SQL: SELECT * FROM `dd_product` WHERE `id` = 53 LIMIT 1   [ RunTime:0.0000s ]
INFO: [ view_parse ] --START--
INFO: [ template_filter ] --START--
INFO: Run Behavior\ContentReplaceBehavior [ RunTime:0.000000s ]
INFO: [ template_filter ] --END-- [ RunTime:0.000000s ]
NOTIC: [8] Use of undefined constant id - assumed 'id' E:\phpStudy\WWW\0601\Application\Runtime\Cache\Admin\18bc66a7b6334412ab8e61a2539ecfbd.php 第 182 行.
NOTIC: [8] Use of undefined constant id - assumed 'id' E:\phpStudy\WWW\0601\Application\Runtime\Cache\Admin\18bc66a7b6334412ab8e61a2539ecfbd.php 第 187 行.
NOTIC: [8] Use of undefined constant id - assumed 'id' E:\phpStudy\WWW\0601\Application\Runtime\Cache\Admin\18bc66a7b6334412ab8e61a2539ecfbd.php 第 182 行.
NOTIC: [8] Use of undefined constant id - assumed 'id' E:\phpStudy\WWW\0601\Application\Runtime\Cache\Admin\18bc66a7b6334412ab8e61a2539ecfbd.php 第 187 行.
NOTIC: [8] Use of undefined constant id - assumed 'id' E:\phpStudy\WWW\0601\Application\Runtime\Cache\Admin\18bc66a7b6334412ab8e61a2539ecfbd.php 第 182 行.
NOTIC: [8] Use of undefined constant id - assumed 'id' E:\phpStudy\WWW\0601\Application\Runtime\Cache\Admin\18bc66a7b6334412ab8e61a2539ecfbd.php 第 187 行.
NOTIC: [8] Use of undefined constant id - assumed 'id' E:\phpStudy\WWW\0601\Application\Runtime\Cache\Admin\18bc66a7b6334412ab8e61a2539ecfbd.php 第 182 行.
NOTIC: [8] Use of undefined constant id - assumed 'id' E:\phpStudy\WWW\0601\Application\Runtime\Cache\Admin\18bc66a7b6334412ab8e61a2539ecfbd.php 第 187 行.
NOTIC: [8] Use of undefined constant id - assumed 'id' E:\phpStudy\WWW\0601\Application\Runtime\Cache\Admin\18bc66a7b6334412ab8e61a2539ecfbd.php 第 182 行.
NOTIC: [8] Use of undefined constant id - assumed 'id' E:\phpStudy\WWW\0601\Application\Runtime\Cache\Admin\18bc66a7b6334412ab8e61a2539ecfbd.php 第 187 行.
NOTIC: [8] Use of undefined constant id - assumed 'id' E:\phpStudy\WWW\0601\Application\Runtime\Cache\Admin\18bc66a7b6334412ab8e61a2539ecfbd.php 第 182 行.
NOTIC: [8] Use of undefined constant id - assumed 'id' E:\phpStudy\WWW\0601\Application\Runtime\Cache\Admin\18bc66a7b6334412ab8e61a2539ecfbd.php 第 187 行.
NOTIC: [8] Undefined index: status E:\phpStudy\WWW\0601\Application\Runtime\Cache\Admin\18bc66a7b6334412ab8e61a2539ecfbd.php 第 215 行.
NOTIC: [8] Undefined index: user_id E:\phpStudy\WWW\0601\Application\Runtime\Cache\Admin\18bc66a7b6334412ab8e61a2539ecfbd.php 第 226 行.
NOTIC: [8] Undefined index: sn E:\phpStudy\WWW\0601\Application\Runtime\Cache\Admin\18bc66a7b6334412ab8e61a2539ecfbd.php 第 228 行.
NOTIC: [8] Undefined index: time1 E:\phpStudy\WWW\0601\Application\Runtime\Cache\Admin\18bc66a7b6334412ab8e61a2539ecfbd.php 第 230 行.
NOTIC: [8] Undefined index: time2 E:\phpStudy\WWW\0601\Application\Runtime\Cache\Admin\18bc66a7b6334412ab8e61a2539ecfbd.php 第 232 行.
NOTIC: [8] Undefined index: status E:\phpStudy\WWW\0601\Application\Runtime\Cache\Admin\18bc66a7b6334412ab8e61a2539ecfbd.php 第 279 行.
INFO: Run Behavior\ParseTemplateBehavior [ RunTime:0.015625s ]
INFO: [ view_parse ] --END-- [ RunTime:0.015625s ]
INFO: [ view_filter ] --START--
INFO: Run Behavior\WriteHtmlCacheBehavior [ RunTime:0.000000s ]
INFO: [ view_filter ] --END-- [ RunTime:0.000000s ]
INFO: [ app_end ] --START--
INFO: Run Behavior\ShowPageTraceBehavior [ RunTime:0.000000s ]
INFO: [ app_end ] --END-- [ RunTime:0.000000s ]

[ 2017-09-14T16:39:10+08:00 ] 124.160.213.15 /admin.php?m=Admin&c=Order&a=index&mch=1
INFO: [ app_init ] --START--
INFO: Run Behavior\BuildLiteBehavior [ RunTime:0.000000s ]
INFO: [ app_init ] --END-- [ RunTime:0.000000s ]
INFO: [ app_begin ] --START--
INFO: Run Behavior\ReadHtmlCacheBehavior [ RunTime:0.000000s ]
INFO: [ app_begin ] --END-- [ RunTime:0.000000s ]
SQL: SHOW COLUMNS FROM `dd_config` [ RunTime:0.0000s ]
SQL: SELECT * FROM `dd_config`  [ RunTime:0.0000s ]
SQL: SHOW COLUMNS FROM `dd_role` [ RunTime:0.0000s ]
SQL: SELECT * FROM `dd_role` WHERE `id` = 1 LIMIT 1   [ RunTime:0.0000s ]
SQL: SHOW COLUMNS FROM `dd_menu` [ RunTime:0.0000s ]
SQL: SELECT * FROM `dd_menu` WHERE `status` = 1 AND `id` IN ('1','2','3','4','5','6','7','8','9','10','11','12','13','14','42','43','44','15','16','17','18','19','20','21','22','23','24','25','26','27','28','29','30','31','32','33','34','35','36','37','45') ORDER BY sort desc,id asc  [ RunTime:0.0000s ]
NOTIC: [8] Undefined variable: where E:\phpStudy\WWW\0601\Application\Admin\Controller\OrderController.class.php 第 80 行.
SQL: SHOW COLUMNS FROM `dd_mch_order` [ RunTime:0.0000s ]
SQL: SELECT COUNT(*) AS tp_count FROM `dd_mch_order` WHERE `mch_id` > 1 LIMIT 1   [ RunTime:0.0000s ]
SQL: SELECT COUNT(*) AS tp_count FROM `dd_mch_order` WHERE `status` > 1 LIMIT 1   [ RunTime:0.0000s ]
SQL: SELECT SUM(total) AS tp_sum FROM `dd_mch_order` WHERE `mch_id` > 1 LIMIT 1   [ RunTime:0.0000s ]
SQL: SELECT SUM(total) AS tp_sum FROM `dd_mch_order` WHERE `status` > 1 LIMIT 1   [ RunTime:0.0000s ]
SQL: SELECT SUM(wxpay) AS tp_sum FROM `dd_mch_order` WHERE `mch_id` > 1 LIMIT 1   [ RunTime:0.0000s ]
SQL: SELECT SUM(moneypay) AS tp_sum FROM `dd_mch_order` WHERE `mch_id` > 1 LIMIT 1   [ RunTime:0.0000s ]
SQL: SELECT SUM(pointspay) AS tp_sum FROM `dd_mch_order` WHERE `mch_id` > 1 LIMIT 1   [ RunTime:0.0000s ]
SQL: SELECT SUM(cxpointspay) AS tp_sum FROM `dd_mch_order` WHERE `mch_id` > 1 LIMIT 1   [ RunTime:0.0000s ]
SQL: SELECT COUNT(*) AS tp_count FROM `dd_mch_order` WHERE `mch_id` > 1 LIMIT 1   [ RunTime:0.0000s ]
NOTIC: [8] Undefined variable: order E:\phpStudy\WWW\0601\Application\Admin\Controller\OrderController.class.php 第 36 行.
SQL: SELECT * FROM `dd_mch_order` WHERE `mch_id` > 1 ORDER BY id desc LIMIT 0,25   [ RunTime:0.0000s ]
SQL: SHOW COLUMNS FROM `dd_cart` [ RunTime:0.0156s ]
SQL: SELECT * FROM `dd_cart` WHERE `id` IN ('363')  [ RunTime:0.0000s ]
SQL: SHOW COLUMNS FROM `dd_product` [ RunTime:0.0000s ]
SQL: SELECT * FROM `dd_product` WHERE `id` = 90 LIMIT 1   [ RunTime:0.0000s ]
SQL: SELECT * FROM `dd_cart` WHERE `id` IN ('360')  [ RunTime:0.0000s ]
SQL: SELECT * FROM `dd_product` WHERE `id` = 90 LIMIT 1   [ RunTime:0.0000s ]
SQL: SELECT * FROM `dd_cart` WHERE `id` IN ('359')  [ RunTime:0.0000s ]
SQL: SELECT * FROM `dd_product` WHERE `id` = 81 LIMIT 1   [ RunTime:0.0000s ]
SQL: SELECT * FROM `dd_cart` WHERE `id` IN ('358')  [ RunTime:0.0000s ]
SQL: SELECT * FROM `dd_product` WHERE `id` = 33 LIMIT 1   [ RunTime:0.0000s ]
SQL: SELECT * FROM `dd_cart` WHERE `id` IN ('357')  [ RunTime:0.0000s ]
SQL: SELECT * FROM `dd_product` WHERE `id` = 33 LIMIT 1   [ RunTime:0.0000s ]
SQL: SELECT * FROM `dd_cart` WHERE `id` IN ('356')  [ RunTime:0.0000s ]
SQL: SELECT * FROM `dd_product` WHERE `id` = 77 LIMIT 1   [ RunTime:0.0000s ]
SQL: SELECT * FROM `dd_cart` WHERE `id` IN ('354')  [ RunTime:0.0000s ]
SQL: SELECT * FROM `dd_product` WHERE `id` = 84 LIMIT 1   [ RunTime:0.0000s ]
SQL: SELECT * FROM `dd_cart` WHERE `id` IN ('352')  [ RunTime:0.0000s ]
SQL: SELECT * FROM `dd_product` WHERE `id` = 85 LIMIT 1   [ RunTime:0.0000s ]
SQL: SELECT * FROM `dd_cart` WHERE `id` IN ('351')  [ RunTime:0.0000s ]
SQL: SELECT * FROM `dd_product` WHERE `id` = 89 LIMIT 1   [ RunTime:0.0000s ]
SQL: SELECT * FROM `dd_cart` WHERE `id` IN ('350')  [ RunTime:0.0000s ]
SQL: SELECT * FROM `dd_product` WHERE `id` = 89 LIMIT 1   [ RunTime:0.0000s ]
SQL: SELECT * FROM `dd_cart` WHERE `id` IN ('342')  [ RunTime:0.0000s ]
SQL: SELECT * FROM `dd_product` WHERE `id` = 83 LIMIT 1   [ RunTime:0.0000s ]
SQL: SELECT * FROM `dd_cart` WHERE `id` IN ('341')  [ RunTime:0.0000s ]
SQL: SELECT * FROM `dd_product` WHERE `id` = 83 LIMIT 1   [ RunTime:0.0000s ]
SQL: SELECT * FROM `dd_cart` WHERE `id` IN ('340')  [ RunTime:0.0000s ]
SQL: SELECT * FROM `dd_product` WHERE `id` = 66 LIMIT 1   [ RunTime:0.0000s ]
SQL: SELECT * FROM `dd_cart` WHERE `id` IN ('335')  [ RunTime:0.0000s ]
SQL: SELECT * FROM `dd_product` WHERE `id` = 61 LIMIT 1   [ RunTime:0.0000s ]
SQL: SELECT * FROM `dd_cart` WHERE `id` IN ('331')  [ RunTime:0.0000s ]
SQL: SELECT * FROM `dd_product` WHERE `id` = 76 LIMIT 1   [ RunTime:0.0000s ]
SQL: SELECT * FROM `dd_cart` WHERE `id` IN ('180')  [ RunTime:0.0000s ]
SQL: SELECT * FROM `dd_product` WHERE `id` = 40 LIMIT 1   [ RunTime:0.0000s ]
SQL: SELECT * FROM `dd_cart` WHERE `id` IN ('330')  [ RunTime:0.0000s ]
SQL: SELECT * FROM `dd_product` WHERE `id` = 80 LIMIT 1   [ RunTime:0.0000s ]
SQL: SELECT * FROM `dd_cart` WHERE `id` IN ('324')  [ RunTime:0.0000s ]
SQL: SELECT * FROM `dd_product` WHERE `id` = 75 LIMIT 1   [ RunTime:0.0000s ]
SQL: SELECT * FROM `dd_cart` WHERE `id` IN ('323')  [ RunTime:0.0000s ]
SQL: SELECT * FROM `dd_product` WHERE `id` = 75 LIMIT 1   [ RunTime:0.0000s ]
SQL: SELECT * FROM `dd_cart` WHERE `id` IN ('320')  [ RunTime:0.0000s ]
SQL: SELECT * FROM `dd_product` WHERE `id` = 75 LIMIT 1   [ RunTime:0.0000s ]
SQL: SELECT * FROM `dd_cart` WHERE `id` IN ('322')  [ RunTime:0.0000s ]
SQL: SELECT * FROM `dd_product` WHERE `id` = 61 LIMIT 1   [ RunTime:0.0000s ]
SQL: SELECT * FROM `dd_cart` WHERE `id` IN ('318')  [ RunTime:0.0156s ]
SQL: SELECT * FROM `dd_product` WHERE `id` = 49 LIMIT 1   [ RunTime:0.0000s ]
SQL: SELECT * FROM `dd_cart` WHERE `id` IN ('319')  [ RunTime:0.0000s ]
SQL: SELECT * FROM `dd_product` WHERE `id` = 49 LIMIT 1   [ RunTime:0.0000s ]
SQL: SELECT * FROM `dd_cart` WHERE `id` IN ('317')  [ RunTime:0.0000s ]
SQL: SELECT * FROM `dd_product` WHERE `id` = 75 LIMIT 1   [ RunTime:0.0000s ]
SQL: SELECT * FROM `dd_cart` WHERE `id` IN ('314')  [ RunTime:0.0000s ]
SQL: SELECT * FROM `dd_product` WHERE `id` = 44 LIMIT 1   [ RunTime:0.0000s ]
INFO: [ view_parse ] --START--
INFO: [ template_filter ] --START--
INFO: Run Behavior\ContentReplaceBehavior [ RunTime:0.000000s ]
INFO: [ template_filter ] --END-- [ RunTime:0.000000s ]
NOTIC: [8] Use of undefined constant id - assumed 'id' E:\phpStudy\WWW\0601\Application\Runtime\Cache\Admin\18bc66a7b6334412ab8e61a2539ecfbd.php 第 182 行.
NOTIC: [8] Use of undefined constant id - assumed 'id' E:\phpStudy\WWW\0601\Application\Runtime\Cache\Admin\18bc66a7b6334412ab8e61a2539ecfbd.php 第 187 行.
NOTIC: [8] Use of undefined constant id - assumed 'id' E:\phpStudy\WWW\0601\Application\Runtime\Cache\Admin\18bc66a7b6334412ab8e61a2539ecfbd.php 第 182 行.
NOTIC: [8] Use of undefined constant id - assumed 'id' E:\phpStudy\WWW\0601\Application\Runtime\Cache\Admin\18bc66a7b6334412ab8e61a2539ecfbd.php 第 187 行.
NOTIC: [8] Use of undefined constant id - assumed 'id' E:\phpStudy\WWW\0601\Application\Runtime\Cache\Admin\18bc66a7b6334412ab8e61a2539ecfbd.php 第 182 行.
NOTIC: [8] Use of undefined constant id - assumed 'id' E:\phpStudy\WWW\0601\Application\Runtime\Cache\Admin\18bc66a7b6334412ab8e61a2539ecfbd.php 第 187 行.
NOTIC: [8] Use of undefined constant id - assumed 'id' E:\phpStudy\WWW\0601\Application\Runtime\Cache\Admin\18bc66a7b6334412ab8e61a2539ecfbd.php 第 182 行.
NOTIC: [8] Use of undefined constant id - assumed 'id' E:\phpStudy\WWW\0601\Application\Runtime\Cache\Admin\18bc66a7b6334412ab8e61a2539ecfbd.php 第 187 行.
NOTIC: [8] Use of undefined constant id - assumed 'id' E:\phpStudy\WWW\0601\Application\Runtime\Cache\Admin\18bc66a7b6334412ab8e61a2539ecfbd.php 第 182 行.
NOTIC: [8] Use of undefined constant id - assumed 'id' E:\phpStudy\WWW\0601\Application\Runtime\Cache\Admin\18bc66a7b6334412ab8e61a2539ecfbd.php 第 187 行.
NOTIC: [8] Use of undefined constant id - assumed 'id' E:\phpStudy\WWW\0601\Application\Runtime\Cache\Admin\18bc66a7b6334412ab8e61a2539ecfbd.php 第 182 行.
NOTIC: [8] Use of undefined constant id - assumed 'id' E:\phpStudy\WWW\0601\Application\Runtime\Cache\Admin\18bc66a7b6334412ab8e61a2539ecfbd.php 第 187 行.
NOTIC: [8] Undefined index: status E:\phpStudy\WWW\0601\Application\Runtime\Cache\Admin\18bc66a7b6334412ab8e61a2539ecfbd.php 第 215 行.
NOTIC: [8] Undefined index: user_id E:\phpStudy\WWW\0601\Application\Runtime\Cache\Admin\18bc66a7b6334412ab8e61a2539ecfbd.php 第 226 行.
NOTIC: [8] Undefined index: sn E:\phpStudy\WWW\0601\Application\Runtime\Cache\Admin\18bc66a7b6334412ab8e61a2539ecfbd.php 第 228 行.
NOTIC: [8] Undefined index: time1 E:\phpStudy\WWW\0601\Application\Runtime\Cache\Admin\18bc66a7b6334412ab8e61a2539ecfbd.php 第 230 行.
NOTIC: [8] Undefined index: time2 E:\phpStudy\WWW\0601\Application\Runtime\Cache\Admin\18bc66a7b6334412ab8e61a2539ecfbd.php 第 232 行.
NOTIC: [8] Undefined index: status E:\phpStudy\WWW\0601\Application\Runtime\Cache\Admin\18bc66a7b6334412ab8e61a2539ecfbd.php 第 279 行.
INFO: Run Behavior\ParseTemplateBehavior [ RunTime:0.015625s ]
INFO: [ view_parse ] --END-- [ RunTime:0.015625s ]
INFO: [ view_filter ] --START--
INFO: Run Behavior\WriteHtmlCacheBehavior [ RunTime:0.000000s ]
INFO: [ view_filter ] --END-- [ RunTime:0.000000s ]
INFO: [ app_end ] --START--
INFO: Run Behavior\ShowPageTraceBehavior [ RunTime:0.000000s ]
INFO: [ app_end ] --END-- [ RunTime:0.000000s ]

