[ 2017-11-30T13:20:11+08:00 ] 127.0.0.1 /admin.php?m=Admin&c=Public&a=login
INFO: [ app_init ] --START--
INFO: Run Behavior\BuildLiteBehavior [ RunTime:0.000000s ]
INFO: [ app_init ] --END-- [ RunTime:0.000000s ]
INFO: [ app_begin ] --START--
INFO: Run Behavior\ReadHtmlCacheBehavior [ RunTime:0.001000s ]
INFO: [ app_begin ] --END-- [ RunTime:0.001000s ]
INFO: [ view_parse ] --START--
INFO: [ template_filter ] --START--
INFO: Run Behavior\ContentReplaceBehavior [ RunTime:0.000000s ]
INFO: [ template_filter ] --END-- [ RunTime:0.000000s ]
INFO: Run Behavior\ParseTemplateBehavior [ RunTime:0.017000s ]
INFO: [ view_parse ] --END-- [ RunTime:0.017000s ]
INFO: [ view_filter ] --START--
INFO: Run Behavior\WriteHtmlCacheBehavior [ RunTime:0.001000s ]
INFO: [ view_filter ] --END-- [ RunTime:0.001000s ]
INFO: [ app_end ] --START--
INFO: Run Behavior\ShowPageTraceBehavior [ RunTime:0.000000s ]
INFO: [ app_end ] --END-- [ RunTime:0.000000s ]

[ 2017-11-30T13:20:14+08:00 ] 127.0.0.1 /admin.php?m=Admin&c=Public&a=login_ajax
INFO: [ app_init ] --START--
INFO: Run Behavior\BuildLiteBehavior [ RunTime:0.000000s ]
INFO: [ app_init ] --END-- [ RunTime:0.001000s ]
INFO: [ app_begin ] --START--
INFO: Run Behavior\ReadHtmlCacheBehavior [ RunTime:0.001000s ]
INFO: [ app_begin ] --END-- [ RunTime:0.001000s ]
SQL: SHOW COLUMNS FROM `dd_mch_login` [ RunTime:0.0200s ]
SQL: SELECT * FROM `dd_mch_login` WHERE `session_id` = 'hehrl7pb64m5ak81v48u3otg72' AND `status` = 1 LIMIT 1   [ RunTime:0.0000s ]
SQL: SHOW COLUMNS FROM `dd_user` [ RunTime:0.0050s ]
SQL: SELECT * FROM `dd_user` WHERE `id` = 0 LIMIT 1   [ RunTime:0.0000s ]

[ 2017-11-30T13:20:17+08:00 ] 127.0.0.1 /admin.php?m=Admin&c=Public&a=login_ajax
INFO: [ app_init ] --START--
INFO: Run Behavior\BuildLiteBehavior [ RunTime:0.000000s ]
INFO: [ app_init ] --END-- [ RunTime:0.000000s ]
INFO: [ app_begin ] --START--
INFO: Run Behavior\ReadHtmlCacheBehavior [ RunTime:0.001000s ]
INFO: [ app_begin ] --END-- [ RunTime:0.001000s ]
SQL: SHOW COLUMNS FROM `dd_mch_login` [ RunTime:0.0030s ]
SQL: SELECT * FROM `dd_mch_login` WHERE `session_id` = 'hehrl7pb64m5ak81v48u3otg72' AND `status` = 1 LIMIT 1   [ RunTime:0.0010s ]
SQL: SHOW COLUMNS FROM `dd_user` [ RunTime:0.0030s ]
SQL: SELECT * FROM `dd_user` WHERE `id` = 0 LIMIT 1   [ RunTime:0.0000s ]

[ 2017-11-30T13:20:20+08:00 ] 127.0.0.1 /admin.php?m=Admin&c=Public&a=login_ajax
INFO: [ app_init ] --START--
INFO: Run Behavior\BuildLiteBehavior [ RunTime:0.000000s ]
INFO: [ app_init ] --END-- [ RunTime:0.001000s ]
INFO: [ app_begin ] --START--
INFO: Run Behavior\ReadHtmlCacheBehavior [ RunTime:0.001000s ]
INFO: [ app_begin ] --END-- [ RunTime:0.001000s ]
SQL: SHOW COLUMNS FROM `dd_mch_login` [ RunTime:0.0030s ]
SQL: SELECT * FROM `dd_mch_login` WHERE `session_id` = 'hehrl7pb64m5ak81v48u3otg72' AND `status` = 1 LIMIT 1   [ RunTime:0.0000s ]
SQL: SHOW COLUMNS FROM `dd_user` [ RunTime:0.0040s ]
SQL: SELECT * FROM `dd_user` WHERE `id` = 0 LIMIT 1   [ RunTime:0.0000s ]

[ 2017-11-30T13:20:23+08:00 ] 127.0.0.1 /admin.php?m=Admin&c=Public&a=login_ajax
INFO: [ app_init ] --START--
INFO: Run Behavior\BuildLiteBehavior [ RunTime:0.000000s ]
INFO: [ app_init ] --END-- [ RunTime:0.001000s ]
INFO: [ app_begin ] --START--
INFO: Run Behavior\ReadHtmlCacheBehavior [ RunTime:0.001000s ]
INFO: [ app_begin ] --END-- [ RunTime:0.001000s ]
SQL: SHOW COLUMNS FROM `dd_mch_login` [ RunTime:0.0040s ]
SQL: SELECT * FROM `dd_mch_login` WHERE `session_id` = 'hehrl7pb64m5ak81v48u3otg72' AND `status` = 1 LIMIT 1   [ RunTime:0.0000s ]
SQL: SHOW COLUMNS FROM `dd_user` [ RunTime:0.0060s ]
SQL: SELECT * FROM `dd_user` WHERE `id` = 0 LIMIT 1   [ RunTime:0.0000s ]

[ 2017-11-30T13:20:26+08:00 ] 127.0.0.1 /admin.php?m=Admin&c=Public&a=login_ajax
INFO: [ app_init ] --START--
INFO: Run Behavior\BuildLiteBehavior [ RunTime:0.000000s ]
INFO: [ app_init ] --END-- [ RunTime:0.001000s ]
INFO: [ app_begin ] --START--
INFO: Run Behavior\ReadHtmlCacheBehavior [ RunTime:0.001000s ]
INFO: [ app_begin ] --END-- [ RunTime:0.001000s ]
SQL: SHOW COLUMNS FROM `dd_mch_login` [ RunTime:0.0030s ]
SQL: SELECT * FROM `dd_mch_login` WHERE `session_id` = 'hehrl7pb64m5ak81v48u3otg72' AND `status` = 1 LIMIT 1   [ RunTime:0.0000s ]
SQL: SHOW COLUMNS FROM `dd_user` [ RunTime:0.0040s ]
SQL: SELECT * FROM `dd_user` WHERE `id` = 0 LIMIT 1   [ RunTime:0.0000s ]

[ 2017-11-30T13:20:30+08:00 ] 127.0.0.1 /admin.php?m=Admin&c=Public&a=login_ajax
INFO: [ app_init ] --START--
INFO: Run Behavior\BuildLiteBehavior [ RunTime:0.000000s ]
INFO: [ app_init ] --END-- [ RunTime:0.001000s ]
INFO: [ app_begin ] --START--
INFO: Run Behavior\ReadHtmlCacheBehavior [ RunTime:0.000000s ]
INFO: [ app_begin ] --END-- [ RunTime:0.000000s ]
SQL: SHOW COLUMNS FROM `dd_mch_login` [ RunTime:0.0030s ]
SQL: SELECT * FROM `dd_mch_login` WHERE `session_id` = 'hehrl7pb64m5ak81v48u3otg72' AND `status` = 1 LIMIT 1   [ RunTime:0.0000s ]
SQL: SHOW COLUMNS FROM `dd_user` [ RunTime:0.0040s ]
SQL: SELECT * FROM `dd_user` WHERE `id` = 0 LIMIT 1   [ RunTime:0.0010s ]

[ 2017-11-30T13:20:33+08:00 ] 127.0.0.1 /admin.php?m=Admin&c=Public&a=login_ajax
INFO: [ app_init ] --START--
INFO: Run Behavior\BuildLiteBehavior [ RunTime:0.000000s ]
INFO: [ app_init ] --END-- [ RunTime:0.000000s ]
INFO: [ app_begin ] --START--
INFO: Run Behavior\ReadHtmlCacheBehavior [ RunTime:0.001000s ]
INFO: [ app_begin ] --END-- [ RunTime:0.001000s ]
SQL: SHOW COLUMNS FROM `dd_mch_login` [ RunTime:0.0030s ]
SQL: SELECT * FROM `dd_mch_login` WHERE `session_id` = 'hehrl7pb64m5ak81v48u3otg72' AND `status` = 1 LIMIT 1   [ RunTime:0.0000s ]
SQL: SHOW COLUMNS FROM `dd_user` [ RunTime:0.0040s ]
SQL: SELECT * FROM `dd_user` WHERE `id` = 0 LIMIT 1   [ RunTime:0.0000s ]

[ 2017-11-30T13:20:36+08:00 ] 127.0.0.1 /admin.php?m=Admin&c=Public&a=login_ajax
INFO: [ app_init ] --START--
INFO: Run Behavior\BuildLiteBehavior [ RunTime:0.000000s ]
INFO: [ app_init ] --END-- [ RunTime:0.000000s ]
INFO: [ app_begin ] --START--
INFO: Run Behavior\ReadHtmlCacheBehavior [ RunTime:0.001000s ]
INFO: [ app_begin ] --END-- [ RunTime:0.001000s ]
SQL: SHOW COLUMNS FROM `dd_mch_login` [ RunTime:0.0050s ]
SQL: SELECT * FROM `dd_mch_login` WHERE `session_id` = 'hehrl7pb64m5ak81v48u3otg72' AND `status` = 1 LIMIT 1   [ RunTime:0.0010s ]
SQL: SHOW COLUMNS FROM `dd_user` [ RunTime:0.0040s ]
SQL: SELECT * FROM `dd_user` WHERE `id` = 0 LIMIT 1   [ RunTime:0.0000s ]

[ 2017-11-30T13:20:39+08:00 ] 127.0.0.1 /admin.php?m=Admin&c=Public&a=login_ajax
INFO: [ app_init ] --START--
INFO: Run Behavior\BuildLiteBehavior [ RunTime:0.000000s ]
INFO: [ app_init ] --END-- [ RunTime:0.000000s ]
INFO: [ app_begin ] --START--
INFO: Run Behavior\ReadHtmlCacheBehavior [ RunTime:0.001000s ]
INFO: [ app_begin ] --END-- [ RunTime:0.001000s ]
SQL: SHOW COLUMNS FROM `dd_mch_login` [ RunTime:0.0050s ]
SQL: SELECT * FROM `dd_mch_login` WHERE `session_id` = 'hehrl7pb64m5ak81v48u3otg72' AND `status` = 1 LIMIT 1   [ RunTime:0.0010s ]
SQL: SHOW COLUMNS FROM `dd_user` [ RunTime:0.0040s ]
SQL: SELECT * FROM `dd_user` WHERE `id` = 0 LIMIT 1   [ RunTime:0.0000s ]

[ 2017-11-30T13:20:42+08:00 ] 127.0.0.1 /admin.php?m=Admin&c=Public&a=login_ajax
INFO: [ app_init ] --START--
INFO: Run Behavior\BuildLiteBehavior [ RunTime:0.000000s ]
INFO: [ app_init ] --END-- [ RunTime:0.000000s ]
INFO: [ app_begin ] --START--
INFO: Run Behavior\ReadHtmlCacheBehavior [ RunTime:0.000000s ]
INFO: [ app_begin ] --END-- [ RunTime:0.001000s ]
SQL: SHOW COLUMNS FROM `dd_mch_login` [ RunTime:0.0030s ]
SQL: SELECT * FROM `dd_mch_login` WHERE `session_id` = 'hehrl7pb64m5ak81v48u3otg72' AND `status` = 1 LIMIT 1   [ RunTime:0.0010s ]
SQL: SHOW COLUMNS FROM `dd_user` [ RunTime:0.0040s ]
SQL: SELECT * FROM `dd_user` WHERE `id` = 0 LIMIT 1   [ RunTime:0.0010s ]

[ 2017-11-30T13:20:45+08:00 ] 127.0.0.1 /admin.php?m=Admin&c=Public&a=login_ajax
INFO: [ app_init ] --START--
INFO: Run Behavior\BuildLiteBehavior [ RunTime:0.000000s ]
INFO: [ app_init ] --END-- [ RunTime:0.002000s ]
INFO: [ app_begin ] --START--
INFO: Run Behavior\ReadHtmlCacheBehavior [ RunTime:0.002000s ]
INFO: [ app_begin ] --END-- [ RunTime:0.002000s ]
SQL: SHOW COLUMNS FROM `dd_mch_login` [ RunTime:0.0060s ]
SQL: SELECT * FROM `dd_mch_login` WHERE `session_id` = 'hehrl7pb64m5ak81v48u3otg72' AND `status` = 1 LIMIT 1   [ RunTime:0.0000s ]
SQL: SHOW COLUMNS FROM `dd_user` [ RunTime:0.0070s ]
SQL: SELECT * FROM `dd_user` WHERE `id` = 0 LIMIT 1   [ RunTime:0.0000s ]

[ 2017-11-30T13:20:48+08:00 ] 127.0.0.1 /admin.php?m=Admin&c=Public&a=login_ajax
INFO: [ app_init ] --START--
INFO: Run Behavior\BuildLiteBehavior [ RunTime:0.000000s ]
INFO: [ app_init ] --END-- [ RunTime:0.000000s ]
INFO: [ app_begin ] --START--
INFO: Run Behavior\ReadHtmlCacheBehavior [ RunTime:0.000000s ]
INFO: [ app_begin ] --END-- [ RunTime:0.001000s ]
SQL: SHOW COLUMNS FROM `dd_mch_login` [ RunTime:0.0040s ]
SQL: SELECT * FROM `dd_mch_login` WHERE `session_id` = 'hehrl7pb64m5ak81v48u3otg72' AND `status` = 1 LIMIT 1   [ RunTime:0.0000s ]
SQL: SHOW COLUMNS FROM `dd_user` [ RunTime:0.0040s ]
SQL: SELECT * FROM `dd_user` WHERE `id` = 0 LIMIT 1   [ RunTime:0.0000s ]

[ 2017-11-30T13:20:51+08:00 ] 127.0.0.1 /admin.php?m=Admin&c=Public&a=login_ajax
INFO: [ app_init ] --START--
INFO: Run Behavior\BuildLiteBehavior [ RunTime:0.000000s ]
INFO: [ app_init ] --END-- [ RunTime:0.000000s ]
INFO: [ app_begin ] --START--
INFO: Run Behavior\ReadHtmlCacheBehavior [ RunTime:0.000000s ]
INFO: [ app_begin ] --END-- [ RunTime:0.001000s ]
SQL: SHOW COLUMNS FROM `dd_mch_login` [ RunTime:0.0040s ]
SQL: SELECT * FROM `dd_mch_login` WHERE `session_id` = 'hehrl7pb64m5ak81v48u3otg72' AND `status` = 1 LIMIT 1   [ RunTime:0.0000s ]
SQL: SHOW COLUMNS FROM `dd_user` [ RunTime:0.0040s ]
SQL: SELECT * FROM `dd_user` WHERE `id` = 0 LIMIT 1   [ RunTime:0.0010s ]

[ 2017-11-30T13:20:54+08:00 ] 127.0.0.1 /admin.php?m=Admin&c=Public&a=login_ajax
INFO: [ app_init ] --START--
INFO: Run Behavior\BuildLiteBehavior [ RunTime:0.000000s ]
INFO: [ app_init ] --END-- [ RunTime:0.000000s ]
INFO: [ app_begin ] --START--
INFO: Run Behavior\ReadHtmlCacheBehavior [ RunTime:0.001000s ]
INFO: [ app_begin ] --END-- [ RunTime:0.001000s ]
SQL: SHOW COLUMNS FROM `dd_mch_login` [ RunTime:0.0030s ]
SQL: SELECT * FROM `dd_mch_login` WHERE `session_id` = 'hehrl7pb64m5ak81v48u3otg72' AND `status` = 1 LIMIT 1   [ RunTime:0.0000s ]
SQL: SHOW COLUMNS FROM `dd_user` [ RunTime:0.0040s ]
SQL: SELECT * FROM `dd_user` WHERE `id` = 0 LIMIT 1   [ RunTime:0.0000s ]

[ 2017-11-30T13:20:57+08:00 ] 127.0.0.1 /admin.php?m=Admin&c=Public&a=login_ajax
INFO: [ app_init ] --START--
INFO: Run Behavior\BuildLiteBehavior [ RunTime:0.000000s ]
INFO: [ app_init ] --END-- [ RunTime:0.000000s ]
INFO: [ app_begin ] --START--
INFO: Run Behavior\ReadHtmlCacheBehavior [ RunTime:0.001000s ]
INFO: [ app_begin ] --END-- [ RunTime:0.001000s ]
SQL: SHOW COLUMNS FROM `dd_mch_login` [ RunTime:0.0400s ]
SQL: SELECT * FROM `dd_mch_login` WHERE `session_id` = 'hehrl7pb64m5ak81v48u3otg72' AND `status` = 1 LIMIT 1   [ RunTime:0.0000s ]
SQL: SHOW COLUMNS FROM `dd_user` [ RunTime:0.0040s ]
SQL: SELECT * FROM `dd_user` WHERE `id` = 0 LIMIT 1   [ RunTime:0.0000s ]

[ 2017-11-30T13:21:00+08:00 ] 127.0.0.1 /admin.php?m=Admin&c=Public&a=login_ajax
INFO: [ app_init ] --START--
INFO: Run Behavior\BuildLiteBehavior [ RunTime:0.000000s ]
INFO: [ app_init ] --END-- [ RunTime:0.001000s ]
INFO: [ app_begin ] --START--
INFO: Run Behavior\ReadHtmlCacheBehavior [ RunTime:0.000000s ]
INFO: [ app_begin ] --END-- [ RunTime:0.001000s ]
SQL: SHOW COLUMNS FROM `dd_mch_login` [ RunTime:0.0030s ]
SQL: SELECT * FROM `dd_mch_login` WHERE `session_id` = 'hehrl7pb64m5ak81v48u3otg72' AND `status` = 1 LIMIT 1   [ RunTime:0.0000s ]
SQL: SHOW COLUMNS FROM `dd_user` [ RunTime:0.0040s ]
SQL: SELECT * FROM `dd_user` WHERE `id` = 0 LIMIT 1   [ RunTime:0.0000s ]

[ 2017-11-30T13:21:03+08:00 ] 127.0.0.1 /admin.php?m=Admin&c=Public&a=login_ajax
INFO: [ app_init ] --START--
INFO: Run Behavior\BuildLiteBehavior [ RunTime:0.000000s ]
INFO: [ app_init ] --END-- [ RunTime:0.001000s ]
INFO: [ app_begin ] --START--
INFO: Run Behavior\ReadHtmlCacheBehavior [ RunTime:0.001000s ]
INFO: [ app_begin ] --END-- [ RunTime:0.001000s ]
SQL: SHOW COLUMNS FROM `dd_mch_login` [ RunTime:0.0040s ]
SQL: SELECT * FROM `dd_mch_login` WHERE `session_id` = 'hehrl7pb64m5ak81v48u3otg72' AND `status` = 1 LIMIT 1   [ RunTime:0.0000s ]
SQL: SHOW COLUMNS FROM `dd_user` [ RunTime:0.0040s ]
SQL: SELECT * FROM `dd_user` WHERE `id` = 0 LIMIT 1   [ RunTime:0.0000s ]

[ 2017-11-30T13:21:06+08:00 ] 127.0.0.1 /admin.php?m=Admin&c=Public&a=login_ajax
INFO: [ app_init ] --START--
INFO: Run Behavior\BuildLiteBehavior [ RunTime:0.000000s ]
INFO: [ app_init ] --END-- [ RunTime:0.000000s ]
INFO: [ app_begin ] --START--
INFO: Run Behavior\ReadHtmlCacheBehavior [ RunTime:0.001000s ]
INFO: [ app_begin ] --END-- [ RunTime:0.001000s ]
SQL: SHOW COLUMNS FROM `dd_mch_login` [ RunTime:0.0030s ]
SQL: SELECT * FROM `dd_mch_login` WHERE `session_id` = 'hehrl7pb64m5ak81v48u3otg72' AND `status` = 1 LIMIT 1   [ RunTime:0.0000s ]
SQL: SHOW COLUMNS FROM `dd_user` [ RunTime:0.0040s ]
SQL: SELECT * FROM `dd_user` WHERE `id` = 0 LIMIT 1   [ RunTime:0.0000s ]

[ 2017-11-30T13:21:09+08:00 ] 127.0.0.1 /admin.php?m=Admin&c=Public&a=login_ajax
INFO: [ app_init ] --START--
INFO: Run Behavior\BuildLiteBehavior [ RunTime:0.000000s ]
INFO: [ app_init ] --END-- [ RunTime:0.001000s ]
INFO: [ app_begin ] --START--
INFO: Run Behavior\ReadHtmlCacheBehavior [ RunTime:0.001000s ]
INFO: [ app_begin ] --END-- [ RunTime:0.001000s ]
SQL: SHOW COLUMNS FROM `dd_mch_login` [ RunTime:0.0030s ]
SQL: SELECT * FROM `dd_mch_login` WHERE `session_id` = 'hehrl7pb64m5ak81v48u3otg72' AND `status` = 1 LIMIT 1   [ RunTime:0.0000s ]
SQL: SHOW COLUMNS FROM `dd_user` [ RunTime:0.0040s ]
SQL: SELECT * FROM `dd_user` WHERE `id` = 0 LIMIT 1   [ RunTime:0.0010s ]

[ 2017-11-30T13:21:12+08:00 ] 127.0.0.1 /admin.php?m=Admin&c=Public&a=login_ajax
INFO: [ app_init ] --START--
INFO: Run Behavior\BuildLiteBehavior [ RunTime:0.000000s ]
INFO: [ app_init ] --END-- [ RunTime:0.001000s ]
INFO: [ app_begin ] --START--
INFO: Run Behavior\ReadHtmlCacheBehavior [ RunTime:0.001000s ]
INFO: [ app_begin ] --END-- [ RunTime:0.001000s ]
SQL: SHOW COLUMNS FROM `dd_mch_login` [ RunTime:0.0040s ]
SQL: SELECT * FROM `dd_mch_login` WHERE `session_id` = 'hehrl7pb64m5ak81v48u3otg72' AND `status` = 1 LIMIT 1   [ RunTime:0.0000s ]
SQL: SHOW COLUMNS FROM `dd_user` [ RunTime:0.0050s ]
SQL: SELECT * FROM `dd_user` WHERE `id` = 0 LIMIT 1   [ RunTime:0.0000s ]

[ 2017-11-30T13:21:15+08:00 ] 127.0.0.1 /admin.php?m=Admin&c=Public&a=login_ajax
INFO: [ app_init ] --START--
INFO: Run Behavior\BuildLiteBehavior [ RunTime:0.000000s ]
INFO: [ app_init ] --END-- [ RunTime:0.000000s ]
INFO: [ app_begin ] --START--
INFO: Run Behavior\ReadHtmlCacheBehavior [ RunTime:0.001000s ]
INFO: [ app_begin ] --END-- [ RunTime:0.001000s ]
SQL: SHOW COLUMNS FROM `dd_mch_login` [ RunTime:0.0030s ]
SQL: SELECT * FROM `dd_mch_login` WHERE `session_id` = 'hehrl7pb64m5ak81v48u3otg72' AND `status` = 1 LIMIT 1   [ RunTime:0.0010s ]
SQL: SHOW COLUMNS FROM `dd_user` [ RunTime:0.0040s ]
SQL: SELECT * FROM `dd_user` WHERE `id` = 0 LIMIT 1   [ RunTime:0.0000s ]

[ 2017-11-30T13:21:18+08:00 ] 127.0.0.1 /admin.php?m=Admin&c=Public&a=login_ajax
INFO: [ app_init ] --START--
INFO: Run Behavior\BuildLiteBehavior [ RunTime:0.000000s ]
INFO: [ app_init ] --END-- [ RunTime:0.000000s ]
INFO: [ app_begin ] --START--
INFO: Run Behavior\ReadHtmlCacheBehavior [ RunTime:0.001000s ]
INFO: [ app_begin ] --END-- [ RunTime:0.001000s ]
SQL: SHOW COLUMNS FROM `dd_mch_login` [ RunTime:0.0040s ]
SQL: SELECT * FROM `dd_mch_login` WHERE `session_id` = 'hehrl7pb64m5ak81v48u3otg72' AND `status` = 1 LIMIT 1   [ RunTime:0.0000s ]
SQL: SHOW COLUMNS FROM `dd_user` [ RunTime:0.0040s ]
SQL: SELECT * FROM `dd_user` WHERE `id` = 0 LIMIT 1   [ RunTime:0.0000s ]

[ 2017-11-30T13:21:21+08:00 ] 127.0.0.1 /admin.php?m=Admin&c=Public&a=login_ajax
INFO: [ app_init ] --START--
INFO: Run Behavior\BuildLiteBehavior [ RunTime:0.000000s ]
INFO: [ app_init ] --END-- [ RunTime:0.001000s ]
INFO: [ app_begin ] --START--
INFO: Run Behavior\ReadHtmlCacheBehavior [ RunTime:0.001000s ]
INFO: [ app_begin ] --END-- [ RunTime:0.001000s ]
SQL: SHOW COLUMNS FROM `dd_mch_login` [ RunTime:0.0030s ]
SQL: SELECT * FROM `dd_mch_login` WHERE `session_id` = 'hehrl7pb64m5ak81v48u3otg72' AND `status` = 1 LIMIT 1   [ RunTime:0.0000s ]
SQL: SHOW COLUMNS FROM `dd_user` [ RunTime:0.0030s ]
SQL: SELECT * FROM `dd_user` WHERE `id` = 0 LIMIT 1   [ RunTime:0.0000s ]

[ 2017-11-30T13:21:24+08:00 ] 127.0.0.1 /admin.php?m=Admin&c=Public&a=login_ajax
INFO: [ app_init ] --START--
INFO: Run Behavior\BuildLiteBehavior [ RunTime:0.001000s ]
INFO: [ app_init ] --END-- [ RunTime:0.001000s ]
INFO: [ app_begin ] --START--
INFO: Run Behavior\ReadHtmlCacheBehavior [ RunTime:0.001000s ]
INFO: [ app_begin ] --END-- [ RunTime:0.001000s ]
SQL: SHOW COLUMNS FROM `dd_mch_login` [ RunTime:0.0050s ]
SQL: SELECT * FROM `dd_mch_login` WHERE `session_id` = 'hehrl7pb64m5ak81v48u3otg72' AND `status` = 1 LIMIT 1   [ RunTime:0.0000s ]
SQL: SHOW COLUMNS FROM `dd_user` [ RunTime:0.0040s ]
SQL: SELECT * FROM `dd_user` WHERE `id` = 0 LIMIT 1   [ RunTime:0.0010s ]

[ 2017-11-30T13:21:27+08:00 ] 127.0.0.1 /admin.php?m=Admin&c=Public&a=login_ajax
INFO: [ app_init ] --START--
INFO: Run Behavior\BuildLiteBehavior [ RunTime:0.000000s ]
INFO: [ app_init ] --END-- [ RunTime:0.001000s ]
INFO: [ app_begin ] --START--
INFO: Run Behavior\ReadHtmlCacheBehavior [ RunTime:0.001000s ]
INFO: [ app_begin ] --END-- [ RunTime:0.001000s ]
SQL: SHOW COLUMNS FROM `dd_mch_login` [ RunTime:0.0050s ]
SQL: SELECT * FROM `dd_mch_login` WHERE `session_id` = 'hehrl7pb64m5ak81v48u3otg72' AND `status` = 1 LIMIT 1   [ RunTime:0.0010s ]
SQL: SHOW COLUMNS FROM `dd_user` [ RunTime:0.0050s ]
SQL: SELECT * FROM `dd_user` WHERE `id` = 0 LIMIT 1   [ RunTime:0.0000s ]

[ 2017-11-30T13:21:30+08:00 ] 127.0.0.1 /admin.php?m=Admin&c=Public&a=login_ajax
INFO: [ app_init ] --START--
INFO: Run Behavior\BuildLiteBehavior [ RunTime:0.000000s ]
INFO: [ app_init ] --END-- [ RunTime:0.001000s ]
INFO: [ app_begin ] --START--
INFO: Run Behavior\ReadHtmlCacheBehavior [ RunTime:0.000000s ]
INFO: [ app_begin ] --END-- [ RunTime:0.001000s ]
SQL: SHOW COLUMNS FROM `dd_mch_login` [ RunTime:0.0040s ]
SQL: SELECT * FROM `dd_mch_login` WHERE `session_id` = 'hehrl7pb64m5ak81v48u3otg72' AND `status` = 1 LIMIT 1   [ RunTime:0.0010s ]
SQL: SHOW COLUMNS FROM `dd_user` [ RunTime:0.0050s ]
SQL: SELECT * FROM `dd_user` WHERE `id` = 0 LIMIT 1   [ RunTime:0.0000s ]

[ 2017-11-30T13:21:33+08:00 ] 127.0.0.1 /admin.php?m=Admin&c=Public&a=login_ajax
INFO: [ app_init ] --START--
INFO: Run Behavior\BuildLiteBehavior [ RunTime:0.000000s ]
INFO: [ app_init ] --END-- [ RunTime:0.001000s ]
INFO: [ app_begin ] --START--
INFO: Run Behavior\ReadHtmlCacheBehavior [ RunTime:0.001000s ]
INFO: [ app_begin ] --END-- [ RunTime:0.001000s ]
SQL: SHOW COLUMNS FROM `dd_mch_login` [ RunTime:0.0050s ]
SQL: SELECT * FROM `dd_mch_login` WHERE `session_id` = 'hehrl7pb64m5ak81v48u3otg72' AND `status` = 1 LIMIT 1   [ RunTime:0.0010s ]
SQL: SHOW COLUMNS FROM `dd_user` [ RunTime:0.0080s ]
SQL: SELECT * FROM `dd_user` WHERE `id` = 0 LIMIT 1   [ RunTime:0.0000s ]

[ 2017-11-30T13:21:36+08:00 ] 127.0.0.1 /admin.php?m=Admin&c=Public&a=login_ajax
INFO: [ app_init ] --START--
INFO: Run Behavior\BuildLiteBehavior [ RunTime:0.000000s ]
INFO: [ app_init ] --END-- [ RunTime:0.001000s ]
INFO: [ app_begin ] --START--
INFO: Run Behavior\ReadHtmlCacheBehavior [ RunTime:0.001000s ]
INFO: [ app_begin ] --END-- [ RunTime:0.001000s ]
SQL: SHOW COLUMNS FROM `dd_mch_login` [ RunTime:0.0050s ]
SQL: SELECT * FROM `dd_mch_login` WHERE `session_id` = 'hehrl7pb64m5ak81v48u3otg72' AND `status` = 1 LIMIT 1   [ RunTime:0.0000s ]
SQL: SHOW COLUMNS FROM `dd_user` [ RunTime:0.0060s ]
SQL: SELECT * FROM `dd_user` WHERE `id` = 0 LIMIT 1   [ RunTime:0.0000s ]

[ 2017-11-30T13:21:39+08:00 ] 127.0.0.1 /admin.php?m=Admin&c=Public&a=login_ajax
INFO: [ app_init ] --START--
INFO: Run Behavior\BuildLiteBehavior [ RunTime:0.000000s ]
INFO: [ app_init ] --END-- [ RunTime:0.000000s ]
INFO: [ app_begin ] --START--
INFO: Run Behavior\ReadHtmlCacheBehavior [ RunTime:0.001000s ]
INFO: [ app_begin ] --END-- [ RunTime:0.001000s ]
SQL: SHOW COLUMNS FROM `dd_mch_login` [ RunTime:0.0050s ]
SQL: SELECT * FROM `dd_mch_login` WHERE `session_id` = 'hehrl7pb64m5ak81v48u3otg72' AND `status` = 1 LIMIT 1   [ RunTime:0.0000s ]
SQL: SHOW COLUMNS FROM `dd_user` [ RunTime:0.0050s ]
SQL: SELECT * FROM `dd_user` WHERE `id` = 0 LIMIT 1   [ RunTime:0.0010s ]

[ 2017-11-30T13:21:41+08:00 ] 127.0.0.1 /admin.php?m=Admin&c=Public&a=login_ajax
INFO: [ app_init ] --START--
INFO: Run Behavior\BuildLiteBehavior [ RunTime:0.000000s ]
INFO: [ app_init ] --END-- [ RunTime:0.000000s ]
INFO: [ app_begin ] --START--
INFO: Run Behavior\ReadHtmlCacheBehavior [ RunTime:0.001000s ]
INFO: [ app_begin ] --END-- [ RunTime:0.001000s ]
SQL: SHOW COLUMNS FROM `dd_mch_login` [ RunTime:0.0040s ]
SQL: SELECT * FROM `dd_mch_login` WHERE `session_id` = 'ufmbgkpb7bjft2vgttibiu22c2' AND `status` = 1 LIMIT 1   [ RunTime:0.0010s ]
SQL: SHOW COLUMNS FROM `dd_user` [ RunTime:0.0110s ]
SQL: SELECT * FROM `dd_user` WHERE `id` = 10023 LIMIT 1   [ RunTime:0.0020s ]

[ 2017-11-30T13:21:44+08:00 ] 127.0.0.1 /admin.php?m=Admin&c=Public&a=login_ajax
INFO: [ app_init ] --START--
INFO: Run Behavior\BuildLiteBehavior [ RunTime:0.000000s ]
INFO: [ app_init ] --END-- [ RunTime:0.000000s ]
INFO: [ app_begin ] --START--
INFO: Run Behavior\ReadHtmlCacheBehavior [ RunTime:0.000000s ]
INFO: [ app_begin ] --END-- [ RunTime:0.001000s ]
SQL: SHOW COLUMNS FROM `dd_mch_login` [ RunTime:0.0030s ]
SQL: SELECT * FROM `dd_mch_login` WHERE `session_id` = 'ufmbgkpb7bjft2vgttibiu22c2' AND `status` = 1 LIMIT 1   [ RunTime:0.0000s ]
SQL: SHOW COLUMNS FROM `dd_user` [ RunTime:0.0050s ]
SQL: SELECT * FROM `dd_user` WHERE `id` = 10023 LIMIT 1   [ RunTime:0.0010s ]

[ 2017-11-30T13:21:47+08:00 ] 127.0.0.1 /admin.php?m=Admin&c=Public&a=login_ajax
INFO: [ app_init ] --START--
INFO: Run Behavior\BuildLiteBehavior [ RunTime:0.000000s ]
INFO: [ app_init ] --END-- [ RunTime:0.000000s ]
INFO: [ app_begin ] --START--
INFO: Run Behavior\ReadHtmlCacheBehavior [ RunTime:0.001000s ]
INFO: [ app_begin ] --END-- [ RunTime:0.001000s ]
SQL: SHOW COLUMNS FROM `dd_mch_login` [ RunTime:0.0030s ]
SQL: SELECT * FROM `dd_mch_login` WHERE `session_id` = 'ufmbgkpb7bjft2vgttibiu22c2' AND `status` = 1 LIMIT 1   [ RunTime:0.0000s ]
SQL: SHOW COLUMNS FROM `dd_user` [ RunTime:0.0040s ]
SQL: SELECT * FROM `dd_user` WHERE `id` = 10023 LIMIT 1   [ RunTime:0.0010s ]

[ 2017-11-30T13:21:50+08:00 ] 127.0.0.1 /admin.php?m=Admin&c=Public&a=login_ajax
INFO: [ app_init ] --START--
INFO: Run Behavior\BuildLiteBehavior [ RunTime:0.000000s ]
INFO: [ app_init ] --END-- [ RunTime:0.000000s ]
INFO: [ app_begin ] --START--
INFO: Run Behavior\ReadHtmlCacheBehavior [ RunTime:0.000000s ]
INFO: [ app_begin ] --END-- [ RunTime:0.000000s ]
SQL: SHOW COLUMNS FROM `dd_mch_login` [ RunTime:0.0030s ]
SQL: SELECT * FROM `dd_mch_login` WHERE `session_id` = 'ufmbgkpb7bjft2vgttibiu22c2' AND `status` = 1 LIMIT 1   [ RunTime:0.0010s ]
SQL: SHOW COLUMNS FROM `dd_user` [ RunTime:0.0050s ]
SQL: SELECT * FROM `dd_user` WHERE `id` = 10023 LIMIT 1   [ RunTime:0.0000s ]

[ 2017-11-30T13:21:53+08:00 ] 127.0.0.1 /admin.php?m=Admin&c=Public&a=login_ajax
INFO: [ app_init ] --START--
INFO: Run Behavior\BuildLiteBehavior [ RunTime:0.000000s ]
INFO: [ app_init ] --END-- [ RunTime:0.000000s ]
INFO: [ app_begin ] --START--
INFO: Run Behavior\ReadHtmlCacheBehavior [ RunTime:0.001000s ]
INFO: [ app_begin ] --END-- [ RunTime:0.001000s ]
SQL: SHOW COLUMNS FROM `dd_mch_login` [ RunTime:0.0050s ]
SQL: SELECT * FROM `dd_mch_login` WHERE `session_id` = 'ufmbgkpb7bjft2vgttibiu22c2' AND `status` = 1 LIMIT 1   [ RunTime:0.0000s ]
SQL: SHOW COLUMNS FROM `dd_user` [ RunTime:0.0060s ]
SQL: SELECT * FROM `dd_user` WHERE `id` = 10023 LIMIT 1   [ RunTime:0.0000s ]
INFO: [ view_parse ] --START--
INFO: [ template_filter ] --START--
INFO: Run Behavior\ContentReplaceBehavior [ RunTime:0.000000s ]
INFO: [ template_filter ] --END-- [ RunTime:0.000000s ]
INFO: Run Behavior\ParseTemplateBehavior [ RunTime:0.022000s ]
INFO: [ view_parse ] --END-- [ RunTime:0.022000s ]
INFO: [ view_filter ] --START--
INFO: Run Behavior\WriteHtmlCacheBehavior [ RunTime:0.001000s ]
INFO: [ view_filter ] --END-- [ RunTime:0.001000s ]

[ 2017-11-30T13:21:54+08:00 ] 127.0.0.1 /admin.php?m=Admin&c=Public&a=login_ajax
INFO: [ app_init ] --START--
INFO: Run Behavior\BuildLiteBehavior [ RunTime:0.000000s ]
INFO: [ app_init ] --END-- [ RunTime:0.001000s ]
INFO: [ app_begin ] --START--
INFO: Run Behavior\ReadHtmlCacheBehavior [ RunTime:0.001000s ]
INFO: [ app_begin ] --END-- [ RunTime:0.001000s ]
SQL: SHOW COLUMNS FROM `dd_mch_login` [ RunTime:0.0030s ]
SQL: SELECT * FROM `dd_mch_login` WHERE `session_id` = 'ufmbgkpb7bjft2vgttibiu22c2' AND `status` = 1 LIMIT 1   [ RunTime:0.0010s ]
SQL: SHOW COLUMNS FROM `dd_user` [ RunTime:0.0040s ]
SQL: SELECT * FROM `dd_user` WHERE `id` = 10023 LIMIT 1   [ RunTime:0.0010s ]

[ 2017-11-30T13:21:59+08:00 ] 127.0.0.1 /admin.php?m=Admin&c=Public&a=login_ajax
INFO: [ app_init ] --START--
INFO: Run Behavior\BuildLiteBehavior [ RunTime:0.000000s ]
INFO: [ app_init ] --END-- [ RunTime:0.001000s ]
INFO: [ app_begin ] --START--
INFO: Run Behavior\ReadHtmlCacheBehavior [ RunTime:0.000000s ]
INFO: [ app_begin ] --END-- [ RunTime:0.000000s ]
SQL: SHOW COLUMNS FROM `dd_mch_login` [ RunTime:0.0040s ]
SQL: SELECT * FROM `dd_mch_login` WHERE `session_id` = 'ufmbgkpb7bjft2vgttibiu22c2' AND `status` = 1 LIMIT 1   [ RunTime:0.0000s ]
SQL: SHOW COLUMNS FROM `dd_user` [ RunTime:0.0040s ]
SQL: SELECT * FROM `dd_user` WHERE `id` = 10023 LIMIT 1   [ RunTime:0.0010s ]

[ 2017-11-30T13:22:02+08:00 ] 127.0.0.1 /admin.php?m=Admin&c=Public&a=login_ajax
INFO: [ app_init ] --START--
INFO: Run Behavior\BuildLiteBehavior [ RunTime:0.000000s ]
INFO: [ app_init ] --END-- [ RunTime:0.000000s ]
INFO: [ app_begin ] --START--
INFO: Run Behavior\ReadHtmlCacheBehavior [ RunTime:0.000000s ]
INFO: [ app_begin ] --END-- [ RunTime:0.000000s ]
SQL: SHOW COLUMNS FROM `dd_mch_login` [ RunTime:0.0030s ]
SQL: SELECT * FROM `dd_mch_login` WHERE `session_id` = 'ufmbgkpb7bjft2vgttibiu22c2' AND `status` = 1 LIMIT 1   [ RunTime:0.0000s ]
SQL: SHOW COLUMNS FROM `dd_user` [ RunTime:0.0040s ]
SQL: SELECT * FROM `dd_user` WHERE `id` = 10023 LIMIT 1   [ RunTime:0.0000s ]

[ 2017-11-30T13:22:05+08:00 ] 127.0.0.1 /admin.php?m=Admin&c=Public&a=login_ajax
INFO: [ app_init ] --START--
INFO: Run Behavior\BuildLiteBehavior [ RunTime:0.000000s ]
INFO: [ app_init ] --END-- [ RunTime:0.001000s ]
INFO: [ app_begin ] --START--
INFO: Run Behavior\ReadHtmlCacheBehavior [ RunTime:0.001000s ]
INFO: [ app_begin ] --END-- [ RunTime:0.001000s ]
SQL: SHOW COLUMNS FROM `dd_mch_login` [ RunTime:0.0030s ]
SQL: SELECT * FROM `dd_mch_login` WHERE `session_id` = 'ufmbgkpb7bjft2vgttibiu22c2' AND `status` = 1 LIMIT 1   [ RunTime:0.0000s ]
SQL: SHOW COLUMNS FROM `dd_user` [ RunTime:0.0040s ]
SQL: SELECT * FROM `dd_user` WHERE `id` = 10023 LIMIT 1   [ RunTime:0.0000s ]

[ 2017-11-30T13:22:08+08:00 ] 127.0.0.1 /admin.php?m=Admin&c=Public&a=login_ajax
INFO: [ app_init ] --START--
INFO: Run Behavior\BuildLiteBehavior [ RunTime:0.000000s ]
INFO: [ app_init ] --END-- [ RunTime:0.001000s ]
INFO: [ app_begin ] --START--
INFO: Run Behavior\ReadHtmlCacheBehavior [ RunTime:0.001000s ]
INFO: [ app_begin ] --END-- [ RunTime:0.001000s ]
SQL: SHOW COLUMNS FROM `dd_mch_login` [ RunTime:0.0040s ]
SQL: SELECT * FROM `dd_mch_login` WHERE `session_id` = 'ufmbgkpb7bjft2vgttibiu22c2' AND `status` = 1 LIMIT 1   [ RunTime:0.0000s ]
SQL: SHOW COLUMNS FROM `dd_user` [ RunTime:0.0040s ]
SQL: SELECT * FROM `dd_user` WHERE `id` = 10023 LIMIT 1   [ RunTime:0.0000s ]

[ 2017-11-30T13:22:11+08:00 ] 127.0.0.1 /admin.php?m=Admin&c=Public&a=login_ajax
INFO: [ app_init ] --START--
INFO: Run Behavior\BuildLiteBehavior [ RunTime:0.000000s ]
INFO: [ app_init ] --END-- [ RunTime:0.000000s ]
INFO: [ app_begin ] --START--
INFO: Run Behavior\ReadHtmlCacheBehavior [ RunTime:0.000000s ]
INFO: [ app_begin ] --END-- [ RunTime:0.000000s ]
SQL: SHOW COLUMNS FROM `dd_mch_login` [ RunTime:0.0040s ]
SQL: SELECT * FROM `dd_mch_login` WHERE `session_id` = 'ufmbgkpb7bjft2vgttibiu22c2' AND `status` = 1 LIMIT 1   [ RunTime:0.0000s ]
SQL: SHOW COLUMNS FROM `dd_user` [ RunTime:0.0040s ]
SQL: SELECT * FROM `dd_user` WHERE `id` = 10023 LIMIT 1   [ RunTime:0.0000s ]

[ 2017-11-30T13:22:14+08:00 ] 127.0.0.1 /admin.php?m=Admin&c=Public&a=login_ajax
INFO: [ app_init ] --START--
INFO: Run Behavior\BuildLiteBehavior [ RunTime:0.000000s ]
INFO: [ app_init ] --END-- [ RunTime:0.001000s ]
INFO: [ app_begin ] --START--
INFO: Run Behavior\ReadHtmlCacheBehavior [ RunTime:0.001000s ]
INFO: [ app_begin ] --END-- [ RunTime:0.001000s ]
SQL: SHOW COLUMNS FROM `dd_mch_login` [ RunTime:0.0040s ]
SQL: SELECT * FROM `dd_mch_login` WHERE `session_id` = 'ufmbgkpb7bjft2vgttibiu22c2' AND `status` = 1 LIMIT 1   [ RunTime:0.0000s ]
SQL: SHOW COLUMNS FROM `dd_user` [ RunTime:0.0040s ]
SQL: SELECT * FROM `dd_user` WHERE `id` = 10023 LIMIT 1   [ RunTime:0.0000s ]

[ 2017-11-30T13:22:17+08:00 ] 127.0.0.1 /admin.php?m=Admin&c=Public&a=login_ajax
INFO: [ app_init ] --START--
INFO: Run Behavior\BuildLiteBehavior [ RunTime:0.000000s ]
INFO: [ app_init ] --END-- [ RunTime:0.001000s ]
INFO: [ app_begin ] --START--
INFO: Run Behavior\ReadHtmlCacheBehavior [ RunTime:0.001000s ]
INFO: [ app_begin ] --END-- [ RunTime:0.001000s ]
SQL: SHOW COLUMNS FROM `dd_mch_login` [ RunTime:0.0030s ]
SQL: SELECT * FROM `dd_mch_login` WHERE `session_id` = 'ufmbgkpb7bjft2vgttibiu22c2' AND `status` = 1 LIMIT 1   [ RunTime:0.0010s ]
SQL: SHOW COLUMNS FROM `dd_user` [ RunTime:0.0030s ]
SQL: SELECT * FROM `dd_user` WHERE `id` = 10023 LIMIT 1   [ RunTime:0.0000s ]

[ 2017-11-30T13:22:20+08:00 ] 127.0.0.1 /admin.php?m=Admin&c=Public&a=login_ajax
INFO: [ app_init ] --START--
INFO: Run Behavior\BuildLiteBehavior [ RunTime:0.000000s ]
INFO: [ app_init ] --END-- [ RunTime:0.002000s ]
INFO: [ app_begin ] --START--
INFO: Run Behavior\ReadHtmlCacheBehavior [ RunTime:0.001000s ]
INFO: [ app_begin ] --END-- [ RunTime:0.001000s ]
SQL: SHOW COLUMNS FROM `dd_mch_login` [ RunTime:0.0070s ]
SQL: SELECT * FROM `dd_mch_login` WHERE `session_id` = 'dv6hkkmov5qvtub5ee70o1a7k1' AND `status` = 1 LIMIT 1   [ RunTime:0.0010s ]
SQL: SHOW COLUMNS FROM `dd_user` [ RunTime:0.0060s ]
SQL: SELECT * FROM `dd_user` WHERE `id` = 10016 LIMIT 1   [ RunTime:0.0000s ]
SQL: SELECT * FROM `dd_user` WHERE `id` = 10016 LIMIT 1   [ RunTime:0.0010s ]

[ 2017-11-30T13:22:20+08:00 ] 127.0.0.1 /admin.php?m=Admin&c=Mch&a=index
INFO: [ app_init ] --START--
INFO: Run Behavior\BuildLiteBehavior [ RunTime:0.000000s ]
INFO: [ app_init ] --END-- [ RunTime:0.001000s ]
INFO: [ app_begin ] --START--
INFO: Run Behavior\ReadHtmlCacheBehavior [ RunTime:0.001000s ]
INFO: [ app_begin ] --END-- [ RunTime:0.001000s ]
SQL: SHOW COLUMNS FROM `dd_config` [ RunTime:0.0030s ]
SQL: SELECT * FROM `dd_config`  [ RunTime:0.0000s ]
SQL: SHOW COLUMNS FROM `dd_product_cate` [ RunTime:0.0040s ]
SQL: SELECT * FROM `dd_product_cate` WHERE `pid` = 0  [ RunTime:0.0140s ]
SQL: SHOW COLUMNS FROM `dd_product` [ RunTime:0.0030s ]
SQL: SELECT COUNT(*) AS tp_count FROM `dd_product` WHERE `user_id` = 10016 LIMIT 1   [ RunTime:0.0000s ]
NOTIC: [8] Undefined variable: order C:\WWW\06db\Application\Admin\Controller\MchController.class.php 第 38 行.
SQL: SELECT * FROM `dd_product` WHERE `user_id` = 10016 ORDER BY id desc LIMIT 0,10   [ RunTime:0.0010s ]
INFO: [ view_parse ] --START--
INFO: [ template_filter ] --START--
INFO: Run Behavior\ContentReplaceBehavior [ RunTime:0.000000s ]
INFO: [ template_filter ] --END-- [ RunTime:0.000000s ]
NOTIC: [8] Undefined index: title C:\WWW\06db\Application\Runtime\Cache\Admin\a6153ba153707683b09b090f8c216cc4.php 第 221 行.
INFO: Run Behavior\ParseTemplateBehavior [ RunTime:0.032000s ]
INFO: [ view_parse ] --END-- [ RunTime:0.032000s ]
INFO: [ view_filter ] --START--
INFO: Run Behavior\WriteHtmlCacheBehavior [ RunTime:0.001000s ]
INFO: [ view_filter ] --END-- [ RunTime:0.001000s ]
INFO: [ app_end ] --START--
INFO: Run Behavior\ShowPageTraceBehavior [ RunTime:0.001000s ]
INFO: [ app_end ] --END-- [ RunTime:0.001000s ]

[ 2017-11-30T13:22:28+08:00 ] 127.0.0.1 /admin.php?m=Admin&c=Mch&a=index
INFO: [ app_init ] --START--
INFO: Run Behavior\BuildLiteBehavior [ RunTime:0.001000s ]
INFO: [ app_init ] --END-- [ RunTime:0.001000s ]
INFO: [ app_begin ] --START--
INFO: Run Behavior\ReadHtmlCacheBehavior [ RunTime:0.001000s ]
INFO: [ app_begin ] --END-- [ RunTime:0.001000s ]
SQL: SHOW COLUMNS FROM `dd_config` [ RunTime:0.0030s ]
SQL: SELECT * FROM `dd_config`  [ RunTime:0.0000s ]
SQL: SHOW COLUMNS FROM `dd_product_cate` [ RunTime:0.0030s ]
SQL: SELECT * FROM `dd_product_cate` WHERE `pid` = 0  [ RunTime:0.0000s ]
SQL: SHOW COLUMNS FROM `dd_product` [ RunTime:0.0030s ]
SQL: SELECT COUNT(*) AS tp_count FROM `dd_product` WHERE `user_id` = 10016 LIMIT 1   [ RunTime:0.0000s ]
NOTIC: [8] Undefined variable: order C:\WWW\06db\Application\Admin\Controller\MchController.class.php 第 38 行.
SQL: SELECT * FROM `dd_product` WHERE `user_id` = 10016 ORDER BY id desc LIMIT 0,10   [ RunTime:0.0010s ]
INFO: [ view_parse ] --START--
INFO: [ template_filter ] --START--
INFO: Run Behavior\ContentReplaceBehavior [ RunTime:0.001000s ]
INFO: [ template_filter ] --END-- [ RunTime:0.001000s ]
NOTIC: [8] Undefined index: title C:\WWW\06db\Application\Runtime\Cache\Admin\a6153ba153707683b09b090f8c216cc4.php 第 221 行.
INFO: Run Behavior\ParseTemplateBehavior [ RunTime:0.013000s ]
INFO: [ view_parse ] --END-- [ RunTime:0.013000s ]
INFO: [ view_filter ] --START--
INFO: Run Behavior\WriteHtmlCacheBehavior [ RunTime:0.000000s ]
INFO: [ view_filter ] --END-- [ RunTime:0.000000s ]
INFO: [ app_end ] --START--
INFO: Run Behavior\ShowPageTraceBehavior [ RunTime:0.001000s ]
INFO: [ app_end ] --END-- [ RunTime:0.001000s ]

[ 2017-11-30T13:22:30+08:00 ] 127.0.0.1 /admin.php?m=Admin&c=Mch&a=order
INFO: [ app_init ] --START--
INFO: Run Behavior\BuildLiteBehavior [ RunTime:0.000000s ]
INFO: [ app_init ] --END-- [ RunTime:0.001000s ]
INFO: [ app_begin ] --START--
INFO: Run Behavior\ReadHtmlCacheBehavior [ RunTime:0.001000s ]
INFO: [ app_begin ] --END-- [ RunTime:0.001000s ]
SQL: SHOW COLUMNS FROM `dd_config` [ RunTime:0.0030s ]
SQL: SELECT * FROM `dd_config`  [ RunTime:0.0000s ]
NOTIC: [8] Undefined variable: where C:\WWW\06db\Application\Admin\Controller\MchController.class.php 第 186 行.
SQL: SHOW COLUMNS FROM `dd_mch_order` [ RunTime:0.0040s ]
SQL: SELECT COUNT(*) AS tp_count FROM `dd_mch_order` WHERE `mch_id` = 10016 LIMIT 1   [ RunTime:0.0000s ]
SQL: SELECT COUNT(*) AS tp_count FROM `dd_mch_order` WHERE `status` > 1 LIMIT 1   [ RunTime:0.0000s ]
SQL: SELECT SUM(total) AS tp_sum FROM `dd_mch_order` WHERE `mch_id` = 10016 LIMIT 1   [ RunTime:0.0010s ]
SQL: SELECT SUM(total) AS tp_sum FROM `dd_mch_order` WHERE `status` > 1 LIMIT 1   [ RunTime:0.0000s ]
SQL: SELECT SUM(wxpay) AS tp_sum FROM `dd_mch_order` WHERE `mch_id` = 10016 LIMIT 1   [ RunTime:0.0010s ]
SQL: SELECT SUM(moneypay) AS tp_sum FROM `dd_mch_order` WHERE `mch_id` = 10016 LIMIT 1   [ RunTime:0.0000s ]
SQL: SELECT SUM(pointspay) AS tp_sum FROM `dd_mch_order` WHERE `mch_id` = 10016 LIMIT 1   [ RunTime:0.0000s ]
SQL: SELECT SUM(cxpointspay) AS tp_sum FROM `dd_mch_order` WHERE `mch_id` = 10016 LIMIT 1   [ RunTime:0.0000s ]
SQL: SELECT COUNT(*) AS tp_count FROM `dd_mch_order` WHERE `mch_id` = 10016 LIMIT 1   [ RunTime:0.0000s ]
SQL: SELECT * FROM `dd_mch_order` WHERE `mch_id` = 10016 ORDER BY id desc LIMIT 0,25   [ RunTime:0.0010s ]
INFO: [ view_parse ] --START--
INFO: [ template_filter ] --START--
INFO: Run Behavior\ContentReplaceBehavior [ RunTime:0.000000s ]
INFO: [ template_filter ] --END-- [ RunTime:0.000000s ]
NOTIC: [8] Undefined index: status C:\WWW\06db\Application\Runtime\Cache\Admin\2c7860551ebc6fb40284b12aefc085e0.php 第 215 行.
NOTIC: [8] Undefined index: user_id C:\WWW\06db\Application\Runtime\Cache\Admin\2c7860551ebc6fb40284b12aefc085e0.php 第 224 行.
NOTIC: [8] Undefined index: time1 C:\WWW\06db\Application\Runtime\Cache\Admin\2c7860551ebc6fb40284b12aefc085e0.php 第 226 行.
NOTIC: [8] Undefined index: time2 C:\WWW\06db\Application\Runtime\Cache\Admin\2c7860551ebc6fb40284b12aefc085e0.php 第 228 行.
NOTIC: [8] Undefined index: status C:\WWW\06db\Application\Runtime\Cache\Admin\2c7860551ebc6fb40284b12aefc085e0.php 第 279 行.
INFO: Run Behavior\ParseTemplateBehavior [ RunTime:0.022000s ]
INFO: [ view_parse ] --END-- [ RunTime:0.022000s ]
INFO: [ view_filter ] --START--
INFO: Run Behavior\WriteHtmlCacheBehavior [ RunTime:0.001000s ]
INFO: [ view_filter ] --END-- [ RunTime:0.001000s ]
INFO: [ app_end ] --START--
INFO: Run Behavior\ShowPageTraceBehavior [ RunTime:0.000000s ]
INFO: [ app_end ] --END-- [ RunTime:0.000000s ]

[ 2017-11-30T13:22:31+08:00 ] 127.0.0.1 /admin.php?m=Admin&c=Mch&a=report
INFO: [ app_init ] --START--
INFO: Run Behavior\BuildLiteBehavior [ RunTime:0.001000s ]
INFO: [ app_init ] --END-- [ RunTime:0.001000s ]
INFO: [ app_begin ] --START--
INFO: Run Behavior\ReadHtmlCacheBehavior [ RunTime:0.001000s ]
INFO: [ app_begin ] --END-- [ RunTime:0.001000s ]
SQL: SHOW COLUMNS FROM `dd_config` [ RunTime:0.0030s ]
SQL: SELECT * FROM `dd_config`  [ RunTime:0.0000s ]
SQL: SHOW COLUMNS FROM `dd_mch_order` [ RunTime:0.0040s ]
SQL: SELECT COUNT(*) AS tp_count FROM `dd_mch_order` LIMIT 1   [ RunTime:0.0000s ]
SQL: SELECT COUNT(*) AS tp_count FROM `dd_mch_order` WHERE `status` = 5 AND `mch_id` = 10016 LIMIT 1   [ RunTime:0.0000s ]
SQL: SELECT COUNT(*) AS tp_count FROM `dd_mch_order` WHERE `status` = -2 AND `mch_id` = 10016 LIMIT 1   [ RunTime:0.0000s ]
SQL: SELECT COUNT(*) AS tp_count FROM `dd_mch_order` WHERE `status` = 2 AND `mch_id` = 10016 LIMIT 1   [ RunTime:0.0000s ]
SQL: SELECT COUNT(*) AS tp_count FROM `dd_mch_order` WHERE `status` = 1 AND `mch_id` = 10016 LIMIT 1   [ RunTime:0.0000s ]
SQL: SELECT SUM(total) AS tp_sum FROM `dd_mch_order` WHERE `status` > 0 AND `mch_id` = 10016 LIMIT 1   [ RunTime:0.0000s ]
SQL: SELECT SUM(points_total) AS tp_sum FROM `dd_mch_order` WHERE `status` > 0 AND `mch_id` = 10016 LIMIT 1   [ RunTime:0.0000s ]
SQL: SELECT SUM(moneypay) AS tp_sum FROM `dd_mch_order` WHERE `status` > 0 LIMIT 1   [ RunTime:0.0000s ]
SQL: SELECT SUM(total) AS tp_sum FROM `dd_mch_order` WHERE `create_time` > 1511971200 AND `status` > 1 AND `mch_id` = 10016 LIMIT 1   [ RunTime:0.0000s ]
SQL: SELECT SUM(total) AS tp_sum FROM `dd_mch_order` WHERE `create_time` > 1511971200 AND `status` > 1 AND `mch_id` = 10016 LIMIT 1   [ RunTime:0.0000s ]
SQL: SELECT SUM(wxpay) AS tp_sum FROM `dd_mch_order` WHERE `create_time` > 1511971200 AND `status` > 1 AND `mch_id` = 10016 LIMIT 1   [ RunTime:0.0010s ]
SQL: SHOW COLUMNS FROM `dd_user` [ RunTime:0.0040s ]
SQL: SELECT SUM(points) AS tp_sum FROM `dd_user` LIMIT 1   [ RunTime:0.0010s ]
SQL: SHOW COLUMNS FROM `dd_separate_log` [ RunTime:0.0030s ]
SQL: SELECT SUM(points) AS tp_sum FROM `dd_separate_log` WHERE `user_id` = 10016 LIMIT 1   [ RunTime:0.0020s ]
SQL: SELECT SUM(points) AS tp_sum FROM `dd_separate_log` WHERE `user_id` = 10016 AND `status` = 1 LIMIT 1   [ RunTime:0.0010s ]
SQL: SELECT SUM(points) AS tp_sum FROM `dd_separate_log` WHERE `user_id` = 10016 AND `status` = 0 LIMIT 1   [ RunTime:0.0010s ]
SQL: SELECT SUM(points) AS tp_sum FROM `dd_separate_log` WHERE `user_id` = 10016 AND `status` = 3 LIMIT 1   [ RunTime:0.0010s ]
INFO: [ view_parse ] --START--
INFO: [ template_filter ] --START--
INFO: Run Behavior\ContentReplaceBehavior [ RunTime:0.000000s ]
INFO: [ template_filter ] --END-- [ RunTime:0.000000s ]
NOTIC: [8] Undefined index: total_points_total C:\WWW\06db\Application\Runtime\Cache\Admin\55fdc9f0de2e56469892cf61bc6cc154.php 第 258 行.
INFO: Run Behavior\ParseTemplateBehavior [ RunTime:0.012000s ]
INFO: [ view_parse ] --END-- [ RunTime:0.012000s ]
INFO: [ view_filter ] --START--
INFO: Run Behavior\WriteHtmlCacheBehavior [ RunTime:0.001000s ]
INFO: [ view_filter ] --END-- [ RunTime:0.001000s ]
INFO: [ app_end ] --START--
INFO: Run Behavior\ShowPageTraceBehavior [ RunTime:0.000000s ]
INFO: [ app_end ] --END-- [ RunTime:0.000000s ]

[ 2017-11-30T13:22:34+08:00 ] 127.0.0.1 /admin.php?m=Admin&c=Mch&a=index
INFO: [ app_init ] --START--
INFO: Run Behavior\BuildLiteBehavior [ RunTime:0.000000s ]
INFO: [ app_init ] --END-- [ RunTime:0.001000s ]
INFO: [ app_begin ] --START--
INFO: Run Behavior\ReadHtmlCacheBehavior [ RunTime:0.000000s ]
INFO: [ app_begin ] --END-- [ RunTime:0.001000s ]
SQL: SHOW COLUMNS FROM `dd_config` [ RunTime:0.0030s ]
SQL: SELECT * FROM `dd_config`  [ RunTime:0.0000s ]
SQL: SHOW COLUMNS FROM `dd_product_cate` [ RunTime:0.0030s ]
SQL: SELECT * FROM `dd_product_cate` WHERE `pid` = 0  [ RunTime:0.0010s ]
SQL: SHOW COLUMNS FROM `dd_product` [ RunTime:0.0030s ]
SQL: SELECT COUNT(*) AS tp_count FROM `dd_product` WHERE `user_id` = 10016 LIMIT 1   [ RunTime:0.0000s ]
NOTIC: [8] Undefined variable: order C:\WWW\06db\Application\Admin\Controller\MchController.class.php 第 38 行.
SQL: SELECT * FROM `dd_product` WHERE `user_id` = 10016 ORDER BY id desc LIMIT 0,10   [ RunTime:0.0020s ]
INFO: [ view_parse ] --START--
INFO: [ template_filter ] --START--
INFO: Run Behavior\ContentReplaceBehavior [ RunTime:0.000000s ]
INFO: [ template_filter ] --END-- [ RunTime:0.000000s ]
NOTIC: [8] Undefined index: title C:\WWW\06db\Application\Runtime\Cache\Admin\a6153ba153707683b09b090f8c216cc4.php 第 221 行.
INFO: Run Behavior\ParseTemplateBehavior [ RunTime:0.013000s ]
INFO: [ view_parse ] --END-- [ RunTime:0.013000s ]
INFO: [ view_filter ] --START--
INFO: Run Behavior\WriteHtmlCacheBehavior [ RunTime:0.001000s ]
INFO: [ view_filter ] --END-- [ RunTime:0.001000s ]
INFO: [ app_end ] --START--
INFO: Run Behavior\ShowPageTraceBehavior [ RunTime:0.001000s ]
INFO: [ app_end ] --END-- [ RunTime:0.001000s ]

[ 2017-11-30T13:22:41+08:00 ] 127.0.0.1 /admin.php?m=Admin&c=Mch&a=edit&id=137
INFO: [ app_init ] --START--
INFO: Run Behavior\BuildLiteBehavior [ RunTime:0.000000s ]
INFO: [ app_init ] --END-- [ RunTime:0.000000s ]
INFO: [ app_begin ] --START--
INFO: Run Behavior\ReadHtmlCacheBehavior [ RunTime:0.000000s ]
INFO: [ app_begin ] --END-- [ RunTime:0.000000s ]
SQL: SHOW COLUMNS FROM `dd_config` [ RunTime:0.0040s ]
SQL: SELECT * FROM `dd_config`  [ RunTime:0.0000s ]
SQL: SHOW COLUMNS FROM `dd_product` [ RunTime:0.0040s ]
SQL: SELECT * FROM `dd_product` WHERE `id` = 137 LIMIT 1   [ RunTime:0.0000s ]
INFO: [ view_parse ] --START--
INFO: [ template_filter ] --START--
INFO: Run Behavior\ContentReplaceBehavior [ RunTime:0.001000s ]
INFO: [ template_filter ] --END-- [ RunTime:0.001000s ]
NOTIC: [8] Undefined index: store_cate C:\WWW\06db\Application\Runtime\Cache\Admin\0753a9e277227e132e1ea850a8c50018.php 第 241 行.
NOTIC: [8] Undefined variable: ./Public/upload/images/1709/28/153641366657003380.jpg C:\WWW\06db\Application\Runtime\Cache\Admin\0753a9e277227e132e1ea850a8c50018.php 第 328 行.
NOTIC: [8] Undefined variable: ./Public/upload/images/1709/28/153643554171003453.jpg C:\WWW\06db\Application\Runtime\Cache\Admin\0753a9e277227e132e1ea850a8c50018.php 第 331 行.
INFO: Run Behavior\ParseTemplateBehavior [ RunTime:0.024000s ]
INFO: [ view_parse ] --END-- [ RunTime:0.024000s ]
INFO: [ view_filter ] --START--
INFO: Run Behavior\WriteHtmlCacheBehavior [ RunTime:0.000000s ]
INFO: [ view_filter ] --END-- [ RunTime:0.000000s ]
INFO: [ app_end ] --START--
INFO: Run Behavior\ShowPageTraceBehavior [ RunTime:0.001000s ]
INFO: [ app_end ] --END-- [ RunTime:0.001000s ]

[ 2017-11-30T13:22:42+08:00 ] 127.0.0.1 /admin.php?m=Admin&c=Mch&a=get_child_cates&id=0
INFO: [ app_init ] --START--
INFO: Run Behavior\BuildLiteBehavior [ RunTime:0.000000s ]
INFO: [ app_init ] --END-- [ RunTime:0.002000s ]
INFO: [ app_begin ] --START--
INFO: Run Behavior\ReadHtmlCacheBehavior [ RunTime:0.000000s ]
INFO: [ app_begin ] --END-- [ RunTime:0.000000s ]
SQL: SHOW COLUMNS FROM `dd_config` [ RunTime:0.0030s ]
SQL: SELECT * FROM `dd_config`  [ RunTime:0.0010s ]
SQL: SHOW COLUMNS FROM `dd_product_cate` [ RunTime:0.0030s ]
SQL: SELECT * FROM `dd_product_cate` WHERE `pid` = 0  [ RunTime:0.0010s ]

[ 2017-11-30T13:22:42+08:00 ] 127.0.0.1 /admin.php?m=Admin&c=Mch&a=upload&event=setPic1&url=.%2FPublic%2Fupload%2Fimages%2F1709%2F28%2F153635022866007550.jpg
INFO: [ app_init ] --START--
INFO: Run Behavior\BuildLiteBehavior [ RunTime:0.000000s ]
INFO: [ app_init ] --END-- [ RunTime:0.000000s ]
INFO: [ app_begin ] --START--
INFO: Run Behavior\ReadHtmlCacheBehavior [ RunTime:0.001000s ]
INFO: [ app_begin ] --END-- [ RunTime:0.001000s ]
SQL: SHOW COLUMNS FROM `dd_config` [ RunTime:0.0030s ]
SQL: SELECT * FROM `dd_config`  [ RunTime:0.0000s ]
INFO: [ view_parse ] --START--
INFO: [ template_filter ] --START--
INFO: Run Behavior\ContentReplaceBehavior [ RunTime:0.000000s ]
INFO: [ template_filter ] --END-- [ RunTime:0.001000s ]
NOTIC: [8] Undefined index: cur_index C:\WWW\06db\Application\Runtime\Cache\Admin\244ee3d102cbdb962cf3fbae224346fb.php 第 23 行.
INFO: Run Behavior\ParseTemplateBehavior [ RunTime:0.014000s ]
INFO: [ view_parse ] --END-- [ RunTime:0.014000s ]
INFO: [ view_filter ] --START--
INFO: Run Behavior\WriteHtmlCacheBehavior [ RunTime:0.001000s ]
INFO: [ view_filter ] --END-- [ RunTime:0.001000s ]
INFO: [ app_end ] --START--
INFO: Run Behavior\ShowPageTraceBehavior [ RunTime:0.001000s ]
INFO: [ app_end ] --END-- [ RunTime:0.001000s ]

[ 2017-11-30T13:22:43+08:00 ] 127.0.0.1 /admin.php?m=Admin&c=Mch&a=upload&event=setPic&url=.%2FPublic%2Fupload%2Fimages%2F1709%2F28%2F153632585351001751.jpg
INFO: [ app_init ] --START--
INFO: Run Behavior\BuildLiteBehavior [ RunTime:0.000000s ]
INFO: [ app_init ] --END-- [ RunTime:0.001000s ]
INFO: [ app_begin ] --START--
INFO: Run Behavior\ReadHtmlCacheBehavior [ RunTime:0.000000s ]
INFO: [ app_begin ] --END-- [ RunTime:0.000000s ]
SQL: SHOW COLUMNS FROM `dd_config` [ RunTime:0.0070s ]
SQL: SELECT * FROM `dd_config`  [ RunTime:0.0010s ]
INFO: [ view_parse ] --START--
INFO: [ template_filter ] --START--
INFO: Run Behavior\ContentReplaceBehavior [ RunTime:0.000000s ]
INFO: [ template_filter ] --END-- [ RunTime:0.000000s ]
NOTIC: [8] Undefined index: cur_index C:\WWW\06db\Application\Runtime\Cache\Admin\244ee3d102cbdb962cf3fbae224346fb.php 第 23 行.
INFO: Run Behavior\ParseTemplateBehavior [ RunTime:0.015000s ]
INFO: [ view_parse ] --END-- [ RunTime:0.015000s ]
INFO: [ view_filter ] --START--
INFO: Run Behavior\WriteHtmlCacheBehavior [ RunTime:0.001000s ]
INFO: [ view_filter ] --END-- [ RunTime:0.001000s ]
INFO: [ app_end ] --START--
INFO: Run Behavior\ShowPageTraceBehavior [ RunTime:0.001000s ]
INFO: [ app_end ] --END-- [ RunTime:0.001000s ]

[ 2017-11-30T13:22:43+08:00 ] 127.0.0.1 /admin.php?m=Admin&c=Mch&a=upload&event=setPic2&url=.%2FPublic%2Fupload%2Fimages%2F1709%2F28%2F153637147880007235.jpg
INFO: [ app_init ] --START--
INFO: Run Behavior\BuildLiteBehavior [ RunTime:0.000000s ]
INFO: [ app_init ] --END-- [ RunTime:0.000000s ]
INFO: [ app_begin ] --START--
INFO: Run Behavior\ReadHtmlCacheBehavior [ RunTime:0.001000s ]
INFO: [ app_begin ] --END-- [ RunTime:0.001000s ]
SQL: SHOW COLUMNS FROM `dd_config` [ RunTime:0.0040s ]
SQL: SELECT * FROM `dd_config`  [ RunTime:0.0010s ]
INFO: [ view_parse ] --START--
INFO: [ template_filter ] --START--
INFO: Run Behavior\ContentReplaceBehavior [ RunTime:0.000000s ]
INFO: [ template_filter ] --END-- [ RunTime:0.000000s ]
NOTIC: [8] Undefined index: cur_index C:\WWW\06db\Application\Runtime\Cache\Admin\244ee3d102cbdb962cf3fbae224346fb.php 第 23 行.
INFO: Run Behavior\ParseTemplateBehavior [ RunTime:0.008000s ]
INFO: [ view_parse ] --END-- [ RunTime:0.008000s ]
INFO: [ view_filter ] --START--
INFO: Run Behavior\WriteHtmlCacheBehavior [ RunTime:0.001000s ]
INFO: [ view_filter ] --END-- [ RunTime:0.001000s ]
INFO: [ app_end ] --START--
INFO: Run Behavior\ShowPageTraceBehavior [ RunTime:0.001000s ]
INFO: [ app_end ] --END-- [ RunTime:0.001000s ]

[ 2017-11-30T13:22:43+08:00 ] 127.0.0.1 /admin.php?m=Admin&c=Mch&a=upload&event=setPic4&url=
INFO: [ app_init ] --START--
INFO: Run Behavior\BuildLiteBehavior [ RunTime:0.000000s ]
INFO: [ app_init ] --END-- [ RunTime:0.001000s ]
INFO: [ app_begin ] --START--
INFO: Run Behavior\ReadHtmlCacheBehavior [ RunTime:0.001000s ]
INFO: [ app_begin ] --END-- [ RunTime:0.001000s ]
SQL: SHOW COLUMNS FROM `dd_config` [ RunTime:0.0040s ]
SQL: SELECT * FROM `dd_config`  [ RunTime:0.0010s ]
INFO: [ view_parse ] --START--
INFO: [ template_filter ] --START--
INFO: Run Behavior\ContentReplaceBehavior [ RunTime:0.000000s ]
INFO: [ template_filter ] --END-- [ RunTime:0.000000s ]
INFO: Run Behavior\ParseTemplateBehavior [ RunTime:0.016000s ]
INFO: [ view_parse ] --END-- [ RunTime:0.016000s ]
INFO: [ view_filter ] --START--
INFO: Run Behavior\WriteHtmlCacheBehavior [ RunTime:0.001000s ]
INFO: [ view_filter ] --END-- [ RunTime:0.001000s ]
INFO: [ app_end ] --START--
INFO: Run Behavior\ShowPageTraceBehavior [ RunTime:0.001000s ]
INFO: [ app_end ] --END-- [ RunTime:0.001000s ]

[ 2017-11-30T13:22:43+08:00 ] 127.0.0.1 /admin.php?m=Admin&c=Mch&a=upload&event=setPic3&url=.%2FPublic%2Fupload%2Fimages%2F1709%2F28%2F153639272894009318.jpg
INFO: [ app_init ] --START--
INFO: Run Behavior\BuildLiteBehavior [ RunTime:0.000000s ]
INFO: [ app_init ] --END-- [ RunTime:0.000000s ]
INFO: [ app_begin ] --START--
INFO: Run Behavior\ReadHtmlCacheBehavior [ RunTime:0.001000s ]
INFO: [ app_begin ] --END-- [ RunTime:0.001000s ]
SQL: SHOW COLUMNS FROM `dd_config` [ RunTime:0.0060s ]
SQL: SELECT * FROM `dd_config`  [ RunTime:0.0010s ]
INFO: [ view_parse ] --START--
INFO: [ template_filter ] --START--
INFO: Run Behavior\ContentReplaceBehavior [ RunTime:0.000000s ]
INFO: [ template_filter ] --END-- [ RunTime:0.000000s ]
NOTIC: [8] Undefined index: cur_index C:\WWW\06db\Application\Runtime\Cache\Admin\244ee3d102cbdb962cf3fbae224346fb.php 第 23 行.
INFO: Run Behavior\ParseTemplateBehavior [ RunTime:0.017000s ]
INFO: [ view_parse ] --END-- [ RunTime:0.017000s ]
INFO: [ view_filter ] --START--
INFO: Run Behavior\WriteHtmlCacheBehavior [ RunTime:0.000000s ]
INFO: [ view_filter ] --END-- [ RunTime:0.000000s ]
INFO: [ app_end ] --START--
INFO: Run Behavior\ShowPageTraceBehavior [ RunTime:0.001000s ]
INFO: [ app_end ] --END-- [ RunTime:0.001000s ]

[ 2017-11-30T13:22:43+08:00 ] 127.0.0.1 /admin.php?m=Admin&c=Mch&a=upload&event=setPic5&url=
INFO: [ app_init ] --START--
INFO: Run Behavior\BuildLiteBehavior [ RunTime:0.000000s ]
INFO: [ app_init ] --END-- [ RunTime:0.000000s ]
INFO: [ app_begin ] --START--
INFO: Run Behavior\ReadHtmlCacheBehavior [ RunTime:0.001000s ]
INFO: [ app_begin ] --END-- [ RunTime:0.001000s ]
SQL: SHOW COLUMNS FROM `dd_config` [ RunTime:0.0030s ]
SQL: SELECT * FROM `dd_config`  [ RunTime:0.0000s ]
INFO: [ view_parse ] --START--
INFO: [ template_filter ] --START--
INFO: Run Behavior\ContentReplaceBehavior [ RunTime:0.000000s ]
INFO: [ template_filter ] --END-- [ RunTime:0.000000s ]
INFO: Run Behavior\ParseTemplateBehavior [ RunTime:0.017000s ]
INFO: [ view_parse ] --END-- [ RunTime:0.017000s ]
INFO: [ view_filter ] --START--
INFO: Run Behavior\WriteHtmlCacheBehavior [ RunTime:0.001000s ]
INFO: [ view_filter ] --END-- [ RunTime:0.001000s ]
INFO: [ app_end ] --START--
INFO: Run Behavior\ShowPageTraceBehavior [ RunTime:0.000000s ]
INFO: [ app_end ] --END-- [ RunTime:0.000000s ]

[ 2017-11-30T13:23:15+08:00 ] 127.0.0.1 /admin.php?m=Admin&c=Mch&a=order
INFO: [ app_init ] --START--
INFO: Run Behavior\BuildLiteBehavior [ RunTime:0.000000s ]
INFO: [ app_init ] --END-- [ RunTime:0.000000s ]
INFO: [ app_begin ] --START--
INFO: Run Behavior\ReadHtmlCacheBehavior [ RunTime:0.000000s ]
INFO: [ app_begin ] --END-- [ RunTime:0.000000s ]
SQL: SHOW COLUMNS FROM `dd_config` [ RunTime:0.0030s ]
SQL: SELECT * FROM `dd_config`  [ RunTime:0.0000s ]
NOTIC: [8] Undefined variable: where C:\WWW\06db\Application\Admin\Controller\MchController.class.php 第 186 行.
SQL: SHOW COLUMNS FROM `dd_mch_order` [ RunTime:0.0040s ]
SQL: SELECT COUNT(*) AS tp_count FROM `dd_mch_order` WHERE `mch_id` = 10016 LIMIT 1   [ RunTime:0.0010s ]
SQL: SELECT COUNT(*) AS tp_count FROM `dd_mch_order` WHERE `status` > 1 LIMIT 1   [ RunTime:0.0000s ]
SQL: SELECT SUM(total) AS tp_sum FROM `dd_mch_order` WHERE `mch_id` = 10016 LIMIT 1   [ RunTime:0.0000s ]
SQL: SELECT SUM(total) AS tp_sum FROM `dd_mch_order` WHERE `status` > 1 LIMIT 1   [ RunTime:0.0000s ]
SQL: SELECT SUM(wxpay) AS tp_sum FROM `dd_mch_order` WHERE `mch_id` = 10016 LIMIT 1   [ RunTime:0.0010s ]
SQL: SELECT SUM(moneypay) AS tp_sum FROM `dd_mch_order` WHERE `mch_id` = 10016 LIMIT 1   [ RunTime:0.0000s ]
SQL: SELECT SUM(pointspay) AS tp_sum FROM `dd_mch_order` WHERE `mch_id` = 10016 LIMIT 1   [ RunTime:0.0000s ]
SQL: SELECT SUM(cxpointspay) AS tp_sum FROM `dd_mch_order` WHERE `mch_id` = 10016 LIMIT 1   [ RunTime:0.0000s ]
SQL: SELECT COUNT(*) AS tp_count FROM `dd_mch_order` WHERE `mch_id` = 10016 LIMIT 1   [ RunTime:0.0010s ]
SQL: SELECT * FROM `dd_mch_order` WHERE `mch_id` = 10016 ORDER BY id desc LIMIT 0,25   [ RunTime:0.0010s ]
INFO: [ view_parse ] --START--
INFO: [ template_filter ] --START--
INFO: Run Behavior\ContentReplaceBehavior [ RunTime:0.000000s ]
INFO: [ template_filter ] --END-- [ RunTime:0.000000s ]
NOTIC: [8] Undefined index: status C:\WWW\06db\Application\Runtime\Cache\Admin\2c7860551ebc6fb40284b12aefc085e0.php 第 215 行.
NOTIC: [8] Undefined index: user_id C:\WWW\06db\Application\Runtime\Cache\Admin\2c7860551ebc6fb40284b12aefc085e0.php 第 224 行.
NOTIC: [8] Undefined index: time1 C:\WWW\06db\Application\Runtime\Cache\Admin\2c7860551ebc6fb40284b12aefc085e0.php 第 226 行.
NOTIC: [8] Undefined index: time2 C:\WWW\06db\Application\Runtime\Cache\Admin\2c7860551ebc6fb40284b12aefc085e0.php 第 228 行.
NOTIC: [8] Undefined index: status C:\WWW\06db\Application\Runtime\Cache\Admin\2c7860551ebc6fb40284b12aefc085e0.php 第 279 行.
INFO: Run Behavior\ParseTemplateBehavior [ RunTime:0.013000s ]
INFO: [ view_parse ] --END-- [ RunTime:0.013000s ]
INFO: [ view_filter ] --START--
INFO: Run Behavior\WriteHtmlCacheBehavior [ RunTime:0.000000s ]
INFO: [ view_filter ] --END-- [ RunTime:0.000000s ]
INFO: [ app_end ] --START--
INFO: Run Behavior\ShowPageTraceBehavior [ RunTime:0.000000s ]
INFO: [ app_end ] --END-- [ RunTime:0.001000s ]

[ 2017-11-30T13:25:41+08:00 ] 127.0.0.1 /admin.php?m=Admin&c=Mch&a=index
INFO: [ app_init ] --START--
INFO: Run Behavior\BuildLiteBehavior [ RunTime:0.000000s ]
INFO: [ app_init ] --END-- [ RunTime:0.000000s ]
INFO: [ app_begin ] --START--
INFO: Run Behavior\ReadHtmlCacheBehavior [ RunTime:0.000000s ]
INFO: [ app_begin ] --END-- [ RunTime:0.000000s ]
SQL: SHOW COLUMNS FROM `dd_config` [ RunTime:0.0040s ]
SQL: SELECT * FROM `dd_config`  [ RunTime:0.0000s ]
SQL: SHOW COLUMNS FROM `dd_product_cate` [ RunTime:0.0030s ]
SQL: SELECT * FROM `dd_product_cate` WHERE `pid` = 0  [ RunTime:0.0000s ]
SQL: SHOW COLUMNS FROM `dd_product` [ RunTime:0.0040s ]
SQL: SELECT COUNT(*) AS tp_count FROM `dd_product` WHERE `user_id` = 10016 LIMIT 1   [ RunTime:0.0000s ]
NOTIC: [8] Undefined variable: order C:\WWW\06db\Application\Admin\Controller\MchController.class.php 第 38 行.
SQL: SELECT * FROM `dd_product` WHERE `user_id` = 10016 ORDER BY id desc LIMIT 0,10   [ RunTime:0.0010s ]
INFO: [ view_parse ] --START--
INFO: [ template_filter ] --START--
INFO: Run Behavior\ContentReplaceBehavior [ RunTime:0.000000s ]
INFO: [ template_filter ] --END-- [ RunTime:0.000000s ]
NOTIC: [8] Undefined index: title C:\WWW\06db\Application\Runtime\Cache\Admin\a6153ba153707683b09b090f8c216cc4.php 第 221 行.
INFO: Run Behavior\ParseTemplateBehavior [ RunTime:0.012000s ]
INFO: [ view_parse ] --END-- [ RunTime:0.012000s ]
INFO: [ view_filter ] --START--
INFO: Run Behavior\WriteHtmlCacheBehavior [ RunTime:0.001000s ]
INFO: [ view_filter ] --END-- [ RunTime:0.001000s ]
INFO: [ app_end ] --START--
INFO: Run Behavior\ShowPageTraceBehavior [ RunTime:0.001000s ]
INFO: [ app_end ] --END-- [ RunTime:0.001000s ]

[ 2017-11-30T13:25:56+08:00 ] 127.0.0.1 /admin.php?m=Admin&c=Mch&a=report
INFO: [ app_init ] --START--
INFO: Run Behavior\BuildLiteBehavior [ RunTime:0.000000s ]
INFO: [ app_init ] --END-- [ RunTime:0.001000s ]
INFO: [ app_begin ] --START--
INFO: Run Behavior\ReadHtmlCacheBehavior [ RunTime:0.001000s ]
INFO: [ app_begin ] --END-- [ RunTime:0.001000s ]
SQL: SHOW COLUMNS FROM `dd_config` [ RunTime:0.0040s ]
SQL: SELECT * FROM `dd_config`  [ RunTime:0.0000s ]
SQL: SHOW COLUMNS FROM `dd_mch_order` [ RunTime:0.0030s ]
SQL: SELECT COUNT(*) AS tp_count FROM `dd_mch_order` LIMIT 1   [ RunTime:0.0000s ]
SQL: SELECT COUNT(*) AS tp_count FROM `dd_mch_order` WHERE `status` = 5 AND `mch_id` = 10016 LIMIT 1   [ RunTime:0.0000s ]
SQL: SELECT COUNT(*) AS tp_count FROM `dd_mch_order` WHERE `status` = -2 AND `mch_id` = 10016 LIMIT 1   [ RunTime:0.0000s ]
SQL: SELECT COUNT(*) AS tp_count FROM `dd_mch_order` WHERE `status` = 2 AND `mch_id` = 10016 LIMIT 1   [ RunTime:0.0000s ]
SQL: SELECT COUNT(*) AS tp_count FROM `dd_mch_order` WHERE `status` = 1 AND `mch_id` = 10016 LIMIT 1   [ RunTime:0.0000s ]
SQL: SELECT SUM(total) AS tp_sum FROM `dd_mch_order` WHERE `status` > 0 AND `mch_id` = 10016 LIMIT 1   [ RunTime:0.0010s ]
SQL: SELECT SUM(points_total) AS tp_sum FROM `dd_mch_order` WHERE `status` > 0 AND `mch_id` = 10016 LIMIT 1   [ RunTime:0.0000s ]
SQL: SELECT SUM(moneypay) AS tp_sum FROM `dd_mch_order` WHERE `status` > 0 LIMIT 1   [ RunTime:0.0000s ]
SQL: SELECT SUM(total) AS tp_sum FROM `dd_mch_order` WHERE `create_time` > 1511971200 AND `status` > 1 AND `mch_id` = 10016 LIMIT 1   [ RunTime:0.0000s ]
SQL: SELECT SUM(total) AS tp_sum FROM `dd_mch_order` WHERE `create_time` > 1511971200 AND `status` > 1 AND `mch_id` = 10016 LIMIT 1   [ RunTime:0.0000s ]
SQL: SELECT SUM(wxpay) AS tp_sum FROM `dd_mch_order` WHERE `create_time` > 1511971200 AND `status` > 1 AND `mch_id` = 10016 LIMIT 1   [ RunTime:0.0000s ]
SQL: SHOW COLUMNS FROM `dd_user` [ RunTime:0.0040s ]
SQL: SELECT SUM(points) AS tp_sum FROM `dd_user` LIMIT 1   [ RunTime:0.0000s ]
SQL: SHOW COLUMNS FROM `dd_separate_log` [ RunTime:0.0040s ]
SQL: SELECT SUM(points) AS tp_sum FROM `dd_separate_log` WHERE `user_id` = 10016 LIMIT 1   [ RunTime:0.0010s ]
SQL: SELECT SUM(points) AS tp_sum FROM `dd_separate_log` WHERE `user_id` = 10016 AND `status` = 1 LIMIT 1   [ RunTime:0.0010s ]
SQL: SELECT SUM(points) AS tp_sum FROM `dd_separate_log` WHERE `user_id` = 10016 AND `status` = 0 LIMIT 1   [ RunTime:0.0000s ]
SQL: SELECT SUM(points) AS tp_sum FROM `dd_separate_log` WHERE `user_id` = 10016 AND `status` = 3 LIMIT 1   [ RunTime:0.0010s ]
INFO: [ view_parse ] --START--
INFO: [ template_filter ] --START--
INFO: Run Behavior\ContentReplaceBehavior [ RunTime:0.001000s ]
INFO: [ template_filter ] --END-- [ RunTime:0.001000s ]
NOTIC: [8] Undefined index: total_points_total C:\WWW\06db\Application\Runtime\Cache\Admin\55fdc9f0de2e56469892cf61bc6cc154.php 第 258 行.
INFO: Run Behavior\ParseTemplateBehavior [ RunTime:0.011000s ]
INFO: [ view_parse ] --END-- [ RunTime:0.011000s ]
INFO: [ view_filter ] --START--
INFO: Run Behavior\WriteHtmlCacheBehavior [ RunTime:0.001000s ]
INFO: [ view_filter ] --END-- [ RunTime:0.001000s ]
INFO: [ app_end ] --START--
INFO: Run Behavior\ShowPageTraceBehavior [ RunTime:0.000000s ]
INFO: [ app_end ] --END-- [ RunTime:0.000000s ]

[ 2017-11-30T13:26:05+08:00 ] 127.0.0.1 /admin.php?m=Admin&c=Mch&a=order
INFO: [ app_init ] --START--
INFO: Run Behavior\BuildLiteBehavior [ RunTime:0.000000s ]
INFO: [ app_init ] --END-- [ RunTime:0.000000s ]
INFO: [ app_begin ] --START--
INFO: Run Behavior\ReadHtmlCacheBehavior [ RunTime:0.001000s ]
INFO: [ app_begin ] --END-- [ RunTime:0.001000s ]
SQL: SHOW COLUMNS FROM `dd_config` [ RunTime:0.0030s ]
SQL: SELECT * FROM `dd_config`  [ RunTime:0.0000s ]
NOTIC: [8] Undefined variable: where C:\WWW\06db\Application\Admin\Controller\MchController.class.php 第 186 行.
SQL: SHOW COLUMNS FROM `dd_mch_order` [ RunTime:0.0040s ]
SQL: SELECT COUNT(*) AS tp_count FROM `dd_mch_order` WHERE `mch_id` = 10016 LIMIT 1   [ RunTime:0.0000s ]
SQL: SELECT COUNT(*) AS tp_count FROM `dd_mch_order` WHERE `status` > 1 LIMIT 1   [ RunTime:0.0000s ]
SQL: SELECT SUM(total) AS tp_sum FROM `dd_mch_order` WHERE `mch_id` = 10016 LIMIT 1   [ RunTime:0.0010s ]
SQL: SELECT SUM(total) AS tp_sum FROM `dd_mch_order` WHERE `status` > 1 LIMIT 1   [ RunTime:0.0010s ]
SQL: SELECT SUM(wxpay) AS tp_sum FROM `dd_mch_order` WHERE `mch_id` = 10016 LIMIT 1   [ RunTime:0.0000s ]
SQL: SELECT SUM(moneypay) AS tp_sum FROM `dd_mch_order` WHERE `mch_id` = 10016 LIMIT 1   [ RunTime:0.0000s ]
SQL: SELECT SUM(pointspay) AS tp_sum FROM `dd_mch_order` WHERE `mch_id` = 10016 LIMIT 1   [ RunTime:0.0010s ]
SQL: SELECT SUM(cxpointspay) AS tp_sum FROM `dd_mch_order` WHERE `mch_id` = 10016 LIMIT 1   [ RunTime:0.0010s ]
SQL: SELECT COUNT(*) AS tp_count FROM `dd_mch_order` WHERE `mch_id` = 10016 LIMIT 1   [ RunTime:0.0000s ]
SQL: SELECT * FROM `dd_mch_order` WHERE `mch_id` = 10016 ORDER BY id desc LIMIT 0,25   [ RunTime:0.0020s ]
INFO: [ view_parse ] --START--
INFO: [ template_filter ] --START--
INFO: Run Behavior\ContentReplaceBehavior [ RunTime:0.000000s ]
INFO: [ template_filter ] --END-- [ RunTime:0.000000s ]
NOTIC: [8] Undefined index: status C:\WWW\06db\Application\Runtime\Cache\Admin\2c7860551ebc6fb40284b12aefc085e0.php 第 215 行.
NOTIC: [8] Undefined index: user_id C:\WWW\06db\Application\Runtime\Cache\Admin\2c7860551ebc6fb40284b12aefc085e0.php 第 224 行.
NOTIC: [8] Undefined index: time1 C:\WWW\06db\Application\Runtime\Cache\Admin\2c7860551ebc6fb40284b12aefc085e0.php 第 226 行.
NOTIC: [8] Undefined index: time2 C:\WWW\06db\Application\Runtime\Cache\Admin\2c7860551ebc6fb40284b12aefc085e0.php 第 228 行.
NOTIC: [8] Undefined index: status C:\WWW\06db\Application\Runtime\Cache\Admin\2c7860551ebc6fb40284b12aefc085e0.php 第 279 行.
INFO: Run Behavior\ParseTemplateBehavior [ RunTime:0.016000s ]
INFO: [ view_parse ] --END-- [ RunTime:0.016000s ]
INFO: [ view_filter ] --START--
INFO: Run Behavior\WriteHtmlCacheBehavior [ RunTime:0.000000s ]
INFO: [ view_filter ] --END-- [ RunTime:0.000000s ]
INFO: [ app_end ] --START--
INFO: Run Behavior\ShowPageTraceBehavior [ RunTime:0.001000s ]
INFO: [ app_end ] --END-- [ RunTime:0.001000s ]

[ 2017-11-30T13:26:06+08:00 ] 127.0.0.1 /admin.php?m=Admin&c=Mch&a=index
INFO: [ app_init ] --START--
INFO: Run Behavior\BuildLiteBehavior [ RunTime:0.000000s ]
INFO: [ app_init ] --END-- [ RunTime:0.000000s ]
INFO: [ app_begin ] --START--
INFO: Run Behavior\ReadHtmlCacheBehavior [ RunTime:0.001000s ]
INFO: [ app_begin ] --END-- [ RunTime:0.001000s ]
SQL: SHOW COLUMNS FROM `dd_config` [ RunTime:0.0030s ]
SQL: SELECT * FROM `dd_config`  [ RunTime:0.0000s ]
SQL: SHOW COLUMNS FROM `dd_product_cate` [ RunTime:0.0030s ]
SQL: SELECT * FROM `dd_product_cate` WHERE `pid` = 0  [ RunTime:0.0000s ]
SQL: SHOW COLUMNS FROM `dd_product` [ RunTime:0.0040s ]
SQL: SELECT COUNT(*) AS tp_count FROM `dd_product` WHERE `user_id` = 10016 LIMIT 1   [ RunTime:0.0000s ]
NOTIC: [8] Undefined variable: order C:\WWW\06db\Application\Admin\Controller\MchController.class.php 第 38 行.
SQL: SELECT * FROM `dd_product` WHERE `user_id` = 10016 ORDER BY id desc LIMIT 0,10   [ RunTime:0.0010s ]
INFO: [ view_parse ] --START--
INFO: [ template_filter ] --START--
INFO: Run Behavior\ContentReplaceBehavior [ RunTime:0.000000s ]
INFO: [ template_filter ] --END-- [ RunTime:0.000000s ]
NOTIC: [8] Undefined index: title C:\WWW\06db\Application\Runtime\Cache\Admin\a6153ba153707683b09b090f8c216cc4.php 第 221 行.
INFO: Run Behavior\ParseTemplateBehavior [ RunTime:0.012000s ]
INFO: [ view_parse ] --END-- [ RunTime:0.013000s ]
INFO: [ view_filter ] --START--
INFO: Run Behavior\WriteHtmlCacheBehavior [ RunTime:0.000000s ]
INFO: [ view_filter ] --END-- [ RunTime:0.000000s ]
INFO: [ app_end ] --START--
INFO: Run Behavior\ShowPageTraceBehavior [ RunTime:0.001000s ]
INFO: [ app_end ] --END-- [ RunTime:0.001000s ]

[ 2017-11-30T13:26:08+08:00 ] 127.0.0.1 /admin.php?m=Admin&c=Mch&a=report
INFO: [ app_init ] --START--
INFO: Run Behavior\BuildLiteBehavior [ RunTime:0.000000s ]
INFO: [ app_init ] --END-- [ RunTime:0.000000s ]
INFO: [ app_begin ] --START--
INFO: Run Behavior\ReadHtmlCacheBehavior [ RunTime:0.000000s ]
INFO: [ app_begin ] --END-- [ RunTime:0.000000s ]
SQL: SHOW COLUMNS FROM `dd_config` [ RunTime:0.0040s ]
SQL: SELECT * FROM `dd_config`  [ RunTime:0.0010s ]
SQL: SHOW COLUMNS FROM `dd_mch_order` [ RunTime:0.0040s ]
SQL: SELECT COUNT(*) AS tp_count FROM `dd_mch_order` LIMIT 1   [ RunTime:0.0000s ]
SQL: SELECT COUNT(*) AS tp_count FROM `dd_mch_order` WHERE `status` = 5 AND `mch_id` = 10016 LIMIT 1   [ RunTime:0.0010s ]
SQL: SELECT COUNT(*) AS tp_count FROM `dd_mch_order` WHERE `status` = -2 AND `mch_id` = 10016 LIMIT 1   [ RunTime:0.0000s ]
SQL: SELECT COUNT(*) AS tp_count FROM `dd_mch_order` WHERE `status` = 2 AND `mch_id` = 10016 LIMIT 1   [ RunTime:0.0010s ]
SQL: SELECT COUNT(*) AS tp_count FROM `dd_mch_order` WHERE `status` = 1 AND `mch_id` = 10016 LIMIT 1   [ RunTime:0.0000s ]
SQL: SELECT SUM(total) AS tp_sum FROM `dd_mch_order` WHERE `status` > 0 AND `mch_id` = 10016 LIMIT 1   [ RunTime:0.0010s ]
SQL: SELECT SUM(points_total) AS tp_sum FROM `dd_mch_order` WHERE `status` > 0 AND `mch_id` = 10016 LIMIT 1   [ RunTime:0.0000s ]
SQL: SELECT SUM(moneypay) AS tp_sum FROM `dd_mch_order` WHERE `status` > 0 LIMIT 1   [ RunTime:0.0010s ]
SQL: SELECT SUM(total) AS tp_sum FROM `dd_mch_order` WHERE `create_time` > 1511971200 AND `status` > 1 AND `mch_id` = 10016 LIMIT 1   [ RunTime:0.0000s ]
SQL: SELECT SUM(total) AS tp_sum FROM `dd_mch_order` WHERE `create_time` > 1511971200 AND `status` > 1 AND `mch_id` = 10016 LIMIT 1   [ RunTime:0.0010s ]
SQL: SELECT SUM(wxpay) AS tp_sum FROM `dd_mch_order` WHERE `create_time` > 1511971200 AND `status` > 1 AND `mch_id` = 10016 LIMIT 1   [ RunTime:0.0010s ]
SQL: SHOW COLUMNS FROM `dd_user` [ RunTime:0.0040s ]
SQL: SELECT SUM(points) AS tp_sum FROM `dd_user` LIMIT 1   [ RunTime:0.0000s ]
SQL: SHOW COLUMNS FROM `dd_separate_log` [ RunTime:0.0040s ]
SQL: SELECT SUM(points) AS tp_sum FROM `dd_separate_log` WHERE `user_id` = 10016 LIMIT 1   [ RunTime:0.0010s ]
SQL: SELECT SUM(points) AS tp_sum FROM `dd_separate_log` WHERE `user_id` = 10016 AND `status` = 1 LIMIT 1   [ RunTime:0.0010s ]
SQL: SELECT SUM(points) AS tp_sum FROM `dd_separate_log` WHERE `user_id` = 10016 AND `status` = 0 LIMIT 1   [ RunTime:0.0000s ]
SQL: SELECT SUM(points) AS tp_sum FROM `dd_separate_log` WHERE `user_id` = 10016 AND `status` = 3 LIMIT 1   [ RunTime:0.0000s ]
INFO: [ view_parse ] --START--
INFO: [ template_filter ] --START--
INFO: Run Behavior\ContentReplaceBehavior [ RunTime:0.000000s ]
INFO: [ template_filter ] --END-- [ RunTime:0.000000s ]
NOTIC: [8] Undefined index: total_points_total C:\WWW\06db\Application\Runtime\Cache\Admin\55fdc9f0de2e56469892cf61bc6cc154.php 第 258 行.
INFO: Run Behavior\ParseTemplateBehavior [ RunTime:0.015000s ]
INFO: [ view_parse ] --END-- [ RunTime:0.015000s ]
INFO: [ view_filter ] --START--
INFO: Run Behavior\WriteHtmlCacheBehavior [ RunTime:0.001000s ]
INFO: [ view_filter ] --END-- [ RunTime:0.001000s ]
INFO: [ app_end ] --START--
INFO: Run Behavior\ShowPageTraceBehavior [ RunTime:0.001000s ]
INFO: [ app_end ] --END-- [ RunTime:0.001000s ]

[ 2017-11-30T13:26:27+08:00 ] 127.0.0.1 /admin.php?m=Admin&c=Mch&a=index
INFO: [ app_init ] --START--
INFO: Run Behavior\BuildLiteBehavior [ RunTime:0.000000s ]
INFO: [ app_init ] --END-- [ RunTime:0.001000s ]
INFO: [ app_begin ] --START--
INFO: Run Behavior\ReadHtmlCacheBehavior [ RunTime:0.001000s ]
INFO: [ app_begin ] --END-- [ RunTime:0.001000s ]
SQL: SHOW COLUMNS FROM `dd_config` [ RunTime:0.0030s ]
SQL: SELECT * FROM `dd_config`  [ RunTime:0.0010s ]
SQL: SHOW COLUMNS FROM `dd_product_cate` [ RunTime:0.0030s ]
SQL: SELECT * FROM `dd_product_cate` WHERE `pid` = 0  [ RunTime:0.0000s ]
SQL: SHOW COLUMNS FROM `dd_product` [ RunTime:0.0030s ]
SQL: SELECT COUNT(*) AS tp_count FROM `dd_product` WHERE `user_id` = 10016 LIMIT 1   [ RunTime:0.0000s ]
NOTIC: [8] Undefined variable: order C:\WWW\06db\Application\Admin\Controller\MchController.class.php 第 38 行.
SQL: SELECT * FROM `dd_product` WHERE `user_id` = 10016 ORDER BY id desc LIMIT 0,10   [ RunTime:0.0010s ]
INFO: [ view_parse ] --START--
INFO: [ template_filter ] --START--
INFO: Run Behavior\ContentReplaceBehavior [ RunTime:0.000000s ]
INFO: [ template_filter ] --END-- [ RunTime:0.000000s ]
NOTIC: [8] Undefined index: title C:\WWW\06db\Application\Runtime\Cache\Admin\a6153ba153707683b09b090f8c216cc4.php 第 221 行.
INFO: Run Behavior\ParseTemplateBehavior [ RunTime:0.014000s ]
INFO: [ view_parse ] --END-- [ RunTime:0.014000s ]
INFO: [ view_filter ] --START--
INFO: Run Behavior\WriteHtmlCacheBehavior [ RunTime:0.000000s ]
INFO: [ view_filter ] --END-- [ RunTime:0.000000s ]
INFO: [ app_end ] --START--
INFO: Run Behavior\ShowPageTraceBehavior [ RunTime:0.001000s ]
INFO: [ app_end ] --END-- [ RunTime:0.001000s ]

[ 2017-11-30T13:26:31+08:00 ] 127.0.0.1 /admin.php?m=Admin&c=Mch&a=edit&id=137
INFO: [ app_init ] --START--
INFO: Run Behavior\BuildLiteBehavior [ RunTime:0.000000s ]
INFO: [ app_init ] --END-- [ RunTime:0.001000s ]
INFO: [ app_begin ] --START--
INFO: Run Behavior\ReadHtmlCacheBehavior [ RunTime:0.001000s ]
INFO: [ app_begin ] --END-- [ RunTime:0.001000s ]
SQL: SHOW COLUMNS FROM `dd_config` [ RunTime:0.0040s ]
SQL: SELECT * FROM `dd_config`  [ RunTime:0.0000s ]
SQL: SHOW COLUMNS FROM `dd_product` [ RunTime:0.0030s ]
SQL: SELECT * FROM `dd_product` WHERE `id` = 137 LIMIT 1   [ RunTime:0.0010s ]
INFO: [ view_parse ] --START--
INFO: [ template_filter ] --START--
INFO: Run Behavior\ContentReplaceBehavior [ RunTime:0.000000s ]
INFO: [ template_filter ] --END-- [ RunTime:0.000000s ]
NOTIC: [8] Undefined index: store_cate C:\WWW\06db\Application\Runtime\Cache\Admin\0753a9e277227e132e1ea850a8c50018.php 第 241 行.
NOTIC: [8] Undefined variable: ./Public/upload/images/1709/28/153641366657003380.jpg C:\WWW\06db\Application\Runtime\Cache\Admin\0753a9e277227e132e1ea850a8c50018.php 第 328 行.
NOTIC: [8] Undefined variable: ./Public/upload/images/1709/28/153643554171003453.jpg C:\WWW\06db\Application\Runtime\Cache\Admin\0753a9e277227e132e1ea850a8c50018.php 第 331 行.
INFO: Run Behavior\ParseTemplateBehavior [ RunTime:0.013000s ]
INFO: [ view_parse ] --END-- [ RunTime:0.013000s ]
INFO: [ view_filter ] --START--
INFO: Run Behavior\WriteHtmlCacheBehavior [ RunTime:0.001000s ]
INFO: [ view_filter ] --END-- [ RunTime:0.001000s ]
INFO: [ app_end ] --START--
INFO: Run Behavior\ShowPageTraceBehavior [ RunTime:0.001000s ]
INFO: [ app_end ] --END-- [ RunTime:0.001000s ]

[ 2017-11-30T13:26:31+08:00 ] 127.0.0.1 /admin.php?m=Admin&c=Mch&a=get_child_cates&id=0
INFO: [ app_init ] --START--
INFO: Run Behavior\BuildLiteBehavior [ RunTime:0.000000s ]
INFO: [ app_init ] --END-- [ RunTime:0.000000s ]
INFO: [ app_begin ] --START--
INFO: Run Behavior\ReadHtmlCacheBehavior [ RunTime:0.001000s ]
INFO: [ app_begin ] --END-- [ RunTime:0.001000s ]
SQL: SHOW COLUMNS FROM `dd_config` [ RunTime:0.0030s ]
SQL: SELECT * FROM `dd_config`  [ RunTime:0.0010s ]
SQL: SHOW COLUMNS FROM `dd_product_cate` [ RunTime:0.0040s ]
SQL: SELECT * FROM `dd_product_cate` WHERE `pid` = 0  [ RunTime:0.0000s ]

[ 2017-11-30T13:26:31+08:00 ] 127.0.0.1 /admin.php?m=Admin&c=Mch&a=upload&event=setPic&url=.%2FPublic%2Fupload%2Fimages%2F1709%2F28%2F153632585351001751.jpg
INFO: [ app_init ] --START--
INFO: Run Behavior\BuildLiteBehavior [ RunTime:0.000000s ]
INFO: [ app_init ] --END-- [ RunTime:0.001000s ]
INFO: [ app_begin ] --START--
INFO: Run Behavior\ReadHtmlCacheBehavior [ RunTime:0.000000s ]
INFO: [ app_begin ] --END-- [ RunTime:0.000000s ]
SQL: SHOW COLUMNS FROM `dd_config` [ RunTime:0.0040s ]
SQL: SELECT * FROM `dd_config`  [ RunTime:0.0010s ]
INFO: [ view_parse ] --START--
INFO: [ template_filter ] --START--
INFO: Run Behavior\ContentReplaceBehavior [ RunTime:0.000000s ]
INFO: [ template_filter ] --END-- [ RunTime:0.000000s ]
NOTIC: [8] Undefined index: cur_index C:\WWW\06db\Application\Runtime\Cache\Admin\244ee3d102cbdb962cf3fbae224346fb.php 第 23 行.
INFO: Run Behavior\ParseTemplateBehavior [ RunTime:0.005000s ]
INFO: [ view_parse ] --END-- [ RunTime:0.005000s ]
INFO: [ view_filter ] --START--
INFO: Run Behavior\WriteHtmlCacheBehavior [ RunTime:0.001000s ]
INFO: [ view_filter ] --END-- [ RunTime:0.001000s ]
INFO: [ app_end ] --START--
INFO: Run Behavior\ShowPageTraceBehavior [ RunTime:0.000000s ]
INFO: [ app_end ] --END-- [ RunTime:0.000000s ]

[ 2017-11-30T13:26:31+08:00 ] 127.0.0.1 /admin.php?m=Admin&c=Mch&a=upload&event=setPic1&url=.%2FPublic%2Fupload%2Fimages%2F1709%2F28%2F153635022866007550.jpg
INFO: [ app_init ] --START--
INFO: Run Behavior\BuildLiteBehavior [ RunTime:0.000000s ]
INFO: [ app_init ] --END-- [ RunTime:0.001000s ]
INFO: [ app_begin ] --START--
INFO: Run Behavior\ReadHtmlCacheBehavior [ RunTime:0.001000s ]
INFO: [ app_begin ] --END-- [ RunTime:0.001000s ]
SQL: SHOW COLUMNS FROM `dd_config` [ RunTime:0.0030s ]
SQL: SELECT * FROM `dd_config`  [ RunTime:0.0010s ]
INFO: [ view_parse ] --START--
INFO: [ template_filter ] --START--
INFO: Run Behavior\ContentReplaceBehavior [ RunTime:0.000000s ]
INFO: [ template_filter ] --END-- [ RunTime:0.000000s ]
NOTIC: [8] Undefined index: cur_index C:\WWW\06db\Application\Runtime\Cache\Admin\244ee3d102cbdb962cf3fbae224346fb.php 第 23 行.
INFO: Run Behavior\ParseTemplateBehavior [ RunTime:0.006000s ]
INFO: [ view_parse ] --END-- [ RunTime:0.006000s ]
INFO: [ view_filter ] --START--
INFO: Run Behavior\WriteHtmlCacheBehavior [ RunTime:0.001000s ]
INFO: [ view_filter ] --END-- [ RunTime:0.001000s ]
INFO: [ app_end ] --START--
INFO: Run Behavior\ShowPageTraceBehavior [ RunTime:0.002000s ]
INFO: [ app_end ] --END-- [ RunTime:0.002000s ]

[ 2017-11-30T13:26:31+08:00 ] 127.0.0.1 /admin.php?m=Admin&c=Mch&a=upload&event=setPic5&url=
INFO: [ app_init ] --START--
INFO: Run Behavior\BuildLiteBehavior [ RunTime:0.000000s ]
INFO: [ app_init ] --END-- [ RunTime:0.001000s ]
INFO: [ app_begin ] --START--
INFO: Run Behavior\ReadHtmlCacheBehavior [ RunTime:0.000000s ]
INFO: [ app_begin ] --END-- [ RunTime:0.000000s ]
SQL: SHOW COLUMNS FROM `dd_config` [ RunTime:0.0110s ]
SQL: SELECT * FROM `dd_config`  [ RunTime:0.0020s ]
INFO: [ view_parse ] --START--
INFO: [ template_filter ] --START--
INFO: Run Behavior\ContentReplaceBehavior [ RunTime:0.000000s ]
INFO: [ template_filter ] --END-- [ RunTime:0.000000s ]
INFO: Run Behavior\ParseTemplateBehavior [ RunTime:0.007000s ]
INFO: [ view_parse ] --END-- [ RunTime:0.007000s ]
INFO: [ view_filter ] --START--
INFO: Run Behavior\WriteHtmlCacheBehavior [ RunTime:0.001000s ]
INFO: [ view_filter ] --END-- [ RunTime:0.001000s ]
INFO: [ app_end ] --START--
INFO: Run Behavior\ShowPageTraceBehavior [ RunTime:0.001000s ]
INFO: [ app_end ] --END-- [ RunTime:0.001000s ]

[ 2017-11-30T13:26:32+08:00 ] 127.0.0.1 /admin.php?m=Admin&c=Mch&a=upload&event=setPic2&url=.%2FPublic%2Fupload%2Fimages%2F1709%2F28%2F153637147880007235.jpg
INFO: [ app_init ] --START--
INFO: Run Behavior\BuildLiteBehavior [ RunTime:0.000000s ]
INFO: [ app_init ] --END-- [ RunTime:0.001000s ]
INFO: [ app_begin ] --START--
INFO: Run Behavior\ReadHtmlCacheBehavior [ RunTime:0.001000s ]
INFO: [ app_begin ] --END-- [ RunTime:0.001000s ]
SQL: SHOW COLUMNS FROM `dd_config` [ RunTime:0.0040s ]
SQL: SELECT * FROM `dd_config`  [ RunTime:0.0010s ]
INFO: [ view_parse ] --START--
INFO: [ template_filter ] --START--
INFO: Run Behavior\ContentReplaceBehavior [ RunTime:0.000000s ]
INFO: [ template_filter ] --END-- [ RunTime:0.000000s ]
NOTIC: [8] Undefined index: cur_index C:\WWW\06db\Application\Runtime\Cache\Admin\244ee3d102cbdb962cf3fbae224346fb.php 第 23 行.
INFO: Run Behavior\ParseTemplateBehavior [ RunTime:0.006000s ]
INFO: [ view_parse ] --END-- [ RunTime:0.006000s ]
INFO: [ view_filter ] --START--
INFO: Run Behavior\WriteHtmlCacheBehavior [ RunTime:0.001000s ]
INFO: [ view_filter ] --END-- [ RunTime:0.001000s ]
INFO: [ app_end ] --START--
INFO: Run Behavior\ShowPageTraceBehavior [ RunTime:0.000000s ]
INFO: [ app_end ] --END-- [ RunTime:0.000000s ]

[ 2017-11-30T13:26:32+08:00 ] 127.0.0.1 /admin.php?m=Admin&c=Mch&a=upload&event=setPic3&url=.%2FPublic%2Fupload%2Fimages%2F1709%2F28%2F153639272894009318.jpg
INFO: [ app_init ] --START--
INFO: Run Behavior\BuildLiteBehavior [ RunTime:0.000000s ]
INFO: [ app_init ] --END-- [ RunTime:0.000000s ]
INFO: [ app_begin ] --START--
INFO: Run Behavior\ReadHtmlCacheBehavior [ RunTime:0.000000s ]
INFO: [ app_begin ] --END-- [ RunTime:0.000000s ]
SQL: SHOW COLUMNS FROM `dd_config` [ RunTime:0.0040s ]
SQL: SELECT * FROM `dd_config`  [ RunTime:0.0000s ]
INFO: [ view_parse ] --START--
INFO: [ template_filter ] --START--
INFO: Run Behavior\ContentReplaceBehavior [ RunTime:0.000000s ]
INFO: [ template_filter ] --END-- [ RunTime:0.000000s ]
NOTIC: [8] Undefined index: cur_index C:\WWW\06db\Application\Runtime\Cache\Admin\244ee3d102cbdb962cf3fbae224346fb.php 第 23 行.
INFO: Run Behavior\ParseTemplateBehavior [ RunTime:0.005000s ]
INFO: [ view_parse ] --END-- [ RunTime:0.005000s ]
INFO: [ view_filter ] --START--
INFO: Run Behavior\WriteHtmlCacheBehavior [ RunTime:0.001000s ]
INFO: [ view_filter ] --END-- [ RunTime:0.001000s ]
INFO: [ app_end ] --START--
INFO: Run Behavior\ShowPageTraceBehavior [ RunTime:0.000000s ]
INFO: [ app_end ] --END-- [ RunTime:0.000000s ]

[ 2017-11-30T13:26:32+08:00 ] 127.0.0.1 /admin.php?m=Admin&c=Mch&a=upload&event=setPic4&url=
INFO: [ app_init ] --START--
INFO: Run Behavior\BuildLiteBehavior [ RunTime:0.000000s ]
INFO: [ app_init ] --END-- [ RunTime:0.001000s ]
INFO: [ app_begin ] --START--
INFO: Run Behavior\ReadHtmlCacheBehavior [ RunTime:0.001000s ]
INFO: [ app_begin ] --END-- [ RunTime:0.001000s ]
SQL: SHOW COLUMNS FROM `dd_config` [ RunTime:0.0040s ]
SQL: SELECT * FROM `dd_config`  [ RunTime:0.0000s ]
INFO: [ view_parse ] --START--
INFO: [ template_filter ] --START--
INFO: Run Behavior\ContentReplaceBehavior [ RunTime:0.000000s ]
INFO: [ template_filter ] --END-- [ RunTime:0.000000s ]
INFO: Run Behavior\ParseTemplateBehavior [ RunTime:0.008000s ]
INFO: [ view_parse ] --END-- [ RunTime:0.008000s ]
INFO: [ view_filter ] --START--
INFO: Run Behavior\WriteHtmlCacheBehavior [ RunTime:0.000000s ]
INFO: [ view_filter ] --END-- [ RunTime:0.000000s ]
INFO: [ app_end ] --START--
INFO: Run Behavior\ShowPageTraceBehavior [ RunTime:0.000000s ]
INFO: [ app_end ] --END-- [ RunTime:0.000000s ]

