[ 2018-03-22T16:51:58+08:00 ] 127.0.0.1 /admin.php?m=Admin&c=Public&a=login
INFO: [ app_init ] --START--
INFO: Run Behavior\BuildLiteBehavior [ RunTime:0.000000s ]
INFO: [ app_init ] --END-- [ RunTime:0.000000s ]
INFO: [ app_begin ] --START--
INFO: Run Behavior\ReadHtmlCacheBehavior [ RunTime:0.000000s ]
INFO: [ app_begin ] --END-- [ RunTime:0.000000s ]
INFO: [ view_parse ] --START--
INFO: [ template_filter ] --START--
INFO: Run Behavior\ContentReplaceBehavior [ RunTime:0.000000s ]
INFO: [ template_filter ] --END-- [ RunTime:0.000000s ]
INFO: Run Behavior\ParseTemplateBehavior [ RunTime:0.317000s ]
INFO: [ view_parse ] --END-- [ RunTime:0.317000s ]
INFO: [ view_filter ] --START--
INFO: Run Behavior\WriteHtmlCacheBehavior [ RunTime:0.000000s ]
INFO: [ view_filter ] --END-- [ RunTime:0.000000s ]
INFO: [ app_end ] --START--
INFO: Run Behavior\ShowPageTraceBehavior [ RunTime:0.001000s ]
INFO: [ app_end ] --END-- [ RunTime:0.001000s ]

[ 2018-03-22T16:52:01+08:00 ] 127.0.0.1 /admin.php?m=Admin&c=Public&a=login_ajax
INFO: [ app_init ] --START--
INFO: Run Behavior\BuildLiteBehavior [ RunTime:0.000000s ]
INFO: [ app_init ] --END-- [ RunTime:0.000000s ]
INFO: [ app_begin ] --START--
INFO: Run Behavior\ReadHtmlCacheBehavior [ RunTime:0.000000s ]
INFO: [ app_begin ] --END-- [ RunTime:0.000000s ]
SQL: SHOW COLUMNS FROM `dd_mch_login` [ RunTime:0.0240s ]
SQL: SELECT * FROM `dd_mch_login` WHERE `session_id` = 'dv6hkkmov5qvtub5ee70o1a7k1' AND `status` = 1 LIMIT 1   [ RunTime:0.0000s ]
SQL: SHOW COLUMNS FROM `dd_user` [ RunTime:0.0040s ]
SQL: SELECT * FROM `dd_user` WHERE `id` = 10016 LIMIT 1   [ RunTime:0.0000s ]
SQL: SELECT * FROM `dd_user` WHERE `id` = 10016 LIMIT 1   [ RunTime:0.0010s ]

[ 2018-03-22T16:52:02+08:00 ] 127.0.0.1 /admin.php?m=Admin&c=Mch&a=index
INFO: [ app_init ] --START--
INFO: Run Behavior\BuildLiteBehavior [ RunTime:0.000000s ]
INFO: [ app_init ] --END-- [ RunTime:0.000000s ]
INFO: [ app_begin ] --START--
INFO: Run Behavior\ReadHtmlCacheBehavior [ RunTime:0.001000s ]
INFO: [ app_begin ] --END-- [ RunTime:0.001000s ]
SQL: SHOW COLUMNS FROM `dd_config` [ RunTime:0.0030s ]
SQL: SELECT * FROM `dd_config`  [ RunTime:0.0000s ]
SQL: SHOW COLUMNS FROM `dd_product_cate` [ RunTime:0.0240s ]
SQL: SELECT * FROM `dd_product_cate` WHERE `pid` = 0  [ RunTime:0.0090s ]
SQL: SHOW COLUMNS FROM `dd_product` [ RunTime:0.0050s ]
SQL: SELECT COUNT(*) AS tp_count FROM `dd_product` WHERE `user_id` = 10016 LIMIT 1   [ RunTime:0.0010s ]
NOTIC: [8] Undefined variable: order C:\WWW\06db\Application\Admin\Controller\MchController.class.php 第 38 行.
SQL: SELECT * FROM `dd_product` WHERE `user_id` = 10016 ORDER BY id desc LIMIT 0,10   [ RunTime:0.0010s ]
INFO: [ view_parse ] --START--
INFO: [ template_filter ] --START--
INFO: Run Behavior\ContentReplaceBehavior [ RunTime:0.000000s ]
INFO: [ template_filter ] --END-- [ RunTime:0.000000s ]
NOTIC: [8] Undefined index: title C:\WWW\06db\Application\Runtime\Cache\Admin\a6153ba153707683b09b090f8c216cc4.php 第 221 行.
INFO: Run Behavior\ParseTemplateBehavior [ RunTime:0.028000s ]
INFO: [ view_parse ] --END-- [ RunTime:0.029000s ]
INFO: [ view_filter ] --START--
INFO: Run Behavior\WriteHtmlCacheBehavior [ RunTime:0.000000s ]
INFO: [ view_filter ] --END-- [ RunTime:0.000000s ]
INFO: [ app_end ] --START--
INFO: Run Behavior\ShowPageTraceBehavior [ RunTime:0.001000s ]
INFO: [ app_end ] --END-- [ RunTime:0.001000s ]

[ 2018-03-22T16:52:08+08:00 ] 127.0.0.1 /admin.php?m=Admin&c=Mch&a=index
INFO: [ app_init ] --START--
INFO: Run Behavior\BuildLiteBehavior [ RunTime:0.000000s ]
INFO: [ app_init ] --END-- [ RunTime:0.001000s ]
INFO: [ app_begin ] --START--
INFO: Run Behavior\ReadHtmlCacheBehavior [ RunTime:0.001000s ]
INFO: [ app_begin ] --END-- [ RunTime:0.001000s ]
SQL: SHOW COLUMNS FROM `dd_config` [ RunTime:0.0040s ]
SQL: SELECT * FROM `dd_config`  [ RunTime:0.0010s ]
SQL: SHOW COLUMNS FROM `dd_product_cate` [ RunTime:0.0040s ]
SQL: SELECT * FROM `dd_product_cate` WHERE `pid` = 0  [ RunTime:0.0000s ]
SQL: SHOW COLUMNS FROM `dd_product` [ RunTime:0.0040s ]
SQL: SELECT COUNT(*) AS tp_count FROM `dd_product` WHERE `user_id` = 10016 LIMIT 1   [ RunTime:0.0010s ]
NOTIC: [8] Undefined variable: order C:\WWW\06db\Application\Admin\Controller\MchController.class.php 第 38 行.
SQL: SELECT * FROM `dd_product` WHERE `user_id` = 10016 ORDER BY id desc LIMIT 0,10   [ RunTime:0.0000s ]
INFO: [ view_parse ] --START--
INFO: [ template_filter ] --START--
INFO: Run Behavior\ContentReplaceBehavior [ RunTime:0.000000s ]
INFO: [ template_filter ] --END-- [ RunTime:0.001000s ]
NOTIC: [8] Undefined index: title C:\WWW\06db\Application\Runtime\Cache\Admin\a6153ba153707683b09b090f8c216cc4.php 第 221 行.
INFO: Run Behavior\ParseTemplateBehavior [ RunTime:0.011000s ]
INFO: [ view_parse ] --END-- [ RunTime:0.012000s ]
INFO: [ view_filter ] --START--
INFO: Run Behavior\WriteHtmlCacheBehavior [ RunTime:0.000000s ]
INFO: [ view_filter ] --END-- [ RunTime:0.000000s ]
INFO: [ app_end ] --START--
INFO: Run Behavior\ShowPageTraceBehavior [ RunTime:0.001000s ]
INFO: [ app_end ] --END-- [ RunTime:0.001000s ]

[ 2018-03-22T16:52:11+08:00 ] 127.0.0.1 /admin.php?m=Admin&c=Mch&a=order
INFO: [ app_init ] --START--
INFO: Run Behavior\BuildLiteBehavior [ RunTime:0.000000s ]
INFO: [ app_init ] --END-- [ RunTime:0.001000s ]
INFO: [ app_begin ] --START--
INFO: Run Behavior\ReadHtmlCacheBehavior [ RunTime:0.000000s ]
INFO: [ app_begin ] --END-- [ RunTime:0.000000s ]
SQL: SHOW COLUMNS FROM `dd_config` [ RunTime:0.0040s ]
SQL: SELECT * FROM `dd_config`  [ RunTime:0.0010s ]
NOTIC: [8] Undefined variable: where C:\WWW\06db\Application\Admin\Controller\MchController.class.php 第 186 行.
SQL: SHOW COLUMNS FROM `dd_mch_order` [ RunTime:0.0040s ]
SQL: SELECT COUNT(*) AS tp_count FROM `dd_mch_order` WHERE `mch_id` = 10016 LIMIT 1   [ RunTime:0.0000s ]
SQL: SELECT COUNT(*) AS tp_count FROM `dd_mch_order` WHERE `status` > 1 LIMIT 1   [ RunTime:0.0000s ]
SQL: SELECT SUM(total) AS tp_sum FROM `dd_mch_order` WHERE `mch_id` = 10016 LIMIT 1   [ RunTime:0.0000s ]
SQL: SELECT SUM(total) AS tp_sum FROM `dd_mch_order` WHERE `status` > 1 LIMIT 1   [ RunTime:0.0000s ]
SQL: SELECT SUM(wxpay) AS tp_sum FROM `dd_mch_order` WHERE `mch_id` = 10016 LIMIT 1   [ RunTime:0.0000s ]
SQL: SELECT SUM(moneypay) AS tp_sum FROM `dd_mch_order` WHERE `mch_id` = 10016 LIMIT 1   [ RunTime:0.0010s ]
SQL: SELECT SUM(pointspay) AS tp_sum FROM `dd_mch_order` WHERE `mch_id` = 10016 LIMIT 1   [ RunTime:0.0000s ]
SQL: SELECT SUM(cxpointspay) AS tp_sum FROM `dd_mch_order` WHERE `mch_id` = 10016 LIMIT 1   [ RunTime:0.0010s ]
SQL: SELECT COUNT(*) AS tp_count FROM `dd_mch_order` WHERE `mch_id` = 10016 LIMIT 1   [ RunTime:0.0000s ]
SQL: SELECT * FROM `dd_mch_order` WHERE `mch_id` = 10016 ORDER BY id desc LIMIT 0,25   [ RunTime:0.0010s ]
INFO: [ view_parse ] --START--
INFO: [ template_filter ] --START--
INFO: Run Behavior\ContentReplaceBehavior [ RunTime:0.000000s ]
INFO: [ template_filter ] --END-- [ RunTime:0.000000s ]
NOTIC: [8] Undefined index: status C:\WWW\06db\Application\Runtime\Cache\Admin\2c7860551ebc6fb40284b12aefc085e0.php 第 215 行.
NOTIC: [8] Undefined index: user_id C:\WWW\06db\Application\Runtime\Cache\Admin\2c7860551ebc6fb40284b12aefc085e0.php 第 224 行.
NOTIC: [8] Undefined index: time1 C:\WWW\06db\Application\Runtime\Cache\Admin\2c7860551ebc6fb40284b12aefc085e0.php 第 226 行.
NOTIC: [8] Undefined index: time2 C:\WWW\06db\Application\Runtime\Cache\Admin\2c7860551ebc6fb40284b12aefc085e0.php 第 228 行.
NOTIC: [8] Undefined index: status C:\WWW\06db\Application\Runtime\Cache\Admin\2c7860551ebc6fb40284b12aefc085e0.php 第 279 行.
INFO: Run Behavior\ParseTemplateBehavior [ RunTime:0.031000s ]
INFO: [ view_parse ] --END-- [ RunTime:0.031000s ]
INFO: [ view_filter ] --START--
INFO: Run Behavior\WriteHtmlCacheBehavior [ RunTime:0.001000s ]
INFO: [ view_filter ] --END-- [ RunTime:0.001000s ]
INFO: [ app_end ] --START--
INFO: Run Behavior\ShowPageTraceBehavior [ RunTime:0.001000s ]
INFO: [ app_end ] --END-- [ RunTime:0.001000s ]

[ 2018-03-22T16:52:13+08:00 ] 127.0.0.1 /admin.php?m=Admin&c=Mch&a=index
INFO: [ app_init ] --START--
INFO: Run Behavior\BuildLiteBehavior [ RunTime:0.000000s ]
INFO: [ app_init ] --END-- [ RunTime:0.001000s ]
INFO: [ app_begin ] --START--
INFO: Run Behavior\ReadHtmlCacheBehavior [ RunTime:0.001000s ]
INFO: [ app_begin ] --END-- [ RunTime:0.001000s ]
SQL: SHOW COLUMNS FROM `dd_config` [ RunTime:0.0030s ]
SQL: SELECT * FROM `dd_config`  [ RunTime:0.0000s ]
SQL: SHOW COLUMNS FROM `dd_product_cate` [ RunTime:0.0030s ]
SQL: SELECT * FROM `dd_product_cate` WHERE `pid` = 0  [ RunTime:0.0000s ]
SQL: SHOW COLUMNS FROM `dd_product` [ RunTime:0.0040s ]
SQL: SELECT COUNT(*) AS tp_count FROM `dd_product` WHERE `user_id` = 10016 LIMIT 1   [ RunTime:0.0000s ]
NOTIC: [8] Undefined variable: order C:\WWW\06db\Application\Admin\Controller\MchController.class.php 第 38 行.
SQL: SELECT * FROM `dd_product` WHERE `user_id` = 10016 ORDER BY id desc LIMIT 0,10   [ RunTime:0.0010s ]
INFO: [ view_parse ] --START--
INFO: [ template_filter ] --START--
INFO: Run Behavior\ContentReplaceBehavior [ RunTime:0.000000s ]
INFO: [ template_filter ] --END-- [ RunTime:0.000000s ]
NOTIC: [8] Undefined index: title C:\WWW\06db\Application\Runtime\Cache\Admin\a6153ba153707683b09b090f8c216cc4.php 第 221 行.
INFO: Run Behavior\ParseTemplateBehavior [ RunTime:0.012000s ]
INFO: [ view_parse ] --END-- [ RunTime:0.012000s ]
INFO: [ view_filter ] --START--
INFO: Run Behavior\WriteHtmlCacheBehavior [ RunTime:0.001000s ]
INFO: [ view_filter ] --END-- [ RunTime:0.001000s ]
INFO: [ app_end ] --START--
INFO: Run Behavior\ShowPageTraceBehavior [ RunTime:0.000000s ]
INFO: [ app_end ] --END-- [ RunTime:0.000000s ]

[ 2018-03-22T16:52:14+08:00 ] 127.0.0.1 /admin.php?m=Admin&c=Mch&a=edit
INFO: [ app_init ] --START--
INFO: Run Behavior\BuildLiteBehavior [ RunTime:0.000000s ]
INFO: [ app_init ] --END-- [ RunTime:0.000000s ]
INFO: [ app_begin ] --START--
INFO: Run Behavior\ReadHtmlCacheBehavior [ RunTime:0.001000s ]
INFO: [ app_begin ] --END-- [ RunTime:0.001000s ]
SQL: SHOW COLUMNS FROM `dd_config` [ RunTime:0.0040s ]
SQL: SELECT * FROM `dd_config`  [ RunTime:0.0000s ]
SQL: SHOW COLUMNS FROM `dd_product` [ RunTime:0.0050s ]
NOTIC: [8] Undefined index: id C:\WWW\06db\Application\Admin\Controller\MchController.class.php 第 51 行.
INFO: [ view_parse ] --START--
INFO: [ template_filter ] --START--
INFO: Run Behavior\ContentReplaceBehavior [ RunTime:0.000000s ]
INFO: [ template_filter ] --END-- [ RunTime:0.000000s ]
NOTIC: [8] Undefined variable: info C:\WWW\06db\Application\Runtime\Cache\Admin\0753a9e277227e132e1ea850a8c50018.php 第 232 行.
NOTIC: [8] Undefined variable: info C:\WWW\06db\Application\Runtime\Cache\Admin\0753a9e277227e132e1ea850a8c50018.php 第 238 行.
NOTIC: [8] Undefined variable: info C:\WWW\06db\Application\Runtime\Cache\Admin\0753a9e277227e132e1ea850a8c50018.php 第 239 行.
NOTIC: [8] Undefined variable: info C:\WWW\06db\Application\Runtime\Cache\Admin\0753a9e277227e132e1ea850a8c50018.php 第 240 行.
NOTIC: [8] Undefined variable: info C:\WWW\06db\Application\Runtime\Cache\Admin\0753a9e277227e132e1ea850a8c50018.php 第 241 行.
NOTIC: [8] Undefined variable: info C:\WWW\06db\Application\Runtime\Cache\Admin\0753a9e277227e132e1ea850a8c50018.php 第 255 行.
NOTIC: [8] Undefined variable: info C:\WWW\06db\Application\Runtime\Cache\Admin\0753a9e277227e132e1ea850a8c50018.php 第 278 行.
NOTIC: [2] in_array() expects parameter 2 to be array, null given C:\WWW\06db\Application\Runtime\Cache\Admin\0753a9e277227e132e1ea850a8c50018.php 第 278 行.
NOTIC: [8] Undefined variable: info C:\WWW\06db\Application\Runtime\Cache\Admin\0753a9e277227e132e1ea850a8c50018.php 第 278 行.
NOTIC: [2] in_array() expects parameter 2 to be array, null given C:\WWW\06db\Application\Runtime\Cache\Admin\0753a9e277227e132e1ea850a8c50018.php 第 278 行.
NOTIC: [8] Undefined variable: info C:\WWW\06db\Application\Runtime\Cache\Admin\0753a9e277227e132e1ea850a8c50018.php 第 278 行.
NOTIC: [2] in_array() expects parameter 2 to be array, null given C:\WWW\06db\Application\Runtime\Cache\Admin\0753a9e277227e132e1ea850a8c50018.php 第 278 行.
NOTIC: [8] Undefined variable: info C:\WWW\06db\Application\Runtime\Cache\Admin\0753a9e277227e132e1ea850a8c50018.php 第 278 行.
NOTIC: [2] in_array() expects parameter 2 to be array, null given C:\WWW\06db\Application\Runtime\Cache\Admin\0753a9e277227e132e1ea850a8c50018.php 第 278 行.
NOTIC: [8] Undefined variable: info C:\WWW\06db\Application\Runtime\Cache\Admin\0753a9e277227e132e1ea850a8c50018.php 第 278 行.
NOTIC: [2] in_array() expects parameter 2 to be array, null given C:\WWW\06db\Application\Runtime\Cache\Admin\0753a9e277227e132e1ea850a8c50018.php 第 278 行.
NOTIC: [8] Undefined variable: info C:\WWW\06db\Application\Runtime\Cache\Admin\0753a9e277227e132e1ea850a8c50018.php 第 278 行.
NOTIC: [2] in_array() expects parameter 2 to be array, null given C:\WWW\06db\Application\Runtime\Cache\Admin\0753a9e277227e132e1ea850a8c50018.php 第 278 行.
NOTIC: [8] Undefined variable: info C:\WWW\06db\Application\Runtime\Cache\Admin\0753a9e277227e132e1ea850a8c50018.php 第 287 行.
NOTIC: [8] Undefined variable: info C:\WWW\06db\Application\Runtime\Cache\Admin\0753a9e277227e132e1ea850a8c50018.php 第 293 行.
NOTIC: [8] Undefined variable: info C:\WWW\06db\Application\Runtime\Cache\Admin\0753a9e277227e132e1ea850a8c50018.php 第 302 行.
NOTIC: [8] Undefined variable: info C:\WWW\06db\Application\Runtime\Cache\Admin\0753a9e277227e132e1ea850a8c50018.php 第 303 行.
NOTIC: [8] Undefined variable: info C:\WWW\06db\Application\Runtime\Cache\Admin\0753a9e277227e132e1ea850a8c50018.php 第 319 行.
NOTIC: [8] Undefined variable: info C:\WWW\06db\Application\Runtime\Cache\Admin\0753a9e277227e132e1ea850a8c50018.php 第 320 行.
NOTIC: [8] Undefined variable: info C:\WWW\06db\Application\Runtime\Cache\Admin\0753a9e277227e132e1ea850a8c50018.php 第 322 行.
NOTIC: [8] Undefined variable: info C:\WWW\06db\Application\Runtime\Cache\Admin\0753a9e277227e132e1ea850a8c50018.php 第 323 行.
NOTIC: [8] Undefined variable: info C:\WWW\06db\Application\Runtime\Cache\Admin\0753a9e277227e132e1ea850a8c50018.php 第 325 行.
NOTIC: [8] Undefined variable: info C:\WWW\06db\Application\Runtime\Cache\Admin\0753a9e277227e132e1ea850a8c50018.php 第 326 行.
NOTIC: [8] Undefined variable: info C:\WWW\06db\Application\Runtime\Cache\Admin\0753a9e277227e132e1ea850a8c50018.php 第 328 行.
NOTIC: [8] Undefined variable:  C:\WWW\06db\Application\Runtime\Cache\Admin\0753a9e277227e132e1ea850a8c50018.php 第 328 行.
NOTIC: [8] Undefined variable: info C:\WWW\06db\Application\Runtime\Cache\Admin\0753a9e277227e132e1ea850a8c50018.php 第 329 行.
NOTIC: [8] Undefined variable: info C:\WWW\06db\Application\Runtime\Cache\Admin\0753a9e277227e132e1ea850a8c50018.php 第 331 行.
NOTIC: [8] Undefined variable:  C:\WWW\06db\Application\Runtime\Cache\Admin\0753a9e277227e132e1ea850a8c50018.php 第 331 行.
NOTIC: [8] Undefined variable: info C:\WWW\06db\Application\Runtime\Cache\Admin\0753a9e277227e132e1ea850a8c50018.php 第 332 行.
NOTIC: [8] Undefined variable: info C:\WWW\06db\Application\Runtime\Cache\Admin\0753a9e277227e132e1ea850a8c50018.php 第 356 行.
NOTIC: [8] Undefined variable: info C:\WWW\06db\Application\Runtime\Cache\Admin\0753a9e277227e132e1ea850a8c50018.php 第 362 行.
NOTIC: [8] Undefined variable: info C:\WWW\06db\Application\Runtime\Cache\Admin\0753a9e277227e132e1ea850a8c50018.php 第 375 行.
NOTIC: [8] Undefined variable: info C:\WWW\06db\Application\Runtime\Cache\Admin\0753a9e277227e132e1ea850a8c50018.php 第 388 行.
NOTIC: [8] Undefined variable: info C:\WWW\06db\Application\Runtime\Cache\Admin\0753a9e277227e132e1ea850a8c50018.php 第 395 行.
NOTIC: [8] Undefined variable: info C:\WWW\06db\Application\Runtime\Cache\Admin\0753a9e277227e132e1ea850a8c50018.php 第 401 行.
NOTIC: [8] Undefined variable: info C:\WWW\06db\Application\Runtime\Cache\Admin\0753a9e277227e132e1ea850a8c50018.php 第 408 行.
INFO: Run Behavior\ParseTemplateBehavior [ RunTime:0.028000s ]
INFO: [ view_parse ] --END-- [ RunTime:0.028000s ]
INFO: [ view_filter ] --START--
INFO: Run Behavior\WriteHtmlCacheBehavior [ RunTime:0.000000s ]
INFO: [ view_filter ] --END-- [ RunTime:0.000000s ]
INFO: [ app_end ] --START--
INFO: Run Behavior\ShowPageTraceBehavior [ RunTime:0.001000s ]
INFO: [ app_end ] --END-- [ RunTime:0.001000s ]

[ 2018-03-22T16:52:14+08:00 ] 127.0.0.1 /admin.php?m=Admin&c=Mch&a=get_child_cates&id=0
INFO: [ app_init ] --START--
INFO: Run Behavior\BuildLiteBehavior [ RunTime:0.000000s ]
INFO: [ app_init ] --END-- [ RunTime:0.000000s ]
INFO: [ app_begin ] --START--
INFO: Run Behavior\ReadHtmlCacheBehavior [ RunTime:0.000000s ]
INFO: [ app_begin ] --END-- [ RunTime:0.001000s ]
SQL: SHOW COLUMNS FROM `dd_config` [ RunTime:0.0040s ]
SQL: SELECT * FROM `dd_config`  [ RunTime:0.0000s ]
SQL: SHOW COLUMNS FROM `dd_product_cate` [ RunTime:0.0030s ]
SQL: SELECT * FROM `dd_product_cate` WHERE `pid` = 0  [ RunTime:0.0010s ]

[ 2018-03-22T16:52:14+08:00 ] 127.0.0.1 /admin.php?m=Admin&c=Mch&a=upload&event=setPic1&url=
INFO: [ app_init ] --START--
INFO: Run Behavior\BuildLiteBehavior [ RunTime:0.001000s ]
INFO: [ app_init ] --END-- [ RunTime:0.001000s ]
INFO: [ app_begin ] --START--
INFO: Run Behavior\ReadHtmlCacheBehavior [ RunTime:0.001000s ]
INFO: [ app_begin ] --END-- [ RunTime:0.001000s ]
SQL: SHOW COLUMNS FROM `dd_config` [ RunTime:0.0040s ]
SQL: SELECT * FROM `dd_config`  [ RunTime:0.0010s ]
INFO: [ view_parse ] --START--
INFO: [ template_filter ] --START--
INFO: Run Behavior\ContentReplaceBehavior [ RunTime:0.000000s ]
INFO: [ template_filter ] --END-- [ RunTime:0.001000s ]
INFO: Run Behavior\ParseTemplateBehavior [ RunTime:0.008000s ]
INFO: [ view_parse ] --END-- [ RunTime:0.008000s ]
INFO: [ view_filter ] --START--
INFO: Run Behavior\WriteHtmlCacheBehavior [ RunTime:0.000000s ]
INFO: [ view_filter ] --END-- [ RunTime:0.000000s ]
INFO: [ app_end ] --START--
INFO: Run Behavior\ShowPageTraceBehavior [ RunTime:0.001000s ]
INFO: [ app_end ] --END-- [ RunTime:0.001000s ]

[ 2018-03-22T16:52:15+08:00 ] 127.0.0.1 /admin.php?m=Admin&c=Mch&a=upload&event=setPic&url=
INFO: [ app_init ] --START--
INFO: Run Behavior\BuildLiteBehavior [ RunTime:0.000000s ]
INFO: [ app_init ] --END-- [ RunTime:0.000000s ]
INFO: [ app_begin ] --START--
INFO: Run Behavior\ReadHtmlCacheBehavior [ RunTime:0.001000s ]
INFO: [ app_begin ] --END-- [ RunTime:0.001000s ]
SQL: SHOW COLUMNS FROM `dd_config` [ RunTime:0.0030s ]
SQL: SELECT * FROM `dd_config`  [ RunTime:0.0000s ]
INFO: [ view_parse ] --START--
INFO: [ template_filter ] --START--
INFO: Run Behavior\ContentReplaceBehavior [ RunTime:0.000000s ]
INFO: [ template_filter ] --END-- [ RunTime:0.000000s ]
INFO: Run Behavior\ParseTemplateBehavior [ RunTime:0.005000s ]
INFO: [ view_parse ] --END-- [ RunTime:0.005000s ]
INFO: [ view_filter ] --START--
INFO: Run Behavior\WriteHtmlCacheBehavior [ RunTime:0.000000s ]
INFO: [ view_filter ] --END-- [ RunTime:0.000000s ]
INFO: [ app_end ] --START--
INFO: Run Behavior\ShowPageTraceBehavior [ RunTime:0.000000s ]
INFO: [ app_end ] --END-- [ RunTime:0.001000s ]

[ 2018-03-22T16:52:15+08:00 ] 127.0.0.1 /admin.php?m=Admin&c=Mch&a=upload&event=setPic2&url=
INFO: [ app_init ] --START--
INFO: Run Behavior\BuildLiteBehavior [ RunTime:0.000000s ]
INFO: [ app_init ] --END-- [ RunTime:0.000000s ]
INFO: [ app_begin ] --START--
INFO: Run Behavior\ReadHtmlCacheBehavior [ RunTime:0.001000s ]
INFO: [ app_begin ] --END-- [ RunTime:0.001000s ]
SQL: SHOW COLUMNS FROM `dd_config` [ RunTime:0.0040s ]
SQL: SELECT * FROM `dd_config`  [ RunTime:0.0000s ]
INFO: [ view_parse ] --START--
INFO: [ template_filter ] --START--
INFO: Run Behavior\ContentReplaceBehavior [ RunTime:0.000000s ]
INFO: [ template_filter ] --END-- [ RunTime:0.000000s ]
INFO: Run Behavior\ParseTemplateBehavior [ RunTime:0.006000s ]
INFO: [ view_parse ] --END-- [ RunTime:0.006000s ]
INFO: [ view_filter ] --START--
INFO: Run Behavior\WriteHtmlCacheBehavior [ RunTime:0.001000s ]
INFO: [ view_filter ] --END-- [ RunTime:0.001000s ]
INFO: [ app_end ] --START--
INFO: Run Behavior\ShowPageTraceBehavior [ RunTime:0.001000s ]
INFO: [ app_end ] --END-- [ RunTime:0.001000s ]

[ 2018-03-22T16:52:15+08:00 ] 127.0.0.1 /admin.php?m=Admin&c=Mch&a=upload&event=setPic5&url=
INFO: [ app_init ] --START--
INFO: Run Behavior\BuildLiteBehavior [ RunTime:0.000000s ]
INFO: [ app_init ] --END-- [ RunTime:0.000000s ]
INFO: [ app_begin ] --START--
INFO: Run Behavior\ReadHtmlCacheBehavior [ RunTime:0.001000s ]
INFO: [ app_begin ] --END-- [ RunTime:0.001000s ]
SQL: SHOW COLUMNS FROM `dd_config` [ RunTime:0.0030s ]
SQL: SELECT * FROM `dd_config`  [ RunTime:0.0000s ]
INFO: [ view_parse ] --START--
INFO: [ template_filter ] --START--
INFO: Run Behavior\ContentReplaceBehavior [ RunTime:0.000000s ]
INFO: [ template_filter ] --END-- [ RunTime:0.000000s ]
INFO: Run Behavior\ParseTemplateBehavior [ RunTime:0.016000s ]
INFO: [ view_parse ] --END-- [ RunTime:0.016000s ]
INFO: [ view_filter ] --START--
INFO: Run Behavior\WriteHtmlCacheBehavior [ RunTime:0.000000s ]
INFO: [ view_filter ] --END-- [ RunTime:0.000000s ]
INFO: [ app_end ] --START--
INFO: Run Behavior\ShowPageTraceBehavior [ RunTime:0.001000s ]
INFO: [ app_end ] --END-- [ RunTime:0.001000s ]

[ 2018-03-22T16:52:15+08:00 ] 127.0.0.1 /admin.php?m=Admin&c=Mch&a=upload&event=setPic3&url=
INFO: [ app_init ] --START--
INFO: Run Behavior\BuildLiteBehavior [ RunTime:0.000000s ]
INFO: [ app_init ] --END-- [ RunTime:0.000000s ]
INFO: [ app_begin ] --START--
INFO: Run Behavior\ReadHtmlCacheBehavior [ RunTime:0.001000s ]
INFO: [ app_begin ] --END-- [ RunTime:0.001000s ]
SQL: SHOW COLUMNS FROM `dd_config` [ RunTime:0.0040s ]
SQL: SELECT * FROM `dd_config`  [ RunTime:0.0000s ]
INFO: [ view_parse ] --START--
INFO: [ template_filter ] --START--
INFO: Run Behavior\ContentReplaceBehavior [ RunTime:0.000000s ]
INFO: [ template_filter ] --END-- [ RunTime:0.000000s ]
INFO: Run Behavior\ParseTemplateBehavior [ RunTime:0.015000s ]
INFO: [ view_parse ] --END-- [ RunTime:0.015000s ]
INFO: [ view_filter ] --START--
INFO: Run Behavior\WriteHtmlCacheBehavior [ RunTime:0.000000s ]
INFO: [ view_filter ] --END-- [ RunTime:0.000000s ]
INFO: [ app_end ] --START--
INFO: Run Behavior\ShowPageTraceBehavior [ RunTime:0.000000s ]
INFO: [ app_end ] --END-- [ RunTime:0.001000s ]

[ 2018-03-22T16:52:15+08:00 ] 127.0.0.1 /admin.php?m=Admin&c=Mch&a=upload&event=setPic4&url=
INFO: [ app_init ] --START--
INFO: Run Behavior\BuildLiteBehavior [ RunTime:0.000000s ]
INFO: [ app_init ] --END-- [ RunTime:0.001000s ]
INFO: [ app_begin ] --START--
INFO: Run Behavior\ReadHtmlCacheBehavior [ RunTime:0.000000s ]
INFO: [ app_begin ] --END-- [ RunTime:0.000000s ]
SQL: SHOW COLUMNS FROM `dd_config` [ RunTime:0.0040s ]
SQL: SELECT * FROM `dd_config`  [ RunTime:0.0000s ]
INFO: [ view_parse ] --START--
INFO: [ template_filter ] --START--
INFO: Run Behavior\ContentReplaceBehavior [ RunTime:0.000000s ]
INFO: [ template_filter ] --END-- [ RunTime:0.000000s ]
INFO: Run Behavior\ParseTemplateBehavior [ RunTime:0.019000s ]
INFO: [ view_parse ] --END-- [ RunTime:0.019000s ]
INFO: [ view_filter ] --START--
INFO: Run Behavior\WriteHtmlCacheBehavior [ RunTime:0.001000s ]
INFO: [ view_filter ] --END-- [ RunTime:0.001000s ]
INFO: [ app_end ] --START--
INFO: Run Behavior\ShowPageTraceBehavior [ RunTime:0.002000s ]
INFO: [ app_end ] --END-- [ RunTime:0.002000s ]

